ARM GAS  C:\Users\Greg\AppData\Local\Temp\ccqjUgQY.s 			page 1


   1              		.cpu cortex-m0plus
   2              		.fpu softvfp
   3              		.eabi_attribute 20, 1
   4              		.eabi_attribute 21, 1
   5              		.eabi_attribute 23, 3
   6              		.eabi_attribute 24, 1
   7              		.eabi_attribute 25, 1
   8              		.eabi_attribute 26, 1
   9              		.eabi_attribute 30, 1
  10              		.eabi_attribute 34, 0
  11              		.eabi_attribute 18, 4
  12              		.code	16
  13              		.file	"ADC_PM.c"
  14              		.text
  15              	.Ltext0:
  16              		.cfi_sections	.debug_frame
  17              		.section	.text.ADC_Sleep,"ax",%progbits
  18              		.align	2
  19              		.global	ADC_Sleep
  20              		.code	16
  21              		.thumb_func
  22              		.type	ADC_Sleep, %function
  23              	ADC_Sleep:
  24              	.LFB1:
  25              		.file 1 ".\\Generated_Source\\PSoC4\\ADC_PM.c"
   1:.\Generated_Source\PSoC4/ADC_PM.c **** /***************************************************************************//**
   2:.\Generated_Source\PSoC4/ADC_PM.c **** * \file ADC_PM.c  
   3:.\Generated_Source\PSoC4/ADC_PM.c **** * \version 1.10
   4:.\Generated_Source\PSoC4/ADC_PM.c **** *
   5:.\Generated_Source\PSoC4/ADC_PM.c **** * \brief
   6:.\Generated_Source\PSoC4/ADC_PM.c **** *  This file provides the power manager source code to the API for 
   7:.\Generated_Source\PSoC4/ADC_PM.c **** *  ADC component.
   8:.\Generated_Source\PSoC4/ADC_PM.c **** *
   9:.\Generated_Source\PSoC4/ADC_PM.c **** ********************************************************************************
  10:.\Generated_Source\PSoC4/ADC_PM.c **** * \copyright
  11:.\Generated_Source\PSoC4/ADC_PM.c **** * (c) 2015-2016, Cypress Semiconductor Corporation. All rights reserved.
  12:.\Generated_Source\PSoC4/ADC_PM.c **** * This software, including source code, documentation and related
  13:.\Generated_Source\PSoC4/ADC_PM.c **** * materials ("Software"), is owned by Cypress Semiconductor
  14:.\Generated_Source\PSoC4/ADC_PM.c **** * Corporation ("Cypress") and is protected by and subject to worldwide
  15:.\Generated_Source\PSoC4/ADC_PM.c **** * patent protection (United States and foreign), United States copyright
  16:.\Generated_Source\PSoC4/ADC_PM.c **** * laws and international treaty provisions. Therefore, you may use this
  17:.\Generated_Source\PSoC4/ADC_PM.c **** * Software only as provided in the license agreement accompanying the
  18:.\Generated_Source\PSoC4/ADC_PM.c **** * software package from which you obtained this Software ("EULA").
  19:.\Generated_Source\PSoC4/ADC_PM.c **** * If no EULA applies, Cypress hereby grants you a personal, nonexclusive,
  20:.\Generated_Source\PSoC4/ADC_PM.c **** * non-transferable license to copy, modify, and compile the
  21:.\Generated_Source\PSoC4/ADC_PM.c **** * Software source code solely for use in connection with Cypress's
  22:.\Generated_Source\PSoC4/ADC_PM.c **** * integrated circuit products. Any reproduction, modification, translation,
  23:.\Generated_Source\PSoC4/ADC_PM.c **** * compilation, or representation of this Software except as specified
  24:.\Generated_Source\PSoC4/ADC_PM.c **** * above is prohibited without the express written permission of Cypress.
  25:.\Generated_Source\PSoC4/ADC_PM.c **** * Disclaimer: THIS SOFTWARE IS PROVIDED AS-IS, WITH NO
  26:.\Generated_Source\PSoC4/ADC_PM.c **** * WARRANTY OF ANY KIND, EXPRESS OR IMPLIED, INCLUDING,
  27:.\Generated_Source\PSoC4/ADC_PM.c **** * BUT NOT LIMITED TO, NONINFRINGEMENT, IMPLIED
  28:.\Generated_Source\PSoC4/ADC_PM.c **** * WARRANTIES OF MERCHANTABILITY AND FITNESS FOR A
  29:.\Generated_Source\PSoC4/ADC_PM.c **** * PARTICULAR PURPOSE. Cypress reserves the right to make
  30:.\Generated_Source\PSoC4/ADC_PM.c **** * changes to the Software without notice. Cypress does not assume any
  31:.\Generated_Source\PSoC4/ADC_PM.c **** * liability arising out of the application or use of the Software or any
  32:.\Generated_Source\PSoC4/ADC_PM.c **** * product or circuit described in the Software. Cypress does not
ARM GAS  C:\Users\Greg\AppData\Local\Temp\ccqjUgQY.s 			page 2


  33:.\Generated_Source\PSoC4/ADC_PM.c **** * authorize its products for use in any products where a malfunction or
  34:.\Generated_Source\PSoC4/ADC_PM.c **** * failure of the Cypress product may reasonably be expected to result in
  35:.\Generated_Source\PSoC4/ADC_PM.c **** * significant property damage, injury or death ("High Risk Product"). By
  36:.\Generated_Source\PSoC4/ADC_PM.c **** * including Cypress's product in a High Risk Product, the manufacturer
  37:.\Generated_Source\PSoC4/ADC_PM.c **** * of such system or application assumes all risk of such use and in doing
  38:.\Generated_Source\PSoC4/ADC_PM.c **** * so agrees to indemnify Cypress against all liability.
  39:.\Generated_Source\PSoC4/ADC_PM.c **** *******************************************************************************/
  40:.\Generated_Source\PSoC4/ADC_PM.c **** 
  41:.\Generated_Source\PSoC4/ADC_PM.c **** #include "ADC.h"
  42:.\Generated_Source\PSoC4/ADC_PM.c **** 
  43:.\Generated_Source\PSoC4/ADC_PM.c **** /**
  44:.\Generated_Source\PSoC4/ADC_PM.c **** * \addtogroup group_globals
  45:.\Generated_Source\PSoC4/ADC_PM.c **** * @{
  46:.\Generated_Source\PSoC4/ADC_PM.c **** */
  47:.\Generated_Source\PSoC4/ADC_PM.c **** /** Contains configuration of ADC before sleep. Enable state is the
  48:.\Generated_Source\PSoC4/ADC_PM.c **** *   only data required to be preserved. */
  49:.\Generated_Source\PSoC4/ADC_PM.c **** static ADC_BACKUP_STRUCT  ADC_backup =
  50:.\Generated_Source\PSoC4/ADC_PM.c **** {
  51:.\Generated_Source\PSoC4/ADC_PM.c ****     0u,
  52:.\Generated_Source\PSoC4/ADC_PM.c **** };
  53:.\Generated_Source\PSoC4/ADC_PM.c **** /** @} globals */
  54:.\Generated_Source\PSoC4/ADC_PM.c **** 
  55:.\Generated_Source\PSoC4/ADC_PM.c **** 
  56:.\Generated_Source\PSoC4/ADC_PM.c **** /*******************************************************************************   
  57:.\Generated_Source\PSoC4/ADC_PM.c **** * Function Name: ADC_Sleep
  58:.\Generated_Source\PSoC4/ADC_PM.c **** ****************************************************************************//**
  59:.\Generated_Source\PSoC4/ADC_PM.c **** *
  60:.\Generated_Source\PSoC4/ADC_PM.c **** * \brief This is the preferred routine to prepare the component for sleep. The 
  61:.\Generated_Source\PSoC4/ADC_PM.c **** * ADC_Sleep() routine saves the current component state. Then it 
  62:.\Generated_Source\PSoC4/ADC_PM.c **** * calls the ADC_Stop() function and calls 
  63:.\Generated_Source\PSoC4/ADC_PM.c **** * ADC_SaveConfig() to save the hardware configuration.
  64:.\Generated_Source\PSoC4/ADC_PM.c **** * 
  65:.\Generated_Source\PSoC4/ADC_PM.c **** * Call the ADC_Sleep() function before calling the 
  66:.\Generated_Source\PSoC4/ADC_PM.c **** * CySysPmDeepSleep() or the CySysPmHibernate() function. See the PSoC Creator 
  67:.\Generated_Source\PSoC4/ADC_PM.c **** * System Reference Guide for more information about power-management functions.
  68:.\Generated_Source\PSoC4/ADC_PM.c **** * 
  69:.\Generated_Source\PSoC4/ADC_PM.c **** * \param None
  70:.\Generated_Source\PSoC4/ADC_PM.c **** * 
  71:.\Generated_Source\PSoC4/ADC_PM.c **** * \return None
  72:.\Generated_Source\PSoC4/ADC_PM.c **** *
  73:.\Generated_Source\PSoC4/ADC_PM.c **** * \sideeffect If this function is called twice in the enable state of the 
  74:.\Generated_Source\PSoC4/ADC_PM.c **** * component, the disabled state of the component will be stored. So 
  75:.\Generated_Source\PSoC4/ADC_PM.c **** * ADC_Enable() and ADC_StartConvert() must be called 
  76:.\Generated_Source\PSoC4/ADC_PM.c **** * after ADC_Wakeup() in this case.
  77:.\Generated_Source\PSoC4/ADC_PM.c **** *
  78:.\Generated_Source\PSoC4/ADC_PM.c **** * <b>Code Snippet</b>
  79:.\Generated_Source\PSoC4/ADC_PM.c **** *  \snippet main.c snippet_ADC_Sleep
  80:.\Generated_Source\PSoC4/ADC_PM.c **** *
  81:.\Generated_Source\PSoC4/ADC_PM.c **** * \globalvars
  82:.\Generated_Source\PSoC4/ADC_PM.c **** *  \ref ADC_backup (W)
  83:.\Generated_Source\PSoC4/ADC_PM.c **** *
  84:.\Generated_Source\PSoC4/ADC_PM.c **** * \globalvars
  85:.\Generated_Source\PSoC4/ADC_PM.c **** *  \ref ADC_backup
  86:.\Generated_Source\PSoC4/ADC_PM.c **** *
  87:.\Generated_Source\PSoC4/ADC_PM.c **** *******************************************************************************/
  88:.\Generated_Source\PSoC4/ADC_PM.c **** void ADC_Sleep(void) 
  89:.\Generated_Source\PSoC4/ADC_PM.c **** {
ARM GAS  C:\Users\Greg\AppData\Local\Temp\ccqjUgQY.s 			page 3


  26              		.loc 1 89 0
  27              		.cfi_startproc
  28 0000 08B5     		push	{r3, lr}
  29              		.cfi_def_cfa_offset 8
  30              		.cfi_offset 3, -8
  31              		.cfi_offset 14, -4
  90:.\Generated_Source\PSoC4/ADC_PM.c ****     uint32 dftRegVal = (uint32) ADC_SAR_DFT_CTRL_REG;
  32              		.loc 1 90 0
  33 0002 1D4B     		ldr	r3, .L6
  34 0004 1B68     		ldr	r3, [r3]
  35              	.LVL0:
  91:.\Generated_Source\PSoC4/ADC_PM.c **** 
  92:.\Generated_Source\PSoC4/ADC_PM.c ****     ADC_backup.enableState = 0u;
  36              		.loc 1 92 0
  37 0006 0021     		mov	r1, #0
  38 0008 1C4A     		ldr	r2, .L6+4
  39 000a 1170     		strb	r1, [r2]
  93:.\Generated_Source\PSoC4/ADC_PM.c ****     
  94:.\Generated_Source\PSoC4/ADC_PM.c ****     /* Save nonretention SAR_DFT_CTRL register state. */
  95:.\Generated_Source\PSoC4/ADC_PM.c ****     if((dftRegVal & ADC_SAR_DFT_CTRL_DCEN_MSK) != 0u)
  40              		.loc 1 95 0
  41 000c 9A00     		lsl	r2, r3, #2
  42 000e 02D5     		bpl	.L2
  96:.\Generated_Source\PSoC4/ADC_PM.c ****     {
  97:.\Generated_Source\PSoC4/ADC_PM.c ****         ADC_backup.enableState |= ADC_SLEEP_DFT_DCEN;
  43              		.loc 1 97 0
  44 0010 0831     		add	r1, r1, #8
  45 0012 1A4A     		ldr	r2, .L6+4
  46 0014 1170     		strb	r1, [r2]
  47              	.L2:
  98:.\Generated_Source\PSoC4/ADC_PM.c ****     }
  99:.\Generated_Source\PSoC4/ADC_PM.c ****     if((dftRegVal & ADC_SAR_DFT_CTRL_DLY_INC_MSK) != 0u)
  48              		.loc 1 99 0
  49 0016 DB07     		lsl	r3, r3, #31
  50 0018 04D5     		bpl	.L3
  51              	.LVL1:
 100:.\Generated_Source\PSoC4/ADC_PM.c ****     {
 101:.\Generated_Source\PSoC4/ADC_PM.c ****         ADC_backup.enableState |= ADC_SLEEP_DFT_DLY_INC;
  52              		.loc 1 101 0
  53 001a 184A     		ldr	r2, .L6+4
  54 001c 1178     		ldrb	r1, [r2]
  55 001e 1023     		mov	r3, #16
  56 0020 0B43     		orr	r3, r1
  57 0022 1370     		strb	r3, [r2]
  58              	.L3:
 102:.\Generated_Source\PSoC4/ADC_PM.c ****     }
 103:.\Generated_Source\PSoC4/ADC_PM.c ****     
 104:.\Generated_Source\PSoC4/ADC_PM.c ****     /* During deepsleep/ hibernate mode keep SARMUX active, i.e. do not open
 105:.\Generated_Source\PSoC4/ADC_PM.c ****     *   all switches (disconnect), to be used for ADFT
 106:.\Generated_Source\PSoC4/ADC_PM.c ****     */
 107:.\Generated_Source\PSoC4/ADC_PM.c ****     ADC_SAR_DFT_CTRL_REG |= ADC_SAR_DFT_CTRL_ADFT_OVERRIDE_MSK;
  59              		.loc 1 107 0
  60 0024 144A     		ldr	r2, .L6
  61 0026 1368     		ldr	r3, [r2]
  62 0028 8021     		mov	r1, #128
  63 002a 0906     		lsl	r1, r1, #24
  64 002c 0B43     		orr	r3, r1
ARM GAS  C:\Users\Greg\AppData\Local\Temp\ccqjUgQY.s 			page 4


  65 002e 1360     		str	r3, [r2]
 108:.\Generated_Source\PSoC4/ADC_PM.c ****     
 109:.\Generated_Source\PSoC4/ADC_PM.c ****     if((ADC_SAR_CTRL_REG  & ADC_SAR_CTRL_ENABLED_MSK) != 0u)
  66              		.loc 1 109 0
  67 0030 134B     		ldr	r3, .L6+8
  68 0032 1B68     		ldr	r3, [r3]
  69 0034 002B     		cmp	r3, #0
  70 0036 1EDA     		bge	.L1
 110:.\Generated_Source\PSoC4/ADC_PM.c ****     {
 111:.\Generated_Source\PSoC4/ADC_PM.c ****         ADC_backup.enableState |= ADC_ENABLED;
  71              		.loc 1 111 0
  72 0038 104A     		ldr	r2, .L6+4
  73 003a 1178     		ldrb	r1, [r2]
  74 003c 0123     		mov	r3, #1
  75 003e 0B43     		orr	r3, r1
  76 0040 1370     		strb	r3, [r2]
 112:.\Generated_Source\PSoC4/ADC_PM.c ****         if((ADC_SAR_SAMPLE_CTRL_REG & ADC_SAR_SAMPLE_CTRL_CONTINUOUS_MSK) != 0u)
  77              		.loc 1 112 0
  78 0042 104A     		ldr	r2, .L6+12
  79 0044 1268     		ldr	r2, [r2]
  80 0046 D203     		lsl	r2, r2, #15
  81 0048 03D5     		bpl	.L5
 113:.\Generated_Source\PSoC4/ADC_PM.c ****         {
 114:.\Generated_Source\PSoC4/ADC_PM.c ****             ADC_backup.enableState |= ADC_STARTED;
  82              		.loc 1 114 0
  83 004a 0222     		mov	r2, #2
  84 004c 1343     		orr	r3, r2
  85 004e 0B4A     		ldr	r2, .L6+4
  86 0050 1370     		strb	r3, [r2]
  87              	.L5:
 115:.\Generated_Source\PSoC4/ADC_PM.c ****         }
 116:.\Generated_Source\PSoC4/ADC_PM.c **** 
 117:.\Generated_Source\PSoC4/ADC_PM.c ****         ADC_StopConvert();
  88              		.loc 1 117 0
  89 0052 FFF7FEFF 		bl	ADC_StopConvert
  90              	.LVL2:
 118:.\Generated_Source\PSoC4/ADC_PM.c ****         ADC_Stop();
  91              		.loc 1 118 0
  92 0056 FFF7FEFF 		bl	ADC_Stop
  93              	.LVL3:
 119:.\Generated_Source\PSoC4/ADC_PM.c ****         
 120:.\Generated_Source\PSoC4/ADC_PM.c ****         /* Disable the SAR internal pump before entering the chip low power mode */
 121:.\Generated_Source\PSoC4/ADC_PM.c ****         if((ADC_SAR_CTRL_REG & ADC_SAR_CTRL_BOOSTPUMP_EN_MSK) != 0u)
  94              		.loc 1 121 0
  95 005a 094B     		ldr	r3, .L6+8
  96 005c 1B68     		ldr	r3, [r3]
  97 005e DB02     		lsl	r3, r3, #11
  98 0060 09D5     		bpl	.L1
 122:.\Generated_Source\PSoC4/ADC_PM.c ****         {
 123:.\Generated_Source\PSoC4/ADC_PM.c ****             ADC_SAR_CTRL_REG &= (uint32)~ADC_SAR_CTRL_BOOSTPUMP_EN_MSK;
  99              		.loc 1 123 0
 100 0062 074A     		ldr	r2, .L6+8
 101 0064 1168     		ldr	r1, [r2]
 102 0066 084B     		ldr	r3, .L6+16
 103 0068 0B40     		and	r3, r1
 104 006a 1360     		str	r3, [r2]
 124:.\Generated_Source\PSoC4/ADC_PM.c ****             ADC_backup.enableState |= ADC_BOOSTPUMP_ENABLED;
ARM GAS  C:\Users\Greg\AppData\Local\Temp\ccqjUgQY.s 			page 5


 105              		.loc 1 124 0
 106 006c 034A     		ldr	r2, .L6+4
 107 006e 1178     		ldrb	r1, [r2]
 108 0070 0423     		mov	r3, #4
 109 0072 0B43     		orr	r3, r1
 110 0074 1370     		strb	r3, [r2]
 111              	.L1:
 125:.\Generated_Source\PSoC4/ADC_PM.c ****         }
 126:.\Generated_Source\PSoC4/ADC_PM.c ****     }
 127:.\Generated_Source\PSoC4/ADC_PM.c **** }
 112              		.loc 1 127 0
 113              		@ sp needed
 114 0076 08BD     		pop	{r3, pc}
 115              	.L7:
 116              		.align	2
 117              	.L6:
 118 0078 30003A40 		.word	1077542960
 119 007c 00000000 		.word	.LANCHOR0
 120 0080 00003A40 		.word	1077542912
 121 0084 04003A40 		.word	1077542916
 122 0088 FFFFEFFF 		.word	-1048577
 123              		.cfi_endproc
 124              	.LFE1:
 125              		.size	ADC_Sleep, .-ADC_Sleep
 126              		.section	.text.ADC_Wakeup,"ax",%progbits
 127              		.align	2
 128              		.global	ADC_Wakeup
 129              		.code	16
 130              		.thumb_func
 131              		.type	ADC_Wakeup, %function
 132              	ADC_Wakeup:
 133              	.LFB2:
 128:.\Generated_Source\PSoC4/ADC_PM.c **** 
 129:.\Generated_Source\PSoC4/ADC_PM.c **** 
 130:.\Generated_Source\PSoC4/ADC_PM.c **** /*******************************************************************************
 131:.\Generated_Source\PSoC4/ADC_PM.c **** * Function Name: ADC_Wakeup
 132:.\Generated_Source\PSoC4/ADC_PM.c **** ****************************************************************************//**
 133:.\Generated_Source\PSoC4/ADC_PM.c **** *
 134:.\Generated_Source\PSoC4/ADC_PM.c **** * \brief This is the preferred routine to restore the component to the state when 
 135:.\Generated_Source\PSoC4/ADC_PM.c **** * ADC_Sleep() was called. The ADC_Wakeup() function 
 136:.\Generated_Source\PSoC4/ADC_PM.c **** * calls the ADC_RestoreConfig() function to restore the 
 137:.\Generated_Source\PSoC4/ADC_PM.c **** * configuration. If the component was enabled before the ADC_Sleep() 
 138:.\Generated_Source\PSoC4/ADC_PM.c **** * function was called, the ADC_Wakeup() function also re-enables the 
 139:.\Generated_Source\PSoC4/ADC_PM.c **** * component.
 140:.\Generated_Source\PSoC4/ADC_PM.c **** *
 141:.\Generated_Source\PSoC4/ADC_PM.c **** * \param None
 142:.\Generated_Source\PSoC4/ADC_PM.c **** * 
 143:.\Generated_Source\PSoC4/ADC_PM.c **** * \return None
 144:.\Generated_Source\PSoC4/ADC_PM.c **** *
 145:.\Generated_Source\PSoC4/ADC_PM.c **** * \sideeffect
 146:.\Generated_Source\PSoC4/ADC_PM.c **** * Calling this function without previously calling ADC_Sleep() may lead to 
 147:.\Generated_Source\PSoC4/ADC_PM.c **** * unpredictable results.
 148:.\Generated_Source\PSoC4/ADC_PM.c **** *
 149:.\Generated_Source\PSoC4/ADC_PM.c **** * <b>Code Snippet</b>
 150:.\Generated_Source\PSoC4/ADC_PM.c **** *  \snippet main.c snippet_ADC_Wakeup
 151:.\Generated_Source\PSoC4/ADC_PM.c **** *
 152:.\Generated_Source\PSoC4/ADC_PM.c **** * \globalvars
ARM GAS  C:\Users\Greg\AppData\Local\Temp\ccqjUgQY.s 			page 6


 153:.\Generated_Source\PSoC4/ADC_PM.c **** *  \ref ADC_backup (R)
 154:.\Generated_Source\PSoC4/ADC_PM.c **** *
 155:.\Generated_Source\PSoC4/ADC_PM.c **** * \globalvars
 156:.\Generated_Source\PSoC4/ADC_PM.c **** *  \ref ADC_backup
 157:.\Generated_Source\PSoC4/ADC_PM.c **** * 
 158:.\Generated_Source\PSoC4/ADC_PM.c **** *******************************************************************************/
 159:.\Generated_Source\PSoC4/ADC_PM.c **** void ADC_Wakeup(void)
 160:.\Generated_Source\PSoC4/ADC_PM.c **** {
 134              		.loc 1 160 0
 135              		.cfi_startproc
 136 0000 08B5     		push	{r3, lr}
 137              		.cfi_def_cfa_offset 8
 138              		.cfi_offset 3, -8
 139              		.cfi_offset 14, -4
 140              	.LVL4:
 161:.\Generated_Source\PSoC4/ADC_PM.c ****     uint32 dftRegVal = (uint32)ADC_SAR_DFT_CTRL_HIZ_MSK;
 162:.\Generated_Source\PSoC4/ADC_PM.c ****     
 163:.\Generated_Source\PSoC4/ADC_PM.c ****     /* Restore nonretention SAR_DFT_CTRL register state. */
 164:.\Generated_Source\PSoC4/ADC_PM.c ****     if ((ADC_backup.enableState & ADC_SLEEP_DFT_DCEN) != 0u)
 141              		.loc 1 164 0
 142 0002 114B     		ldr	r3, .L14
 143 0004 1A78     		ldrb	r2, [r3]
 144 0006 1307     		lsl	r3, r2, #28
 145 0008 01D4     		bmi	.L13
 161:.\Generated_Source\PSoC4/ADC_PM.c ****     uint32 dftRegVal = (uint32)ADC_SAR_DFT_CTRL_HIZ_MSK;
 146              		.loc 1 161 0
 147 000a 0223     		mov	r3, #2
 148 000c 00E0     		b	.L9
 149              	.L13:
 165:.\Generated_Source\PSoC4/ADC_PM.c ****     {
 166:.\Generated_Source\PSoC4/ADC_PM.c ****         dftRegVal |= ADC_SAR_DFT_CTRL_DCEN_MSK;
 150              		.loc 1 166 0
 151 000e 0F4B     		ldr	r3, .L14+4
 152              	.L9:
 153              	.LVL5:
 167:.\Generated_Source\PSoC4/ADC_PM.c ****     }
 168:.\Generated_Source\PSoC4/ADC_PM.c ****     if ((ADC_backup.enableState & ADC_SLEEP_DFT_DLY_INC) != 0u)
 154              		.loc 1 168 0
 155 0010 D206     		lsl	r2, r2, #27
 156 0012 01D5     		bpl	.L10
 169:.\Generated_Source\PSoC4/ADC_PM.c ****     {
 170:.\Generated_Source\PSoC4/ADC_PM.c ****         dftRegVal |= ADC_SAR_DFT_CTRL_DLY_INC_MSK;
 157              		.loc 1 170 0
 158 0014 0122     		mov	r2, #1
 159 0016 1343     		orr	r3, r2
 160              	.LVL6:
 161              	.L10:
 171:.\Generated_Source\PSoC4/ADC_PM.c ****     }
 172:.\Generated_Source\PSoC4/ADC_PM.c ****     ADC_SAR_DFT_CTRL_REG = dftRegVal;
 162              		.loc 1 172 0
 163 0018 0D4A     		ldr	r2, .L14+8
 164 001a 1360     		str	r3, [r2]
 173:.\Generated_Source\PSoC4/ADC_PM.c ****     
 174:.\Generated_Source\PSoC4/ADC_PM.c ****     if((ADC_backup.enableState & ADC_ENABLED) != 0u)
 165              		.loc 1 174 0
 166 001c 0A4B     		ldr	r3, .L14
 167              	.LVL7:
ARM GAS  C:\Users\Greg\AppData\Local\Temp\ccqjUgQY.s 			page 7


 168 001e 1B78     		ldrb	r3, [r3]
 169 0020 DA07     		lsl	r2, r3, #31
 170 0022 0FD5     		bpl	.L8
 171              	.LVL8:
 175:.\Generated_Source\PSoC4/ADC_PM.c ****     {
 176:.\Generated_Source\PSoC4/ADC_PM.c ****         /* Enable the SAR internal pump  */
 177:.\Generated_Source\PSoC4/ADC_PM.c ****         if((ADC_backup.enableState & ADC_BOOSTPUMP_ENABLED) != 0u)
 172              		.loc 1 177 0
 173 0024 5B07     		lsl	r3, r3, #29
 174 0026 05D5     		bpl	.L12
 178:.\Generated_Source\PSoC4/ADC_PM.c ****         {
 179:.\Generated_Source\PSoC4/ADC_PM.c ****             ADC_SAR_CTRL_REG |= ADC_SAR_CTRL_BOOSTPUMP_EN_MSK;
 175              		.loc 1 179 0
 176 0028 0A4A     		ldr	r2, .L14+12
 177 002a 1368     		ldr	r3, [r2]
 178 002c 8021     		mov	r1, #128
 179 002e 4903     		lsl	r1, r1, #13
 180 0030 0B43     		orr	r3, r1
 181 0032 1360     		str	r3, [r2]
 182              	.LVL9:
 183              	.L12:
 180:.\Generated_Source\PSoC4/ADC_PM.c ****         }
 181:.\Generated_Source\PSoC4/ADC_PM.c ****         
 182:.\Generated_Source\PSoC4/ADC_PM.c ****         ADC_Enable();
 184              		.loc 1 182 0
 185 0034 FFF7FEFF 		bl	ADC_Enable
 186              	.LVL10:
 183:.\Generated_Source\PSoC4/ADC_PM.c ****         
 184:.\Generated_Source\PSoC4/ADC_PM.c ****         if((ADC_backup.enableState & ADC_STARTED) != 0u)
 187              		.loc 1 184 0
 188 0038 034B     		ldr	r3, .L14
 189 003a 1B78     		ldrb	r3, [r3]
 190 003c 9B07     		lsl	r3, r3, #30
 191 003e 01D5     		bpl	.L8
 185:.\Generated_Source\PSoC4/ADC_PM.c ****         {
 186:.\Generated_Source\PSoC4/ADC_PM.c ****             ADC_StartConvert();
 192              		.loc 1 186 0
 193 0040 FFF7FEFF 		bl	ADC_StartConvert
 194              	.LVL11:
 195              	.L8:
 187:.\Generated_Source\PSoC4/ADC_PM.c ****         }
 188:.\Generated_Source\PSoC4/ADC_PM.c ****     }
 189:.\Generated_Source\PSoC4/ADC_PM.c **** }
 196              		.loc 1 189 0
 197              		@ sp needed
 198 0044 08BD     		pop	{r3, pc}
 199              	.L15:
 200 0046 C046     		.align	2
 201              	.L14:
 202 0048 00000000 		.word	.LANCHOR0
 203 004c 02000020 		.word	536870914
 204 0050 30003A40 		.word	1077542960
 205 0054 00003A40 		.word	1077542912
 206              		.cfi_endproc
 207              	.LFE2:
 208              		.size	ADC_Wakeup, .-ADC_Wakeup
 209              		.section	.text.ADC_SaveConfig,"ax",%progbits
ARM GAS  C:\Users\Greg\AppData\Local\Temp\ccqjUgQY.s 			page 8


 210              		.align	2
 211              		.global	ADC_SaveConfig
 212              		.code	16
 213              		.thumb_func
 214              		.type	ADC_SaveConfig, %function
 215              	ADC_SaveConfig:
 216              	.LFB3:
 190:.\Generated_Source\PSoC4/ADC_PM.c **** 
 191:.\Generated_Source\PSoC4/ADC_PM.c **** /* ****************************************************************************
 192:.\Generated_Source\PSoC4/ADC_PM.c **** * Function Name: ADC_SaveConfig
 193:.\Generated_Source\PSoC4/ADC_PM.c **** ****************************************************************************//*
 194:.\Generated_Source\PSoC4/ADC_PM.c **** *
 195:.\Generated_Source\PSoC4/ADC_PM.c **** * \brief Saves the current configuration of ADC non-retention registers.
 196:.\Generated_Source\PSoC4/ADC_PM.c **** *
 197:.\Generated_Source\PSoC4/ADC_PM.c **** * \param None
 198:.\Generated_Source\PSoC4/ADC_PM.c **** * 
 199:.\Generated_Source\PSoC4/ADC_PM.c **** * \return None
 200:.\Generated_Source\PSoC4/ADC_PM.c **** * 
 201:.\Generated_Source\PSoC4/ADC_PM.c **** * \sideeffect None
 202:.\Generated_Source\PSoC4/ADC_PM.c **** *
 203:.\Generated_Source\PSoC4/ADC_PM.c **** * <b>Code Snippet</b>
 204:.\Generated_Source\PSoC4/ADC_PM.c **** *  \snippet main.c snippet_ADC_SaveConfig
 205:.\Generated_Source\PSoC4/ADC_PM.c **** *
 206:.\Generated_Source\PSoC4/ADC_PM.c **** * 
 207:.\Generated_Source\PSoC4/ADC_PM.c **** *******************************************************************************/
 208:.\Generated_Source\PSoC4/ADC_PM.c **** void ADC_SaveConfig(void)
 209:.\Generated_Source\PSoC4/ADC_PM.c **** {
 217              		.loc 1 209 0
 218              		.cfi_startproc
 210:.\Generated_Source\PSoC4/ADC_PM.c ****      /* All configuration registers are marked as [reset_all_retention] */
 211:.\Generated_Source\PSoC4/ADC_PM.c **** }
 219              		.loc 1 211 0
 220              		@ sp needed
 221 0000 7047     		bx	lr
 222              		.cfi_endproc
 223              	.LFE3:
 224              		.size	ADC_SaveConfig, .-ADC_SaveConfig
 225 0002 C046     		.section	.text.ADC_RestoreConfig,"ax",%progbits
 226              		.align	2
 227              		.global	ADC_RestoreConfig
 228              		.code	16
 229              		.thumb_func
 230              		.type	ADC_RestoreConfig, %function
 231              	ADC_RestoreConfig:
 232              	.LFB4:
 212:.\Generated_Source\PSoC4/ADC_PM.c **** 
 213:.\Generated_Source\PSoC4/ADC_PM.c **** /* ****************************************************************************
 214:.\Generated_Source\PSoC4/ADC_PM.c **** * Function Name: ADC_RestoreConfig
 215:.\Generated_Source\PSoC4/ADC_PM.c **** ****************************************************************************//*
 216:.\Generated_Source\PSoC4/ADC_PM.c **** *
 217:.\Generated_Source\PSoC4/ADC_PM.c **** * \brief Restores the configuration of ADC non-retention registers.
 218:.\Generated_Source\PSoC4/ADC_PM.c **** * 
 219:.\Generated_Source\PSoC4/ADC_PM.c **** * \param None
 220:.\Generated_Source\PSoC4/ADC_PM.c **** * 
 221:.\Generated_Source\PSoC4/ADC_PM.c **** * \return None
 222:.\Generated_Source\PSoC4/ADC_PM.c **** *
 223:.\Generated_Source\PSoC4/ADC_PM.c **** * \sideeffect Calling this function without previously calling 
ARM GAS  C:\Users\Greg\AppData\Local\Temp\ccqjUgQY.s 			page 9


 224:.\Generated_Source\PSoC4/ADC_PM.c **** * ADC_SaveConfig() or ADC_Sleep will lead to 
 225:.\Generated_Source\PSoC4/ADC_PM.c **** * unpredictable results.
 226:.\Generated_Source\PSoC4/ADC_PM.c **** *
 227:.\Generated_Source\PSoC4/ADC_PM.c **** * <b>Code Snippet</b>
 228:.\Generated_Source\PSoC4/ADC_PM.c **** *  \snippet main.c snippet_ADC_RestoreConfig
 229:.\Generated_Source\PSoC4/ADC_PM.c **** *
 230:.\Generated_Source\PSoC4/ADC_PM.c **** * 
 231:.\Generated_Source\PSoC4/ADC_PM.c **** *******************************************************************************/
 232:.\Generated_Source\PSoC4/ADC_PM.c **** void ADC_RestoreConfig(void)
 233:.\Generated_Source\PSoC4/ADC_PM.c **** {
 233              		.loc 1 233 0
 234              		.cfi_startproc
 234:.\Generated_Source\PSoC4/ADC_PM.c ****     /* All configuration registers are marked as [reset_all_retention] */
 235:.\Generated_Source\PSoC4/ADC_PM.c **** }
 235              		.loc 1 235 0
 236              		@ sp needed
 237 0000 7047     		bx	lr
 238              		.cfi_endproc
 239              	.LFE4:
 240              		.size	ADC_RestoreConfig, .-ADC_RestoreConfig
 241 0002 C046     		.bss
 242              		.align	2
 243              		.set	.LANCHOR0,. + 0
 244              		.type	ADC_backup, %object
 245              		.size	ADC_backup, 1
 246              	ADC_backup:
 247 0000 00       		.space	1
 248 0001 000000   		.text
 249              	.Letext0:
 250              		.file 2 ".\\Generated_Source\\PSoC4\\cytypes.h"
 251              		.file 3 ".\\Generated_Source\\PSoC4\\ADC.h"
 252              		.section	.debug_info,"",%progbits
 253              	.Ldebug_info0:
 254 0000 8A010000 		.4byte	0x18a
 255 0004 0400     		.2byte	0x4
 256 0006 00000000 		.4byte	.Ldebug_abbrev0
 257 000a 04       		.byte	0x4
 258 000b 01       		.uleb128 0x1
 259 000c 4A000000 		.4byte	.LASF27
 260 0010 01       		.byte	0x1
 261 0011 F4000000 		.4byte	.LASF28
 262 0015 67010000 		.4byte	.LASF29
 263 0019 00000000 		.4byte	.Ldebug_ranges0+0
 264 001d 00000000 		.4byte	0
 265 0021 00000000 		.4byte	.Ldebug_line0
 266 0025 02       		.uleb128 0x2
 267 0026 01       		.byte	0x1
 268 0027 06       		.byte	0x6
 269 0028 50020000 		.4byte	.LASF0
 270 002c 02       		.uleb128 0x2
 271 002d 01       		.byte	0x1
 272 002e 08       		.byte	0x8
 273 002f 3C000000 		.4byte	.LASF1
 274 0033 02       		.uleb128 0x2
 275 0034 02       		.byte	0x2
 276 0035 05       		.byte	0x5
 277 0036 27010000 		.4byte	.LASF2
ARM GAS  C:\Users\Greg\AppData\Local\Temp\ccqjUgQY.s 			page 10


 278 003a 02       		.uleb128 0x2
 279 003b 02       		.byte	0x2
 280 003c 07       		.byte	0x7
 281 003d 23000000 		.4byte	.LASF3
 282 0041 02       		.uleb128 0x2
 283 0042 04       		.byte	0x4
 284 0043 05       		.byte	0x5
 285 0044 3B020000 		.4byte	.LASF4
 286 0048 02       		.uleb128 0x2
 287 0049 04       		.byte	0x4
 288 004a 07       		.byte	0x7
 289 004b DC000000 		.4byte	.LASF5
 290 004f 02       		.uleb128 0x2
 291 0050 08       		.byte	0x8
 292 0051 05       		.byte	0x5
 293 0052 00000000 		.4byte	.LASF6
 294 0056 02       		.uleb128 0x2
 295 0057 08       		.byte	0x8
 296 0058 07       		.byte	0x7
 297 0059 50010000 		.4byte	.LASF7
 298 005d 03       		.uleb128 0x3
 299 005e 04       		.byte	0x4
 300 005f 05       		.byte	0x5
 301 0060 696E7400 		.ascii	"int\000"
 302 0064 02       		.uleb128 0x2
 303 0065 04       		.byte	0x4
 304 0066 07       		.byte	0x7
 305 0067 38010000 		.4byte	.LASF8
 306 006b 04       		.uleb128 0x4
 307 006c EE000000 		.4byte	.LASF9
 308 0070 02       		.byte	0x2
 309 0071 9801     		.2byte	0x198
 310 0073 2C000000 		.4byte	0x2c
 311 0077 04       		.uleb128 0x4
 312 0078 31010000 		.4byte	.LASF10
 313 007c 02       		.byte	0x2
 314 007d 9A01     		.2byte	0x19a
 315 007f 48000000 		.4byte	0x48
 316 0083 02       		.uleb128 0x2
 317 0084 04       		.byte	0x4
 318 0085 04       		.byte	0x4
 319 0086 36000000 		.4byte	.LASF11
 320 008a 02       		.uleb128 0x2
 321 008b 08       		.byte	0x8
 322 008c 04       		.byte	0x4
 323 008d 20010000 		.4byte	.LASF12
 324 0091 02       		.uleb128 0x2
 325 0092 01       		.byte	0x1
 326 0093 08       		.byte	0x8
 327 0094 14020000 		.4byte	.LASF13
 328 0098 04       		.uleb128 0x4
 329 0099 0E000000 		.4byte	.LASF14
 330 009d 02       		.byte	0x2
 331 009e 4402     		.2byte	0x244
 332 00a0 A4000000 		.4byte	0xa4
 333 00a4 05       		.uleb128 0x5
 334 00a5 77000000 		.4byte	0x77
ARM GAS  C:\Users\Greg\AppData\Local\Temp\ccqjUgQY.s 			page 11


 335 00a9 02       		.uleb128 0x2
 336 00aa 04       		.byte	0x4
 337 00ab 07       		.byte	0x7
 338 00ac E8010000 		.4byte	.LASF15
 339 00b0 06       		.uleb128 0x6
 340 00b1 01       		.byte	0x1
 341 00b2 03       		.byte	0x3
 342 00b3 58       		.byte	0x58
 343 00b4 C5000000 		.4byte	0xc5
 344 00b8 07       		.uleb128 0x7
 345 00b9 44020000 		.4byte	.LASF30
 346 00bd 03       		.byte	0x3
 347 00be 5B       		.byte	0x5b
 348 00bf 6B000000 		.4byte	0x6b
 349 00c3 00       		.byte	0
 350 00c4 00       		.byte	0
 351 00c5 08       		.uleb128 0x8
 352 00c6 02020000 		.4byte	.LASF16
 353 00ca 03       		.byte	0x3
 354 00cb 5C       		.byte	0x5c
 355 00cc B0000000 		.4byte	0xb0
 356 00d0 09       		.uleb128 0x9
 357 00d1 16010000 		.4byte	.LASF17
 358 00d5 01       		.byte	0x1
 359 00d6 58       		.byte	0x58
 360 00d7 00000000 		.4byte	.LFB1
 361 00db 8C000000 		.4byte	.LFE1-.LFB1
 362 00df 01       		.uleb128 0x1
 363 00e0 9C       		.byte	0x9c
 364 00e1 07010000 		.4byte	0x107
 365 00e5 0A       		.uleb128 0xa
 366 00e6 DE010000 		.4byte	.LASF19
 367 00ea 01       		.byte	0x1
 368 00eb 5A       		.byte	0x5a
 369 00ec 77000000 		.4byte	0x77
 370 00f0 00000000 		.4byte	.LLST0
 371 00f4 0B       		.uleb128 0xb
 372 00f5 56000000 		.4byte	.LVL2
 373 00f9 71010000 		.4byte	0x171
 374 00fd 0B       		.uleb128 0xb
 375 00fe 5A000000 		.4byte	.LVL3
 376 0102 78010000 		.4byte	0x178
 377 0106 00       		.byte	0
 378 0107 09       		.uleb128 0x9
 379 0108 67020000 		.4byte	.LASF18
 380 010c 01       		.byte	0x1
 381 010d 9F       		.byte	0x9f
 382 010e 00000000 		.4byte	.LFB2
 383 0112 58000000 		.4byte	.LFE2-.LFB2
 384 0116 01       		.uleb128 0x1
 385 0117 9C       		.byte	0x9c
 386 0118 3E010000 		.4byte	0x13e
 387 011c 0A       		.uleb128 0xa
 388 011d DE010000 		.4byte	.LASF19
 389 0121 01       		.byte	0x1
 390 0122 A1       		.byte	0xa1
 391 0123 77000000 		.4byte	0x77
ARM GAS  C:\Users\Greg\AppData\Local\Temp\ccqjUgQY.s 			page 12


 392 0127 13000000 		.4byte	.LLST1
 393 012b 0B       		.uleb128 0xb
 394 012c 38000000 		.4byte	.LVL10
 395 0130 7F010000 		.4byte	0x17f
 396 0134 0B       		.uleb128 0xb
 397 0135 44000000 		.4byte	.LVL11
 398 0139 86010000 		.4byte	0x186
 399 013d 00       		.byte	0
 400 013e 0C       		.uleb128 0xc
 401 013f 14000000 		.4byte	.LASF20
 402 0143 01       		.byte	0x1
 403 0144 D0       		.byte	0xd0
 404 0145 00000000 		.4byte	.LFB3
 405 0149 02000000 		.4byte	.LFE3-.LFB3
 406 014d 01       		.uleb128 0x1
 407 014e 9C       		.byte	0x9c
 408 014f 0C       		.uleb128 0xc
 409 0150 19020000 		.4byte	.LASF21
 410 0154 01       		.byte	0x1
 411 0155 E8       		.byte	0xe8
 412 0156 00000000 		.4byte	.LFB4
 413 015a 02000000 		.4byte	.LFE4-.LFB4
 414 015e 01       		.uleb128 0x1
 415 015f 9C       		.byte	0x9c
 416 0160 0D       		.uleb128 0xd
 417 0161 5C020000 		.4byte	.LASF22
 418 0165 01       		.byte	0x1
 419 0166 31       		.byte	0x31
 420 0167 C5000000 		.4byte	0xc5
 421 016b 05       		.uleb128 0x5
 422 016c 03       		.byte	0x3
 423 016d 00000000 		.4byte	ADC_backup
 424 0171 0E       		.uleb128 0xe
 425 0172 2B020000 		.4byte	.LASF23
 426 0176 03       		.byte	0x3
 427 0177 C4       		.byte	0xc4
 428 0178 0E       		.uleb128 0xe
 429 0179 72020000 		.4byte	.LASF24
 430 017d 03       		.byte	0x3
 431 017e C2       		.byte	0xc2
 432 017f 0E       		.uleb128 0xe
 433 0180 45010000 		.4byte	.LASF25
 434 0184 03       		.byte	0x3
 435 0185 B8       		.byte	0xb8
 436 0186 0E       		.uleb128 0xe
 437 0187 F1010000 		.4byte	.LASF26
 438 018b 03       		.byte	0x3
 439 018c C3       		.byte	0xc3
 440 018d 00       		.byte	0
 441              		.section	.debug_abbrev,"",%progbits
 442              	.Ldebug_abbrev0:
 443 0000 01       		.uleb128 0x1
 444 0001 11       		.uleb128 0x11
 445 0002 01       		.byte	0x1
 446 0003 25       		.uleb128 0x25
 447 0004 0E       		.uleb128 0xe
 448 0005 13       		.uleb128 0x13
ARM GAS  C:\Users\Greg\AppData\Local\Temp\ccqjUgQY.s 			page 13


 449 0006 0B       		.uleb128 0xb
 450 0007 03       		.uleb128 0x3
 451 0008 0E       		.uleb128 0xe
 452 0009 1B       		.uleb128 0x1b
 453 000a 0E       		.uleb128 0xe
 454 000b 55       		.uleb128 0x55
 455 000c 17       		.uleb128 0x17
 456 000d 11       		.uleb128 0x11
 457 000e 01       		.uleb128 0x1
 458 000f 10       		.uleb128 0x10
 459 0010 17       		.uleb128 0x17
 460 0011 00       		.byte	0
 461 0012 00       		.byte	0
 462 0013 02       		.uleb128 0x2
 463 0014 24       		.uleb128 0x24
 464 0015 00       		.byte	0
 465 0016 0B       		.uleb128 0xb
 466 0017 0B       		.uleb128 0xb
 467 0018 3E       		.uleb128 0x3e
 468 0019 0B       		.uleb128 0xb
 469 001a 03       		.uleb128 0x3
 470 001b 0E       		.uleb128 0xe
 471 001c 00       		.byte	0
 472 001d 00       		.byte	0
 473 001e 03       		.uleb128 0x3
 474 001f 24       		.uleb128 0x24
 475 0020 00       		.byte	0
 476 0021 0B       		.uleb128 0xb
 477 0022 0B       		.uleb128 0xb
 478 0023 3E       		.uleb128 0x3e
 479 0024 0B       		.uleb128 0xb
 480 0025 03       		.uleb128 0x3
 481 0026 08       		.uleb128 0x8
 482 0027 00       		.byte	0
 483 0028 00       		.byte	0
 484 0029 04       		.uleb128 0x4
 485 002a 16       		.uleb128 0x16
 486 002b 00       		.byte	0
 487 002c 03       		.uleb128 0x3
 488 002d 0E       		.uleb128 0xe
 489 002e 3A       		.uleb128 0x3a
 490 002f 0B       		.uleb128 0xb
 491 0030 3B       		.uleb128 0x3b
 492 0031 05       		.uleb128 0x5
 493 0032 49       		.uleb128 0x49
 494 0033 13       		.uleb128 0x13
 495 0034 00       		.byte	0
 496 0035 00       		.byte	0
 497 0036 05       		.uleb128 0x5
 498 0037 35       		.uleb128 0x35
 499 0038 00       		.byte	0
 500 0039 49       		.uleb128 0x49
 501 003a 13       		.uleb128 0x13
 502 003b 00       		.byte	0
 503 003c 00       		.byte	0
 504 003d 06       		.uleb128 0x6
 505 003e 13       		.uleb128 0x13
ARM GAS  C:\Users\Greg\AppData\Local\Temp\ccqjUgQY.s 			page 14


 506 003f 01       		.byte	0x1
 507 0040 0B       		.uleb128 0xb
 508 0041 0B       		.uleb128 0xb
 509 0042 3A       		.uleb128 0x3a
 510 0043 0B       		.uleb128 0xb
 511 0044 3B       		.uleb128 0x3b
 512 0045 0B       		.uleb128 0xb
 513 0046 01       		.uleb128 0x1
 514 0047 13       		.uleb128 0x13
 515 0048 00       		.byte	0
 516 0049 00       		.byte	0
 517 004a 07       		.uleb128 0x7
 518 004b 0D       		.uleb128 0xd
 519 004c 00       		.byte	0
 520 004d 03       		.uleb128 0x3
 521 004e 0E       		.uleb128 0xe
 522 004f 3A       		.uleb128 0x3a
 523 0050 0B       		.uleb128 0xb
 524 0051 3B       		.uleb128 0x3b
 525 0052 0B       		.uleb128 0xb
 526 0053 49       		.uleb128 0x49
 527 0054 13       		.uleb128 0x13
 528 0055 38       		.uleb128 0x38
 529 0056 0B       		.uleb128 0xb
 530 0057 00       		.byte	0
 531 0058 00       		.byte	0
 532 0059 08       		.uleb128 0x8
 533 005a 16       		.uleb128 0x16
 534 005b 00       		.byte	0
 535 005c 03       		.uleb128 0x3
 536 005d 0E       		.uleb128 0xe
 537 005e 3A       		.uleb128 0x3a
 538 005f 0B       		.uleb128 0xb
 539 0060 3B       		.uleb128 0x3b
 540 0061 0B       		.uleb128 0xb
 541 0062 49       		.uleb128 0x49
 542 0063 13       		.uleb128 0x13
 543 0064 00       		.byte	0
 544 0065 00       		.byte	0
 545 0066 09       		.uleb128 0x9
 546 0067 2E       		.uleb128 0x2e
 547 0068 01       		.byte	0x1
 548 0069 3F       		.uleb128 0x3f
 549 006a 19       		.uleb128 0x19
 550 006b 03       		.uleb128 0x3
 551 006c 0E       		.uleb128 0xe
 552 006d 3A       		.uleb128 0x3a
 553 006e 0B       		.uleb128 0xb
 554 006f 3B       		.uleb128 0x3b
 555 0070 0B       		.uleb128 0xb
 556 0071 27       		.uleb128 0x27
 557 0072 19       		.uleb128 0x19
 558 0073 11       		.uleb128 0x11
 559 0074 01       		.uleb128 0x1
 560 0075 12       		.uleb128 0x12
 561 0076 06       		.uleb128 0x6
 562 0077 40       		.uleb128 0x40
ARM GAS  C:\Users\Greg\AppData\Local\Temp\ccqjUgQY.s 			page 15


 563 0078 18       		.uleb128 0x18
 564 0079 9742     		.uleb128 0x2117
 565 007b 19       		.uleb128 0x19
 566 007c 01       		.uleb128 0x1
 567 007d 13       		.uleb128 0x13
 568 007e 00       		.byte	0
 569 007f 00       		.byte	0
 570 0080 0A       		.uleb128 0xa
 571 0081 34       		.uleb128 0x34
 572 0082 00       		.byte	0
 573 0083 03       		.uleb128 0x3
 574 0084 0E       		.uleb128 0xe
 575 0085 3A       		.uleb128 0x3a
 576 0086 0B       		.uleb128 0xb
 577 0087 3B       		.uleb128 0x3b
 578 0088 0B       		.uleb128 0xb
 579 0089 49       		.uleb128 0x49
 580 008a 13       		.uleb128 0x13
 581 008b 02       		.uleb128 0x2
 582 008c 17       		.uleb128 0x17
 583 008d 00       		.byte	0
 584 008e 00       		.byte	0
 585 008f 0B       		.uleb128 0xb
 586 0090 898201   		.uleb128 0x4109
 587 0093 00       		.byte	0
 588 0094 11       		.uleb128 0x11
 589 0095 01       		.uleb128 0x1
 590 0096 31       		.uleb128 0x31
 591 0097 13       		.uleb128 0x13
 592 0098 00       		.byte	0
 593 0099 00       		.byte	0
 594 009a 0C       		.uleb128 0xc
 595 009b 2E       		.uleb128 0x2e
 596 009c 00       		.byte	0
 597 009d 3F       		.uleb128 0x3f
 598 009e 19       		.uleb128 0x19
 599 009f 03       		.uleb128 0x3
 600 00a0 0E       		.uleb128 0xe
 601 00a1 3A       		.uleb128 0x3a
 602 00a2 0B       		.uleb128 0xb
 603 00a3 3B       		.uleb128 0x3b
 604 00a4 0B       		.uleb128 0xb
 605 00a5 27       		.uleb128 0x27
 606 00a6 19       		.uleb128 0x19
 607 00a7 11       		.uleb128 0x11
 608 00a8 01       		.uleb128 0x1
 609 00a9 12       		.uleb128 0x12
 610 00aa 06       		.uleb128 0x6
 611 00ab 40       		.uleb128 0x40
 612 00ac 18       		.uleb128 0x18
 613 00ad 9742     		.uleb128 0x2117
 614 00af 19       		.uleb128 0x19
 615 00b0 00       		.byte	0
 616 00b1 00       		.byte	0
 617 00b2 0D       		.uleb128 0xd
 618 00b3 34       		.uleb128 0x34
 619 00b4 00       		.byte	0
ARM GAS  C:\Users\Greg\AppData\Local\Temp\ccqjUgQY.s 			page 16


 620 00b5 03       		.uleb128 0x3
 621 00b6 0E       		.uleb128 0xe
 622 00b7 3A       		.uleb128 0x3a
 623 00b8 0B       		.uleb128 0xb
 624 00b9 3B       		.uleb128 0x3b
 625 00ba 0B       		.uleb128 0xb
 626 00bb 49       		.uleb128 0x49
 627 00bc 13       		.uleb128 0x13
 628 00bd 02       		.uleb128 0x2
 629 00be 18       		.uleb128 0x18
 630 00bf 00       		.byte	0
 631 00c0 00       		.byte	0
 632 00c1 0E       		.uleb128 0xe
 633 00c2 2E       		.uleb128 0x2e
 634 00c3 00       		.byte	0
 635 00c4 3F       		.uleb128 0x3f
 636 00c5 19       		.uleb128 0x19
 637 00c6 03       		.uleb128 0x3
 638 00c7 0E       		.uleb128 0xe
 639 00c8 3A       		.uleb128 0x3a
 640 00c9 0B       		.uleb128 0xb
 641 00ca 3B       		.uleb128 0x3b
 642 00cb 0B       		.uleb128 0xb
 643 00cc 27       		.uleb128 0x27
 644 00cd 19       		.uleb128 0x19
 645 00ce 3C       		.uleb128 0x3c
 646 00cf 19       		.uleb128 0x19
 647 00d0 00       		.byte	0
 648 00d1 00       		.byte	0
 649 00d2 00       		.byte	0
 650              		.section	.debug_loc,"",%progbits
 651              	.Ldebug_loc0:
 652              	.LLST0:
 653 0000 06000000 		.4byte	.LVL0
 654 0004 1A000000 		.4byte	.LVL1
 655 0008 0100     		.2byte	0x1
 656 000a 53       		.byte	0x53
 657 000b 00000000 		.4byte	0
 658 000f 00000000 		.4byte	0
 659              	.LLST1:
 660 0013 02000000 		.4byte	.LVL4
 661 0017 10000000 		.4byte	.LVL5
 662 001b 0200     		.2byte	0x2
 663 001d 32       		.byte	0x32
 664 001e 9F       		.byte	0x9f
 665 001f 10000000 		.4byte	.LVL5
 666 0023 1E000000 		.4byte	.LVL7
 667 0027 0100     		.2byte	0x1
 668 0029 53       		.byte	0x53
 669 002a 1E000000 		.4byte	.LVL7
 670 002e 24000000 		.4byte	.LVL8
 671 0032 0200     		.2byte	0x2
 672 0034 72       		.byte	0x72
 673 0035 00       		.sleb128 0
 674 0036 24000000 		.4byte	.LVL8
 675 003a 34000000 		.4byte	.LVL9
 676 003e 0500     		.2byte	0x5
ARM GAS  C:\Users\Greg\AppData\Local\Temp\ccqjUgQY.s 			page 17


 677 0040 0C       		.byte	0xc
 678 0041 30003A40 		.4byte	0x403a0030
 679 0045 00000000 		.4byte	0
 680 0049 00000000 		.4byte	0
 681              		.section	.debug_aranges,"",%progbits
 682 0000 34000000 		.4byte	0x34
 683 0004 0200     		.2byte	0x2
 684 0006 00000000 		.4byte	.Ldebug_info0
 685 000a 04       		.byte	0x4
 686 000b 00       		.byte	0
 687 000c 0000     		.2byte	0
 688 000e 0000     		.2byte	0
 689 0010 00000000 		.4byte	.LFB1
 690 0014 8C000000 		.4byte	.LFE1-.LFB1
 691 0018 00000000 		.4byte	.LFB2
 692 001c 58000000 		.4byte	.LFE2-.LFB2
 693 0020 00000000 		.4byte	.LFB3
 694 0024 02000000 		.4byte	.LFE3-.LFB3
 695 0028 00000000 		.4byte	.LFB4
 696 002c 02000000 		.4byte	.LFE4-.LFB4
 697 0030 00000000 		.4byte	0
 698 0034 00000000 		.4byte	0
 699              		.section	.debug_ranges,"",%progbits
 700              	.Ldebug_ranges0:
 701 0000 00000000 		.4byte	.LFB1
 702 0004 8C000000 		.4byte	.LFE1
 703 0008 00000000 		.4byte	.LFB2
 704 000c 58000000 		.4byte	.LFE2
 705 0010 00000000 		.4byte	.LFB3
 706 0014 02000000 		.4byte	.LFE3
 707 0018 00000000 		.4byte	.LFB4
 708 001c 02000000 		.4byte	.LFE4
 709 0020 00000000 		.4byte	0
 710 0024 00000000 		.4byte	0
 711              		.section	.debug_line,"",%progbits
 712              	.Ldebug_line0:
 713 0000 B4000000 		.section	.debug_str,"MS",%progbits,1
 713      02004E00 
 713      00000201 
 713      FB0E0D00 
 713      01010101 
 714              	.LASF6:
 715 0000 6C6F6E67 		.ascii	"long long int\000"
 715      206C6F6E 
 715      6720696E 
 715      7400
 716              	.LASF14:
 717 000e 72656733 		.ascii	"reg32\000"
 717      3200
 718              	.LASF20:
 719 0014 4144435F 		.ascii	"ADC_SaveConfig\000"
 719      53617665 
 719      436F6E66 
 719      696700
 720              	.LASF3:
 721 0023 73686F72 		.ascii	"short unsigned int\000"
 721      7420756E 
ARM GAS  C:\Users\Greg\AppData\Local\Temp\ccqjUgQY.s 			page 18


 721      7369676E 
 721      65642069 
 721      6E7400
 722              	.LASF11:
 723 0036 666C6F61 		.ascii	"float\000"
 723      7400
 724              	.LASF1:
 725 003c 756E7369 		.ascii	"unsigned char\000"
 725      676E6564 
 725      20636861 
 725      7200
 726              	.LASF27:
 727 004a 474E5520 		.ascii	"GNU C 4.9.3 20150303 (release) [ARM/embedded-4_9-br"
 727      4320342E 
 727      392E3320 
 727      32303135 
 727      30333033 
 728 007d 616E6368 		.ascii	"anch revision 221220] -mcpu=cortex-m0plus -mthumb -"
 728      20726576 
 728      6973696F 
 728      6E203232 
 728      31323230 
 729 00b0 67202D4F 		.ascii	"g -Og -ffunction-sections -ffat-lto-objects\000"
 729      67202D66 
 729      66756E63 
 729      74696F6E 
 729      2D736563 
 730              	.LASF5:
 731 00dc 6C6F6E67 		.ascii	"long unsigned int\000"
 731      20756E73 
 731      69676E65 
 731      6420696E 
 731      7400
 732              	.LASF9:
 733 00ee 75696E74 		.ascii	"uint8\000"
 733      3800
 734              	.LASF28:
 735 00f4 2E5C4765 		.ascii	".\\Generated_Source\\PSoC4\\ADC_PM.c\000"
 735      6E657261 
 735      7465645F 
 735      536F7572 
 735      63655C50 
 736              	.LASF17:
 737 0116 4144435F 		.ascii	"ADC_Sleep\000"
 737      536C6565 
 737      7000
 738              	.LASF12:
 739 0120 646F7562 		.ascii	"double\000"
 739      6C6500
 740              	.LASF2:
 741 0127 73686F72 		.ascii	"short int\000"
 741      7420696E 
 741      7400
 742              	.LASF10:
 743 0131 75696E74 		.ascii	"uint32\000"
 743      333200
 744              	.LASF8:
ARM GAS  C:\Users\Greg\AppData\Local\Temp\ccqjUgQY.s 			page 19


 745 0138 756E7369 		.ascii	"unsigned int\000"
 745      676E6564 
 745      20696E74 
 745      00
 746              	.LASF25:
 747 0145 4144435F 		.ascii	"ADC_Enable\000"
 747      456E6162 
 747      6C6500
 748              	.LASF7:
 749 0150 6C6F6E67 		.ascii	"long long unsigned int\000"
 749      206C6F6E 
 749      6720756E 
 749      7369676E 
 749      65642069 
 750              	.LASF29:
 751 0167 433A5C53 		.ascii	"C:\\SVN\\apps\\trunk\\Cypress Academy\\WA-101\\Proj"
 751      564E5C61 
 751      7070735C 
 751      7472756E 
 751      6B5C4379 
 752 0194 65637473 		.ascii	"ects\\PSoC\\CE211321_Temperature_Sensing\\CE211321_"
 752      5C50536F 
 752      435C4345 
 752      32313133 
 752      32315F54 
 753 01c4 54656D70 		.ascii	"Temperature_Sensing.cydsn\000"
 753      65726174 
 753      7572655F 
 753      53656E73 
 753      696E672E 
 754              	.LASF19:
 755 01de 64667452 		.ascii	"dftRegVal\000"
 755      65675661 
 755      6C00
 756              	.LASF15:
 757 01e8 73697A65 		.ascii	"sizetype\000"
 757      74797065 
 757      00
 758              	.LASF26:
 759 01f1 4144435F 		.ascii	"ADC_StartConvert\000"
 759      53746172 
 759      74436F6E 
 759      76657274 
 759      00
 760              	.LASF16:
 761 0202 4144435F 		.ascii	"ADC_BACKUP_STRUCT\000"
 761      4241434B 
 761      55505F53 
 761      54525543 
 761      5400
 762              	.LASF13:
 763 0214 63686172 		.ascii	"char\000"
 763      00
 764              	.LASF21:
 765 0219 4144435F 		.ascii	"ADC_RestoreConfig\000"
 765      52657374 
 765      6F726543 
ARM GAS  C:\Users\Greg\AppData\Local\Temp\ccqjUgQY.s 			page 20


 765      6F6E6669 
 765      6700
 766              	.LASF23:
 767 022b 4144435F 		.ascii	"ADC_StopConvert\000"
 767      53746F70 
 767      436F6E76 
 767      65727400 
 768              	.LASF4:
 769 023b 6C6F6E67 		.ascii	"long int\000"
 769      20696E74 
 769      00
 770              	.LASF30:
 771 0244 656E6162 		.ascii	"enableState\000"
 771      6C655374 
 771      61746500 
 772              	.LASF0:
 773 0250 7369676E 		.ascii	"signed char\000"
 773      65642063 
 773      68617200 
 774              	.LASF22:
 775 025c 4144435F 		.ascii	"ADC_backup\000"
 775      6261636B 
 775      757000
 776              	.LASF18:
 777 0267 4144435F 		.ascii	"ADC_Wakeup\000"
 777      57616B65 
 777      757000
 778              	.LASF24:
 779 0272 4144435F 		.ascii	"ADC_Stop\000"
 779      53746F70 
 779      00
 780              		.ident	"GCC: (GNU Tools for ARM Embedded Processors) 4.9.3 20150303 (release) [ARM/embedded-4_9-br
