ARM GAS  C:\Users\Greg\AppData\Local\Temp\ccXuS7ra.s 			page 1


   1              		.cpu cortex-m0plus
   2              		.fpu softvfp
   3              		.eabi_attribute 20, 1
   4              		.eabi_attribute 21, 1
   5              		.eabi_attribute 23, 3
   6              		.eabi_attribute 24, 1
   7              		.eabi_attribute 25, 1
   8              		.eabi_attribute 26, 1
   9              		.eabi_attribute 30, 1
  10              		.eabi_attribute 34, 0
  11              		.eabi_attribute 18, 4
  12              		.code	16
  13              		.file	"EZI2C_SCBCLK.c"
  14              		.text
  15              	.Ltext0:
  16              		.cfi_sections	.debug_frame
  17              		.section	.text.EZI2C_SCBCLK_StartEx,"ax",%progbits
  18              		.align	2
  19              		.global	EZI2C_SCBCLK_StartEx
  20              		.code	16
  21              		.thumb_func
  22              		.type	EZI2C_SCBCLK_StartEx, %function
  23              	EZI2C_SCBCLK_StartEx:
  24              	.LFB0:
  25              		.file 1 "Generated_Source\\PSoC4\\EZI2C_SCBCLK.c"
   1:Generated_Source\PSoC4/EZI2C_SCBCLK.c **** /*******************************************************************************
   2:Generated_Source\PSoC4/EZI2C_SCBCLK.c **** * File Name: EZI2C_SCBCLK.c
   3:Generated_Source\PSoC4/EZI2C_SCBCLK.c **** * Version 2.20
   4:Generated_Source\PSoC4/EZI2C_SCBCLK.c **** *
   5:Generated_Source\PSoC4/EZI2C_SCBCLK.c **** *  Description:
   6:Generated_Source\PSoC4/EZI2C_SCBCLK.c **** *   Provides system API for the clocking, interrupts and watchdog timer.
   7:Generated_Source\PSoC4/EZI2C_SCBCLK.c **** *
   8:Generated_Source\PSoC4/EZI2C_SCBCLK.c **** *  Note:
   9:Generated_Source\PSoC4/EZI2C_SCBCLK.c **** *   Documentation of the API's in this file is located in the
  10:Generated_Source\PSoC4/EZI2C_SCBCLK.c **** *   System Reference Guide provided with PSoC Creator.
  11:Generated_Source\PSoC4/EZI2C_SCBCLK.c **** *
  12:Generated_Source\PSoC4/EZI2C_SCBCLK.c **** ********************************************************************************
  13:Generated_Source\PSoC4/EZI2C_SCBCLK.c **** * Copyright 2008-2012, Cypress Semiconductor Corporation.  All rights reserved.
  14:Generated_Source\PSoC4/EZI2C_SCBCLK.c **** * You may use this file only in accordance with the license, terms, conditions,
  15:Generated_Source\PSoC4/EZI2C_SCBCLK.c **** * disclaimers, and limitations in the end user license agreement accompanying
  16:Generated_Source\PSoC4/EZI2C_SCBCLK.c **** * the software package with which this file was provided.
  17:Generated_Source\PSoC4/EZI2C_SCBCLK.c **** *******************************************************************************/
  18:Generated_Source\PSoC4/EZI2C_SCBCLK.c **** 
  19:Generated_Source\PSoC4/EZI2C_SCBCLK.c **** #include <cydevice_trm.h>
  20:Generated_Source\PSoC4/EZI2C_SCBCLK.c **** #include "EZI2C_SCBCLK.h"
  21:Generated_Source\PSoC4/EZI2C_SCBCLK.c **** 
  22:Generated_Source\PSoC4/EZI2C_SCBCLK.c **** #if defined CYREG_PERI_DIV_CMD
  23:Generated_Source\PSoC4/EZI2C_SCBCLK.c **** 
  24:Generated_Source\PSoC4/EZI2C_SCBCLK.c **** /*******************************************************************************
  25:Generated_Source\PSoC4/EZI2C_SCBCLK.c **** * Function Name: EZI2C_SCBCLK_StartEx
  26:Generated_Source\PSoC4/EZI2C_SCBCLK.c **** ********************************************************************************
  27:Generated_Source\PSoC4/EZI2C_SCBCLK.c **** *
  28:Generated_Source\PSoC4/EZI2C_SCBCLK.c **** * Summary:
  29:Generated_Source\PSoC4/EZI2C_SCBCLK.c **** *  Starts the clock, aligned to the specified running clock.
  30:Generated_Source\PSoC4/EZI2C_SCBCLK.c **** *
  31:Generated_Source\PSoC4/EZI2C_SCBCLK.c **** * Parameters:
  32:Generated_Source\PSoC4/EZI2C_SCBCLK.c **** *  alignClkDiv:  The divider to which phase alignment is performed when the
ARM GAS  C:\Users\Greg\AppData\Local\Temp\ccXuS7ra.s 			page 2


  33:Generated_Source\PSoC4/EZI2C_SCBCLK.c **** *    clock is started.
  34:Generated_Source\PSoC4/EZI2C_SCBCLK.c **** *
  35:Generated_Source\PSoC4/EZI2C_SCBCLK.c **** * Returns:
  36:Generated_Source\PSoC4/EZI2C_SCBCLK.c **** *  None
  37:Generated_Source\PSoC4/EZI2C_SCBCLK.c **** *
  38:Generated_Source\PSoC4/EZI2C_SCBCLK.c **** *******************************************************************************/
  39:Generated_Source\PSoC4/EZI2C_SCBCLK.c **** void EZI2C_SCBCLK_StartEx(uint32 alignClkDiv)
  40:Generated_Source\PSoC4/EZI2C_SCBCLK.c **** {
  26              		.loc 1 40 0
  27              		.cfi_startproc
  28              	.LVL0:
  29              	.L2:
  41:Generated_Source\PSoC4/EZI2C_SCBCLK.c ****     /* Make sure any previous start command has finished. */
  42:Generated_Source\PSoC4/EZI2C_SCBCLK.c ****     while((EZI2C_SCBCLK_CMD_REG & EZI2C_SCBCLK_CMD_ENABLE_MASK) != 0u)
  30              		.loc 1 42 0 discriminator 1
  31 0000 8023     		mov	r3, #128
  32 0002 DB05     		lsl	r3, r3, #23
  33 0004 1B68     		ldr	r3, [r3]
  34 0006 002B     		cmp	r3, #0
  35 0008 FADB     		blt	.L2
  43:Generated_Source\PSoC4/EZI2C_SCBCLK.c ****     {
  44:Generated_Source\PSoC4/EZI2C_SCBCLK.c ****     }
  45:Generated_Source\PSoC4/EZI2C_SCBCLK.c ****     
  46:Generated_Source\PSoC4/EZI2C_SCBCLK.c ****     /* Specify the target divider and it's alignment divider, and enable. */
  47:Generated_Source\PSoC4/EZI2C_SCBCLK.c ****     EZI2C_SCBCLK_CMD_REG =
  48:Generated_Source\PSoC4/EZI2C_SCBCLK.c ****         ((uint32)EZI2C_SCBCLK__DIV_ID << EZI2C_SCBCLK_CMD_DIV_SHIFT)|
  49:Generated_Source\PSoC4/EZI2C_SCBCLK.c ****         (alignClkDiv << EZI2C_SCBCLK_CMD_PA_DIV_SHIFT) |
  36              		.loc 1 49 0
  37 000a 0002     		lsl	r0, r0, #8
  38              	.LVL1:
  39 000c 024B     		ldr	r3, .L3
  40 000e 1843     		orr	r0, r3
  47:Generated_Source\PSoC4/EZI2C_SCBCLK.c ****         ((uint32)EZI2C_SCBCLK__DIV_ID << EZI2C_SCBCLK_CMD_DIV_SHIFT)|
  41              		.loc 1 47 0
  42 0010 8023     		mov	r3, #128
  43 0012 DB05     		lsl	r3, r3, #23
  44 0014 1860     		str	r0, [r3]
  50:Generated_Source\PSoC4/EZI2C_SCBCLK.c ****         (uint32)EZI2C_SCBCLK_CMD_ENABLE_MASK;
  51:Generated_Source\PSoC4/EZI2C_SCBCLK.c **** }
  45              		.loc 1 51 0
  46              		@ sp needed
  47 0016 7047     		bx	lr
  48              	.L4:
  49              		.align	2
  50              	.L3:
  51 0018 43000080 		.word	-2147483581
  52              		.cfi_endproc
  53              	.LFE0:
  54              		.size	EZI2C_SCBCLK_StartEx, .-EZI2C_SCBCLK_StartEx
  55              		.section	.text.EZI2C_SCBCLK_Stop,"ax",%progbits
  56              		.align	2
  57              		.global	EZI2C_SCBCLK_Stop
  58              		.code	16
  59              		.thumb_func
  60              		.type	EZI2C_SCBCLK_Stop, %function
  61              	EZI2C_SCBCLK_Stop:
  62              	.LFB1:
ARM GAS  C:\Users\Greg\AppData\Local\Temp\ccXuS7ra.s 			page 3


  52:Generated_Source\PSoC4/EZI2C_SCBCLK.c **** 
  53:Generated_Source\PSoC4/EZI2C_SCBCLK.c **** #else
  54:Generated_Source\PSoC4/EZI2C_SCBCLK.c **** 
  55:Generated_Source\PSoC4/EZI2C_SCBCLK.c **** /*******************************************************************************
  56:Generated_Source\PSoC4/EZI2C_SCBCLK.c **** * Function Name: EZI2C_SCBCLK_Start
  57:Generated_Source\PSoC4/EZI2C_SCBCLK.c **** ********************************************************************************
  58:Generated_Source\PSoC4/EZI2C_SCBCLK.c **** *
  59:Generated_Source\PSoC4/EZI2C_SCBCLK.c **** * Summary:
  60:Generated_Source\PSoC4/EZI2C_SCBCLK.c **** *  Starts the clock.
  61:Generated_Source\PSoC4/EZI2C_SCBCLK.c **** *
  62:Generated_Source\PSoC4/EZI2C_SCBCLK.c **** * Parameters:
  63:Generated_Source\PSoC4/EZI2C_SCBCLK.c **** *  None
  64:Generated_Source\PSoC4/EZI2C_SCBCLK.c **** *
  65:Generated_Source\PSoC4/EZI2C_SCBCLK.c **** * Returns:
  66:Generated_Source\PSoC4/EZI2C_SCBCLK.c **** *  None
  67:Generated_Source\PSoC4/EZI2C_SCBCLK.c **** *
  68:Generated_Source\PSoC4/EZI2C_SCBCLK.c **** *******************************************************************************/
  69:Generated_Source\PSoC4/EZI2C_SCBCLK.c **** 
  70:Generated_Source\PSoC4/EZI2C_SCBCLK.c **** void EZI2C_SCBCLK_Start(void)
  71:Generated_Source\PSoC4/EZI2C_SCBCLK.c **** {
  72:Generated_Source\PSoC4/EZI2C_SCBCLK.c ****     /* Set the bit to enable the clock. */
  73:Generated_Source\PSoC4/EZI2C_SCBCLK.c ****     EZI2C_SCBCLK_ENABLE_REG |= EZI2C_SCBCLK__ENABLE_MASK;
  74:Generated_Source\PSoC4/EZI2C_SCBCLK.c **** }
  75:Generated_Source\PSoC4/EZI2C_SCBCLK.c **** 
  76:Generated_Source\PSoC4/EZI2C_SCBCLK.c **** #endif /* CYREG_PERI_DIV_CMD */
  77:Generated_Source\PSoC4/EZI2C_SCBCLK.c **** 
  78:Generated_Source\PSoC4/EZI2C_SCBCLK.c **** 
  79:Generated_Source\PSoC4/EZI2C_SCBCLK.c **** /*******************************************************************************
  80:Generated_Source\PSoC4/EZI2C_SCBCLK.c **** * Function Name: EZI2C_SCBCLK_Stop
  81:Generated_Source\PSoC4/EZI2C_SCBCLK.c **** ********************************************************************************
  82:Generated_Source\PSoC4/EZI2C_SCBCLK.c **** *
  83:Generated_Source\PSoC4/EZI2C_SCBCLK.c **** * Summary:
  84:Generated_Source\PSoC4/EZI2C_SCBCLK.c **** *  Stops the clock and returns immediately. This API does not require the
  85:Generated_Source\PSoC4/EZI2C_SCBCLK.c **** *  source clock to be running but may return before the hardware is actually
  86:Generated_Source\PSoC4/EZI2C_SCBCLK.c **** *  disabled.
  87:Generated_Source\PSoC4/EZI2C_SCBCLK.c **** *
  88:Generated_Source\PSoC4/EZI2C_SCBCLK.c **** * Parameters:
  89:Generated_Source\PSoC4/EZI2C_SCBCLK.c **** *  None
  90:Generated_Source\PSoC4/EZI2C_SCBCLK.c **** *
  91:Generated_Source\PSoC4/EZI2C_SCBCLK.c **** * Returns:
  92:Generated_Source\PSoC4/EZI2C_SCBCLK.c **** *  None
  93:Generated_Source\PSoC4/EZI2C_SCBCLK.c **** *
  94:Generated_Source\PSoC4/EZI2C_SCBCLK.c **** *******************************************************************************/
  95:Generated_Source\PSoC4/EZI2C_SCBCLK.c **** void EZI2C_SCBCLK_Stop(void)
  96:Generated_Source\PSoC4/EZI2C_SCBCLK.c **** {
  63              		.loc 1 96 0
  64              		.cfi_startproc
  65              	.L6:
  97:Generated_Source\PSoC4/EZI2C_SCBCLK.c **** #if defined CYREG_PERI_DIV_CMD
  98:Generated_Source\PSoC4/EZI2C_SCBCLK.c **** 
  99:Generated_Source\PSoC4/EZI2C_SCBCLK.c ****     /* Make sure any previous start command has finished. */
 100:Generated_Source\PSoC4/EZI2C_SCBCLK.c ****     while((EZI2C_SCBCLK_CMD_REG & EZI2C_SCBCLK_CMD_ENABLE_MASK) != 0u)
  66              		.loc 1 100 0 discriminator 1
  67 0000 8023     		mov	r3, #128
  68 0002 DB05     		lsl	r3, r3, #23
  69 0004 1B68     		ldr	r3, [r3]
  70 0006 002B     		cmp	r3, #0
ARM GAS  C:\Users\Greg\AppData\Local\Temp\ccXuS7ra.s 			page 4


  71 0008 FADB     		blt	.L6
 101:Generated_Source\PSoC4/EZI2C_SCBCLK.c ****     {
 102:Generated_Source\PSoC4/EZI2C_SCBCLK.c ****     }
 103:Generated_Source\PSoC4/EZI2C_SCBCLK.c ****     
 104:Generated_Source\PSoC4/EZI2C_SCBCLK.c ****     /* Specify the target divider and it's alignment divider, and disable. */
 105:Generated_Source\PSoC4/EZI2C_SCBCLK.c ****     EZI2C_SCBCLK_CMD_REG =
  72              		.loc 1 105 0
  73 000a 024A     		ldr	r2, .L7
  74 000c 8023     		mov	r3, #128
  75 000e DB05     		lsl	r3, r3, #23
  76 0010 1A60     		str	r2, [r3]
 106:Generated_Source\PSoC4/EZI2C_SCBCLK.c ****         ((uint32)EZI2C_SCBCLK__DIV_ID << EZI2C_SCBCLK_CMD_DIV_SHIFT)|
 107:Generated_Source\PSoC4/EZI2C_SCBCLK.c ****         ((uint32)EZI2C_SCBCLK_CMD_DISABLE_MASK);
 108:Generated_Source\PSoC4/EZI2C_SCBCLK.c **** 
 109:Generated_Source\PSoC4/EZI2C_SCBCLK.c **** #else
 110:Generated_Source\PSoC4/EZI2C_SCBCLK.c **** 
 111:Generated_Source\PSoC4/EZI2C_SCBCLK.c ****     /* Clear the bit to disable the clock. */
 112:Generated_Source\PSoC4/EZI2C_SCBCLK.c ****     EZI2C_SCBCLK_ENABLE_REG &= (uint32)(~EZI2C_SCBCLK__ENABLE_MASK);
 113:Generated_Source\PSoC4/EZI2C_SCBCLK.c ****     
 114:Generated_Source\PSoC4/EZI2C_SCBCLK.c **** #endif /* CYREG_PERI_DIV_CMD */
 115:Generated_Source\PSoC4/EZI2C_SCBCLK.c **** }
  77              		.loc 1 115 0
  78              		@ sp needed
  79 0012 7047     		bx	lr
  80              	.L8:
  81              		.align	2
  82              	.L7:
  83 0014 43000040 		.word	1073741891
  84              		.cfi_endproc
  85              	.LFE1:
  86              		.size	EZI2C_SCBCLK_Stop, .-EZI2C_SCBCLK_Stop
  87              		.section	.text.EZI2C_SCBCLK_SetFractionalDividerRegister,"ax",%progbits
  88              		.align	2
  89              		.global	EZI2C_SCBCLK_SetFractionalDividerRegister
  90              		.code	16
  91              		.thumb_func
  92              		.type	EZI2C_SCBCLK_SetFractionalDividerRegister, %function
  93              	EZI2C_SCBCLK_SetFractionalDividerRegister:
  94              	.LFB2:
 116:Generated_Source\PSoC4/EZI2C_SCBCLK.c **** 
 117:Generated_Source\PSoC4/EZI2C_SCBCLK.c **** 
 118:Generated_Source\PSoC4/EZI2C_SCBCLK.c **** /*******************************************************************************
 119:Generated_Source\PSoC4/EZI2C_SCBCLK.c **** * Function Name: EZI2C_SCBCLK_SetFractionalDividerRegister
 120:Generated_Source\PSoC4/EZI2C_SCBCLK.c **** ********************************************************************************
 121:Generated_Source\PSoC4/EZI2C_SCBCLK.c **** *
 122:Generated_Source\PSoC4/EZI2C_SCBCLK.c **** * Summary:
 123:Generated_Source\PSoC4/EZI2C_SCBCLK.c **** *  Modifies the clock divider and the fractional divider.
 124:Generated_Source\PSoC4/EZI2C_SCBCLK.c **** *
 125:Generated_Source\PSoC4/EZI2C_SCBCLK.c **** * Parameters:
 126:Generated_Source\PSoC4/EZI2C_SCBCLK.c **** *  clkDivider:  Divider register value (0-65535). This value is NOT the
 127:Generated_Source\PSoC4/EZI2C_SCBCLK.c **** *    divider; the clock hardware divides by clkDivider plus one. For example,
 128:Generated_Source\PSoC4/EZI2C_SCBCLK.c **** *    to divide the clock by 2, this parameter should be set to 1.
 129:Generated_Source\PSoC4/EZI2C_SCBCLK.c **** *  fracDivider:  Fractional Divider register value (0-31).
 130:Generated_Source\PSoC4/EZI2C_SCBCLK.c **** * Returns:
 131:Generated_Source\PSoC4/EZI2C_SCBCLK.c **** *  None
 132:Generated_Source\PSoC4/EZI2C_SCBCLK.c **** *
 133:Generated_Source\PSoC4/EZI2C_SCBCLK.c **** *******************************************************************************/
ARM GAS  C:\Users\Greg\AppData\Local\Temp\ccXuS7ra.s 			page 5


 134:Generated_Source\PSoC4/EZI2C_SCBCLK.c **** void EZI2C_SCBCLK_SetFractionalDividerRegister(uint16 clkDivider, uint8 clkFractional)
 135:Generated_Source\PSoC4/EZI2C_SCBCLK.c **** {
  95              		.loc 1 135 0
  96              		.cfi_startproc
  97              	.LVL2:
  98 0000 10B5     		push	{r4, lr}
  99              		.cfi_def_cfa_offset 8
 100              		.cfi_offset 4, -8
 101              		.cfi_offset 14, -4
 136:Generated_Source\PSoC4/EZI2C_SCBCLK.c ****     uint32 maskVal;
 137:Generated_Source\PSoC4/EZI2C_SCBCLK.c ****     uint32 regVal;
 138:Generated_Source\PSoC4/EZI2C_SCBCLK.c ****     
 139:Generated_Source\PSoC4/EZI2C_SCBCLK.c **** #if defined (EZI2C_SCBCLK__FRAC_MASK) || defined (CYREG_PERI_DIV_CMD)
 140:Generated_Source\PSoC4/EZI2C_SCBCLK.c ****     
 141:Generated_Source\PSoC4/EZI2C_SCBCLK.c **** 	/* get all but divider bits */
 142:Generated_Source\PSoC4/EZI2C_SCBCLK.c ****     maskVal = EZI2C_SCBCLK_DIV_REG & 
 102              		.loc 1 142 0
 103 0002 064A     		ldr	r2, .L10
 104 0004 1368     		ldr	r3, [r2]
 105 0006 0724     		mov	r4, #7
 106 0008 2340     		and	r3, r4
 107              	.LVL3:
 143:Generated_Source\PSoC4/EZI2C_SCBCLK.c ****                     (uint32)(~(uint32)(EZI2C_SCBCLK_DIV_INT_MASK | EZI2C_SCBCLK_DIV_FRAC_MASK)); 
 144:Generated_Source\PSoC4/EZI2C_SCBCLK.c **** 	/* combine mask and new divider vals into 32-bit value */
 145:Generated_Source\PSoC4/EZI2C_SCBCLK.c ****     regVal = maskVal |
 146:Generated_Source\PSoC4/EZI2C_SCBCLK.c ****         ((uint32)((uint32)clkDivider <<  EZI2C_SCBCLK_DIV_INT_SHIFT) & EZI2C_SCBCLK_DIV_INT_MASK) |
 108              		.loc 1 146 0
 109 000a 0002     		lsl	r0, r0, #8
 110              	.LVL4:
 145:Generated_Source\PSoC4/EZI2C_SCBCLK.c ****         ((uint32)((uint32)clkDivider <<  EZI2C_SCBCLK_DIV_INT_SHIFT) & EZI2C_SCBCLK_DIV_INT_MASK) |
 111              		.loc 1 145 0
 112 000c 1843     		orr	r0, r3
 147:Generated_Source\PSoC4/EZI2C_SCBCLK.c ****         ((uint32)((uint32)clkFractional << EZI2C_SCBCLK_DIV_FRAC_SHIFT) & EZI2C_SCBCLK_DIV_FRAC_MAS
 113              		.loc 1 147 0
 114 000e CB00     		lsl	r3, r1, #3
 115              	.LVL5:
 116 0010 FF21     		mov	r1, #255
 117              	.LVL6:
 118 0012 1940     		and	r1, r3
 145:Generated_Source\PSoC4/EZI2C_SCBCLK.c ****         ((uint32)((uint32)clkDivider <<  EZI2C_SCBCLK_DIV_INT_SHIFT) & EZI2C_SCBCLK_DIV_INT_MASK) |
 119              		.loc 1 145 0
 120 0014 0143     		orr	r1, r0
 121              	.LVL7:
 148:Generated_Source\PSoC4/EZI2C_SCBCLK.c ****     
 149:Generated_Source\PSoC4/EZI2C_SCBCLK.c **** #else
 150:Generated_Source\PSoC4/EZI2C_SCBCLK.c ****     /* get all but integer divider bits */
 151:Generated_Source\PSoC4/EZI2C_SCBCLK.c ****     maskVal = EZI2C_SCBCLK_DIV_REG & (uint32)(~(uint32)EZI2C_SCBCLK__DIVIDER_MASK);
 152:Generated_Source\PSoC4/EZI2C_SCBCLK.c ****     /* combine mask and new divider val into 32-bit value */
 153:Generated_Source\PSoC4/EZI2C_SCBCLK.c ****     regVal = clkDivider | maskVal;
 154:Generated_Source\PSoC4/EZI2C_SCBCLK.c ****     
 155:Generated_Source\PSoC4/EZI2C_SCBCLK.c **** #endif /* EZI2C_SCBCLK__FRAC_MASK || CYREG_PERI_DIV_CMD */
 156:Generated_Source\PSoC4/EZI2C_SCBCLK.c **** 
 157:Generated_Source\PSoC4/EZI2C_SCBCLK.c ****     EZI2C_SCBCLK_DIV_REG = regVal;
 122              		.loc 1 157 0
 123 0016 1160     		str	r1, [r2]
 158:Generated_Source\PSoC4/EZI2C_SCBCLK.c **** }
 124              		.loc 1 158 0
ARM GAS  C:\Users\Greg\AppData\Local\Temp\ccXuS7ra.s 			page 6


 125              		@ sp needed
 126 0018 10BD     		pop	{r4, pc}
 127              	.L11:
 128 001a C046     		.align	2
 129              	.L10:
 130 001c 0C030040 		.word	1073742604
 131              		.cfi_endproc
 132              	.LFE2:
 133              		.size	EZI2C_SCBCLK_SetFractionalDividerRegister, .-EZI2C_SCBCLK_SetFractionalDividerRegister
 134              		.section	.text.EZI2C_SCBCLK_GetDividerRegister,"ax",%progbits
 135              		.align	2
 136              		.global	EZI2C_SCBCLK_GetDividerRegister
 137              		.code	16
 138              		.thumb_func
 139              		.type	EZI2C_SCBCLK_GetDividerRegister, %function
 140              	EZI2C_SCBCLK_GetDividerRegister:
 141              	.LFB3:
 159:Generated_Source\PSoC4/EZI2C_SCBCLK.c **** 
 160:Generated_Source\PSoC4/EZI2C_SCBCLK.c **** 
 161:Generated_Source\PSoC4/EZI2C_SCBCLK.c **** /*******************************************************************************
 162:Generated_Source\PSoC4/EZI2C_SCBCLK.c **** * Function Name: EZI2C_SCBCLK_GetDividerRegister
 163:Generated_Source\PSoC4/EZI2C_SCBCLK.c **** ********************************************************************************
 164:Generated_Source\PSoC4/EZI2C_SCBCLK.c **** *
 165:Generated_Source\PSoC4/EZI2C_SCBCLK.c **** * Summary:
 166:Generated_Source\PSoC4/EZI2C_SCBCLK.c **** *  Gets the clock divider register value.
 167:Generated_Source\PSoC4/EZI2C_SCBCLK.c **** *
 168:Generated_Source\PSoC4/EZI2C_SCBCLK.c **** * Parameters:
 169:Generated_Source\PSoC4/EZI2C_SCBCLK.c **** *  None
 170:Generated_Source\PSoC4/EZI2C_SCBCLK.c **** *
 171:Generated_Source\PSoC4/EZI2C_SCBCLK.c **** * Returns:
 172:Generated_Source\PSoC4/EZI2C_SCBCLK.c **** *  Divide value of the clock minus 1. For example, if the clock is set to
 173:Generated_Source\PSoC4/EZI2C_SCBCLK.c **** *  divide by 2, the return value will be 1.
 174:Generated_Source\PSoC4/EZI2C_SCBCLK.c **** *
 175:Generated_Source\PSoC4/EZI2C_SCBCLK.c **** *******************************************************************************/
 176:Generated_Source\PSoC4/EZI2C_SCBCLK.c **** uint16 EZI2C_SCBCLK_GetDividerRegister(void)
 177:Generated_Source\PSoC4/EZI2C_SCBCLK.c **** {
 142              		.loc 1 177 0
 143              		.cfi_startproc
 178:Generated_Source\PSoC4/EZI2C_SCBCLK.c ****     return (uint16)((EZI2C_SCBCLK_DIV_REG & EZI2C_SCBCLK_DIV_INT_MASK)
 144              		.loc 1 178 0
 145 0000 024B     		ldr	r3, .L13
 146 0002 1868     		ldr	r0, [r3]
 179:Generated_Source\PSoC4/EZI2C_SCBCLK.c ****         >> EZI2C_SCBCLK_DIV_INT_SHIFT);
 147              		.loc 1 179 0
 148 0004 000A     		lsr	r0, r0, #8
 178:Generated_Source\PSoC4/EZI2C_SCBCLK.c ****     return (uint16)((EZI2C_SCBCLK_DIV_REG & EZI2C_SCBCLK_DIV_INT_MASK)
 149              		.loc 1 178 0
 150 0006 80B2     		uxth	r0, r0
 180:Generated_Source\PSoC4/EZI2C_SCBCLK.c **** }
 151              		.loc 1 180 0
 152              		@ sp needed
 153 0008 7047     		bx	lr
 154              	.L14:
 155 000a C046     		.align	2
 156              	.L13:
 157 000c 0C030040 		.word	1073742604
 158              		.cfi_endproc
ARM GAS  C:\Users\Greg\AppData\Local\Temp\ccXuS7ra.s 			page 7


 159              	.LFE3:
 160              		.size	EZI2C_SCBCLK_GetDividerRegister, .-EZI2C_SCBCLK_GetDividerRegister
 161              		.section	.text.EZI2C_SCBCLK_GetFractionalDividerRegister,"ax",%progbits
 162              		.align	2
 163              		.global	EZI2C_SCBCLK_GetFractionalDividerRegister
 164              		.code	16
 165              		.thumb_func
 166              		.type	EZI2C_SCBCLK_GetFractionalDividerRegister, %function
 167              	EZI2C_SCBCLK_GetFractionalDividerRegister:
 168              	.LFB4:
 181:Generated_Source\PSoC4/EZI2C_SCBCLK.c **** 
 182:Generated_Source\PSoC4/EZI2C_SCBCLK.c **** 
 183:Generated_Source\PSoC4/EZI2C_SCBCLK.c **** /*******************************************************************************
 184:Generated_Source\PSoC4/EZI2C_SCBCLK.c **** * Function Name: EZI2C_SCBCLK_GetFractionalDividerRegister
 185:Generated_Source\PSoC4/EZI2C_SCBCLK.c **** ********************************************************************************
 186:Generated_Source\PSoC4/EZI2C_SCBCLK.c **** *
 187:Generated_Source\PSoC4/EZI2C_SCBCLK.c **** * Summary:
 188:Generated_Source\PSoC4/EZI2C_SCBCLK.c **** *  Gets the clock fractional divider register value.
 189:Generated_Source\PSoC4/EZI2C_SCBCLK.c **** *
 190:Generated_Source\PSoC4/EZI2C_SCBCLK.c **** * Parameters:
 191:Generated_Source\PSoC4/EZI2C_SCBCLK.c **** *  None
 192:Generated_Source\PSoC4/EZI2C_SCBCLK.c **** *
 193:Generated_Source\PSoC4/EZI2C_SCBCLK.c **** * Returns:
 194:Generated_Source\PSoC4/EZI2C_SCBCLK.c **** *  Fractional Divide value of the clock
 195:Generated_Source\PSoC4/EZI2C_SCBCLK.c **** *  0 if the fractional divider is not in use.
 196:Generated_Source\PSoC4/EZI2C_SCBCLK.c **** *
 197:Generated_Source\PSoC4/EZI2C_SCBCLK.c **** *******************************************************************************/
 198:Generated_Source\PSoC4/EZI2C_SCBCLK.c **** uint8 EZI2C_SCBCLK_GetFractionalDividerRegister(void)
 199:Generated_Source\PSoC4/EZI2C_SCBCLK.c **** {
 169              		.loc 1 199 0
 170              		.cfi_startproc
 200:Generated_Source\PSoC4/EZI2C_SCBCLK.c **** #if defined (EZI2C_SCBCLK__FRAC_MASK)
 201:Generated_Source\PSoC4/EZI2C_SCBCLK.c ****     /* return fractional divider bits */
 202:Generated_Source\PSoC4/EZI2C_SCBCLK.c ****     return (uint8)((EZI2C_SCBCLK_DIV_REG & EZI2C_SCBCLK_DIV_FRAC_MASK)
 203:Generated_Source\PSoC4/EZI2C_SCBCLK.c ****         >> EZI2C_SCBCLK_DIV_FRAC_SHIFT);
 204:Generated_Source\PSoC4/EZI2C_SCBCLK.c **** #else
 205:Generated_Source\PSoC4/EZI2C_SCBCLK.c ****     return 0u;
 206:Generated_Source\PSoC4/EZI2C_SCBCLK.c **** #endif /* EZI2C_SCBCLK__FRAC_MASK */
 207:Generated_Source\PSoC4/EZI2C_SCBCLK.c **** }
 171              		.loc 1 207 0
 172 0000 0020     		mov	r0, #0
 173              		@ sp needed
 174 0002 7047     		bx	lr
 175              		.cfi_endproc
 176              	.LFE4:
 177              		.size	EZI2C_SCBCLK_GetFractionalDividerRegister, .-EZI2C_SCBCLK_GetFractionalDividerRegister
 178              		.text
 179              	.Letext0:
 180              		.file 2 "Generated_Source\\PSoC4/cytypes.h"
 181              		.section	.debug_info,"",%progbits
 182              	.Ldebug_info0:
 183 0000 62010000 		.4byte	0x162
 184 0004 0400     		.2byte	0x4
 185 0006 00000000 		.4byte	.Ldebug_abbrev0
 186 000a 04       		.byte	0x4
 187 000b 01       		.uleb128 0x1
 188 000c EA010000 		.4byte	.LASF25
ARM GAS  C:\Users\Greg\AppData\Local\Temp\ccXuS7ra.s 			page 8


 189 0010 01       		.byte	0x1
 190 0011 FB000000 		.4byte	.LASF26
 191 0015 34010000 		.4byte	.LASF27
 192 0019 00000000 		.4byte	.Ldebug_ranges0+0
 193 001d 00000000 		.4byte	0
 194 0021 00000000 		.4byte	.Ldebug_line0
 195 0025 02       		.uleb128 0x2
 196 0026 01       		.byte	0x1
 197 0027 06       		.byte	0x6
 198 0028 7C020000 		.4byte	.LASF0
 199 002c 02       		.uleb128 0x2
 200 002d 01       		.byte	0x1
 201 002e 08       		.byte	0x8
 202 002f 47000000 		.4byte	.LASF1
 203 0033 02       		.uleb128 0x2
 204 0034 02       		.byte	0x2
 205 0035 05       		.byte	0x5
 206 0036 9F000000 		.4byte	.LASF2
 207 003a 02       		.uleb128 0x2
 208 003b 02       		.byte	0x2
 209 003c 07       		.byte	0x7
 210 003d 67000000 		.4byte	.LASF3
 211 0041 02       		.uleb128 0x2
 212 0042 04       		.byte	0x4
 213 0043 05       		.byte	0x5
 214 0044 38000000 		.4byte	.LASF4
 215 0048 02       		.uleb128 0x2
 216 0049 04       		.byte	0x4
 217 004a 07       		.byte	0x7
 218 004b 55000000 		.4byte	.LASF5
 219 004f 02       		.uleb128 0x2
 220 0050 08       		.byte	0x8
 221 0051 05       		.byte	0x5
 222 0052 21010000 		.4byte	.LASF6
 223 0056 02       		.uleb128 0x2
 224 0057 08       		.byte	0x8
 225 0058 07       		.byte	0x7
 226 0059 E4000000 		.4byte	.LASF7
 227 005d 03       		.uleb128 0x3
 228 005e 04       		.byte	0x4
 229 005f 05       		.byte	0x5
 230 0060 696E7400 		.ascii	"int\000"
 231 0064 02       		.uleb128 0x2
 232 0065 04       		.byte	0x4
 233 0066 07       		.byte	0x7
 234 0067 D7000000 		.4byte	.LASF8
 235 006b 04       		.uleb128 0x4
 236 006c A5010000 		.4byte	.LASF9
 237 0070 02       		.byte	0x2
 238 0071 B901     		.2byte	0x1b9
 239 0073 2C000000 		.4byte	0x2c
 240 0077 04       		.uleb128 0x4
 241 0078 B7000000 		.4byte	.LASF10
 242 007c 02       		.byte	0x2
 243 007d BA01     		.2byte	0x1ba
 244 007f 3A000000 		.4byte	0x3a
 245 0083 04       		.uleb128 0x4
ARM GAS  C:\Users\Greg\AppData\Local\Temp\ccXuS7ra.s 			page 9


 246 0084 D0000000 		.4byte	.LASF11
 247 0088 02       		.byte	0x2
 248 0089 BB01     		.2byte	0x1bb
 249 008b 48000000 		.4byte	0x48
 250 008f 02       		.uleb128 0x2
 251 0090 04       		.byte	0x4
 252 0091 04       		.byte	0x4
 253 0092 41000000 		.4byte	.LASF12
 254 0096 02       		.uleb128 0x2
 255 0097 08       		.byte	0x8
 256 0098 04       		.byte	0x4
 257 0099 85000000 		.4byte	.LASF13
 258 009d 02       		.uleb128 0x2
 259 009e 01       		.byte	0x1
 260 009f 08       		.byte	0x8
 261 00a0 2F010000 		.4byte	.LASF14
 262 00a4 04       		.uleb128 0x4
 263 00a5 00000000 		.4byte	.LASF15
 264 00a9 02       		.byte	0x2
 265 00aa 6502     		.2byte	0x265
 266 00ac B0000000 		.4byte	0xb0
 267 00b0 05       		.uleb128 0x5
 268 00b1 83000000 		.4byte	0x83
 269 00b5 06       		.uleb128 0x6
 270 00b6 AB010000 		.4byte	.LASF16
 271 00ba 01       		.byte	0x1
 272 00bb 27       		.byte	0x27
 273 00bc 00000000 		.4byte	.LFB0
 274 00c0 1C000000 		.4byte	.LFE0-.LFB0
 275 00c4 01       		.uleb128 0x1
 276 00c5 9C       		.byte	0x9c
 277 00c6 DA000000 		.4byte	0xda
 278 00ca 07       		.uleb128 0x7
 279 00cb 93000000 		.4byte	.LASF18
 280 00cf 01       		.byte	0x1
 281 00d0 27       		.byte	0x27
 282 00d1 83000000 		.4byte	0x83
 283 00d5 00000000 		.4byte	.LLST0
 284 00d9 00       		.byte	0
 285 00da 08       		.uleb128 0x8
 286 00db BE000000 		.4byte	.LASF28
 287 00df 01       		.byte	0x1
 288 00e0 5F       		.byte	0x5f
 289 00e1 00000000 		.4byte	.LFB1
 290 00e5 18000000 		.4byte	.LFE1-.LFB1
 291 00e9 01       		.uleb128 0x1
 292 00ea 9C       		.byte	0x9c
 293 00eb 06       		.uleb128 0x6
 294 00ec 06000000 		.4byte	.LASF17
 295 00f0 01       		.byte	0x1
 296 00f1 86       		.byte	0x86
 297 00f2 00000000 		.4byte	.LFB2
 298 00f6 20000000 		.4byte	.LFE2-.LFB2
 299 00fa 01       		.uleb128 0x1
 300 00fb 9C       		.byte	0x9c
 301 00fc 3B010000 		.4byte	0x13b
 302 0100 07       		.uleb128 0x7
ARM GAS  C:\Users\Greg\AppData\Local\Temp\ccXuS7ra.s 			page 10


 303 0101 7A000000 		.4byte	.LASF19
 304 0105 01       		.byte	0x1
 305 0106 86       		.byte	0x86
 306 0107 77000000 		.4byte	0x77
 307 010b 21000000 		.4byte	.LLST1
 308 010f 07       		.uleb128 0x7
 309 0110 A9000000 		.4byte	.LASF20
 310 0114 01       		.byte	0x1
 311 0115 86       		.byte	0x86
 312 0116 6B000000 		.4byte	0x6b
 313 011a 42000000 		.4byte	.LLST2
 314 011e 09       		.uleb128 0x9
 315 011f 30000000 		.4byte	.LASF21
 316 0123 01       		.byte	0x1
 317 0124 88       		.byte	0x88
 318 0125 83000000 		.4byte	0x83
 319 0129 63000000 		.4byte	.LLST3
 320 012d 0A       		.uleb128 0xa
 321 012e 8C000000 		.4byte	.LASF22
 322 0132 01       		.byte	0x1
 323 0133 89       		.byte	0x89
 324 0134 83000000 		.4byte	0x83
 325 0138 01       		.uleb128 0x1
 326 0139 51       		.byte	0x51
 327 013a 00       		.byte	0
 328 013b 0B       		.uleb128 0xb
 329 013c 85010000 		.4byte	.LASF23
 330 0140 01       		.byte	0x1
 331 0141 B0       		.byte	0xb0
 332 0142 77000000 		.4byte	0x77
 333 0146 00000000 		.4byte	.LFB3
 334 014a 10000000 		.4byte	.LFE3-.LFB3
 335 014e 01       		.uleb128 0x1
 336 014f 9C       		.byte	0x9c
 337 0150 0B       		.uleb128 0xb
 338 0151 C0010000 		.4byte	.LASF24
 339 0155 01       		.byte	0x1
 340 0156 C6       		.byte	0xc6
 341 0157 6B000000 		.4byte	0x6b
 342 015b 00000000 		.4byte	.LFB4
 343 015f 04000000 		.4byte	.LFE4-.LFB4
 344 0163 01       		.uleb128 0x1
 345 0164 9C       		.byte	0x9c
 346 0165 00       		.byte	0
 347              		.section	.debug_abbrev,"",%progbits
 348              	.Ldebug_abbrev0:
 349 0000 01       		.uleb128 0x1
 350 0001 11       		.uleb128 0x11
 351 0002 01       		.byte	0x1
 352 0003 25       		.uleb128 0x25
 353 0004 0E       		.uleb128 0xe
 354 0005 13       		.uleb128 0x13
 355 0006 0B       		.uleb128 0xb
 356 0007 03       		.uleb128 0x3
 357 0008 0E       		.uleb128 0xe
 358 0009 1B       		.uleb128 0x1b
 359 000a 0E       		.uleb128 0xe
ARM GAS  C:\Users\Greg\AppData\Local\Temp\ccXuS7ra.s 			page 11


 360 000b 55       		.uleb128 0x55
 361 000c 17       		.uleb128 0x17
 362 000d 11       		.uleb128 0x11
 363 000e 01       		.uleb128 0x1
 364 000f 10       		.uleb128 0x10
 365 0010 17       		.uleb128 0x17
 366 0011 00       		.byte	0
 367 0012 00       		.byte	0
 368 0013 02       		.uleb128 0x2
 369 0014 24       		.uleb128 0x24
 370 0015 00       		.byte	0
 371 0016 0B       		.uleb128 0xb
 372 0017 0B       		.uleb128 0xb
 373 0018 3E       		.uleb128 0x3e
 374 0019 0B       		.uleb128 0xb
 375 001a 03       		.uleb128 0x3
 376 001b 0E       		.uleb128 0xe
 377 001c 00       		.byte	0
 378 001d 00       		.byte	0
 379 001e 03       		.uleb128 0x3
 380 001f 24       		.uleb128 0x24
 381 0020 00       		.byte	0
 382 0021 0B       		.uleb128 0xb
 383 0022 0B       		.uleb128 0xb
 384 0023 3E       		.uleb128 0x3e
 385 0024 0B       		.uleb128 0xb
 386 0025 03       		.uleb128 0x3
 387 0026 08       		.uleb128 0x8
 388 0027 00       		.byte	0
 389 0028 00       		.byte	0
 390 0029 04       		.uleb128 0x4
 391 002a 16       		.uleb128 0x16
 392 002b 00       		.byte	0
 393 002c 03       		.uleb128 0x3
 394 002d 0E       		.uleb128 0xe
 395 002e 3A       		.uleb128 0x3a
 396 002f 0B       		.uleb128 0xb
 397 0030 3B       		.uleb128 0x3b
 398 0031 05       		.uleb128 0x5
 399 0032 49       		.uleb128 0x49
 400 0033 13       		.uleb128 0x13
 401 0034 00       		.byte	0
 402 0035 00       		.byte	0
 403 0036 05       		.uleb128 0x5
 404 0037 35       		.uleb128 0x35
 405 0038 00       		.byte	0
 406 0039 49       		.uleb128 0x49
 407 003a 13       		.uleb128 0x13
 408 003b 00       		.byte	0
 409 003c 00       		.byte	0
 410 003d 06       		.uleb128 0x6
 411 003e 2E       		.uleb128 0x2e
 412 003f 01       		.byte	0x1
 413 0040 3F       		.uleb128 0x3f
 414 0041 19       		.uleb128 0x19
 415 0042 03       		.uleb128 0x3
 416 0043 0E       		.uleb128 0xe
ARM GAS  C:\Users\Greg\AppData\Local\Temp\ccXuS7ra.s 			page 12


 417 0044 3A       		.uleb128 0x3a
 418 0045 0B       		.uleb128 0xb
 419 0046 3B       		.uleb128 0x3b
 420 0047 0B       		.uleb128 0xb
 421 0048 27       		.uleb128 0x27
 422 0049 19       		.uleb128 0x19
 423 004a 11       		.uleb128 0x11
 424 004b 01       		.uleb128 0x1
 425 004c 12       		.uleb128 0x12
 426 004d 06       		.uleb128 0x6
 427 004e 40       		.uleb128 0x40
 428 004f 18       		.uleb128 0x18
 429 0050 9742     		.uleb128 0x2117
 430 0052 19       		.uleb128 0x19
 431 0053 01       		.uleb128 0x1
 432 0054 13       		.uleb128 0x13
 433 0055 00       		.byte	0
 434 0056 00       		.byte	0
 435 0057 07       		.uleb128 0x7
 436 0058 05       		.uleb128 0x5
 437 0059 00       		.byte	0
 438 005a 03       		.uleb128 0x3
 439 005b 0E       		.uleb128 0xe
 440 005c 3A       		.uleb128 0x3a
 441 005d 0B       		.uleb128 0xb
 442 005e 3B       		.uleb128 0x3b
 443 005f 0B       		.uleb128 0xb
 444 0060 49       		.uleb128 0x49
 445 0061 13       		.uleb128 0x13
 446 0062 02       		.uleb128 0x2
 447 0063 17       		.uleb128 0x17
 448 0064 00       		.byte	0
 449 0065 00       		.byte	0
 450 0066 08       		.uleb128 0x8
 451 0067 2E       		.uleb128 0x2e
 452 0068 00       		.byte	0
 453 0069 3F       		.uleb128 0x3f
 454 006a 19       		.uleb128 0x19
 455 006b 03       		.uleb128 0x3
 456 006c 0E       		.uleb128 0xe
 457 006d 3A       		.uleb128 0x3a
 458 006e 0B       		.uleb128 0xb
 459 006f 3B       		.uleb128 0x3b
 460 0070 0B       		.uleb128 0xb
 461 0071 27       		.uleb128 0x27
 462 0072 19       		.uleb128 0x19
 463 0073 11       		.uleb128 0x11
 464 0074 01       		.uleb128 0x1
 465 0075 12       		.uleb128 0x12
 466 0076 06       		.uleb128 0x6
 467 0077 40       		.uleb128 0x40
 468 0078 18       		.uleb128 0x18
 469 0079 9742     		.uleb128 0x2117
 470 007b 19       		.uleb128 0x19
 471 007c 00       		.byte	0
 472 007d 00       		.byte	0
 473 007e 09       		.uleb128 0x9
ARM GAS  C:\Users\Greg\AppData\Local\Temp\ccXuS7ra.s 			page 13


 474 007f 34       		.uleb128 0x34
 475 0080 00       		.byte	0
 476 0081 03       		.uleb128 0x3
 477 0082 0E       		.uleb128 0xe
 478 0083 3A       		.uleb128 0x3a
 479 0084 0B       		.uleb128 0xb
 480 0085 3B       		.uleb128 0x3b
 481 0086 0B       		.uleb128 0xb
 482 0087 49       		.uleb128 0x49
 483 0088 13       		.uleb128 0x13
 484 0089 02       		.uleb128 0x2
 485 008a 17       		.uleb128 0x17
 486 008b 00       		.byte	0
 487 008c 00       		.byte	0
 488 008d 0A       		.uleb128 0xa
 489 008e 34       		.uleb128 0x34
 490 008f 00       		.byte	0
 491 0090 03       		.uleb128 0x3
 492 0091 0E       		.uleb128 0xe
 493 0092 3A       		.uleb128 0x3a
 494 0093 0B       		.uleb128 0xb
 495 0094 3B       		.uleb128 0x3b
 496 0095 0B       		.uleb128 0xb
 497 0096 49       		.uleb128 0x49
 498 0097 13       		.uleb128 0x13
 499 0098 02       		.uleb128 0x2
 500 0099 18       		.uleb128 0x18
 501 009a 00       		.byte	0
 502 009b 00       		.byte	0
 503 009c 0B       		.uleb128 0xb
 504 009d 2E       		.uleb128 0x2e
 505 009e 00       		.byte	0
 506 009f 3F       		.uleb128 0x3f
 507 00a0 19       		.uleb128 0x19
 508 00a1 03       		.uleb128 0x3
 509 00a2 0E       		.uleb128 0xe
 510 00a3 3A       		.uleb128 0x3a
 511 00a4 0B       		.uleb128 0xb
 512 00a5 3B       		.uleb128 0x3b
 513 00a6 0B       		.uleb128 0xb
 514 00a7 27       		.uleb128 0x27
 515 00a8 19       		.uleb128 0x19
 516 00a9 49       		.uleb128 0x49
 517 00aa 13       		.uleb128 0x13
 518 00ab 11       		.uleb128 0x11
 519 00ac 01       		.uleb128 0x1
 520 00ad 12       		.uleb128 0x12
 521 00ae 06       		.uleb128 0x6
 522 00af 40       		.uleb128 0x40
 523 00b0 18       		.uleb128 0x18
 524 00b1 9742     		.uleb128 0x2117
 525 00b3 19       		.uleb128 0x19
 526 00b4 00       		.byte	0
 527 00b5 00       		.byte	0
 528 00b6 00       		.byte	0
 529              		.section	.debug_loc,"",%progbits
 530              	.Ldebug_loc0:
ARM GAS  C:\Users\Greg\AppData\Local\Temp\ccXuS7ra.s 			page 14


 531              	.LLST0:
 532 0000 00000000 		.4byte	.LVL0
 533 0004 0C000000 		.4byte	.LVL1
 534 0008 0100     		.2byte	0x1
 535 000a 50       		.byte	0x50
 536 000b 0C000000 		.4byte	.LVL1
 537 000f 1C000000 		.4byte	.LFE0
 538 0013 0400     		.2byte	0x4
 539 0015 F3       		.byte	0xf3
 540 0016 01       		.uleb128 0x1
 541 0017 50       		.byte	0x50
 542 0018 9F       		.byte	0x9f
 543 0019 00000000 		.4byte	0
 544 001d 00000000 		.4byte	0
 545              	.LLST1:
 546 0021 00000000 		.4byte	.LVL2
 547 0025 0C000000 		.4byte	.LVL4
 548 0029 0100     		.2byte	0x1
 549 002b 50       		.byte	0x50
 550 002c 0C000000 		.4byte	.LVL4
 551 0030 20000000 		.4byte	.LFE2
 552 0034 0400     		.2byte	0x4
 553 0036 F3       		.byte	0xf3
 554 0037 01       		.uleb128 0x1
 555 0038 50       		.byte	0x50
 556 0039 9F       		.byte	0x9f
 557 003a 00000000 		.4byte	0
 558 003e 00000000 		.4byte	0
 559              	.LLST2:
 560 0042 00000000 		.4byte	.LVL2
 561 0046 12000000 		.4byte	.LVL6
 562 004a 0100     		.2byte	0x1
 563 004c 51       		.byte	0x51
 564 004d 12000000 		.4byte	.LVL6
 565 0051 20000000 		.4byte	.LFE2
 566 0055 0400     		.2byte	0x4
 567 0057 F3       		.byte	0xf3
 568 0058 01       		.uleb128 0x1
 569 0059 51       		.byte	0x51
 570 005a 9F       		.byte	0x9f
 571 005b 00000000 		.4byte	0
 572 005f 00000000 		.4byte	0
 573              	.LLST3:
 574 0063 0A000000 		.4byte	.LVL3
 575 0067 10000000 		.4byte	.LVL5
 576 006b 0100     		.2byte	0x1
 577 006d 53       		.byte	0x53
 578 006e 00000000 		.4byte	0
 579 0072 00000000 		.4byte	0
 580              		.section	.debug_aranges,"",%progbits
 581 0000 3C000000 		.4byte	0x3c
 582 0004 0200     		.2byte	0x2
 583 0006 00000000 		.4byte	.Ldebug_info0
 584 000a 04       		.byte	0x4
 585 000b 00       		.byte	0
 586 000c 0000     		.2byte	0
 587 000e 0000     		.2byte	0
ARM GAS  C:\Users\Greg\AppData\Local\Temp\ccXuS7ra.s 			page 15


 588 0010 00000000 		.4byte	.LFB0
 589 0014 1C000000 		.4byte	.LFE0-.LFB0
 590 0018 00000000 		.4byte	.LFB1
 591 001c 18000000 		.4byte	.LFE1-.LFB1
 592 0020 00000000 		.4byte	.LFB2
 593 0024 20000000 		.4byte	.LFE2-.LFB2
 594 0028 00000000 		.4byte	.LFB3
 595 002c 10000000 		.4byte	.LFE3-.LFB3
 596 0030 00000000 		.4byte	.LFB4
 597 0034 04000000 		.4byte	.LFE4-.LFB4
 598 0038 00000000 		.4byte	0
 599 003c 00000000 		.4byte	0
 600              		.section	.debug_ranges,"",%progbits
 601              	.Ldebug_ranges0:
 602 0000 00000000 		.4byte	.LFB0
 603 0004 1C000000 		.4byte	.LFE0
 604 0008 00000000 		.4byte	.LFB1
 605 000c 18000000 		.4byte	.LFE1
 606 0010 00000000 		.4byte	.LFB2
 607 0014 20000000 		.4byte	.LFE2
 608 0018 00000000 		.4byte	.LFB3
 609 001c 10000000 		.4byte	.LFE3
 610 0020 00000000 		.4byte	.LFB4
 611 0024 04000000 		.4byte	.LFE4
 612 0028 00000000 		.4byte	0
 613 002c 00000000 		.4byte	0
 614              		.section	.debug_line,"",%progbits
 615              	.Ldebug_line0:
 616 0000 BD000000 		.section	.debug_str,"MS",%progbits,1
 616      02004900 
 616      00000201 
 616      FB0E0D00 
 616      01010101 
 617              	.LASF15:
 618 0000 72656733 		.ascii	"reg32\000"
 618      3200
 619              	.LASF17:
 620 0006 455A4932 		.ascii	"EZI2C_SCBCLK_SetFractionalDividerRegister\000"
 620      435F5343 
 620      42434C4B 
 620      5F536574 
 620      46726163 
 621              	.LASF21:
 622 0030 6D61736B 		.ascii	"maskVal\000"
 622      56616C00 
 623              	.LASF4:
 624 0038 6C6F6E67 		.ascii	"long int\000"
 624      20696E74 
 624      00
 625              	.LASF12:
 626 0041 666C6F61 		.ascii	"float\000"
 626      7400
 627              	.LASF1:
 628 0047 756E7369 		.ascii	"unsigned char\000"
 628      676E6564 
 628      20636861 
 628      7200
ARM GAS  C:\Users\Greg\AppData\Local\Temp\ccXuS7ra.s 			page 16


 629              	.LASF5:
 630 0055 6C6F6E67 		.ascii	"long unsigned int\000"
 630      20756E73 
 630      69676E65 
 630      6420696E 
 630      7400
 631              	.LASF3:
 632 0067 73686F72 		.ascii	"short unsigned int\000"
 632      7420756E 
 632      7369676E 
 632      65642069 
 632      6E7400
 633              	.LASF19:
 634 007a 636C6B44 		.ascii	"clkDivider\000"
 634      69766964 
 634      657200
 635              	.LASF13:
 636 0085 646F7562 		.ascii	"double\000"
 636      6C6500
 637              	.LASF22:
 638 008c 72656756 		.ascii	"regVal\000"
 638      616C00
 639              	.LASF18:
 640 0093 616C6967 		.ascii	"alignClkDiv\000"
 640      6E436C6B 
 640      44697600 
 641              	.LASF2:
 642 009f 73686F72 		.ascii	"short int\000"
 642      7420696E 
 642      7400
 643              	.LASF20:
 644 00a9 636C6B46 		.ascii	"clkFractional\000"
 644      72616374 
 644      696F6E61 
 644      6C00
 645              	.LASF10:
 646 00b7 75696E74 		.ascii	"uint16\000"
 646      313600
 647              	.LASF28:
 648 00be 455A4932 		.ascii	"EZI2C_SCBCLK_Stop\000"
 648      435F5343 
 648      42434C4B 
 648      5F53746F 
 648      7000
 649              	.LASF11:
 650 00d0 75696E74 		.ascii	"uint32\000"
 650      333200
 651              	.LASF8:
 652 00d7 756E7369 		.ascii	"unsigned int\000"
 652      676E6564 
 652      20696E74 
 652      00
 653              	.LASF7:
 654 00e4 6C6F6E67 		.ascii	"long long unsigned int\000"
 654      206C6F6E 
 654      6720756E 
 654      7369676E 
ARM GAS  C:\Users\Greg\AppData\Local\Temp\ccXuS7ra.s 			page 17


 654      65642069 
 655              	.LASF26:
 656 00fb 47656E65 		.ascii	"Generated_Source\\PSoC4\\EZI2C_SCBCLK.c\000"
 656      72617465 
 656      645F536F 
 656      75726365 
 656      5C50536F 
 657              	.LASF6:
 658 0121 6C6F6E67 		.ascii	"long long int\000"
 658      206C6F6E 
 658      6720696E 
 658      7400
 659              	.LASF14:
 660 012f 63686172 		.ascii	"char\000"
 660      00
 661              	.LASF27:
 662 0134 433A5C47 		.ascii	"C:\\Git\\WA101\\projects\\PSoC\\WA101_AnalogCoProce"
 662      69745C57 
 662      41313031 
 662      5C70726F 
 662      6A656374 
 663 0162 73736F72 		.ascii	"ssor\\WA101_AnalogCoProcessor.cydsn\000"
 663      5C574131 
 663      30315F41 
 663      6E616C6F 
 663      67436F50 
 664              	.LASF23:
 665 0185 455A4932 		.ascii	"EZI2C_SCBCLK_GetDividerRegister\000"
 665      435F5343 
 665      42434C4B 
 665      5F476574 
 665      44697669 
 666              	.LASF9:
 667 01a5 75696E74 		.ascii	"uint8\000"
 667      3800
 668              	.LASF16:
 669 01ab 455A4932 		.ascii	"EZI2C_SCBCLK_StartEx\000"
 669      435F5343 
 669      42434C4B 
 669      5F537461 
 669      72744578 
 670              	.LASF24:
 671 01c0 455A4932 		.ascii	"EZI2C_SCBCLK_GetFractionalDividerRegister\000"
 671      435F5343 
 671      42434C4B 
 671      5F476574 
 671      46726163 
 672              	.LASF25:
 673 01ea 474E5520 		.ascii	"GNU C 4.9.3 20150303 (release) [ARM/embedded-4_9-br"
 673      4320342E 
 673      392E3320 
 673      32303135 
 673      30333033 
 674 021d 616E6368 		.ascii	"anch revision 221220] -mcpu=cortex-m0plus -mthumb -"
 674      20726576 
 674      6973696F 
 674      6E203232 
ARM GAS  C:\Users\Greg\AppData\Local\Temp\ccXuS7ra.s 			page 18


 674      31323230 
 675 0250 67202D4F 		.ascii	"g -Og -ffunction-sections -ffat-lto-objects\000"
 675      67202D66 
 675      66756E63 
 675      74696F6E 
 675      2D736563 
 676              	.LASF0:
 677 027c 7369676E 		.ascii	"signed char\000"
 677      65642063 
 677      68617200 
 678              		.ident	"GCC: (GNU Tools for ARM Embedded Processors) 4.9.3 20150303 (release) [ARM/embedded-4_9-br
