--------------- Build Started: 03/02/2017 10:15:55 Project: TuneCapsense, Configuration: ARM GCC 5.4-2016-q2-update Release ---------------
cydsfit.exe -.appdatapath "C:\Users\arh\AppData\Local\Cypress Semiconductor\PSoC Creator\4.1" -.fdsnotice -.fdswarpdepfile=warp_dependencies.txt -.fdselabdepfile=elab_dependencies.txt -.fdsbldfile=generated_files.txt -.fdsreffile=referenced_files.txt -p "\\vmware-host\Shared Folders\Documents\WA101\ww101-shield\firmware\TuneCapsense.cydsn\TuneCapsense.cyprj" -d CY8C4A45AZI-483 -s "\\vmware-host\Shared Folders\Documents\WA101\ww101-shield\firmware\TuneCapsense.cydsn\Generated_Source\PSoC4" -- -yv2 -q10 -ygs -o2 -v3 -.fftcfgtype=LE
Elaborating Design...
HDL Generation...
Synthesis...
Tech Mapping...
Analog Placement...
Analog Routing...
Analog Code Generation...
Digital Placement...
Digital Routing...
Bitstream Generation...
Bitstream Verification...
Static timing analysis...
API Generation...
Dependency Generation...
Cleanup...
arm-none-eabi-gcc.exe -c main.c -o .\CortexM0p\ARM_GCC_541\Release\main.o -mcpu=cortex-m0plus -mthumb -I. -IGenerated_Source\PSoC4 -Wa,-alh=.\CortexM0p\ARM_GCC_541\Release/main.lst -g -D NDEBUG -D CY_CORE_ID=0 -Wall -ffunction-sections -ffat-lto-objects -Os
arm-none-eabi-gcc.exe -c Generated_Source\PSoC4\CapSense_Control.c -o .\CortexM0p\ARM_GCC_541\Release\CapSense_Control.o -mcpu=cortex-m0plus -mthumb -I. -IGenerated_Source\PSoC4 -Wa,-alh=.\CortexM0p\ARM_GCC_541\Release/CapSense_Control.lst -g -D NDEBUG -D CY_CORE_ID=0 -Wall -ffunction-sections -ffat-lto-objects -Os
arm-none-eabi-gcc.exe -c Generated_Source\PSoC4\CapSense_Processing.c -o .\CortexM0p\ARM_GCC_541\Release\CapSense_Processing.o -mcpu=cortex-m0plus -mthumb -I. -IGenerated_Source\PSoC4 -Wa,-alh=.\CortexM0p\ARM_GCC_541\Release/CapSense_Processing.lst -g -D NDEBUG -D CY_CORE_ID=0 -Wall -ffunction-sections -ffat-lto-objects -Os
arm-none-eabi-gcc.exe -c Generated_Source\PSoC4\CapSense_Structure.c -o .\CortexM0p\ARM_GCC_541\Release\CapSense_Structure.o -mcpu=cortex-m0plus -mthumb -I. -IGenerated_Source\PSoC4 -Wa,-alh=.\CortexM0p\ARM_GCC_541\Release/CapSense_Structure.lst -g -D NDEBUG -D CY_CORE_ID=0 -Wall -ffunction-sections -ffat-lto-objects -Os
arm-none-eabi-gcc.exe -c Generated_Source\PSoC4\CapSense_Tuner.c -o .\CortexM0p\ARM_GCC_541\Release\CapSense_Tuner.o -mcpu=cortex-m0plus -mthumb -I. -IGenerated_Source\PSoC4 -Wa,-alh=.\CortexM0p\ARM_GCC_541\Release/CapSense_Tuner.lst -g -D NDEBUG -D CY_CORE_ID=0 -Wall -ffunction-sections -ffat-lto-objects -Os
arm-none-eabi-gcc.exe -c Generated_Source\PSoC4\CapSense_Filter.c -o .\CortexM0p\ARM_GCC_541\Release\CapSense_Filter.o -mcpu=cortex-m0plus -mthumb -I. -IGenerated_Source\PSoC4 -Wa,-alh=.\CortexM0p\ARM_GCC_541\Release/CapSense_Filter.lst -g -D NDEBUG -D CY_CORE_ID=0 -Wall -ffunction-sections -ffat-lto-objects -Os
arm-none-eabi-gcc.exe -c Generated_Source\PSoC4\CapSense_Sensing.c -o .\CortexM0p\ARM_GCC_541\Release\CapSense_Sensing.o -mcpu=cortex-m0plus -mthumb -I. -IGenerated_Source\PSoC4 -Wa,-alh=.\CortexM0p\ARM_GCC_541\Release/CapSense_Sensing.lst -g -D NDEBUG -D CY_CORE_ID=0 -Wall -ffunction-sections -ffat-lto-objects -Os
arm-none-eabi-gcc.exe -c Generated_Source\PSoC4\CapSense_INT.c -o .\CortexM0p\ARM_GCC_541\Release\CapSense_INT.o -mcpu=cortex-m0plus -mthumb -I. -IGenerated_Source\PSoC4 -Wa,-alh=.\CortexM0p\ARM_GCC_541\Release/CapSense_INT.lst -g -D NDEBUG -D CY_CORE_ID=0 -Wall -ffunction-sections -ffat-lto-objects -Os
arm-none-eabi-gcc.exe -c Generated_Source\PSoC4\CapSense_SensingCSD_LL.c -o .\CortexM0p\ARM_GCC_541\Release\CapSense_SensingCSD_LL.o -mcpu=cortex-m0plus -mthumb -I. -IGenerated_Source\PSoC4 -Wa,-alh=.\CortexM0p\ARM_GCC_541\Release/CapSense_SensingCSD_LL.lst -g -D NDEBUG -D CY_CORE_ID=0 -Wall -ffunction-sections -ffat-lto-objects -Os
arm-none-eabi-ar.exe -rs .\CortexM0p\ARM_GCC_541\Release\TuneCapsense.a .\CortexM0p\ARM_GCC_541\Release\EZI2C.o .\CortexM0p\ARM_GCC_541\Release\EZI2C_PM.o .\CortexM0p\ARM_GCC_541\Release\EZI2C_BOOT.o .\CortexM0p\ARM_GCC_541\Release\EZI2C_EZI2C.o .\CortexM0p\ARM_GCC_541\Release\EZI2C_EZI2C_INT.o .\CortexM0p\ARM_GCC_541\Release\EZI2C_EZI2C_BOOT.o .\CortexM0p\ARM_GCC_541\Release\Bootloadable.o .\CortexM0p\ARM_GCC_541\Release\CapSense_Control.o .\CortexM0p\ARM_GCC_541\Release\CapSense_Processing.o .\CortexM0p\ARM_GCC_541\Release\CapSense_Structure.o .\CortexM0p\ARM_GCC_541\Release\CapSense_Tuner.o .\CortexM0p\ARM_GCC_541\Release\CapSense_Filter.o .\CortexM0p\ARM_GCC_541\Release\CapSense_Sensing.o .\CortexM0p\ARM_GCC_541\Release\CapSense_INT.o .\CortexM0p\ARM_GCC_541\Release\CapSense_SensingCSD_LL.o .\CortexM0p\ARM_GCC_541\Release\MB0.o .\CortexM0p\ARM_GCC_541\Release\MB0_PM.o .\CortexM0p\ARM_GCC_541\Release\EZI2C_SCBCLK.o .\CortexM0p\ARM_GCC_541\Release\EZI2C_sda.o .\CortexM0p\ARM_GCC_541\Release\EZI2C_sda_PM.o .\CortexM0p\ARM_GCC_541\Release\EZI2C_scl.o .\CortexM0p\ARM_GCC_541\Release\EZI2C_scl_PM.o .\CortexM0p\ARM_GCC_541\Release\EZI2C_SCB_IRQ.o .\CortexM0p\ARM_GCC_541\Release\CapSense_ISR.o .\CortexM0p\ARM_GCC_541\Release\CyFlash.o .\CortexM0p\ARM_GCC_541\Release\CyLib.o .\CortexM0p\ARM_GCC_541\Release\cyPm.o .\CortexM0p\ARM_GCC_541\Release\cyutils.o .\CortexM0p\ARM_GCC_541\Release\CyBootAsmGnu.o .\CortexM0p\ARM_GCC_541\Release\CyDMA.o .\CortexM0p\ARM_GCC_541\Release\CyLFClk.o
arm-none-eabi-ar.exe: creating .\CortexM0p\ARM_GCC_541\Release\TuneCapsense.a
arm-none-eabi-gcc.exe -Wl,--start-group -o "\\vmware-host\Shared Folders\Documents\WA101\ww101-shield\firmware\TuneCapsense.cydsn\CortexM0p\ARM_GCC_541\Release\TuneCapsense.elf" .\CortexM0p\ARM_GCC_541\Release\main.o .\CortexM0p\ARM_GCC_541\Release\cyfitter_cfg.o .\CortexM0p\ARM_GCC_541\Release\cybootloader.o .\CortexM0p\ARM_GCC_541\Release\cymetadata.o .\CortexM0p\ARM_GCC_541\Release\Cm0plusStart.o .\CortexM0p\ARM_GCC_541\Release\TuneCapsense.a "C:\Program Files (x86)\Cypress\PSoC Creator\4.1\PSoC Creator\psoc\content\cycomponentlibrary\CyComponentLibrary.cylib\CapSense_P4_v4_0\PSoC4\Library\Capsense_P4Library_GCCp.a" -mcpu=cortex-m0plus -mthumb -L Generated_Source\PSoC4 -Wl,-Map,.\CortexM0p\ARM_GCC_541\Release/TuneCapsense.map -T Generated_Source\PSoC4\cm0plusgcc.ld -specs=nano.specs -Wl,--gc-sections -g -ffunction-sections -Os -ffat-lto-objects -Wl,--end-group
cyelftool.exe -B "\\vmware-host\Shared Folders\Documents\WA101\ww101-shield\firmware\TuneCapsense.cydsn\CortexM0p\ARM_GCC_541\Release\TuneCapsense.elf" --flash_row_size 128 --flash_size 32768 --flash_offset 0x00000000 --flash_array_size 32768
cyelftool.exe -S "\\vmware-host\Shared Folders\Documents\WA101\ww101-shield\firmware\TuneCapsense.cydsn\CortexM0p\ARM_GCC_541\Release\TuneCapsense.elf"
Flash used: 15030 of 32768 bytes (45.9 %). Bootloader: 5760 bytes. Application: 9142 bytes. Metadata: 128 bytes.
SRAM used: 1872 of 4096 bytes (45.7 %). Stack: 1024 bytes. Heap: 128 bytes.
--------------- Build Succeeded: 03/02/2017 10:16:20 ---------------
