ARM GAS  C:\Users\Greg\AppData\Local\Temp\ccjxlX2W.s 			page 1


   1              		.cpu cortex-m0plus
   2              		.fpu softvfp
   3              		.eabi_attribute 20, 1
   4              		.eabi_attribute 21, 1
   5              		.eabi_attribute 23, 3
   6              		.eabi_attribute 24, 1
   7              		.eabi_attribute 25, 1
   8              		.eabi_attribute 26, 1
   9              		.eabi_attribute 30, 1
  10              		.eabi_attribute 34, 0
  11              		.eabi_attribute 18, 4
  12              		.code	16
  13              		.file	"ADC_INIT.c"
  14              		.text
  15              	.Ltext0:
  16              		.cfi_sections	.debug_frame
  17              		.global	ADC_InputsPlacement
  18              		.global	ADC_allConfigs
  19              		.section	.rodata
  20              		.align	2
  21              		.type	ADC_InputsPlacement, %object
  22              		.size	ADC_InputsPlacement, 8
  23              	ADC_InputsPlacement:
  24 0000 07000501 		.word	17104903
  25 0004 05000601 		.word	17170437
  26              		.type	ADC_allConfigs, %object
  27              		.size	ADC_allConfigs, 56
  28              	ADC_allConfigs:
  29 0008 00000000 		.word	0
  30 000c 02000000 		.word	2
  31 0010 402E2010 		.word	270544448
  32 0014 88000490 		.word	-1878785912
  33 0018 CA030200 		.word	132042
  34 001c 02000200 		.word	131074
  35 0020 0002000E 		.word	234881536
  36 0024 00000000 		.word	0
  37 0028 03000000 		.word	3
  38 002c 00000000 		.word	0
  39 0030 00000000 		.word	0
  40 0034 B0040000 		.word	1200
  41 0038 01000000 		.word	1
  42 003c 1700     		.short	23
  43 003e 0000     		.space	2
  44              		.text
  45              	.Letext0:
  46              		.file 1 "Generated_Source\\PSoC4\\cytypes.h"
  47              		.file 2 "Generated_Source\\PSoC4\\ADC.h"
  48              		.file 3 "Generated_Source\\PSoC4\\ADC_INIT.c"
  49              		.section	.debug_info,"",%progbits
  50              	.Ldebug_info0:
  51 0000 A8010000 		.4byte	0x1a8
  52 0004 0400     		.2byte	0x4
  53 0006 00000000 		.4byte	.Ldebug_abbrev0
  54 000a 04       		.byte	0x4
  55 000b 01       		.uleb128 0x1
  56 000c C6000000 		.4byte	.LASF33
  57 0010 01       		.byte	0x1
ARM GAS  C:\Users\Greg\AppData\Local\Temp\ccjxlX2W.s 			page 2


  58 0011 8C010000 		.4byte	.LASF34
  59 0015 56000000 		.4byte	.LASF35
  60 0019 00000000 		.4byte	.Ldebug_line0
  61 001d 02       		.uleb128 0x2
  62 001e 01       		.byte	0x1
  63 001f 06       		.byte	0x6
  64 0020 6D020000 		.4byte	.LASF0
  65 0024 02       		.uleb128 0x2
  66 0025 01       		.byte	0x1
  67 0026 08       		.byte	0x8
  68 0027 B8000000 		.4byte	.LASF1
  69 002b 02       		.uleb128 0x2
  70 002c 02       		.byte	0x2
  71 002d 05       		.byte	0x5
  72 002e 3C020000 		.4byte	.LASF2
  73 0032 02       		.uleb128 0x2
  74 0033 02       		.byte	0x2
  75 0034 07       		.byte	0x7
  76 0035 38000000 		.4byte	.LASF3
  77 0039 02       		.uleb128 0x2
  78 003a 04       		.byte	0x4
  79 003b 05       		.byte	0x5
  80 003c 52020000 		.4byte	.LASF4
  81 0040 02       		.uleb128 0x2
  82 0041 04       		.byte	0x4
  83 0042 07       		.byte	0x7
  84 0043 65010000 		.4byte	.LASF5
  85 0047 02       		.uleb128 0x2
  86 0048 08       		.byte	0x8
  87 0049 05       		.byte	0x5
  88 004a 22020000 		.4byte	.LASF6
  89 004e 02       		.uleb128 0x2
  90 004f 08       		.byte	0x8
  91 0050 07       		.byte	0x7
  92 0051 F2010000 		.4byte	.LASF7
  93 0055 03       		.uleb128 0x3
  94 0056 04       		.byte	0x4
  95 0057 05       		.byte	0x5
  96 0058 696E7400 		.ascii	"int\000"
  97 005c 02       		.uleb128 0x2
  98 005d 04       		.byte	0x4
  99 005e 07       		.byte	0x7
 100 005f D9010000 		.4byte	.LASF8
 101 0063 04       		.uleb128 0x4
 102 0064 C0010000 		.4byte	.LASF9
 103 0068 01       		.byte	0x1
 104 0069 BA01     		.2byte	0x1ba
 105 006b 32000000 		.4byte	0x32
 106 006f 04       		.uleb128 0x4
 107 0070 C7010000 		.4byte	.LASF10
 108 0074 01       		.byte	0x1
 109 0075 BB01     		.2byte	0x1bb
 110 0077 40000000 		.4byte	0x40
 111 007b 04       		.uleb128 0x4
 112 007c 77010000 		.4byte	.LASF11
 113 0080 01       		.byte	0x1
 114 0081 BE01     		.2byte	0x1be
ARM GAS  C:\Users\Greg\AppData\Local\Temp\ccjxlX2W.s 			page 3


 115 0083 39000000 		.4byte	0x39
 116 0087 02       		.uleb128 0x2
 117 0088 04       		.byte	0x4
 118 0089 04       		.byte	0x4
 119 008a B2000000 		.4byte	.LASF12
 120 008e 02       		.uleb128 0x2
 121 008f 08       		.byte	0x8
 122 0090 04       		.byte	0x4
 123 0091 B9010000 		.4byte	.LASF13
 124 0095 02       		.uleb128 0x2
 125 0096 01       		.byte	0x1
 126 0097 08       		.byte	0x8
 127 0098 30020000 		.4byte	.LASF14
 128 009c 02       		.uleb128 0x2
 129 009d 04       		.byte	0x4
 130 009e 07       		.byte	0x7
 131 009f 19020000 		.4byte	.LASF15
 132 00a3 05       		.uleb128 0x5
 133 00a4 38       		.byte	0x38
 134 00a5 02       		.byte	0x2
 135 00a6 5E       		.byte	0x5e
 136 00a7 54010000 		.4byte	0x154
 137 00ab 06       		.uleb128 0x6
 138 00ac 79020000 		.4byte	.LASF16
 139 00b0 02       		.byte	0x2
 140 00b1 60       		.byte	0x60
 141 00b2 6F000000 		.4byte	0x6f
 142 00b6 00       		.byte	0
 143 00b7 06       		.uleb128 0x6
 144 00b8 46020000 		.4byte	.LASF17
 145 00bc 02       		.byte	0x2
 146 00bd 61       		.byte	0x61
 147 00be 6F000000 		.4byte	0x6f
 148 00c2 04       		.byte	0x4
 149 00c3 06       		.uleb128 0x6
 150 00c4 14020000 		.4byte	.LASF18
 151 00c8 02       		.byte	0x2
 152 00c9 62       		.byte	0x62
 153 00ca 6F000000 		.4byte	0x6f
 154 00ce 08       		.byte	0x8
 155 00cf 06       		.uleb128 0x6
 156 00d0 CE010000 		.4byte	.LASF19
 157 00d4 02       		.byte	0x2
 158 00d5 65       		.byte	0x65
 159 00d6 6F000000 		.4byte	0x6f
 160 00da 0C       		.byte	0xc
 161 00db 06       		.uleb128 0x6
 162 00dc 1E000000 		.4byte	.LASF20
 163 00e0 02       		.byte	0x2
 164 00e1 66       		.byte	0x66
 165 00e2 6F000000 		.4byte	0x6f
 166 00e6 10       		.byte	0x10
 167 00e7 06       		.uleb128 0x6
 168 00e8 2B000000 		.4byte	.LASF21
 169 00ec 02       		.byte	0x2
 170 00ed 67       		.byte	0x67
 171 00ee 6F000000 		.4byte	0x6f
ARM GAS  C:\Users\Greg\AppData\Local\Temp\ccjxlX2W.s 			page 4


 172 00f2 14       		.byte	0x14
 173 00f3 06       		.uleb128 0x6
 174 00f4 09020000 		.4byte	.LASF22
 175 00f8 02       		.byte	0x2
 176 00f9 68       		.byte	0x68
 177 00fa 6F000000 		.4byte	0x6f
 178 00fe 18       		.byte	0x18
 179 00ff 06       		.uleb128 0x6
 180 0100 00000000 		.4byte	.LASF23
 181 0104 02       		.byte	0x2
 182 0105 69       		.byte	0x69
 183 0106 6F000000 		.4byte	0x6f
 184 010a 1C       		.byte	0x1c
 185 010b 06       		.uleb128 0x6
 186 010c 35020000 		.4byte	.LASF24
 187 0110 02       		.byte	0x2
 188 0111 6A       		.byte	0x6a
 189 0112 6F000000 		.4byte	0x6f
 190 0116 20       		.byte	0x20
 191 0117 06       		.uleb128 0x6
 192 0118 58010000 		.4byte	.LASF25
 193 011c 02       		.byte	0x2
 194 011d 6B       		.byte	0x6b
 195 011e 6F000000 		.4byte	0x6f
 196 0122 24       		.byte	0x24
 197 0123 06       		.uleb128 0x6
 198 0124 A7000000 		.4byte	.LASF26
 199 0128 02       		.byte	0x2
 200 0129 6C       		.byte	0x6c
 201 012a 6F000000 		.4byte	0x6f
 202 012e 28       		.byte	0x28
 203 012f 06       		.uleb128 0x6
 204 0130 E6010000 		.4byte	.LASF27
 205 0134 02       		.byte	0x2
 206 0135 6D       		.byte	0x6d
 207 0136 7B000000 		.4byte	0x7b
 208 013a 2C       		.byte	0x2c
 209 013b 06       		.uleb128 0x6
 210 013c 4B000000 		.4byte	.LASF28
 211 0140 02       		.byte	0x2
 212 0141 6F       		.byte	0x6f
 213 0142 6F000000 		.4byte	0x6f
 214 0146 30       		.byte	0x30
 215 0147 06       		.uleb128 0x6
 216 0148 AE010000 		.4byte	.LASF29
 217 014c 02       		.byte	0x2
 218 014d 76       		.byte	0x76
 219 014e 63000000 		.4byte	0x63
 220 0152 34       		.byte	0x34
 221 0153 00       		.byte	0
 222 0154 07       		.uleb128 0x7
 223 0155 5B020000 		.4byte	.LASF30
 224 0159 02       		.byte	0x2
 225 015a 7C       		.byte	0x7c
 226 015b A3000000 		.4byte	0xa3
 227 015f 08       		.uleb128 0x8
 228 0160 54010000 		.4byte	0x154
ARM GAS  C:\Users\Greg\AppData\Local\Temp\ccjxlX2W.s 			page 5


 229 0164 6F010000 		.4byte	0x16f
 230 0168 09       		.uleb128 0x9
 231 0169 9C000000 		.4byte	0x9c
 232 016d 00       		.byte	0
 233 016e 00       		.byte	0
 234 016f 0A       		.uleb128 0xa
 235 0170 7D010000 		.4byte	.LASF31
 236 0174 03       		.byte	0x3
 237 0175 2A       		.byte	0x2a
 238 0176 80010000 		.4byte	0x180
 239 017a 05       		.uleb128 0x5
 240 017b 03       		.byte	0x3
 241 017c 00000000 		.4byte	ADC_allConfigs
 242 0180 0B       		.uleb128 0xb
 243 0181 5F010000 		.4byte	0x15f
 244 0185 08       		.uleb128 0x8
 245 0186 6F000000 		.4byte	0x6f
 246 018a 95010000 		.4byte	0x195
 247 018e 09       		.uleb128 0x9
 248 018f 9C000000 		.4byte	0x9c
 249 0193 01       		.byte	0x1
 250 0194 00       		.byte	0
 251 0195 0A       		.uleb128 0xa
 252 0196 0A000000 		.4byte	.LASF32
 253 019a 03       		.byte	0x3
 254 019b 8D       		.byte	0x8d
 255 019c A6010000 		.4byte	0x1a6
 256 01a0 05       		.uleb128 0x5
 257 01a1 03       		.byte	0x3
 258 01a2 00000000 		.4byte	ADC_InputsPlacement
 259 01a6 0B       		.uleb128 0xb
 260 01a7 85010000 		.4byte	0x185
 261 01ab 00       		.byte	0
 262              		.section	.debug_abbrev,"",%progbits
 263              	.Ldebug_abbrev0:
 264 0000 01       		.uleb128 0x1
 265 0001 11       		.uleb128 0x11
 266 0002 01       		.byte	0x1
 267 0003 25       		.uleb128 0x25
 268 0004 0E       		.uleb128 0xe
 269 0005 13       		.uleb128 0x13
 270 0006 0B       		.uleb128 0xb
 271 0007 03       		.uleb128 0x3
 272 0008 0E       		.uleb128 0xe
 273 0009 1B       		.uleb128 0x1b
 274 000a 0E       		.uleb128 0xe
 275 000b 10       		.uleb128 0x10
 276 000c 17       		.uleb128 0x17
 277 000d 00       		.byte	0
 278 000e 00       		.byte	0
 279 000f 02       		.uleb128 0x2
 280 0010 24       		.uleb128 0x24
 281 0011 00       		.byte	0
 282 0012 0B       		.uleb128 0xb
 283 0013 0B       		.uleb128 0xb
 284 0014 3E       		.uleb128 0x3e
 285 0015 0B       		.uleb128 0xb
ARM GAS  C:\Users\Greg\AppData\Local\Temp\ccjxlX2W.s 			page 6


 286 0016 03       		.uleb128 0x3
 287 0017 0E       		.uleb128 0xe
 288 0018 00       		.byte	0
 289 0019 00       		.byte	0
 290 001a 03       		.uleb128 0x3
 291 001b 24       		.uleb128 0x24
 292 001c 00       		.byte	0
 293 001d 0B       		.uleb128 0xb
 294 001e 0B       		.uleb128 0xb
 295 001f 3E       		.uleb128 0x3e
 296 0020 0B       		.uleb128 0xb
 297 0021 03       		.uleb128 0x3
 298 0022 08       		.uleb128 0x8
 299 0023 00       		.byte	0
 300 0024 00       		.byte	0
 301 0025 04       		.uleb128 0x4
 302 0026 16       		.uleb128 0x16
 303 0027 00       		.byte	0
 304 0028 03       		.uleb128 0x3
 305 0029 0E       		.uleb128 0xe
 306 002a 3A       		.uleb128 0x3a
 307 002b 0B       		.uleb128 0xb
 308 002c 3B       		.uleb128 0x3b
 309 002d 05       		.uleb128 0x5
 310 002e 49       		.uleb128 0x49
 311 002f 13       		.uleb128 0x13
 312 0030 00       		.byte	0
 313 0031 00       		.byte	0
 314 0032 05       		.uleb128 0x5
 315 0033 13       		.uleb128 0x13
 316 0034 01       		.byte	0x1
 317 0035 0B       		.uleb128 0xb
 318 0036 0B       		.uleb128 0xb
 319 0037 3A       		.uleb128 0x3a
 320 0038 0B       		.uleb128 0xb
 321 0039 3B       		.uleb128 0x3b
 322 003a 0B       		.uleb128 0xb
 323 003b 01       		.uleb128 0x1
 324 003c 13       		.uleb128 0x13
 325 003d 00       		.byte	0
 326 003e 00       		.byte	0
 327 003f 06       		.uleb128 0x6
 328 0040 0D       		.uleb128 0xd
 329 0041 00       		.byte	0
 330 0042 03       		.uleb128 0x3
 331 0043 0E       		.uleb128 0xe
 332 0044 3A       		.uleb128 0x3a
 333 0045 0B       		.uleb128 0xb
 334 0046 3B       		.uleb128 0x3b
 335 0047 0B       		.uleb128 0xb
 336 0048 49       		.uleb128 0x49
 337 0049 13       		.uleb128 0x13
 338 004a 38       		.uleb128 0x38
 339 004b 0B       		.uleb128 0xb
 340 004c 00       		.byte	0
 341 004d 00       		.byte	0
 342 004e 07       		.uleb128 0x7
ARM GAS  C:\Users\Greg\AppData\Local\Temp\ccjxlX2W.s 			page 7


 343 004f 16       		.uleb128 0x16
 344 0050 00       		.byte	0
 345 0051 03       		.uleb128 0x3
 346 0052 0E       		.uleb128 0xe
 347 0053 3A       		.uleb128 0x3a
 348 0054 0B       		.uleb128 0xb
 349 0055 3B       		.uleb128 0x3b
 350 0056 0B       		.uleb128 0xb
 351 0057 49       		.uleb128 0x49
 352 0058 13       		.uleb128 0x13
 353 0059 00       		.byte	0
 354 005a 00       		.byte	0
 355 005b 08       		.uleb128 0x8
 356 005c 01       		.uleb128 0x1
 357 005d 01       		.byte	0x1
 358 005e 49       		.uleb128 0x49
 359 005f 13       		.uleb128 0x13
 360 0060 01       		.uleb128 0x1
 361 0061 13       		.uleb128 0x13
 362 0062 00       		.byte	0
 363 0063 00       		.byte	0
 364 0064 09       		.uleb128 0x9
 365 0065 21       		.uleb128 0x21
 366 0066 00       		.byte	0
 367 0067 49       		.uleb128 0x49
 368 0068 13       		.uleb128 0x13
 369 0069 2F       		.uleb128 0x2f
 370 006a 0B       		.uleb128 0xb
 371 006b 00       		.byte	0
 372 006c 00       		.byte	0
 373 006d 0A       		.uleb128 0xa
 374 006e 34       		.uleb128 0x34
 375 006f 00       		.byte	0
 376 0070 03       		.uleb128 0x3
 377 0071 0E       		.uleb128 0xe
 378 0072 3A       		.uleb128 0x3a
 379 0073 0B       		.uleb128 0xb
 380 0074 3B       		.uleb128 0x3b
 381 0075 0B       		.uleb128 0xb
 382 0076 49       		.uleb128 0x49
 383 0077 13       		.uleb128 0x13
 384 0078 3F       		.uleb128 0x3f
 385 0079 19       		.uleb128 0x19
 386 007a 02       		.uleb128 0x2
 387 007b 18       		.uleb128 0x18
 388 007c 00       		.byte	0
 389 007d 00       		.byte	0
 390 007e 0B       		.uleb128 0xb
 391 007f 26       		.uleb128 0x26
 392 0080 00       		.byte	0
 393 0081 49       		.uleb128 0x49
 394 0082 13       		.uleb128 0x13
 395 0083 00       		.byte	0
 396 0084 00       		.byte	0
 397 0085 00       		.byte	0
 398              		.section	.debug_aranges,"",%progbits
 399 0000 14000000 		.4byte	0x14
ARM GAS  C:\Users\Greg\AppData\Local\Temp\ccjxlX2W.s 			page 8


 400 0004 0200     		.2byte	0x2
 401 0006 00000000 		.4byte	.Ldebug_info0
 402 000a 04       		.byte	0x4
 403 000b 00       		.byte	0
 404 000c 0000     		.2byte	0
 405 000e 0000     		.2byte	0
 406 0010 00000000 		.4byte	0
 407 0014 00000000 		.4byte	0
 408              		.section	.debug_line,"",%progbits
 409              	.Ldebug_line0:
 410 0000 54000000 		.section	.debug_str,"MS",%progbits,1
 410      02004E00 
 410      00000201 
 410      FB0E0D00 
 410      01010101 
 411              	.LASF23:
 412 0000 72616E67 		.ascii	"rangeCond\000"
 412      65436F6E 
 412      6400
 413              	.LASF32:
 414 000a 4144435F 		.ascii	"ADC_InputsPlacement\000"
 414      496E7075 
 414      7473506C 
 414      6163656D 
 414      656E7400 
 415              	.LASF20:
 416 001e 73616D70 		.ascii	"sampleTime01\000"
 416      6C655469 
 416      6D653031 
 416      00
 417              	.LASF21:
 418 002b 73616D70 		.ascii	"sampleTime23\000"
 418      6C655469 
 418      6D653233 
 418      00
 419              	.LASF3:
 420 0038 73686F72 		.ascii	"short unsigned int\000"
 420      7420756E 
 420      7369676E 
 420      65642069 
 420      6E7400
 421              	.LASF28:
 422 004b 6D697363 		.ascii	"miscConfig\000"
 422      436F6E66 
 422      696700
 423              	.LASF35:
 424 0056 433A5C47 		.ascii	"C:\\Git\\WA101\\projects\\PSoC\\WW101_AnalogCoProce"
 424      69745C57 
 424      41313031 
 424      5C70726F 
 424      6A656374 
 425 0084 73736F72 		.ascii	"ssor\\WW101_AnalogCoProcessor.cydsn\000"
 425      5C575731 
 425      30315F41 
 425      6E616C6F 
 425      67436F50 
 426              	.LASF26:
ARM GAS  C:\Users\Greg\AppData\Local\Temp\ccjxlX2W.s 			page 9


 427 00a7 73617449 		.ascii	"satIntMask\000"
 427      6E744D61 
 427      736B00
 428              	.LASF12:
 429 00b2 666C6F61 		.ascii	"float\000"
 429      7400
 430              	.LASF1:
 431 00b8 756E7369 		.ascii	"unsigned char\000"
 431      676E6564 
 431      20636861 
 431      7200
 432              	.LASF33:
 433 00c6 474E5520 		.ascii	"GNU C 4.9.3 20150303 (release) [ARM/embedded-4_9-br"
 433      4320342E 
 433      392E3320 
 433      32303135 
 433      30333033 
 434 00f9 616E6368 		.ascii	"anch revision 221220] -mcpu=cortex-m0plus -mthumb -"
 434      20726576 
 434      6973696F 
 434      6E203232 
 434      31323230 
 435 012c 67202D4F 		.ascii	"g -Og -ffunction-sections -ffat-lto-objects\000"
 435      67202D66 
 435      66756E63 
 435      74696F6E 
 435      2D736563 
 436              	.LASF25:
 437 0158 72616E67 		.ascii	"rangeIntMask\000"
 437      65496E74 
 437      4D61736B 
 437      00
 438              	.LASF5:
 439 0165 6C6F6E67 		.ascii	"long unsigned int\000"
 439      20756E73 
 439      69676E65 
 439      6420696E 
 439      7400
 440              	.LASF11:
 441 0177 696E7433 		.ascii	"int32\000"
 441      3200
 442              	.LASF31:
 443 017d 4144435F 		.ascii	"ADC_allConfigs\000"
 443      616C6C43 
 443      6F6E6669 
 443      677300
 444              	.LASF34:
 445 018c 47656E65 		.ascii	"Generated_Source\\PSoC4\\ADC_INIT.c\000"
 445      72617465 
 445      645F536F 
 445      75726365 
 445      5C50536F 
 446              	.LASF29:
 447 01ae 636C6B44 		.ascii	"clkDivider\000"
 447      69766964 
 447      657200
 448              	.LASF13:
ARM GAS  C:\Users\Greg\AppData\Local\Temp\ccjxlX2W.s 			page 10


 449 01b9 646F7562 		.ascii	"double\000"
 449      6C6500
 450              	.LASF9:
 451 01c0 75696E74 		.ascii	"uint16\000"
 451      313600
 452              	.LASF10:
 453 01c7 75696E74 		.ascii	"uint32\000"
 453      333200
 454              	.LASF19:
 455 01ce 73616D70 		.ascii	"sampleCtrl\000"
 455      6C654374 
 455      726C00
 456              	.LASF8:
 457 01d9 756E7369 		.ascii	"unsigned int\000"
 457      676E6564 
 457      20696E74 
 457      00
 458              	.LASF27:
 459 01e6 76726566 		.ascii	"vrefMvValue\000"
 459      4D765661 
 459      6C756500 
 460              	.LASF7:
 461 01f2 6C6F6E67 		.ascii	"long long unsigned int\000"
 461      206C6F6E 
 461      6720756E 
 461      7369676E 
 461      65642069 
 462              	.LASF22:
 463 0209 72616E67 		.ascii	"rangeThres\000"
 463      65546872 
 463      657300
 464              	.LASF18:
 465 0214 6374726C 		.ascii	"ctrl\000"
 465      00
 466              	.LASF15:
 467 0219 73697A65 		.ascii	"sizetype\000"
 467      74797065 
 467      00
 468              	.LASF6:
 469 0222 6C6F6E67 		.ascii	"long long int\000"
 469      206C6F6E 
 469      6720696E 
 469      7400
 470              	.LASF14:
 471 0230 63686172 		.ascii	"char\000"
 471      00
 472              	.LASF24:
 473 0235 6368616E 		.ascii	"chanEn\000"
 473      456E00
 474              	.LASF2:
 475 023c 73686F72 		.ascii	"short int\000"
 475      7420696E 
 475      7400
 476              	.LASF17:
 477 0246 6E756D43 		.ascii	"numChannels\000"
 477      68616E6E 
 477      656C7300 
ARM GAS  C:\Users\Greg\AppData\Local\Temp\ccjxlX2W.s 			page 11


 478              	.LASF4:
 479 0252 6C6F6E67 		.ascii	"long int\000"
 479      20696E74 
 479      00
 480              	.LASF30:
 481 025b 4144435F 		.ascii	"ADC_CONFIG_STRUCT\000"
 481      434F4E46 
 481      49475F53 
 481      54525543 
 481      5400
 482              	.LASF0:
 483 026d 7369676E 		.ascii	"signed char\000"
 483      65642063 
 483      68617200 
 484              	.LASF16:
 485 0279 6368616E 		.ascii	"channelBase\000"
 485      6E656C42 
 485      61736500 
 486              		.ident	"GCC: (GNU Tools for ARM Embedded Processors) 4.9.3 20150303 (release) [ARM/embedded-4_9-br
