--------------- Build Started: 02/06/2017 14:50:39 Project: WW101_AnalogCoProcessor, Configuration: ARM GCC 4.9-2015-q1-update Debug ---------------
cydsfit.exe -.appdatapath "C:\Users\Greg\AppData\Local\Cypress Semiconductor\PSoC Creator\4.0" -.fdsnotice -.fdswarpdepfile=warp_dependencies.txt -.fdselabdepfile=elab_dependencies.txt -.fdsbldfile=generated_files.txt -.fdsreffile=referenced_files.txt -p C:\Git\WA101\projects\PSoC\WW101_AnalogCoProcessor\WW101_AnalogCoProcessor.cydsn\WW101_AnalogCoProcessor.cyprj -d CY8C4A45LQI-483 -s C:\Git\WA101\projects\PSoC\WW101_AnalogCoProcessor\WW101_AnalogCoProcessor.cydsn\Generated_Source\PSoC4 -- -yv2 -q10 -ygs -o2 -v3 -.fftcfgtype=LE
Elaborating Design...
HDL Generation...
Synthesis...
Tech Mapping...
Analog Placement...
Analog Routing...
Analog Code Generation...
Digital Placement...
Digital Routing...
Info: pft.M0077: There is no timing information available for the selected device. Static timing checks will not be applied and digital routing will not be timing-driven. (App=cydsfit)
Bitstream Generation...
Bitstream Verification...
Static timing analysis...
API Generation...
Dependency Generation...
Cleanup...
arm-none-eabi-gcc.exe -mcpu=cortex-m0plus -mthumb -I. -IGenerated_Source\PSoC4 -Wa,-alh=.\CortexM0p\ARM_GCC_493\Debug/main.lst -g -D DEBUG -Wall -ffunction-sections -Og -ffat-lto-objects -c main.c -o .\CortexM0p\ARM_GCC_493\Debug\main.o
arm-none-eabi-gcc.exe -mcpu=cortex-m0plus -mthumb -I. -IGenerated_Source\PSoC4 -Wa,-alh=.\CortexM0p\ARM_GCC_493\Debug/cyfitter_cfg.lst -g -D DEBUG -Wall -ffunction-sections -Og -ffat-lto-objects -c Generated_Source\PSoC4\cyfitter_cfg.c -o .\CortexM0p\ARM_GCC_493\Debug\cyfitter_cfg.o
arm-none-eabi-gcc.exe -mcpu=cortex-m0plus -mthumb -I. -IGenerated_Source\PSoC4 -Wa,-alh=.\CortexM0p\ARM_GCC_493\Debug/EZI2C.lst -g -D DEBUG -Wall -ffunction-sections -Og -ffat-lto-objects -c Generated_Source\PSoC4\EZI2C.c -o .\CortexM0p\ARM_GCC_493\Debug\EZI2C.o
arm-none-eabi-gcc.exe -mcpu=cortex-m0plus -mthumb -I. -IGenerated_Source\PSoC4 -Wa,-alh=.\CortexM0p\ARM_GCC_493\Debug/EZI2C_PM.lst -g -D DEBUG -Wall -ffunction-sections -Og -ffat-lto-objects -c Generated_Source\PSoC4\EZI2C_PM.c -o .\CortexM0p\ARM_GCC_493\Debug\EZI2C_PM.o
arm-none-eabi-gcc.exe -mcpu=cortex-m0plus -mthumb -I. -IGenerated_Source\PSoC4 -Wa,-alh=.\CortexM0p\ARM_GCC_493\Debug/EZI2C_BOOT.lst -g -D DEBUG -Wall -ffunction-sections -Og -ffat-lto-objects -c Generated_Source\PSoC4\EZI2C_BOOT.c -o .\CortexM0p\ARM_GCC_493\Debug\EZI2C_BOOT.o
arm-none-eabi-gcc.exe -mcpu=cortex-m0plus -mthumb -I. -IGenerated_Source\PSoC4 -Wa,-alh=.\CortexM0p\ARM_GCC_493\Debug/EZI2C_EZI2C.lst -g -D DEBUG -Wall -ffunction-sections -Og -ffat-lto-objects -c Generated_Source\PSoC4\EZI2C_EZI2C.c -o .\CortexM0p\ARM_GCC_493\Debug\EZI2C_EZI2C.o
arm-none-eabi-gcc.exe -mcpu=cortex-m0plus -mthumb -I. -IGenerated_Source\PSoC4 -Wa,-alh=.\CortexM0p\ARM_GCC_493\Debug/EZI2C_EZI2C_INT.lst -g -D DEBUG -Wall -ffunction-sections -Og -ffat-lto-objects -c Generated_Source\PSoC4\EZI2C_EZI2C_INT.c -o .\CortexM0p\ARM_GCC_493\Debug\EZI2C_EZI2C_INT.o
arm-none-eabi-gcc.exe -mcpu=cortex-m0plus -mthumb -I. -IGenerated_Source\PSoC4 -Wa,-alh=.\CortexM0p\ARM_GCC_493\Debug/EZI2C_EZI2C_BOOT.lst -g -D DEBUG -Wall -ffunction-sections -Og -ffat-lto-objects -c Generated_Source\PSoC4\EZI2C_EZI2C_BOOT.c -o .\CortexM0p\ARM_GCC_493\Debug\EZI2C_EZI2C_BOOT.o
arm-none-eabi-ar.exe -rs .\CortexM0p\ARM_GCC_493\Debug\WW101_AnalogCoProcessor.a .\CortexM0p\ARM_GCC_493\Debug\cyfitter_cfg.o .\CortexM0p\ARM_GCC_493\Debug\Pin_Vhi.o .\CortexM0p\ARM_GCC_493\Debug\Pin_Vhi_PM.o .\CortexM0p\ARM_GCC_493\Debug\Pin_Vtherm.o .\CortexM0p\ARM_GCC_493\Debug\Pin_Vtherm_PM.o .\CortexM0p\ARM_GCC_493\Debug\Pin_Vlow.o .\CortexM0p\ARM_GCC_493\Debug\Pin_Vlow_PM.o .\CortexM0p\ARM_GCC_493\Debug\Thermistor.o .\CortexM0p\ARM_GCC_493\Debug\VrefBuffer.o .\CortexM0p\ARM_GCC_493\Debug\VrefBuffer_PM.o .\CortexM0p\ARM_GCC_493\Debug\ADC.o .\CortexM0p\ARM_GCC_493\Debug\ADC_PM.o .\CortexM0p\ARM_GCC_493\Debug\ADC_INIT.o .\CortexM0p\ARM_GCC_493\Debug\ADC_INT.o .\CortexM0p\ARM_GCC_493\Debug\EZI2C.o .\CortexM0p\ARM_GCC_493\Debug\EZI2C_PM.o .\CortexM0p\ARM_GCC_493\Debug\EZI2C_BOOT.o .\CortexM0p\ARM_GCC_493\Debug\EZI2C_EZI2C.o .\CortexM0p\ARM_GCC_493\Debug\EZI2C_EZI2C_INT.o .\CortexM0p\ARM_GCC_493\Debug\EZI2C_EZI2C_BOOT.o .\CortexM0p\ARM_GCC_493\Debug\PVref.o .\CortexM0p\ARM_GCC_493\Debug\PVref_PM.o .\CortexM0p\ARM_GCC_493\Debug\Pin_Vref.o .\CortexM0p\ARM_GCC_493\Debug\Pin_Vref_PM.o .\CortexM0p\ARM_GCC_493\Debug\ADC_intSarClock.o .\CortexM0p\ARM_GCC_493\Debug\ADC_IRQ.o .\CortexM0p\ARM_GCC_493\Debug\ADC_intUabClock.o .\CortexM0p\ARM_GCC_493\Debug\EZI2C_SCBCLK.o .\CortexM0p\ARM_GCC_493\Debug\EZI2C_sda.o .\CortexM0p\ARM_GCC_493\Debug\EZI2C_sda_PM.o .\CortexM0p\ARM_GCC_493\Debug\EZI2C_scl.o .\CortexM0p\ARM_GCC_493\Debug\EZI2C_scl_PM.o .\CortexM0p\ARM_GCC_493\Debug\EZI2C_SCB_IRQ.o .\CortexM0p\ARM_GCC_493\Debug\CyFlash.o .\CortexM0p\ARM_GCC_493\Debug\CyLib.o .\CortexM0p\ARM_GCC_493\Debug\cyPm.o .\CortexM0p\ARM_GCC_493\Debug\cyutils.o .\CortexM0p\ARM_GCC_493\Debug\CyDMA.o .\CortexM0p\ARM_GCC_493\Debug\CyLFClk.o .\CortexM0p\ARM_GCC_493\Debug\GreenLED.o .\CortexM0p\ARM_GCC_493\Debug\GreenLED_PM.o .\CortexM0p\ARM_GCC_493\Debug\RedLED.o .\CortexM0p\ARM_GCC_493\Debug\RedLED_PM.o .\CortexM0p\ARM_GCC_493\Debug\BlueLED.o .\CortexM0p\ARM_GCC_493\Debug\BlueLED_PM.o .\CortexM0p\ARM_GCC_493\Debug\CSD_Control.o .\CortexM0p\ARM_GCC_493\Debug\CSD_Processing.o .\CortexM0p\ARM_GCC_493\Debug\CSD_Structure.o .\CortexM0p\ARM_GCC_493\Debug\CSD_Tuner.o .\CortexM0p\ARM_GCC_493\Debug\CSD_Filter.o .\CortexM0p\ARM_GCC_493\Debug\CSD_Sensing.o .\CortexM0p\ARM_GCC_493\Debug\CSD_INT.o .\CortexM0p\ARM_GCC_493\Debug\CSD_SensingCSD_LL.o .\CortexM0p\ARM_GCC_493\Debug\CSD_ISR.o .\CortexM0p\ARM_GCC_493\Debug\A1.o .\CortexM0p\ARM_GCC_493\Debug\A1_PM.o .\CortexM0p\ARM_GCC_493\Debug\CyBootAsmGnu.o
arm-none-eabi-ar.exe: creating .\CortexM0p\ARM_GCC_493\Debug\WW101_AnalogCoProcessor.a
arm-none-eabi-gcc.exe -Wl,--start-group -o .\CortexM0p\ARM_GCC_493\Debug\WW101_AnalogCoProcessor.elf .\CortexM0p\ARM_GCC_493\Debug\main.o .\CortexM0p\ARM_GCC_493\Debug\cymetadata.o .\CortexM0p\ARM_GCC_493\Debug\Cm0plusStart.o .\CortexM0p\ARM_GCC_493\Debug\WW101_AnalogCoProcessor.a "C:\Program Files (x86)\Cypress\PSoC Creator\4.0\PSoC Creator\psoc\content\cycomponentlibrary\CyComponentLibrary.cylib\CapSense_P4_v3_10\PSoC4\Library\Capsense_P4Library_GCCp.a" -mcpu=cortex-m0plus -mthumb -g -ffunction-sections -Og -ffat-lto-objects -L Generated_Source\PSoC4 -Wl,-Map,.\CortexM0p\ARM_GCC_493\Debug/WW101_AnalogCoProcessor.map -T C:\Git\WA101\projects\PSoC\WW101_AnalogCoProcessor\WW101_AnalogCoProcessor.cydsn\Generated_Source\PSoC4\cm0plusgcc.ld -specs=nano.specs -Wl,--gc-sections -Wl,--end-group
cyelftool.exe -C C:\Git\WA101\projects\PSoC\WW101_AnalogCoProcessor\WW101_AnalogCoProcessor.cydsn\CortexM0p\ARM_GCC_493\Debug\WW101_AnalogCoProcessor.elf --flash_row_size 128 --flash_size 32768
cyelftool.exe -S C:\Git\WA101\projects\PSoC\WW101_AnalogCoProcessor\WW101_AnalogCoProcessor.cydsn\CortexM0p\ARM_GCC_493\Debug\WW101_AnalogCoProcessor.elf
Flash used: 19094 of 32768 bytes (58.3 %).
SRAM used: 2664 of 4096 bytes (65.0 %). Stack: 2048 bytes. Heap: 128 bytes.
--------------- Build Succeeded: 02/06/2017 14:51:00 ---------------
