ARM GAS  C:\Users\Greg\AppData\Local\Temp\ccRaKVW3.s 			page 1


   1              		.cpu cortex-m0plus
   2              		.fpu softvfp
   3              		.eabi_attribute 20, 1
   4              		.eabi_attribute 21, 1
   5              		.eabi_attribute 23, 3
   6              		.eabi_attribute 24, 1
   7              		.eabi_attribute 25, 1
   8              		.eabi_attribute 26, 1
   9              		.eabi_attribute 30, 1
  10              		.eabi_attribute 34, 0
  11              		.eabi_attribute 18, 4
  12              		.code	16
  13              		.file	"CSD_Tuner.c"
  14              		.text
  15              	.Ltext0:
  16              		.cfi_sections	.debug_frame
  17              		.section	.text.CSD_TuInitialize,"ax",%progbits
  18              		.align	2
  19              		.global	CSD_TuInitialize
  20              		.code	16
  21              		.thumb_func
  22              		.type	CSD_TuInitialize, %function
  23              	CSD_TuInitialize:
  24              	.LFB1:
  25              		.file 1 "Generated_Source\\PSoC4\\CSD_Tuner.c"
   1:Generated_Source\PSoC4/CSD_Tuner.c **** /***************************************************************************//**
   2:Generated_Source\PSoC4/CSD_Tuner.c **** * \file CSD_Tuner.c
   3:Generated_Source\PSoC4/CSD_Tuner.c **** * \version 3.10
   4:Generated_Source\PSoC4/CSD_Tuner.c **** *
   5:Generated_Source\PSoC4/CSD_Tuner.c **** * \brief
   6:Generated_Source\PSoC4/CSD_Tuner.c **** * This file provides the source code for the Tuner module API of the Component.
   7:Generated_Source\PSoC4/CSD_Tuner.c **** *
   8:Generated_Source\PSoC4/CSD_Tuner.c **** * \see CapSense P4 v3.10 Datasheet
   9:Generated_Source\PSoC4/CSD_Tuner.c **** * 
  10:Generated_Source\PSoC4/CSD_Tuner.c **** *//*****************************************************************************
  11:Generated_Source\PSoC4/CSD_Tuner.c **** * Copyright (2016), Cypress Semiconductor Corporation.
  12:Generated_Source\PSoC4/CSD_Tuner.c **** ********************************************************************************
  13:Generated_Source\PSoC4/CSD_Tuner.c **** * This software is owned by Cypress Semiconductor Corporation (Cypress) and is
  14:Generated_Source\PSoC4/CSD_Tuner.c **** * protected by and subject to worldwide patent protection (United States and
  15:Generated_Source\PSoC4/CSD_Tuner.c **** * foreign), United States copyright laws and international treaty provisions.
  16:Generated_Source\PSoC4/CSD_Tuner.c **** * Cypress hereby grants to licensee a personal, non-exclusive, non-transferable
  17:Generated_Source\PSoC4/CSD_Tuner.c **** * license to copy, use, modify, create derivative works of, and compile the
  18:Generated_Source\PSoC4/CSD_Tuner.c **** * Cypress Source Code and derivative works for the sole purpose of creating
  19:Generated_Source\PSoC4/CSD_Tuner.c **** * custom software in support of licensee product to be used only in conjunction
  20:Generated_Source\PSoC4/CSD_Tuner.c **** * with a Cypress integrated circuit as specified in the applicable agreement.
  21:Generated_Source\PSoC4/CSD_Tuner.c **** * Any reproduction, modification, translation, compilation, or representation of
  22:Generated_Source\PSoC4/CSD_Tuner.c **** * this software except as specified above is prohibited without the express
  23:Generated_Source\PSoC4/CSD_Tuner.c **** * written permission of Cypress.
  24:Generated_Source\PSoC4/CSD_Tuner.c **** *
  25:Generated_Source\PSoC4/CSD_Tuner.c **** * Disclaimer: CYPRESS MAKES NO WARRANTY OF ANY KIND, EXPRESS OR IMPLIED, WITH
  26:Generated_Source\PSoC4/CSD_Tuner.c **** * REGARD TO THIS MATERIAL, INCLUDING, BUT NOT LIMITED TO, THE IMPLIED
  27:Generated_Source\PSoC4/CSD_Tuner.c **** * WARRANTIES OF MERCHANTABILITY AND FITNESS FOR A PARTICULAR PURPOSE.
  28:Generated_Source\PSoC4/CSD_Tuner.c **** * Cypress reserves the right to make changes without further notice to the
  29:Generated_Source\PSoC4/CSD_Tuner.c **** * materials described herein. Cypress does not assume any liability arising out
  30:Generated_Source\PSoC4/CSD_Tuner.c **** * of the application or use of any product or circuit described herein. Cypress
  31:Generated_Source\PSoC4/CSD_Tuner.c **** * does not authorize its products for use as critical components in life-support
  32:Generated_Source\PSoC4/CSD_Tuner.c **** * systems where a malfunction or failure may reasonably be expected to result in
ARM GAS  C:\Users\Greg\AppData\Local\Temp\ccRaKVW3.s 			page 2


  33:Generated_Source\PSoC4/CSD_Tuner.c **** * significant injury to the user. The inclusion of Cypress' product in a life-
  34:Generated_Source\PSoC4/CSD_Tuner.c **** * support systems application implies that the manufacturer assumes all risk of
  35:Generated_Source\PSoC4/CSD_Tuner.c **** * such use and in doing so indemnifies Cypress against all charges. Use may be
  36:Generated_Source\PSoC4/CSD_Tuner.c **** * limited by and subject to the applicable Cypress software license agreement.
  37:Generated_Source\PSoC4/CSD_Tuner.c **** *******************************************************************************/
  38:Generated_Source\PSoC4/CSD_Tuner.c **** 
  39:Generated_Source\PSoC4/CSD_Tuner.c **** #include "cytypes.h"
  40:Generated_Source\PSoC4/CSD_Tuner.c **** #include "CyLib.h"
  41:Generated_Source\PSoC4/CSD_Tuner.c **** #include "CSD_Structure.h"
  42:Generated_Source\PSoC4/CSD_Tuner.c **** #include "CSD_Tuner.h"
  43:Generated_Source\PSoC4/CSD_Tuner.c **** #include "CSD_Control.h"
  44:Generated_Source\PSoC4/CSD_Tuner.c **** 
  45:Generated_Source\PSoC4/CSD_Tuner.c **** /* Tuner states definition */
  46:Generated_Source\PSoC4/CSD_Tuner.c **** #define TU_FSM_RUNNING      (0u)
  47:Generated_Source\PSoC4/CSD_Tuner.c **** #define TU_FSM_SUSPENDED    (1u)
  48:Generated_Source\PSoC4/CSD_Tuner.c **** #define TU_FSM_SNR_TEST     (2u)
  49:Generated_Source\PSoC4/CSD_Tuner.c **** 
  50:Generated_Source\PSoC4/CSD_Tuner.c **** /* Tuner state variable */
  51:Generated_Source\PSoC4/CSD_Tuner.c **** static uint32 tunerFsm = TU_FSM_RUNNING;
  52:Generated_Source\PSoC4/CSD_Tuner.c **** 
  53:Generated_Source\PSoC4/CSD_Tuner.c **** 
  54:Generated_Source\PSoC4/CSD_Tuner.c **** /*******************************************************************************
  55:Generated_Source\PSoC4/CSD_Tuner.c **** * Function Name: CSD_TuInitialize
  56:Generated_Source\PSoC4/CSD_Tuner.c **** ****************************************************************************//**
  57:Generated_Source\PSoC4/CSD_Tuner.c **** *
  58:Generated_Source\PSoC4/CSD_Tuner.c **** * \brief
  59:Generated_Source\PSoC4/CSD_Tuner.c **** *   This function initializes the communication interface with the Tuner GUI.
  60:Generated_Source\PSoC4/CSD_Tuner.c **** *
  61:Generated_Source\PSoC4/CSD_Tuner.c **** * \details
  62:Generated_Source\PSoC4/CSD_Tuner.c **** *   This API sets the tuner state machine to the default state. It is called by
  63:Generated_Source\PSoC4/CSD_Tuner.c **** *   the CSD_Start() API.
  64:Generated_Source\PSoC4/CSD_Tuner.c **** *
  65:Generated_Source\PSoC4/CSD_Tuner.c **** *******************************************************************************/
  66:Generated_Source\PSoC4/CSD_Tuner.c **** void CSD_TuInitialize(void)
  67:Generated_Source\PSoC4/CSD_Tuner.c **** {
  26              		.loc 1 67 0
  27              		.cfi_startproc
  28              	.LVL0:
  68:Generated_Source\PSoC4/CSD_Tuner.c ****     volatile CSD_RAM_STRUCT *ptrDsRam = &CSD_dsRam;
  69:Generated_Source\PSoC4/CSD_Tuner.c ****     
  70:Generated_Source\PSoC4/CSD_Tuner.c ****     ptrDsRam->tunerCmd = (uint16)CSD_TU_CMD_NONE_E;
  29              		.loc 1 70 0
  30 0000 0023     		mov	r3, #0
  31 0002 024A     		ldr	r2, .L2
  32 0004 9380     		strh	r3, [r2, #4]
  71:Generated_Source\PSoC4/CSD_Tuner.c ****     tunerFsm = TU_FSM_RUNNING;
  33              		.loc 1 71 0
  34 0006 024A     		ldr	r2, .L2+4
  35 0008 1360     		str	r3, [r2]
  72:Generated_Source\PSoC4/CSD_Tuner.c **** }
  36              		.loc 1 72 0
  37              		@ sp needed
  38 000a 7047     		bx	lr
  39              	.L3:
  40              		.align	2
  41              	.L2:
  42 000c 00000000 		.word	CSD_dsRam
ARM GAS  C:\Users\Greg\AppData\Local\Temp\ccRaKVW3.s 			page 3


  43 0010 00000000 		.word	.LANCHOR0
  44              		.cfi_endproc
  45              	.LFE1:
  46              		.size	CSD_TuInitialize, .-CSD_TuInitialize
  47              		.section	.text.CSD_RunTuner,"ax",%progbits
  48              		.align	2
  49              		.global	CSD_RunTuner
  50              		.code	16
  51              		.thumb_func
  52              		.type	CSD_RunTuner, %function
  53              	CSD_RunTuner:
  54              	.LFB2:
  73:Generated_Source\PSoC4/CSD_Tuner.c **** 
  74:Generated_Source\PSoC4/CSD_Tuner.c **** /*******************************************************************************
  75:Generated_Source\PSoC4/CSD_Tuner.c **** * Function Name: CSD_RunTuner
  76:Generated_Source\PSoC4/CSD_Tuner.c **** ****************************************************************************//**
  77:Generated_Source\PSoC4/CSD_Tuner.c **** *
  78:Generated_Source\PSoC4/CSD_Tuner.c **** * \brief
  79:Generated_Source\PSoC4/CSD_Tuner.c **** *  Establishes synchronized communication with the Tuner application.
  80:Generated_Source\PSoC4/CSD_Tuner.c **** *
  81:Generated_Source\PSoC4/CSD_Tuner.c **** * \details
  82:Generated_Source\PSoC4/CSD_Tuner.c **** *  This function is used to establish synchronized communication between the 
  83:Generated_Source\PSoC4/CSD_Tuner.c **** *  CSD component and Tuner application (or other host controllers).
  84:Generated_Source\PSoC4/CSD_Tuner.c **** *  This function should be called periodically in the application program loop 
  85:Generated_Source\PSoC4/CSD_Tuner.c **** *  to serve the Tuner application (or host controller) requests and commands. 
  86:Generated_Source\PSoC4/CSD_Tuner.c **** *  In most cases, the best place to call this function is after processing and 
  87:Generated_Source\PSoC4/CSD_Tuner.c **** *  before next scanning. 
  88:Generated_Source\PSoC4/CSD_Tuner.c **** *  
  89:Generated_Source\PSoC4/CSD_Tuner.c **** *  If this function is absent in the application program, then communication is 
  90:Generated_Source\PSoC4/CSD_Tuner.c **** *  asynchronous and the following disadvantages are applicable:
  91:Generated_Source\PSoC4/CSD_Tuner.c **** *    - The raw counts displayed in the tuner may be filtered and/or unfiltered 
  92:Generated_Source\PSoC4/CSD_Tuner.c **** *      firmware and as a result, noise and SNR measurements will not be 
  93:Generated_Source\PSoC4/CSD_Tuner.c **** *      accurate.
  94:Generated_Source\PSoC4/CSD_Tuner.c **** *    - The Tuner may read the sensor data such as raw counts from a scan 
  95:Generated_Source\PSoC4/CSD_Tuner.c **** *      multiple times, as a result, noise and SNR measurement will not be 
  96:Generated_Source\PSoC4/CSD_Tuner.c **** *      accurate.
  97:Generated_Source\PSoC4/CSD_Tuner.c **** *    - The Tuner and host controller should not change the component parameters 
  98:Generated_Source\PSoC4/CSD_Tuner.c **** *      via the tuner interface. Changing the component parameters via the tuner 
  99:Generated_Source\PSoC4/CSD_Tuner.c **** *      interface in the async mode will result in abnormal behavior from the 
 100:Generated_Source\PSoC4/CSD_Tuner.c **** *      component.
 101:Generated_Source\PSoC4/CSD_Tuner.c **** *  
 102:Generated_Source\PSoC4/CSD_Tuner.c **** *  Note that calling this function is not mandatory for the application, but 
 103:Generated_Source\PSoC4/CSD_Tuner.c **** *  required only to synchronize the communication with the host controller or 
 104:Generated_Source\PSoC4/CSD_Tuner.c **** *  tuner application.
 105:Generated_Source\PSoC4/CSD_Tuner.c **** *
 106:Generated_Source\PSoC4/CSD_Tuner.c **** * \return
 107:Generated_Source\PSoC4/CSD_Tuner.c **** *  In some cases, the application program may need to know if the component was
 108:Generated_Source\PSoC4/CSD_Tuner.c **** *  re-initialized. The return indicates if a restart command was executed or not: 
 109:Generated_Source\PSoC4/CSD_Tuner.c **** *    - CSD_STATUS_RESTART_DONE based on a received command, the 
 110:Generated_Source\PSoC4/CSD_Tuner.c **** *      component was restarted.
 111:Generated_Source\PSoC4/CSD_Tuner.c **** *    -  CSD_STATUS_RESTART_NONE, no restart was executed by this 
 112:Generated_Source\PSoC4/CSD_Tuner.c **** *      function.
 113:Generated_Source\PSoC4/CSD_Tuner.c **** *
 114:Generated_Source\PSoC4/CSD_Tuner.c **** *******************************************************************************/
 115:Generated_Source\PSoC4/CSD_Tuner.c **** uint32 CSD_RunTuner(void)
 116:Generated_Source\PSoC4/CSD_Tuner.c **** {
  55              		.loc 1 116 0
ARM GAS  C:\Users\Greg\AppData\Local\Temp\ccRaKVW3.s 			page 4


  56              		.cfi_startproc
  57 0000 38B5     		push	{r3, r4, r5, lr}
  58              		.cfi_def_cfa_offset 16
  59              		.cfi_offset 3, -16
  60              		.cfi_offset 4, -12
  61              		.cfi_offset 5, -8
  62              		.cfi_offset 14, -4
  63              	.LVL1:
 117:Generated_Source\PSoC4/CSD_Tuner.c ****     uint8  critSect;
 118:Generated_Source\PSoC4/CSD_Tuner.c ****     uint32 widgetId;
 119:Generated_Source\PSoC4/CSD_Tuner.c ****     uint32 sensorId;
 120:Generated_Source\PSoC4/CSD_Tuner.c ****     uint32 updateFlag = 0Lu;
 121:Generated_Source\PSoC4/CSD_Tuner.c ****     CSD_TU_CMD_ENUM command;
 122:Generated_Source\PSoC4/CSD_Tuner.c ****     uint32 tunerStatus = CSD_STATUS_RESTART_NONE;
  64              		.loc 1 122 0
  65 0002 0025     		mov	r5, #0
 120:Generated_Source\PSoC4/CSD_Tuner.c ****     CSD_TU_CMD_ENUM command;
  66              		.loc 1 120 0
  67 0004 0022     		mov	r2, #0
  68              	.LVL2:
  69              	.L14:
 123:Generated_Source\PSoC4/CSD_Tuner.c ****     
 124:Generated_Source\PSoC4/CSD_Tuner.c ****     volatile CSD_RAM_STRUCT *ptrDsRam;
 125:Generated_Source\PSoC4/CSD_Tuner.c ****     volatile CSD_RAM_SNS_STRUCT *ptrSns;
 126:Generated_Source\PSoC4/CSD_Tuner.c ****     
 127:Generated_Source\PSoC4/CSD_Tuner.c ****     ptrDsRam = &CSD_dsRam;
 128:Generated_Source\PSoC4/CSD_Tuner.c ****     
 129:Generated_Source\PSoC4/CSD_Tuner.c ****     do 
 130:Generated_Source\PSoC4/CSD_Tuner.c ****     {
 131:Generated_Source\PSoC4/CSD_Tuner.c ****         command = (CSD_TU_CMD_ENUM)ptrDsRam->tunerCmd;
  70              		.loc 1 131 0
  71 0006 334B     		ldr	r3, .L17
  72 0008 9C88     		ldrh	r4, [r3, #4]
  73 000a E4B2     		uxtb	r4, r4
  74              	.LVL3:
 132:Generated_Source\PSoC4/CSD_Tuner.c ****         
 133:Generated_Source\PSoC4/CSD_Tuner.c ****         /* Check command register */
 134:Generated_Source\PSoC4/CSD_Tuner.c ****         switch (command)
  75              		.loc 1 134 0
  76 000c 052C     		cmp	r4, #5
  77 000e 1AD8     		bhi	.L11
  78 0010 A300     		lsl	r3, r4, #2
  79 0012 3149     		ldr	r1, .L17+4
  80 0014 CB58     		ldr	r3, [r1, r3]
  81 0016 9F46     		mov	pc, r3
  82              		.section	.rodata
  83              		.align	2
  84              	.L7:
  85 0000 46000000 		.word	.L11
  86 0004 18000000 		.word	.L6
  87 0008 20000000 		.word	.L8
  88 000c 2A000000 		.word	.L9
  89 0010 3A000000 		.word	.L10
  90 0014 44000000 		.word	.L16
  91              		.section	.text.CSD_RunTuner
  92              	.L6:
 135:Generated_Source\PSoC4/CSD_Tuner.c ****         {
ARM GAS  C:\Users\Greg\AppData\Local\Temp\ccRaKVW3.s 			page 5


 136:Generated_Source\PSoC4/CSD_Tuner.c ****         case CSD_TU_CMD_SUSPEND_E:
 137:Generated_Source\PSoC4/CSD_Tuner.c ****             tunerFsm = TU_FSM_SUSPENDED;
  93              		.loc 1 137 0
  94 0018 0122     		mov	r2, #1
  95              	.LVL4:
  96 001a 304B     		ldr	r3, .L17+8
  97 001c 1A60     		str	r2, [r3]
  98              	.LVL5:
 138:Generated_Source\PSoC4/CSD_Tuner.c ****             updateFlag = 1Lu;
 139:Generated_Source\PSoC4/CSD_Tuner.c ****             break;
  99              		.loc 1 139 0
 100 001e 12E0     		b	.L11
 101              	.LVL6:
 102              	.L8:
 140:Generated_Source\PSoC4/CSD_Tuner.c ****             
 141:Generated_Source\PSoC4/CSD_Tuner.c ****         case CSD_TU_CMD_RESUME_E:    
 142:Generated_Source\PSoC4/CSD_Tuner.c ****             tunerFsm = TU_FSM_RUNNING;
 103              		.loc 1 142 0
 104 0020 0022     		mov	r2, #0
 105              	.LVL7:
 106 0022 2E4B     		ldr	r3, .L17+8
 107 0024 1A60     		str	r2, [r3]
 108              	.LVL8:
 143:Generated_Source\PSoC4/CSD_Tuner.c ****             updateFlag = 1Lu;
 109              		.loc 1 143 0
 110 0026 0132     		add	r2, r2, #1
 144:Generated_Source\PSoC4/CSD_Tuner.c ****             break;
 111              		.loc 1 144 0
 112 0028 0DE0     		b	.L11
 113              	.LVL9:
 114              	.L9:
 145:Generated_Source\PSoC4/CSD_Tuner.c ****             
 146:Generated_Source\PSoC4/CSD_Tuner.c ****         case CSD_TU_CMD_RESTART_E:
 147:Generated_Source\PSoC4/CSD_Tuner.c ****             (void)CSD_Start();
 115              		.loc 1 147 0
 116 002a FFF7FEFF 		bl	CSD_Start
 117              	.LVL10:
 148:Generated_Source\PSoC4/CSD_Tuner.c ****             tunerStatus = CSD_STATUS_RESTART_DONE;
 149:Generated_Source\PSoC4/CSD_Tuner.c ****             tunerFsm = TU_FSM_RUNNING;
 118              		.loc 1 149 0
 119 002e 0022     		mov	r2, #0
 120 0030 2A4B     		ldr	r3, .L17+8
 121 0032 1A60     		str	r2, [r3]
 122              	.LVL11:
 148:Generated_Source\PSoC4/CSD_Tuner.c ****             tunerStatus = CSD_STATUS_RESTART_DONE;
 123              		.loc 1 148 0
 124 0034 0125     		mov	r5, #1
 150:Generated_Source\PSoC4/CSD_Tuner.c ****             updateFlag = 1Lu;
 125              		.loc 1 150 0
 126 0036 0132     		add	r2, r2, #1
 151:Generated_Source\PSoC4/CSD_Tuner.c ****             break;
 127              		.loc 1 151 0
 128 0038 05E0     		b	.L11
 129              	.LVL12:
 130              	.L10:
 152:Generated_Source\PSoC4/CSD_Tuner.c ****             
 153:Generated_Source\PSoC4/CSD_Tuner.c ****         case CSD_TU_CMD_RUN_SNR_TEST_E:
ARM GAS  C:\Users\Greg\AppData\Local\Temp\ccRaKVW3.s 			page 6


 154:Generated_Source\PSoC4/CSD_Tuner.c ****             tunerFsm = TU_FSM_SNR_TEST;
 131              		.loc 1 154 0
 132 003a 0222     		mov	r2, #2
 133              	.LVL13:
 134 003c 274B     		ldr	r3, .L17+8
 135 003e 1A60     		str	r2, [r3]
 136              	.LVL14:
 155:Generated_Source\PSoC4/CSD_Tuner.c ****             updateFlag = 1Lu;
 137              		.loc 1 155 0
 138 0040 013A     		sub	r2, r2, #1
 156:Generated_Source\PSoC4/CSD_Tuner.c ****             break;
 139              		.loc 1 156 0
 140 0042 00E0     		b	.L11
 141              	.LVL15:
 142              	.L16:
 157:Generated_Source\PSoC4/CSD_Tuner.c ****             
 158:Generated_Source\PSoC4/CSD_Tuner.c ****         case CSD_TU_CMD_PING_E:
 159:Generated_Source\PSoC4/CSD_Tuner.c ****             updateFlag = 1Lu;
 143              		.loc 1 159 0
 144 0044 0122     		mov	r2, #1
 145              	.LVL16:
 146              	.L11:
 160:Generated_Source\PSoC4/CSD_Tuner.c ****             break;
 161:Generated_Source\PSoC4/CSD_Tuner.c ****             
 162:Generated_Source\PSoC4/CSD_Tuner.c ****         default:
 163:Generated_Source\PSoC4/CSD_Tuner.c ****             break;
 164:Generated_Source\PSoC4/CSD_Tuner.c ****         }
 165:Generated_Source\PSoC4/CSD_Tuner.c ****         
 166:Generated_Source\PSoC4/CSD_Tuner.c ****         /* Set Complete flag in command register if needed */
 167:Generated_Source\PSoC4/CSD_Tuner.c ****         if (0Lu != updateFlag)
 147              		.loc 1 167 0
 148 0046 002A     		cmp	r2, #0
 149 0048 0FD0     		beq	.L12
 168:Generated_Source\PSoC4/CSD_Tuner.c ****         {
 169:Generated_Source\PSoC4/CSD_Tuner.c ****             critSect = CyEnterCriticalSection();
 150              		.loc 1 169 0
 151 004a FFF7FEFF 		bl	CyEnterCriticalSection
 152              	.LVL17:
 170:Generated_Source\PSoC4/CSD_Tuner.c ****             
 171:Generated_Source\PSoC4/CSD_Tuner.c ****             /* Check if command wasn't overwritten with new command */
 172:Generated_Source\PSoC4/CSD_Tuner.c ****             if (command == (CSD_TU_CMD_ENUM)ptrDsRam->tunerCmd)
 153              		.loc 1 172 0
 154 004e 214B     		ldr	r3, .L17
 155 0050 9B88     		ldrh	r3, [r3, #4]
 156 0052 DBB2     		uxtb	r3, r3
 157 0054 A342     		cmp	r3, r4
 158 0056 05D1     		bne	.L13
 173:Generated_Source\PSoC4/CSD_Tuner.c ****             {
 174:Generated_Source\PSoC4/CSD_Tuner.c ****                 ptrDsRam->tunerCmd |= CSD_TU_CMD_COMPLETE_BIT;
 159              		.loc 1 174 0
 160 0058 1E4A     		ldr	r2, .L17
 161 005a 9188     		ldrh	r1, [r2, #4]
 162 005c 8023     		mov	r3, #128
 163 005e 1B02     		lsl	r3, r3, #8
 164 0060 0B43     		orr	r3, r1
 165 0062 9380     		strh	r3, [r2, #4]
 166              	.L13:
ARM GAS  C:\Users\Greg\AppData\Local\Temp\ccRaKVW3.s 			page 7


 175:Generated_Source\PSoC4/CSD_Tuner.c ****             }
 176:Generated_Source\PSoC4/CSD_Tuner.c ****             CyExitCriticalSection(critSect);
 167              		.loc 1 176 0
 168 0064 FFF7FEFF 		bl	CyExitCriticalSection
 169              	.LVL18:
 177:Generated_Source\PSoC4/CSD_Tuner.c ****             
 178:Generated_Source\PSoC4/CSD_Tuner.c ****             updateFlag = 0Lu;
 170              		.loc 1 178 0
 171 0068 0022     		mov	r2, #0
 172              	.LVL19:
 173              	.L12:
 179:Generated_Source\PSoC4/CSD_Tuner.c ****         }
 180:Generated_Source\PSoC4/CSD_Tuner.c ****     } while (TU_FSM_SUSPENDED == tunerFsm);
 174              		.loc 1 180 0
 175 006a 1C4B     		ldr	r3, .L17+8
 176 006c 1B68     		ldr	r3, [r3]
 177 006e 012B     		cmp	r3, #1
 178 0070 C9D0     		beq	.L14
 181:Generated_Source\PSoC4/CSD_Tuner.c **** 
 182:Generated_Source\PSoC4/CSD_Tuner.c ****     /* Check for SNR Test mode and do appropriate actions */
 183:Generated_Source\PSoC4/CSD_Tuner.c ****     if (TU_FSM_SNR_TEST == tunerFsm)
 179              		.loc 1 183 0
 180 0072 022B     		cmp	r3, #2
 181 0074 2CD1     		bne	.L15
 184:Generated_Source\PSoC4/CSD_Tuner.c ****     {
 185:Generated_Source\PSoC4/CSD_Tuner.c ****         widgetId = ptrDsRam->snrTestWidgetId;
 182              		.loc 1 185 0
 183 0076 174A     		ldr	r2, .L17
 184              	.LVL20:
 185 0078 3A33     		add	r3, r3, #58
 186 007a D35C     		ldrb	r3, [r2, r3]
 187 007c DBB2     		uxtb	r3, r3
 188              	.LVL21:
 186:Generated_Source\PSoC4/CSD_Tuner.c ****         sensorId = ptrDsRam->snrTestSensorId;
 189              		.loc 1 186 0
 190 007e 3D21     		mov	r1, #61
 191 0080 525C     		ldrb	r2, [r2, r1]
 192 0082 D2B2     		uxtb	r2, r2
 193              	.LVL22:
 187:Generated_Source\PSoC4/CSD_Tuner.c ****         
 188:Generated_Source\PSoC4/CSD_Tuner.c ****         /* Check if widgetId and sensorId are in range, 
 189:Generated_Source\PSoC4/CSD_Tuner.c ****          * and data was updated in RAM (scan counter changed) 
 190:Generated_Source\PSoC4/CSD_Tuner.c ****          */
 191:Generated_Source\PSoC4/CSD_Tuner.c ****         if ((widgetId < CSD_TOTAL_WIDGETS)              && 
 194              		.loc 1 191 0
 195 0084 002B     		cmp	r3, #0
 196 0086 23D1     		bne	.L15
 192:Generated_Source\PSoC4/CSD_Tuner.c ****             (sensorId < CSD_GET_SENSOR_COUNT(widgetId)) &&
 197              		.loc 1 192 0 discriminator 1
 198 0088 D900     		lsl	r1, r3, #3
 199 008a C91A     		sub	r1, r1, r3
 200 008c 8900     		lsl	r1, r1, #2
 201 008e 1448     		ldr	r0, .L17+12
 202 0090 4118     		add	r1, r0, r1
 203 0092 C98A     		ldrh	r1, [r1, #22]
 191:Generated_Source\PSoC4/CSD_Tuner.c ****             (sensorId < CSD_GET_SENSOR_COUNT(widgetId)) &&
 204              		.loc 1 191 0 discriminator 1
ARM GAS  C:\Users\Greg\AppData\Local\Temp\ccRaKVW3.s 			page 8


 205 0094 9142     		cmp	r1, r2
 206 0096 1BD9     		bls	.L15
 193:Generated_Source\PSoC4/CSD_Tuner.c ****             (ptrDsRam->scanCounter != ptrDsRam->snrTestScanCounter))
 207              		.loc 1 193 0
 208 0098 0E48     		ldr	r0, .L17
 209 009a C188     		ldrh	r1, [r0, #6]
 210 009c C08F     		ldrh	r0, [r0, #62]
 211 009e 89B2     		uxth	r1, r1
 192:Generated_Source\PSoC4/CSD_Tuner.c ****             (sensorId < CSD_GET_SENSOR_COUNT(widgetId)) &&
 212              		.loc 1 192 0
 213 00a0 8142     		cmp	r1, r0
 214 00a2 15D0     		beq	.L15
 194:Generated_Source\PSoC4/CSD_Tuner.c ****         {
 195:Generated_Source\PSoC4/CSD_Tuner.c ****             /* Get access to the Sensor Object */
 196:Generated_Source\PSoC4/CSD_Tuner.c ****             ptrSns = CSD_dsFlash.wdgtArray[widgetId].ptr2SnsRam;
 215              		.loc 1 196 0
 216 00a4 D900     		lsl	r1, r3, #3
 217 00a6 CB1A     		sub	r3, r1, r3
 218              	.LVL23:
 219 00a8 9B00     		lsl	r3, r3, #2
 220 00aa 0D49     		ldr	r1, .L17+12
 221 00ac CB18     		add	r3, r1, r3
 222 00ae 9C68     		ldr	r4, [r3, #8]
 223              	.LVL24:
 197:Generated_Source\PSoC4/CSD_Tuner.c ****             ptrSns += sensorId;
 224              		.loc 1 197 0
 225 00b0 9300     		lsl	r3, r2, #2
 226 00b2 9A18     		add	r2, r3, r2
 227              	.LVL25:
 228 00b4 5200     		lsl	r2, r2, #1
 229 00b6 A418     		add	r4, r4, r2
 230              	.LVL26:
 198:Generated_Source\PSoC4/CSD_Tuner.c ****             
 199:Generated_Source\PSoC4/CSD_Tuner.c ****             /* Update data in SNR Test Object */
 200:Generated_Source\PSoC4/CSD_Tuner.c ****             critSect = CyEnterCriticalSection();
 231              		.loc 1 200 0
 232 00b8 FFF7FEFF 		bl	CyEnterCriticalSection
 233              	.LVL27:
 201:Generated_Source\PSoC4/CSD_Tuner.c ****             ptrDsRam->snrTestScanCounter = ptrDsRam->scanCounter;
 234              		.loc 1 201 0
 235 00bc 054B     		ldr	r3, .L17
 236 00be DA88     		ldrh	r2, [r3, #6]
 237 00c0 92B2     		uxth	r2, r2
 238 00c2 DA87     		strh	r2, [r3, #62]
 202:Generated_Source\PSoC4/CSD_Tuner.c ****             ptrDsRam->snrTestRawCount[0u] = ptrSns->raw[0u];
 239              		.loc 1 202 0
 240 00c4 2288     		ldrh	r2, [r4]
 241 00c6 92B2     		uxth	r2, r2
 242 00c8 4021     		mov	r1, #64
 243 00ca 5A52     		strh	r2, [r3, r1]
 203:Generated_Source\PSoC4/CSD_Tuner.c ****             
 204:Generated_Source\PSoC4/CSD_Tuner.c ****             #if (0u != CSD_MULTI_FREQ_SCAN_EN)
 205:Generated_Source\PSoC4/CSD_Tuner.c ****                 ptrDsRam->snrTestRawCount[1u] = ptrSns->raw[1u];
 206:Generated_Source\PSoC4/CSD_Tuner.c ****                 ptrDsRam->snrTestRawCount[2u] = ptrSns->raw[2u];
 207:Generated_Source\PSoC4/CSD_Tuner.c ****             #endif
 208:Generated_Source\PSoC4/CSD_Tuner.c ****             
 209:Generated_Source\PSoC4/CSD_Tuner.c ****             CyExitCriticalSection(critSect);
ARM GAS  C:\Users\Greg\AppData\Local\Temp\ccRaKVW3.s 			page 9


 244              		.loc 1 209 0
 245 00cc FFF7FEFF 		bl	CyExitCriticalSection
 246              	.LVL28:
 247              	.L15:
 210:Generated_Source\PSoC4/CSD_Tuner.c ****         } 
 211:Generated_Source\PSoC4/CSD_Tuner.c ****     }
 212:Generated_Source\PSoC4/CSD_Tuner.c ****     return tunerStatus;
 213:Generated_Source\PSoC4/CSD_Tuner.c **** }
 248              		.loc 1 213 0
 249 00d0 281C     		mov	r0, r5
 250              		@ sp needed
 251              	.LVL29:
 252 00d2 38BD     		pop	{r3, r4, r5, pc}
 253              	.L18:
 254              		.align	2
 255              	.L17:
 256 00d4 00000000 		.word	CSD_dsRam
 257 00d8 00000000 		.word	.L7
 258 00dc 00000000 		.word	.LANCHOR0
 259 00e0 00000000 		.word	CSD_dsFlash
 260              		.cfi_endproc
 261              	.LFE2:
 262              		.size	CSD_RunTuner, .-CSD_RunTuner
 263              		.bss
 264              		.align	2
 265              		.set	.LANCHOR0,. + 0
 266              		.type	tunerFsm, %object
 267              		.size	tunerFsm, 4
 268              	tunerFsm:
 269 0000 00000000 		.space	4
 270              		.text
 271              	.Letext0:
 272              		.file 2 "Generated_Source\\PSoC4\\cytypes.h"
 273              		.file 3 "Generated_Source\\PSoC4\\CSD_Configuration.h"
 274              		.file 4 "Generated_Source\\PSoC4\\CSD_Structure.h"
 275              		.file 5 "Generated_Source\\PSoC4\\CSD_Tuner.h"
 276              		.file 6 "Generated_Source\\PSoC4\\CSD_Control.h"
 277              		.file 7 "Generated_Source\\PSoC4\\CyLib.h"
 278              		.section	.debug_info,"",%progbits
 279              	.Ldebug_info0:
 280 0000 90050000 		.4byte	0x590
 281 0004 0400     		.2byte	0x4
 282 0006 00000000 		.4byte	.Ldebug_abbrev0
 283 000a 04       		.byte	0x4
 284 000b 01       		.uleb128 0x1
 285 000c F6040000 		.4byte	.LASF89
 286 0010 01       		.byte	0x1
 287 0011 A6000000 		.4byte	.LASF90
 288 0015 DC000000 		.4byte	.LASF91
 289 0019 00000000 		.4byte	.Ldebug_ranges0+0
 290 001d 00000000 		.4byte	0
 291 0021 00000000 		.4byte	.Ldebug_line0
 292 0025 02       		.uleb128 0x2
 293 0026 01       		.byte	0x1
 294 0027 06       		.byte	0x6
 295 0028 80000000 		.4byte	.LASF0
 296 002c 02       		.uleb128 0x2
ARM GAS  C:\Users\Greg\AppData\Local\Temp\ccRaKVW3.s 			page 10


 297 002d 01       		.byte	0x1
 298 002e 08       		.byte	0x8
 299 002f 2C030000 		.4byte	.LASF1
 300 0033 02       		.uleb128 0x2
 301 0034 02       		.byte	0x2
 302 0035 05       		.byte	0x5
 303 0036 51030000 		.4byte	.LASF2
 304 003a 02       		.uleb128 0x2
 305 003b 02       		.byte	0x2
 306 003c 07       		.byte	0x7
 307 003d 52020000 		.4byte	.LASF3
 308 0041 02       		.uleb128 0x2
 309 0042 04       		.byte	0x4
 310 0043 05       		.byte	0x5
 311 0044 D3000000 		.4byte	.LASF4
 312 0048 02       		.uleb128 0x2
 313 0049 04       		.byte	0x4
 314 004a 07       		.byte	0x7
 315 004b F6010000 		.4byte	.LASF5
 316 004f 02       		.uleb128 0x2
 317 0050 08       		.byte	0x8
 318 0051 05       		.byte	0x5
 319 0052 72000000 		.4byte	.LASF6
 320 0056 02       		.uleb128 0x2
 321 0057 08       		.byte	0x8
 322 0058 07       		.byte	0x7
 323 0059 39000000 		.4byte	.LASF7
 324 005d 03       		.uleb128 0x3
 325 005e 04       		.byte	0x4
 326 005f 05       		.byte	0x5
 327 0060 696E7400 		.ascii	"int\000"
 328 0064 02       		.uleb128 0x2
 329 0065 04       		.byte	0x4
 330 0066 07       		.byte	0x7
 331 0067 D1010000 		.4byte	.LASF8
 332 006b 04       		.uleb128 0x4
 333 006c 41010000 		.4byte	.LASF9
 334 0070 02       		.byte	0x2
 335 0071 B901     		.2byte	0x1b9
 336 0073 2C000000 		.4byte	0x2c
 337 0077 04       		.uleb128 0x4
 338 0078 00000000 		.4byte	.LASF10
 339 007c 02       		.byte	0x2
 340 007d BA01     		.2byte	0x1ba
 341 007f 3A000000 		.4byte	0x3a
 342 0083 04       		.uleb128 0x4
 343 0084 8B010000 		.4byte	.LASF11
 344 0088 02       		.byte	0x2
 345 0089 BB01     		.2byte	0x1bb
 346 008b 48000000 		.4byte	0x48
 347 008f 02       		.uleb128 0x2
 348 0090 04       		.byte	0x4
 349 0091 04       		.byte	0x4
 350 0092 02030000 		.4byte	.LASF12
 351 0096 02       		.uleb128 0x2
 352 0097 08       		.byte	0x8
 353 0098 04       		.byte	0x4
ARM GAS  C:\Users\Greg\AppData\Local\Temp\ccRaKVW3.s 			page 11


 354 0099 5A010000 		.4byte	.LASF13
 355 009d 02       		.uleb128 0x2
 356 009e 01       		.byte	0x1
 357 009f 08       		.byte	0x8
 358 00a0 E7030000 		.4byte	.LASF14
 359 00a4 04       		.uleb128 0x4
 360 00a5 A7040000 		.4byte	.LASF15
 361 00a9 02       		.byte	0x2
 362 00aa 5B02     		.2byte	0x25b
 363 00ac 48000000 		.4byte	0x48
 364 00b0 02       		.uleb128 0x2
 365 00b1 04       		.byte	0x4
 366 00b2 07       		.byte	0x7
 367 00b3 C5020000 		.4byte	.LASF16
 368 00b7 05       		.uleb128 0x5
 369 00b8 04       		.byte	0x4
 370 00b9 06       		.uleb128 0x6
 371 00ba 92010000 		.4byte	.LASF17
 372 00be 03       		.byte	0x3
 373 00bf D8       		.byte	0xd8
 374 00c0 77000000 		.4byte	0x77
 375 00c4 06       		.uleb128 0x6
 376 00c5 08020000 		.4byte	.LASF18
 377 00c9 03       		.byte	0x3
 378 00ca DC       		.byte	0xdc
 379 00cb 6B000000 		.4byte	0x6b
 380 00cf 07       		.uleb128 0x7
 381 00d0 6B000000 		.4byte	0x6b
 382 00d4 DF000000 		.4byte	0xdf
 383 00d8 08       		.uleb128 0x8
 384 00d9 B0000000 		.4byte	0xb0
 385 00dd 00       		.byte	0
 386 00de 00       		.byte	0
 387 00df 09       		.uleb128 0x9
 388 00e0 0E       		.byte	0xe
 389 00e1 04       		.byte	0x4
 390 00e2 BF       		.byte	0xbf
 391 00e3 6C010000 		.4byte	0x16c
 392 00e7 0A       		.uleb128 0xa
 393 00e8 B1030000 		.4byte	.LASF19
 394 00ec 04       		.byte	0x4
 395 00ed C5       		.byte	0xc5
 396 00ee 77000000 		.4byte	0x77
 397 00f2 00       		.byte	0
 398 00f3 0A       		.uleb128 0xa
 399 00f4 C6040000 		.4byte	.LASF20
 400 00f8 04       		.byte	0x4
 401 00f9 CA       		.byte	0xca
 402 00fa B9000000 		.4byte	0xb9
 403 00fe 02       		.byte	0x2
 404 00ff 0A       		.uleb128 0xa
 405 0100 88050000 		.4byte	.LASF21
 406 0104 04       		.byte	0x4
 407 0105 CF       		.byte	0xcf
 408 0106 6B000000 		.4byte	0x6b
 409 010a 04       		.byte	0x4
 410 010b 0A       		.uleb128 0xa
ARM GAS  C:\Users\Greg\AppData\Local\Temp\ccRaKVW3.s 			page 12


 411 010c DB020000 		.4byte	.LASF22
 412 0110 04       		.byte	0x4
 413 0111 D4       		.byte	0xd4
 414 0112 6B000000 		.4byte	0x6b
 415 0116 05       		.byte	0x5
 416 0117 0A       		.uleb128 0xa
 417 0118 21030000 		.4byte	.LASF23
 418 011c 04       		.byte	0x4
 419 011d D9       		.byte	0xd9
 420 011e 6B000000 		.4byte	0x6b
 421 0122 06       		.byte	0x6
 422 0123 0A       		.uleb128 0xa
 423 0124 F3030000 		.4byte	.LASF24
 424 0128 04       		.byte	0x4
 425 0129 DE       		.byte	0xde
 426 012a 6B000000 		.4byte	0x6b
 427 012e 07       		.byte	0x7
 428 012f 0A       		.uleb128 0xa
 429 0130 40020000 		.4byte	.LASF25
 430 0134 04       		.byte	0x4
 431 0135 E4       		.byte	0xe4
 432 0136 C4000000 		.4byte	0xc4
 433 013a 08       		.byte	0x8
 434 013b 0A       		.uleb128 0xa
 435 013c 17030000 		.4byte	.LASF26
 436 0140 04       		.byte	0x4
 437 0141 E9       		.byte	0xe9
 438 0142 6B000000 		.4byte	0x6b
 439 0146 09       		.byte	0x9
 440 0147 0A       		.uleb128 0xa
 441 0148 B5020000 		.4byte	.LASF27
 442 014c 04       		.byte	0x4
 443 014d F0       		.byte	0xf0
 444 014e CF000000 		.4byte	0xcf
 445 0152 0A       		.byte	0xa
 446 0153 0A       		.uleb128 0xa
 447 0154 EC030000 		.4byte	.LASF28
 448 0158 04       		.byte	0x4
 449 0159 F7       		.byte	0xf7
 450 015a 6B000000 		.4byte	0x6b
 451 015e 0B       		.byte	0xb
 452 015f 0A       		.uleb128 0xa
 453 0160 9A040000 		.4byte	.LASF29
 454 0164 04       		.byte	0x4
 455 0165 FC       		.byte	0xfc
 456 0166 6B000000 		.4byte	0x6b
 457 016a 0C       		.byte	0xc
 458 016b 00       		.byte	0
 459 016c 06       		.uleb128 0x6
 460 016d FE030000 		.4byte	.LASF30
 461 0171 04       		.byte	0x4
 462 0172 FD       		.byte	0xfd
 463 0173 DF000000 		.4byte	0xdf
 464 0177 0B       		.uleb128 0xb
 465 0178 0E       		.byte	0xe
 466 0179 04       		.byte	0x4
 467 017a 0301     		.2byte	0x103
ARM GAS  C:\Users\Greg\AppData\Local\Temp\ccRaKVW3.s 			page 13


 468 017c 8E010000 		.4byte	0x18e
 469 0180 0C       		.uleb128 0xc
 470 0181 9E000000 		.4byte	.LASF31
 471 0185 04       		.byte	0x4
 472 0186 0801     		.2byte	0x108
 473 0188 6C010000 		.4byte	0x16c
 474 018c 00       		.byte	0
 475 018d 00       		.byte	0
 476 018e 04       		.uleb128 0x4
 477 018f 3A030000 		.4byte	.LASF32
 478 0193 04       		.byte	0x4
 479 0194 0901     		.2byte	0x109
 480 0196 77010000 		.4byte	0x177
 481 019a 0B       		.uleb128 0xb
 482 019b 0A       		.byte	0xa
 483 019c 04       		.byte	0x4
 484 019d 0F01     		.2byte	0x10f
 485 019f F2010000 		.4byte	0x1f2
 486 01a3 0D       		.uleb128 0xd
 487 01a4 72617700 		.ascii	"raw\000"
 488 01a8 04       		.byte	0x4
 489 01a9 1401     		.2byte	0x114
 490 01ab F2010000 		.4byte	0x1f2
 491 01af 00       		.byte	0
 492 01b0 0C       		.uleb128 0xc
 493 01b1 CC010000 		.4byte	.LASF33
 494 01b5 04       		.byte	0x4
 495 01b6 1901     		.2byte	0x119
 496 01b8 F2010000 		.4byte	0x1f2
 497 01bc 02       		.byte	0x2
 498 01bd 0C       		.uleb128 0xc
 499 01be AE010000 		.4byte	.LASF34
 500 01c2 04       		.byte	0x4
 501 01c3 1F01     		.2byte	0x11f
 502 01c5 CF000000 		.4byte	0xcf
 503 01c9 04       		.byte	0x4
 504 01ca 0C       		.uleb128 0xc
 505 01cb 5D000000 		.4byte	.LASF35
 506 01cf 04       		.byte	0x4
 507 01d0 2401     		.2byte	0x124
 508 01d2 B9000000 		.4byte	0xb9
 509 01d6 06       		.byte	0x6
 510 01d7 0C       		.uleb128 0xc
 511 01d8 20040000 		.4byte	.LASF36
 512 01dc 04       		.byte	0x4
 513 01dd 2901     		.2byte	0x129
 514 01df 02020000 		.4byte	0x202
 515 01e3 08       		.byte	0x8
 516 01e4 0C       		.uleb128 0xc
 517 01e5 17040000 		.4byte	.LASF37
 518 01e9 04       		.byte	0x4
 519 01ea 2F01     		.2byte	0x12f
 520 01ec CF000000 		.4byte	0xcf
 521 01f0 09       		.byte	0x9
 522 01f1 00       		.byte	0
 523 01f2 07       		.uleb128 0x7
 524 01f3 77000000 		.4byte	0x77
ARM GAS  C:\Users\Greg\AppData\Local\Temp\ccRaKVW3.s 			page 14


 525 01f7 02020000 		.4byte	0x202
 526 01fb 08       		.uleb128 0x8
 527 01fc B0000000 		.4byte	0xb0
 528 0200 00       		.byte	0
 529 0201 00       		.byte	0
 530 0202 07       		.uleb128 0x7
 531 0203 C4000000 		.4byte	0xc4
 532 0207 12020000 		.4byte	0x212
 533 020b 08       		.uleb128 0x8
 534 020c B0000000 		.4byte	0xb0
 535 0210 00       		.byte	0
 536 0211 00       		.byte	0
 537 0212 04       		.uleb128 0x4
 538 0213 47010000 		.4byte	.LASF38
 539 0217 04       		.byte	0x4
 540 0218 3001     		.2byte	0x130
 541 021a 9A010000 		.4byte	0x19a
 542 021e 0B       		.uleb128 0xb
 543 021f 14       		.byte	0x14
 544 0220 04       		.byte	0x4
 545 0221 3601     		.2byte	0x136
 546 0223 35020000 		.4byte	0x235
 547 0227 0C       		.uleb128 0xc
 548 0228 9E000000 		.4byte	.LASF31
 549 022c 04       		.byte	0x4
 550 022d 3B01     		.2byte	0x13b
 551 022f 35020000 		.4byte	0x235
 552 0233 00       		.byte	0
 553 0234 00       		.byte	0
 554 0235 07       		.uleb128 0x7
 555 0236 12020000 		.4byte	0x212
 556 023a 45020000 		.4byte	0x245
 557 023e 08       		.uleb128 0x8
 558 023f B0000000 		.4byte	0xb0
 559 0243 01       		.byte	0x1
 560 0244 00       		.byte	0
 561 0245 04       		.uleb128 0x4
 562 0246 C5030000 		.4byte	.LASF39
 563 024a 04       		.byte	0x4
 564 024b 3C01     		.2byte	0x13c
 565 024d 1E020000 		.4byte	0x21e
 566 0251 0B       		.uleb128 0xb
 567 0252 44       		.byte	0x44
 568 0253 04       		.byte	0x4
 569 0254 4301     		.2byte	0x143
 570 0256 2B030000 		.4byte	0x32b
 571 025a 0C       		.uleb128 0xc
 572 025b 6D020000 		.4byte	.LASF40
 573 025f 04       		.byte	0x4
 574 0260 4901     		.2byte	0x149
 575 0262 77000000 		.4byte	0x77
 576 0266 00       		.byte	0
 577 0267 0C       		.uleb128 0xc
 578 0268 8D020000 		.4byte	.LASF41
 579 026c 04       		.byte	0x4
 580 026d 4E01     		.2byte	0x14e
 581 026f 77000000 		.4byte	0x77
ARM GAS  C:\Users\Greg\AppData\Local\Temp\ccRaKVW3.s 			page 15


 582 0273 02       		.byte	0x2
 583 0274 0C       		.uleb128 0xc
 584 0275 F9020000 		.4byte	.LASF42
 585 0279 04       		.byte	0x4
 586 027a 5401     		.2byte	0x154
 587 027c 77000000 		.4byte	0x77
 588 0280 04       		.byte	0x4
 589 0281 0C       		.uleb128 0xc
 590 0282 ED020000 		.4byte	.LASF43
 591 0286 04       		.byte	0x4
 592 0287 5901     		.2byte	0x159
 593 0289 77000000 		.4byte	0x77
 594 028d 06       		.byte	0x6
 595 028e 0C       		.uleb128 0xc
 596 028f 53040000 		.4byte	.LASF44
 597 0293 04       		.byte	0x4
 598 0294 5E01     		.2byte	0x15e
 599 0296 83000000 		.4byte	0x83
 600 029a 08       		.byte	0x8
 601 029b 0C       		.uleb128 0xc
 602 029c 1E020000 		.4byte	.LASF45
 603 02a0 04       		.byte	0x4
 604 02a1 6301     		.2byte	0x163
 605 02a3 2B030000 		.4byte	0x32b
 606 02a7 0C       		.byte	0xc
 607 02a8 0C       		.uleb128 0xc
 608 02a9 C1010000 		.4byte	.LASF46
 609 02ad 04       		.byte	0x4
 610 02ae 6801     		.2byte	0x168
 611 02b0 2B030000 		.4byte	0x32b
 612 02b4 10       		.byte	0x10
 613 02b5 0C       		.uleb128 0xc
 614 02b6 C9000000 		.4byte	.LASF47
 615 02ba 04       		.byte	0x4
 616 02bb 7601     		.2byte	0x176
 617 02bd CF000000 		.4byte	0xcf
 618 02c1 14       		.byte	0x14
 619 02c2 0C       		.uleb128 0xc
 620 02c3 76020000 		.4byte	.LASF48
 621 02c7 04       		.byte	0x4
 622 02c8 7B01     		.2byte	0x17b
 623 02ca 77000000 		.4byte	0x77
 624 02ce 16       		.byte	0x16
 625 02cf 0C       		.uleb128 0xc
 626 02d0 96020000 		.4byte	.LASF49
 627 02d4 04       		.byte	0x4
 628 02d5 8001     		.2byte	0x180
 629 02d7 6B000000 		.4byte	0x6b
 630 02db 18       		.byte	0x18
 631 02dc 0C       		.uleb128 0xc
 632 02dd BC030000 		.4byte	.LASF50
 633 02e1 04       		.byte	0x4
 634 02e2 8501     		.2byte	0x185
 635 02e4 8E010000 		.4byte	0x18e
 636 02e8 1A       		.byte	0x1a
 637 02e9 0C       		.uleb128 0xc
 638 02ea 65020000 		.4byte	.LASF51
ARM GAS  C:\Users\Greg\AppData\Local\Temp\ccRaKVW3.s 			page 16


 639 02ee 04       		.byte	0x4
 640 02ef 8A01     		.2byte	0x18a
 641 02f1 45020000 		.4byte	0x245
 642 02f5 28       		.byte	0x28
 643 02f6 0C       		.uleb128 0xc
 644 02f7 DE010000 		.4byte	.LASF52
 645 02fb 04       		.byte	0x4
 646 02fc 8F01     		.2byte	0x18f
 647 02fe 6B000000 		.4byte	0x6b
 648 0302 3C       		.byte	0x3c
 649 0303 0C       		.uleb128 0xc
 650 0304 62000000 		.4byte	.LASF53
 651 0308 04       		.byte	0x4
 652 0309 9401     		.2byte	0x194
 653 030b 6B000000 		.4byte	0x6b
 654 030f 3D       		.byte	0x3d
 655 0310 0C       		.uleb128 0xc
 656 0311 E3040000 		.4byte	.LASF54
 657 0315 04       		.byte	0x4
 658 0316 9901     		.2byte	0x199
 659 0318 77000000 		.4byte	0x77
 660 031c 3E       		.byte	0x3e
 661 031d 0C       		.uleb128 0xc
 662 031e 61010000 		.4byte	.LASF55
 663 0322 04       		.byte	0x4
 664 0323 9E01     		.2byte	0x19e
 665 0325 F2010000 		.4byte	0x1f2
 666 0329 40       		.byte	0x40
 667 032a 00       		.byte	0
 668 032b 07       		.uleb128 0x7
 669 032c 83000000 		.4byte	0x83
 670 0330 3B030000 		.4byte	0x33b
 671 0334 08       		.uleb128 0x8
 672 0335 B0000000 		.4byte	0xb0
 673 0339 00       		.byte	0
 674 033a 00       		.byte	0
 675 033b 04       		.uleb128 0x4
 676 033c 08030000 		.4byte	.LASF56
 677 0340 04       		.byte	0x4
 678 0341 9F01     		.2byte	0x19f
 679 0343 51020000 		.4byte	0x251
 680 0347 0B       		.uleb128 0xb
 681 0348 1C       		.byte	0x1c
 682 0349 04       		.byte	0x4
 683 034a FE01     		.2byte	0x1fe
 684 034c C6030000 		.4byte	0x3c6
 685 0350 0C       		.uleb128 0xc
 686 0351 50000000 		.4byte	.LASF57
 687 0355 04       		.byte	0x4
 688 0356 0702     		.2byte	0x207
 689 0358 C6030000 		.4byte	0x3c6
 690 035c 00       		.byte	0
 691 035d 0C       		.uleb128 0xc
 692 035e 81020000 		.4byte	.LASF58
 693 0362 04       		.byte	0x4
 694 0363 0D02     		.2byte	0x20d
 695 0365 B7000000 		.4byte	0xb7
ARM GAS  C:\Users\Greg\AppData\Local\Temp\ccRaKVW3.s 			page 17


 696 0369 04       		.byte	0x4
 697 036a 0C       		.uleb128 0xc
 698 036b 2D010000 		.4byte	.LASF59
 699 036f 04       		.byte	0x4
 700 0370 1302     		.2byte	0x213
 701 0372 CD030000 		.4byte	0x3cd
 702 0376 08       		.byte	0x8
 703 0377 0C       		.uleb128 0xc
 704 0378 67030000 		.4byte	.LASF60
 705 037c 04       		.byte	0x4
 706 037d 1802     		.2byte	0x218
 707 037f B7000000 		.4byte	0xb7
 708 0383 0C       		.byte	0xc
 709 0384 0C       		.uleb128 0xc
 710 0385 3A040000 		.4byte	.LASF61
 711 0389 04       		.byte	0x4
 712 038a 1F02     		.2byte	0x21f
 713 038c D3030000 		.4byte	0x3d3
 714 0390 10       		.byte	0x10
 715 0391 0C       		.uleb128 0xc
 716 0392 CE020000 		.4byte	.LASF62
 717 0396 04       		.byte	0x4
 718 0397 2402     		.2byte	0x224
 719 0399 77000000 		.4byte	0x77
 720 039d 14       		.byte	0x14
 721 039e 0C       		.uleb128 0xc
 722 039f 2E040000 		.4byte	.LASF63
 723 03a3 04       		.byte	0x4
 724 03a4 2B02     		.2byte	0x22b
 725 03a6 77000000 		.4byte	0x77
 726 03aa 16       		.byte	0x16
 727 03ab 0C       		.uleb128 0xc
 728 03ac E4020000 		.4byte	.LASF64
 729 03b0 04       		.byte	0x4
 730 03b1 3602     		.2byte	0x236
 731 03b3 6B000000 		.4byte	0x6b
 732 03b7 18       		.byte	0x18
 733 03b8 0C       		.uleb128 0xc
 734 03b9 BD020000 		.4byte	.LASF65
 735 03bd 04       		.byte	0x4
 736 03be 3E02     		.2byte	0x23e
 737 03c0 6B000000 		.4byte	0x6b
 738 03c4 19       		.byte	0x19
 739 03c5 00       		.byte	0
 740 03c6 0E       		.uleb128 0xe
 741 03c7 04       		.byte	0x4
 742 03c8 CC030000 		.4byte	0x3cc
 743 03cc 0F       		.uleb128 0xf
 744 03cd 0E       		.uleb128 0xe
 745 03ce 04       		.byte	0x4
 746 03cf 12020000 		.4byte	0x212
 747 03d3 0E       		.uleb128 0xe
 748 03d4 04       		.byte	0x4
 749 03d5 6B000000 		.4byte	0x6b
 750 03d9 04       		.uleb128 0x4
 751 03da 9D030000 		.4byte	.LASF66
 752 03de 04       		.byte	0x4
ARM GAS  C:\Users\Greg\AppData\Local\Temp\ccRaKVW3.s 			page 18


 753 03df 3F02     		.2byte	0x23f
 754 03e1 47030000 		.4byte	0x347
 755 03e5 0B       		.uleb128 0xb
 756 03e6 1C       		.byte	0x1c
 757 03e7 04       		.byte	0x4
 758 03e8 4502     		.2byte	0x245
 759 03ea FC030000 		.4byte	0x3fc
 760 03ee 0C       		.uleb128 0xc
 761 03ef 6B040000 		.4byte	.LASF67
 762 03f3 04       		.byte	0x4
 763 03f4 4A02     		.2byte	0x24a
 764 03f6 FC030000 		.4byte	0x3fc
 765 03fa 00       		.byte	0
 766 03fb 00       		.byte	0
 767 03fc 07       		.uleb128 0x7
 768 03fd D9030000 		.4byte	0x3d9
 769 0401 0C040000 		.4byte	0x40c
 770 0405 08       		.uleb128 0x8
 771 0406 B0000000 		.4byte	0xb0
 772 040a 00       		.byte	0
 773 040b 00       		.byte	0
 774 040c 04       		.uleb128 0x4
 775 040d 5A040000 		.4byte	.LASF68
 776 0411 04       		.byte	0x4
 777 0412 4B02     		.2byte	0x24b
 778 0414 E5030000 		.4byte	0x3e5
 779 0418 10       		.uleb128 0x10
 780 0419 01       		.byte	0x1
 781 041a 05       		.byte	0x5
 782 041b 2E       		.byte	0x2e
 783 041c 45040000 		.4byte	0x445
 784 0420 11       		.uleb128 0x11
 785 0421 27000000 		.4byte	.LASF69
 786 0425 00       		.sleb128 0
 787 0426 11       		.uleb128 0x11
 788 0427 A0020000 		.4byte	.LASF70
 789 042b 01       		.sleb128 1
 790 042c 11       		.uleb128 0x11
 791 042d CF040000 		.4byte	.LASF71
 792 0431 02       		.sleb128 2
 793 0432 11       		.uleb128 0x11
 794 0433 85040000 		.4byte	.LASF72
 795 0437 03       		.sleb128 3
 796 0438 11       		.uleb128 0x11
 797 0439 77030000 		.4byte	.LASF73
 798 043d 04       		.sleb128 4
 799 043e 11       		.uleb128 0x11
 800 043f 8C000000 		.4byte	.LASF74
 801 0443 05       		.sleb128 5
 802 0444 00       		.byte	0
 803 0445 06       		.uleb128 0x6
 804 0446 75040000 		.4byte	.LASF75
 805 044a 05       		.byte	0x5
 806 044b 35       		.byte	0x35
 807 044c 18040000 		.4byte	0x418
 808 0450 12       		.uleb128 0x12
 809 0451 7A010000 		.4byte	.LASF92
ARM GAS  C:\Users\Greg\AppData\Local\Temp\ccRaKVW3.s 			page 19


 810 0455 01       		.byte	0x1
 811 0456 42       		.byte	0x42
 812 0457 00000000 		.4byte	.LFB1
 813 045b 14000000 		.4byte	.LFE1-.LFB1
 814 045f 01       		.uleb128 0x1
 815 0460 9C       		.byte	0x9c
 816 0461 71040000 		.4byte	0x471
 817 0465 13       		.uleb128 0x13
 818 0466 B0040000 		.4byte	.LASF82
 819 046a 01       		.byte	0x1
 820 046b 44       		.byte	0x44
 821 046c 71040000 		.4byte	0x471
 822 0470 00       		.byte	0
 823 0471 0E       		.uleb128 0xe
 824 0472 04       		.byte	0x4
 825 0473 77040000 		.4byte	0x477
 826 0477 14       		.uleb128 0x14
 827 0478 3B030000 		.4byte	0x33b
 828 047c 15       		.uleb128 0x15
 829 047d B9040000 		.4byte	.LASF93
 830 0481 01       		.byte	0x1
 831 0482 73       		.byte	0x73
 832 0483 83000000 		.4byte	0x83
 833 0487 00000000 		.4byte	.LFB2
 834 048b E4000000 		.4byte	.LFE2-.LFB2
 835 048f 01       		.uleb128 0x1
 836 0490 9C       		.byte	0x9c
 837 0491 37050000 		.4byte	0x537
 838 0495 16       		.uleb128 0x16
 839 0496 38010000 		.4byte	.LASF76
 840 049a 01       		.byte	0x1
 841 049b 75       		.byte	0x75
 842 049c 6B000000 		.4byte	0x6b
 843 04a0 00000000 		.4byte	.LLST0
 844 04a4 16       		.uleb128 0x16
 845 04a5 A5010000 		.4byte	.LASF77
 846 04a9 01       		.byte	0x1
 847 04aa 76       		.byte	0x76
 848 04ab 83000000 		.4byte	0x83
 849 04af 1E000000 		.4byte	.LLST1
 850 04b3 16       		.uleb128 0x16
 851 04b4 71010000 		.4byte	.LASF78
 852 04b8 01       		.byte	0x1
 853 04b9 77       		.byte	0x77
 854 04ba 83000000 		.4byte	0x83
 855 04be 31000000 		.4byte	.LLST2
 856 04c2 16       		.uleb128 0x16
 857 04c3 B6010000 		.4byte	.LASF79
 858 04c7 01       		.byte	0x1
 859 04c8 78       		.byte	0x78
 860 04c9 83000000 		.4byte	0x83
 861 04cd 44000000 		.4byte	.LLST3
 862 04d1 16       		.uleb128 0x16
 863 04d2 EE010000 		.4byte	.LASF80
 864 04d6 01       		.byte	0x1
 865 04d7 79       		.byte	0x79
 866 04d8 45040000 		.4byte	0x445
ARM GAS  C:\Users\Greg\AppData\Local\Temp\ccRaKVW3.s 			page 20


 867 04dc D6000000 		.4byte	.LLST4
 868 04e0 16       		.uleb128 0x16
 869 04e1 91030000 		.4byte	.LASF81
 870 04e5 01       		.byte	0x1
 871 04e6 7A       		.byte	0x7a
 872 04e7 83000000 		.4byte	0x83
 873 04eb E9000000 		.4byte	.LLST5
 874 04ef 13       		.uleb128 0x13
 875 04f0 B0040000 		.4byte	.LASF82
 876 04f4 01       		.byte	0x1
 877 04f5 7C       		.byte	0x7c
 878 04f6 71040000 		.4byte	0x471
 879 04fa 16       		.uleb128 0x16
 880 04fb 4B020000 		.4byte	.LASF83
 881 04ff 01       		.byte	0x1
 882 0500 7D       		.byte	0x7d
 883 0501 37050000 		.4byte	0x537
 884 0505 2A010000 		.4byte	.LLST6
 885 0509 17       		.uleb128 0x17
 886 050a 2E000000 		.4byte	.LVL10
 887 050e 70050000 		.4byte	0x570
 888 0512 17       		.uleb128 0x17
 889 0513 4E000000 		.4byte	.LVL17
 890 0517 7B050000 		.4byte	0x57b
 891 051b 17       		.uleb128 0x17
 892 051c 68000000 		.4byte	.LVL18
 893 0520 86050000 		.4byte	0x586
 894 0524 17       		.uleb128 0x17
 895 0525 BC000000 		.4byte	.LVL27
 896 0529 7B050000 		.4byte	0x57b
 897 052d 17       		.uleb128 0x17
 898 052e D0000000 		.4byte	.LVL28
 899 0532 86050000 		.4byte	0x586
 900 0536 00       		.byte	0
 901 0537 0E       		.uleb128 0xe
 902 0538 04       		.byte	0x4
 903 0539 3D050000 		.4byte	0x53d
 904 053d 14       		.uleb128 0x14
 905 053e 12020000 		.4byte	0x212
 906 0542 18       		.uleb128 0x18
 907 0543 4A040000 		.4byte	.LASF84
 908 0547 01       		.byte	0x1
 909 0548 33       		.byte	0x33
 910 0549 83000000 		.4byte	0x83
 911 054d 05       		.uleb128 0x5
 912 054e 03       		.byte	0x3
 913 054f 00000000 		.4byte	tunerFsm
 914 0553 19       		.uleb128 0x19
 915 0554 07000000 		.4byte	.LASF85
 916 0558 04       		.byte	0x4
 917 0559 A203     		.2byte	0x3a2
 918 055b 3B030000 		.4byte	0x33b
 919 055f 19       		.uleb128 0x19
 920 0560 5B030000 		.4byte	.LASF86
 921 0564 04       		.byte	0x4
 922 0565 A303     		.2byte	0x3a3
 923 0567 6B050000 		.4byte	0x56b
ARM GAS  C:\Users\Greg\AppData\Local\Temp\ccRaKVW3.s 			page 21


 924 056b 1A       		.uleb128 0x1a
 925 056c 0C040000 		.4byte	0x40c
 926 0570 1B       		.uleb128 0x1b
 927 0571 DD030000 		.4byte	.LASF87
 928 0575 06       		.byte	0x6
 929 0576 39       		.byte	0x39
 930 0577 A4000000 		.4byte	0xa4
 931 057b 1B       		.uleb128 0x1b
 932 057c 29020000 		.4byte	.LASF88
 933 0580 07       		.byte	0x7
 934 0581 E5       		.byte	0xe5
 935 0582 6B000000 		.4byte	0x6b
 936 0586 1C       		.uleb128 0x1c
 937 0587 11000000 		.4byte	.LASF94
 938 058b 07       		.byte	0x7
 939 058c E6       		.byte	0xe6
 940 058d 1D       		.uleb128 0x1d
 941 058e 6B000000 		.4byte	0x6b
 942 0592 00       		.byte	0
 943 0593 00       		.byte	0
 944              		.section	.debug_abbrev,"",%progbits
 945              	.Ldebug_abbrev0:
 946 0000 01       		.uleb128 0x1
 947 0001 11       		.uleb128 0x11
 948 0002 01       		.byte	0x1
 949 0003 25       		.uleb128 0x25
 950 0004 0E       		.uleb128 0xe
 951 0005 13       		.uleb128 0x13
 952 0006 0B       		.uleb128 0xb
 953 0007 03       		.uleb128 0x3
 954 0008 0E       		.uleb128 0xe
 955 0009 1B       		.uleb128 0x1b
 956 000a 0E       		.uleb128 0xe
 957 000b 55       		.uleb128 0x55
 958 000c 17       		.uleb128 0x17
 959 000d 11       		.uleb128 0x11
 960 000e 01       		.uleb128 0x1
 961 000f 10       		.uleb128 0x10
 962 0010 17       		.uleb128 0x17
 963 0011 00       		.byte	0
 964 0012 00       		.byte	0
 965 0013 02       		.uleb128 0x2
 966 0014 24       		.uleb128 0x24
 967 0015 00       		.byte	0
 968 0016 0B       		.uleb128 0xb
 969 0017 0B       		.uleb128 0xb
 970 0018 3E       		.uleb128 0x3e
 971 0019 0B       		.uleb128 0xb
 972 001a 03       		.uleb128 0x3
 973 001b 0E       		.uleb128 0xe
 974 001c 00       		.byte	0
 975 001d 00       		.byte	0
 976 001e 03       		.uleb128 0x3
 977 001f 24       		.uleb128 0x24
 978 0020 00       		.byte	0
 979 0021 0B       		.uleb128 0xb
 980 0022 0B       		.uleb128 0xb
ARM GAS  C:\Users\Greg\AppData\Local\Temp\ccRaKVW3.s 			page 22


 981 0023 3E       		.uleb128 0x3e
 982 0024 0B       		.uleb128 0xb
 983 0025 03       		.uleb128 0x3
 984 0026 08       		.uleb128 0x8
 985 0027 00       		.byte	0
 986 0028 00       		.byte	0
 987 0029 04       		.uleb128 0x4
 988 002a 16       		.uleb128 0x16
 989 002b 00       		.byte	0
 990 002c 03       		.uleb128 0x3
 991 002d 0E       		.uleb128 0xe
 992 002e 3A       		.uleb128 0x3a
 993 002f 0B       		.uleb128 0xb
 994 0030 3B       		.uleb128 0x3b
 995 0031 05       		.uleb128 0x5
 996 0032 49       		.uleb128 0x49
 997 0033 13       		.uleb128 0x13
 998 0034 00       		.byte	0
 999 0035 00       		.byte	0
 1000 0036 05       		.uleb128 0x5
 1001 0037 0F       		.uleb128 0xf
 1002 0038 00       		.byte	0
 1003 0039 0B       		.uleb128 0xb
 1004 003a 0B       		.uleb128 0xb
 1005 003b 00       		.byte	0
 1006 003c 00       		.byte	0
 1007 003d 06       		.uleb128 0x6
 1008 003e 16       		.uleb128 0x16
 1009 003f 00       		.byte	0
 1010 0040 03       		.uleb128 0x3
 1011 0041 0E       		.uleb128 0xe
 1012 0042 3A       		.uleb128 0x3a
 1013 0043 0B       		.uleb128 0xb
 1014 0044 3B       		.uleb128 0x3b
 1015 0045 0B       		.uleb128 0xb
 1016 0046 49       		.uleb128 0x49
 1017 0047 13       		.uleb128 0x13
 1018 0048 00       		.byte	0
 1019 0049 00       		.byte	0
 1020 004a 07       		.uleb128 0x7
 1021 004b 01       		.uleb128 0x1
 1022 004c 01       		.byte	0x1
 1023 004d 49       		.uleb128 0x49
 1024 004e 13       		.uleb128 0x13
 1025 004f 01       		.uleb128 0x1
 1026 0050 13       		.uleb128 0x13
 1027 0051 00       		.byte	0
 1028 0052 00       		.byte	0
 1029 0053 08       		.uleb128 0x8
 1030 0054 21       		.uleb128 0x21
 1031 0055 00       		.byte	0
 1032 0056 49       		.uleb128 0x49
 1033 0057 13       		.uleb128 0x13
 1034 0058 2F       		.uleb128 0x2f
 1035 0059 0B       		.uleb128 0xb
 1036 005a 00       		.byte	0
 1037 005b 00       		.byte	0
ARM GAS  C:\Users\Greg\AppData\Local\Temp\ccRaKVW3.s 			page 23


 1038 005c 09       		.uleb128 0x9
 1039 005d 13       		.uleb128 0x13
 1040 005e 01       		.byte	0x1
 1041 005f 0B       		.uleb128 0xb
 1042 0060 0B       		.uleb128 0xb
 1043 0061 3A       		.uleb128 0x3a
 1044 0062 0B       		.uleb128 0xb
 1045 0063 3B       		.uleb128 0x3b
 1046 0064 0B       		.uleb128 0xb
 1047 0065 01       		.uleb128 0x1
 1048 0066 13       		.uleb128 0x13
 1049 0067 00       		.byte	0
 1050 0068 00       		.byte	0
 1051 0069 0A       		.uleb128 0xa
 1052 006a 0D       		.uleb128 0xd
 1053 006b 00       		.byte	0
 1054 006c 03       		.uleb128 0x3
 1055 006d 0E       		.uleb128 0xe
 1056 006e 3A       		.uleb128 0x3a
 1057 006f 0B       		.uleb128 0xb
 1058 0070 3B       		.uleb128 0x3b
 1059 0071 0B       		.uleb128 0xb
 1060 0072 49       		.uleb128 0x49
 1061 0073 13       		.uleb128 0x13
 1062 0074 38       		.uleb128 0x38
 1063 0075 0B       		.uleb128 0xb
 1064 0076 00       		.byte	0
 1065 0077 00       		.byte	0
 1066 0078 0B       		.uleb128 0xb
 1067 0079 13       		.uleb128 0x13
 1068 007a 01       		.byte	0x1
 1069 007b 0B       		.uleb128 0xb
 1070 007c 0B       		.uleb128 0xb
 1071 007d 3A       		.uleb128 0x3a
 1072 007e 0B       		.uleb128 0xb
 1073 007f 3B       		.uleb128 0x3b
 1074 0080 05       		.uleb128 0x5
 1075 0081 01       		.uleb128 0x1
 1076 0082 13       		.uleb128 0x13
 1077 0083 00       		.byte	0
 1078 0084 00       		.byte	0
 1079 0085 0C       		.uleb128 0xc
 1080 0086 0D       		.uleb128 0xd
 1081 0087 00       		.byte	0
 1082 0088 03       		.uleb128 0x3
 1083 0089 0E       		.uleb128 0xe
 1084 008a 3A       		.uleb128 0x3a
 1085 008b 0B       		.uleb128 0xb
 1086 008c 3B       		.uleb128 0x3b
 1087 008d 05       		.uleb128 0x5
 1088 008e 49       		.uleb128 0x49
 1089 008f 13       		.uleb128 0x13
 1090 0090 38       		.uleb128 0x38
 1091 0091 0B       		.uleb128 0xb
 1092 0092 00       		.byte	0
 1093 0093 00       		.byte	0
 1094 0094 0D       		.uleb128 0xd
ARM GAS  C:\Users\Greg\AppData\Local\Temp\ccRaKVW3.s 			page 24


 1095 0095 0D       		.uleb128 0xd
 1096 0096 00       		.byte	0
 1097 0097 03       		.uleb128 0x3
 1098 0098 08       		.uleb128 0x8
 1099 0099 3A       		.uleb128 0x3a
 1100 009a 0B       		.uleb128 0xb
 1101 009b 3B       		.uleb128 0x3b
 1102 009c 05       		.uleb128 0x5
 1103 009d 49       		.uleb128 0x49
 1104 009e 13       		.uleb128 0x13
 1105 009f 38       		.uleb128 0x38
 1106 00a0 0B       		.uleb128 0xb
 1107 00a1 00       		.byte	0
 1108 00a2 00       		.byte	0
 1109 00a3 0E       		.uleb128 0xe
 1110 00a4 0F       		.uleb128 0xf
 1111 00a5 00       		.byte	0
 1112 00a6 0B       		.uleb128 0xb
 1113 00a7 0B       		.uleb128 0xb
 1114 00a8 49       		.uleb128 0x49
 1115 00a9 13       		.uleb128 0x13
 1116 00aa 00       		.byte	0
 1117 00ab 00       		.byte	0
 1118 00ac 0F       		.uleb128 0xf
 1119 00ad 26       		.uleb128 0x26
 1120 00ae 00       		.byte	0
 1121 00af 00       		.byte	0
 1122 00b0 00       		.byte	0
 1123 00b1 10       		.uleb128 0x10
 1124 00b2 04       		.uleb128 0x4
 1125 00b3 01       		.byte	0x1
 1126 00b4 0B       		.uleb128 0xb
 1127 00b5 0B       		.uleb128 0xb
 1128 00b6 3A       		.uleb128 0x3a
 1129 00b7 0B       		.uleb128 0xb
 1130 00b8 3B       		.uleb128 0x3b
 1131 00b9 0B       		.uleb128 0xb
 1132 00ba 01       		.uleb128 0x1
 1133 00bb 13       		.uleb128 0x13
 1134 00bc 00       		.byte	0
 1135 00bd 00       		.byte	0
 1136 00be 11       		.uleb128 0x11
 1137 00bf 28       		.uleb128 0x28
 1138 00c0 00       		.byte	0
 1139 00c1 03       		.uleb128 0x3
 1140 00c2 0E       		.uleb128 0xe
 1141 00c3 1C       		.uleb128 0x1c
 1142 00c4 0D       		.uleb128 0xd
 1143 00c5 00       		.byte	0
 1144 00c6 00       		.byte	0
 1145 00c7 12       		.uleb128 0x12
 1146 00c8 2E       		.uleb128 0x2e
 1147 00c9 01       		.byte	0x1
 1148 00ca 3F       		.uleb128 0x3f
 1149 00cb 19       		.uleb128 0x19
 1150 00cc 03       		.uleb128 0x3
 1151 00cd 0E       		.uleb128 0xe
ARM GAS  C:\Users\Greg\AppData\Local\Temp\ccRaKVW3.s 			page 25


 1152 00ce 3A       		.uleb128 0x3a
 1153 00cf 0B       		.uleb128 0xb
 1154 00d0 3B       		.uleb128 0x3b
 1155 00d1 0B       		.uleb128 0xb
 1156 00d2 27       		.uleb128 0x27
 1157 00d3 19       		.uleb128 0x19
 1158 00d4 11       		.uleb128 0x11
 1159 00d5 01       		.uleb128 0x1
 1160 00d6 12       		.uleb128 0x12
 1161 00d7 06       		.uleb128 0x6
 1162 00d8 40       		.uleb128 0x40
 1163 00d9 18       		.uleb128 0x18
 1164 00da 9742     		.uleb128 0x2117
 1165 00dc 19       		.uleb128 0x19
 1166 00dd 01       		.uleb128 0x1
 1167 00de 13       		.uleb128 0x13
 1168 00df 00       		.byte	0
 1169 00e0 00       		.byte	0
 1170 00e1 13       		.uleb128 0x13
 1171 00e2 34       		.uleb128 0x34
 1172 00e3 00       		.byte	0
 1173 00e4 03       		.uleb128 0x3
 1174 00e5 0E       		.uleb128 0xe
 1175 00e6 3A       		.uleb128 0x3a
 1176 00e7 0B       		.uleb128 0xb
 1177 00e8 3B       		.uleb128 0x3b
 1178 00e9 0B       		.uleb128 0xb
 1179 00ea 49       		.uleb128 0x49
 1180 00eb 13       		.uleb128 0x13
 1181 00ec 00       		.byte	0
 1182 00ed 00       		.byte	0
 1183 00ee 14       		.uleb128 0x14
 1184 00ef 35       		.uleb128 0x35
 1185 00f0 00       		.byte	0
 1186 00f1 49       		.uleb128 0x49
 1187 00f2 13       		.uleb128 0x13
 1188 00f3 00       		.byte	0
 1189 00f4 00       		.byte	0
 1190 00f5 15       		.uleb128 0x15
 1191 00f6 2E       		.uleb128 0x2e
 1192 00f7 01       		.byte	0x1
 1193 00f8 3F       		.uleb128 0x3f
 1194 00f9 19       		.uleb128 0x19
 1195 00fa 03       		.uleb128 0x3
 1196 00fb 0E       		.uleb128 0xe
 1197 00fc 3A       		.uleb128 0x3a
 1198 00fd 0B       		.uleb128 0xb
 1199 00fe 3B       		.uleb128 0x3b
 1200 00ff 0B       		.uleb128 0xb
 1201 0100 27       		.uleb128 0x27
 1202 0101 19       		.uleb128 0x19
 1203 0102 49       		.uleb128 0x49
 1204 0103 13       		.uleb128 0x13
 1205 0104 11       		.uleb128 0x11
 1206 0105 01       		.uleb128 0x1
 1207 0106 12       		.uleb128 0x12
 1208 0107 06       		.uleb128 0x6
ARM GAS  C:\Users\Greg\AppData\Local\Temp\ccRaKVW3.s 			page 26


 1209 0108 40       		.uleb128 0x40
 1210 0109 18       		.uleb128 0x18
 1211 010a 9742     		.uleb128 0x2117
 1212 010c 19       		.uleb128 0x19
 1213 010d 01       		.uleb128 0x1
 1214 010e 13       		.uleb128 0x13
 1215 010f 00       		.byte	0
 1216 0110 00       		.byte	0
 1217 0111 16       		.uleb128 0x16
 1218 0112 34       		.uleb128 0x34
 1219 0113 00       		.byte	0
 1220 0114 03       		.uleb128 0x3
 1221 0115 0E       		.uleb128 0xe
 1222 0116 3A       		.uleb128 0x3a
 1223 0117 0B       		.uleb128 0xb
 1224 0118 3B       		.uleb128 0x3b
 1225 0119 0B       		.uleb128 0xb
 1226 011a 49       		.uleb128 0x49
 1227 011b 13       		.uleb128 0x13
 1228 011c 02       		.uleb128 0x2
 1229 011d 17       		.uleb128 0x17
 1230 011e 00       		.byte	0
 1231 011f 00       		.byte	0
 1232 0120 17       		.uleb128 0x17
 1233 0121 898201   		.uleb128 0x4109
 1234 0124 00       		.byte	0
 1235 0125 11       		.uleb128 0x11
 1236 0126 01       		.uleb128 0x1
 1237 0127 31       		.uleb128 0x31
 1238 0128 13       		.uleb128 0x13
 1239 0129 00       		.byte	0
 1240 012a 00       		.byte	0
 1241 012b 18       		.uleb128 0x18
 1242 012c 34       		.uleb128 0x34
 1243 012d 00       		.byte	0
 1244 012e 03       		.uleb128 0x3
 1245 012f 0E       		.uleb128 0xe
 1246 0130 3A       		.uleb128 0x3a
 1247 0131 0B       		.uleb128 0xb
 1248 0132 3B       		.uleb128 0x3b
 1249 0133 0B       		.uleb128 0xb
 1250 0134 49       		.uleb128 0x49
 1251 0135 13       		.uleb128 0x13
 1252 0136 02       		.uleb128 0x2
 1253 0137 18       		.uleb128 0x18
 1254 0138 00       		.byte	0
 1255 0139 00       		.byte	0
 1256 013a 19       		.uleb128 0x19
 1257 013b 34       		.uleb128 0x34
 1258 013c 00       		.byte	0
 1259 013d 03       		.uleb128 0x3
 1260 013e 0E       		.uleb128 0xe
 1261 013f 3A       		.uleb128 0x3a
 1262 0140 0B       		.uleb128 0xb
 1263 0141 3B       		.uleb128 0x3b
 1264 0142 05       		.uleb128 0x5
 1265 0143 49       		.uleb128 0x49
ARM GAS  C:\Users\Greg\AppData\Local\Temp\ccRaKVW3.s 			page 27


 1266 0144 13       		.uleb128 0x13
 1267 0145 3F       		.uleb128 0x3f
 1268 0146 19       		.uleb128 0x19
 1269 0147 3C       		.uleb128 0x3c
 1270 0148 19       		.uleb128 0x19
 1271 0149 00       		.byte	0
 1272 014a 00       		.byte	0
 1273 014b 1A       		.uleb128 0x1a
 1274 014c 26       		.uleb128 0x26
 1275 014d 00       		.byte	0
 1276 014e 49       		.uleb128 0x49
 1277 014f 13       		.uleb128 0x13
 1278 0150 00       		.byte	0
 1279 0151 00       		.byte	0
 1280 0152 1B       		.uleb128 0x1b
 1281 0153 2E       		.uleb128 0x2e
 1282 0154 00       		.byte	0
 1283 0155 3F       		.uleb128 0x3f
 1284 0156 19       		.uleb128 0x19
 1285 0157 03       		.uleb128 0x3
 1286 0158 0E       		.uleb128 0xe
 1287 0159 3A       		.uleb128 0x3a
 1288 015a 0B       		.uleb128 0xb
 1289 015b 3B       		.uleb128 0x3b
 1290 015c 0B       		.uleb128 0xb
 1291 015d 27       		.uleb128 0x27
 1292 015e 19       		.uleb128 0x19
 1293 015f 49       		.uleb128 0x49
 1294 0160 13       		.uleb128 0x13
 1295 0161 3C       		.uleb128 0x3c
 1296 0162 19       		.uleb128 0x19
 1297 0163 00       		.byte	0
 1298 0164 00       		.byte	0
 1299 0165 1C       		.uleb128 0x1c
 1300 0166 2E       		.uleb128 0x2e
 1301 0167 01       		.byte	0x1
 1302 0168 3F       		.uleb128 0x3f
 1303 0169 19       		.uleb128 0x19
 1304 016a 03       		.uleb128 0x3
 1305 016b 0E       		.uleb128 0xe
 1306 016c 3A       		.uleb128 0x3a
 1307 016d 0B       		.uleb128 0xb
 1308 016e 3B       		.uleb128 0x3b
 1309 016f 0B       		.uleb128 0xb
 1310 0170 27       		.uleb128 0x27
 1311 0171 19       		.uleb128 0x19
 1312 0172 3C       		.uleb128 0x3c
 1313 0173 19       		.uleb128 0x19
 1314 0174 00       		.byte	0
 1315 0175 00       		.byte	0
 1316 0176 1D       		.uleb128 0x1d
 1317 0177 05       		.uleb128 0x5
 1318 0178 00       		.byte	0
 1319 0179 49       		.uleb128 0x49
 1320 017a 13       		.uleb128 0x13
 1321 017b 00       		.byte	0
 1322 017c 00       		.byte	0
ARM GAS  C:\Users\Greg\AppData\Local\Temp\ccRaKVW3.s 			page 28


 1323 017d 00       		.byte	0
 1324              		.section	.debug_loc,"",%progbits
 1325              	.Ldebug_loc0:
 1326              	.LLST0:
 1327 0000 4E000000 		.4byte	.LVL17
 1328 0004 67000000 		.4byte	.LVL18-1
 1329 0008 0100     		.2byte	0x1
 1330 000a 50       		.byte	0x50
 1331 000b BC000000 		.4byte	.LVL27
 1332 000f CF000000 		.4byte	.LVL28-1
 1333 0013 0100     		.2byte	0x1
 1334 0015 50       		.byte	0x50
 1335 0016 00000000 		.4byte	0
 1336 001a 00000000 		.4byte	0
 1337              	.LLST1:
 1338 001e 7E000000 		.4byte	.LVL21
 1339 0022 A8000000 		.4byte	.LVL23
 1340 0026 0100     		.2byte	0x1
 1341 0028 53       		.byte	0x53
 1342 0029 00000000 		.4byte	0
 1343 002d 00000000 		.4byte	0
 1344              	.LLST2:
 1345 0031 84000000 		.4byte	.LVL22
 1346 0035 B4000000 		.4byte	.LVL25
 1347 0039 0100     		.2byte	0x1
 1348 003b 52       		.byte	0x52
 1349 003c 00000000 		.4byte	0
 1350 0040 00000000 		.4byte	0
 1351              	.LLST3:
 1352 0044 02000000 		.4byte	.LVL1
 1353 0048 06000000 		.4byte	.LVL2
 1354 004c 0200     		.2byte	0x2
 1355 004e 30       		.byte	0x30
 1356 004f 9F       		.byte	0x9f
 1357 0050 06000000 		.4byte	.LVL2
 1358 0054 1A000000 		.4byte	.LVL4
 1359 0058 0100     		.2byte	0x1
 1360 005a 52       		.byte	0x52
 1361 005b 1E000000 		.4byte	.LVL5
 1362 005f 20000000 		.4byte	.LVL6
 1363 0063 0200     		.2byte	0x2
 1364 0065 31       		.byte	0x31
 1365 0066 9F       		.byte	0x9f
 1366 0067 20000000 		.4byte	.LVL6
 1367 006b 22000000 		.4byte	.LVL7
 1368 006f 0100     		.2byte	0x1
 1369 0071 52       		.byte	0x52
 1370 0072 26000000 		.4byte	.LVL8
 1371 0076 2A000000 		.4byte	.LVL9
 1372 007a 0200     		.2byte	0x2
 1373 007c 31       		.byte	0x31
 1374 007d 9F       		.byte	0x9f
 1375 007e 2A000000 		.4byte	.LVL9
 1376 0082 2D000000 		.4byte	.LVL10-1
 1377 0086 0100     		.2byte	0x1
 1378 0088 52       		.byte	0x52
 1379 0089 34000000 		.4byte	.LVL11
ARM GAS  C:\Users\Greg\AppData\Local\Temp\ccRaKVW3.s 			page 29


 1380 008d 3A000000 		.4byte	.LVL12
 1381 0091 0200     		.2byte	0x2
 1382 0093 31       		.byte	0x31
 1383 0094 9F       		.byte	0x9f
 1384 0095 3A000000 		.4byte	.LVL12
 1385 0099 3C000000 		.4byte	.LVL13
 1386 009d 0100     		.2byte	0x1
 1387 009f 52       		.byte	0x52
 1388 00a0 40000000 		.4byte	.LVL14
 1389 00a4 44000000 		.4byte	.LVL15
 1390 00a8 0200     		.2byte	0x2
 1391 00aa 31       		.byte	0x31
 1392 00ab 9F       		.byte	0x9f
 1393 00ac 44000000 		.4byte	.LVL15
 1394 00b0 4D000000 		.4byte	.LVL17-1
 1395 00b4 0100     		.2byte	0x1
 1396 00b6 52       		.byte	0x52
 1397 00b7 68000000 		.4byte	.LVL18
 1398 00bb 6A000000 		.4byte	.LVL19
 1399 00bf 0200     		.2byte	0x2
 1400 00c1 30       		.byte	0x30
 1401 00c2 9F       		.byte	0x9f
 1402 00c3 6A000000 		.4byte	.LVL19
 1403 00c7 78000000 		.4byte	.LVL20
 1404 00cb 0100     		.2byte	0x1
 1405 00cd 52       		.byte	0x52
 1406 00ce 00000000 		.4byte	0
 1407 00d2 00000000 		.4byte	0
 1408              	.LLST4:
 1409 00d6 0C000000 		.4byte	.LVL3
 1410 00da B0000000 		.4byte	.LVL24
 1411 00de 0100     		.2byte	0x1
 1412 00e0 54       		.byte	0x54
 1413 00e1 00000000 		.4byte	0
 1414 00e5 00000000 		.4byte	0
 1415              	.LLST5:
 1416 00e9 02000000 		.4byte	.LVL1
 1417 00ed 06000000 		.4byte	.LVL2
 1418 00f1 0200     		.2byte	0x2
 1419 00f3 30       		.byte	0x30
 1420 00f4 9F       		.byte	0x9f
 1421 00f5 06000000 		.4byte	.LVL2
 1422 00f9 2E000000 		.4byte	.LVL10
 1423 00fd 0100     		.2byte	0x1
 1424 00ff 55       		.byte	0x55
 1425 0100 2E000000 		.4byte	.LVL10
 1426 0104 3A000000 		.4byte	.LVL12
 1427 0108 0200     		.2byte	0x2
 1428 010a 31       		.byte	0x31
 1429 010b 9F       		.byte	0x9f
 1430 010c 3A000000 		.4byte	.LVL12
 1431 0110 D2000000 		.4byte	.LVL29
 1432 0114 0100     		.2byte	0x1
 1433 0116 55       		.byte	0x55
 1434 0117 D2000000 		.4byte	.LVL29
 1435 011b E4000000 		.4byte	.LFE2
 1436 011f 0100     		.2byte	0x1
ARM GAS  C:\Users\Greg\AppData\Local\Temp\ccRaKVW3.s 			page 30


 1437 0121 50       		.byte	0x50
 1438 0122 00000000 		.4byte	0
 1439 0126 00000000 		.4byte	0
 1440              	.LLST6:
 1441 012a B0000000 		.4byte	.LVL24
 1442 012e D0000000 		.4byte	.LVL28
 1443 0132 0100     		.2byte	0x1
 1444 0134 54       		.byte	0x54
 1445 0135 00000000 		.4byte	0
 1446 0139 00000000 		.4byte	0
 1447              		.section	.debug_aranges,"",%progbits
 1448 0000 24000000 		.4byte	0x24
 1449 0004 0200     		.2byte	0x2
 1450 0006 00000000 		.4byte	.Ldebug_info0
 1451 000a 04       		.byte	0x4
 1452 000b 00       		.byte	0
 1453 000c 0000     		.2byte	0
 1454 000e 0000     		.2byte	0
 1455 0010 00000000 		.4byte	.LFB1
 1456 0014 14000000 		.4byte	.LFE1-.LFB1
 1457 0018 00000000 		.4byte	.LFB2
 1458 001c E4000000 		.4byte	.LFE2-.LFB2
 1459 0020 00000000 		.4byte	0
 1460 0024 00000000 		.4byte	0
 1461              		.section	.debug_ranges,"",%progbits
 1462              	.Ldebug_ranges0:
 1463 0000 00000000 		.4byte	.LFB1
 1464 0004 14000000 		.4byte	.LFE1
 1465 0008 00000000 		.4byte	.LFB2
 1466 000c E4000000 		.4byte	.LFE2
 1467 0010 00000000 		.4byte	0
 1468 0014 00000000 		.4byte	0
 1469              		.section	.debug_line,"",%progbits
 1470              	.Ldebug_line0:
 1471 0000 F6000000 		.section	.debug_str,"MS",%progbits,1
 1471      02009B00 
 1471      00000201 
 1471      FB0E0D00 
 1471      01010101 
 1472              	.LASF10:
 1473 0000 75696E74 		.ascii	"uint16\000"
 1473      313600
 1474              	.LASF85:
 1475 0007 4353445F 		.ascii	"CSD_dsRam\000"
 1475      64735261 
 1475      6D00
 1476              	.LASF94:
 1477 0011 43794578 		.ascii	"CyExitCriticalSection\000"
 1477      69744372 
 1477      69746963 
 1477      616C5365 
 1477      6374696F 
 1478              	.LASF69:
 1479 0027 4353445F 		.ascii	"CSD_TU_CMD_NONE_E\000"
 1479      54555F43 
 1479      4D445F4E 
 1479      4F4E455F 
ARM GAS  C:\Users\Greg\AppData\Local\Temp\ccRaKVW3.s 			page 31


 1479      4500
 1480              	.LASF7:
 1481 0039 6C6F6E67 		.ascii	"long long unsigned int\000"
 1481      206C6F6E 
 1481      6720756E 
 1481      7369676E 
 1481      65642069 
 1482              	.LASF57:
 1483 0050 70747232 		.ascii	"ptr2SnsFlash\000"
 1483      536E7346 
 1483      6C617368 
 1483      00
 1484              	.LASF35:
 1485 005d 64696666 		.ascii	"diff\000"
 1485      00
 1486              	.LASF53:
 1487 0062 736E7254 		.ascii	"snrTestSensorId\000"
 1487      65737453 
 1487      656E736F 
 1487      72496400 
 1488              	.LASF6:
 1489 0072 6C6F6E67 		.ascii	"long long int\000"
 1489      206C6F6E 
 1489      6720696E 
 1489      7400
 1490              	.LASF0:
 1491 0080 7369676E 		.ascii	"signed char\000"
 1491      65642063 
 1491      68617200 
 1492              	.LASF74:
 1493 008c 4353445F 		.ascii	"CSD_TU_CMD_PING_E\000"
 1493      54555F43 
 1493      4D445F50 
 1493      494E475F 
 1493      4500
 1494              	.LASF31:
 1495 009e 62757474 		.ascii	"button0\000"
 1495      6F6E3000 
 1496              	.LASF90:
 1497 00a6 47656E65 		.ascii	"Generated_Source\\PSoC4\\CSD_Tuner.c\000"
 1497      72617465 
 1497      645F536F 
 1497      75726365 
 1497      5C50536F 
 1498              	.LASF47:
 1499 00c9 736E7353 		.ascii	"snsStatus\000"
 1499      74617475 
 1499      7300
 1500              	.LASF4:
 1501 00d3 6C6F6E67 		.ascii	"long int\000"
 1501      20696E74 
 1501      00
 1502              	.LASF91:
 1503 00dc 433A5C47 		.ascii	"C:\\Git\\WA101\\projects\\PSoC\\WW101_AnalogCoProce"
 1503      69745C57 
 1503      41313031 
 1503      5C70726F 
ARM GAS  C:\Users\Greg\AppData\Local\Temp\ccRaKVW3.s 			page 32


 1503      6A656374 
 1504 010a 73736F72 		.ascii	"ssor\\WW101_AnalogCoProcessor.cydsn\000"
 1504      5C575731 
 1504      30315F41 
 1504      6E616C6F 
 1504      67436F50 
 1505              	.LASF59:
 1506 012d 70747232 		.ascii	"ptr2SnsRam\000"
 1506      536E7352 
 1506      616D00
 1507              	.LASF76:
 1508 0138 63726974 		.ascii	"critSect\000"
 1508      53656374 
 1508      00
 1509              	.LASF9:
 1510 0141 75696E74 		.ascii	"uint8\000"
 1510      3800
 1511              	.LASF38:
 1512 0147 4353445F 		.ascii	"CSD_RAM_SNS_STRUCT\000"
 1512      52414D5F 
 1512      534E535F 
 1512      53545255 
 1512      435400
 1513              	.LASF13:
 1514 015a 646F7562 		.ascii	"double\000"
 1514      6C6500
 1515              	.LASF55:
 1516 0161 736E7254 		.ascii	"snrTestRawCount\000"
 1516      65737452 
 1516      6177436F 
 1516      756E7400 
 1517              	.LASF78:
 1518 0171 73656E73 		.ascii	"sensorId\000"
 1518      6F724964 
 1518      00
 1519              	.LASF92:
 1520 017a 4353445F 		.ascii	"CSD_TuInitialize\000"
 1520      5475496E 
 1520      69746961 
 1520      6C697A65 
 1520      00
 1521              	.LASF11:
 1522 018b 75696E74 		.ascii	"uint32\000"
 1522      333200
 1523              	.LASF17:
 1524 0192 4353445F 		.ascii	"CSD_THRESHOLD_TYPE\000"
 1524      54485245 
 1524      53484F4C 
 1524      445F5459 
 1524      504500
 1525              	.LASF77:
 1526 01a5 77696467 		.ascii	"widgetId\000"
 1526      65744964 
 1526      00
 1527              	.LASF34:
 1528 01ae 62736C6E 		.ascii	"bslnExt\000"
 1528      45787400 
ARM GAS  C:\Users\Greg\AppData\Local\Temp\ccRaKVW3.s 			page 33


 1529              	.LASF79:
 1530 01b6 75706461 		.ascii	"updateFlag\000"
 1530      7465466C 
 1530      616700
 1531              	.LASF46:
 1532 01c1 77646774 		.ascii	"wdgtStatus\000"
 1532      53746174 
 1532      757300
 1533              	.LASF33:
 1534 01cc 62736C6E 		.ascii	"bsln\000"
 1534      00
 1535              	.LASF8:
 1536 01d1 756E7369 		.ascii	"unsigned int\000"
 1536      676E6564 
 1536      20696E74 
 1536      00
 1537              	.LASF52:
 1538 01de 736E7254 		.ascii	"snrTestWidgetId\000"
 1538      65737457 
 1538      69646765 
 1538      74496400 
 1539              	.LASF80:
 1540 01ee 636F6D6D 		.ascii	"command\000"
 1540      616E6400 
 1541              	.LASF5:
 1542 01f6 6C6F6E67 		.ascii	"long unsigned int\000"
 1542      20756E73 
 1542      69676E65 
 1542      6420696E 
 1542      7400
 1543              	.LASF18:
 1544 0208 4353445F 		.ascii	"CSD_LOW_BSLN_RST_TYPE\000"
 1544      4C4F575F 
 1544      42534C4E 
 1544      5F525354 
 1544      5F545950 
 1545              	.LASF45:
 1546 021e 77646774 		.ascii	"wdgtEnable\000"
 1546      456E6162 
 1546      6C6500
 1547              	.LASF88:
 1548 0229 4379456E 		.ascii	"CyEnterCriticalSection\000"
 1548      74657243 
 1548      72697469 
 1548      63616C53 
 1548      65637469 
 1549              	.LASF25:
 1550 0240 6C6F7742 		.ascii	"lowBslnRst\000"
 1550      736C6E52 
 1550      737400
 1551              	.LASF83:
 1552 024b 70747253 		.ascii	"ptrSns\000"
 1552      6E7300
 1553              	.LASF3:
 1554 0252 73686F72 		.ascii	"short unsigned int\000"
 1554      7420756E 
 1554      7369676E 
ARM GAS  C:\Users\Greg\AppData\Local\Temp\ccRaKVW3.s 			page 34


 1554      65642069 
 1554      6E7400
 1555              	.LASF51:
 1556 0265 736E734C 		.ascii	"snsList\000"
 1556      69737400 
 1557              	.LASF40:
 1558 026d 636F6E66 		.ascii	"configId\000"
 1558      69674964 
 1558      00
 1559              	.LASF48:
 1560 0276 63736430 		.ascii	"csd0Config\000"
 1560      436F6E66 
 1560      696700
 1561              	.LASF58:
 1562 0281 70747232 		.ascii	"ptr2WdgtRam\000"
 1562      57646774 
 1562      52616D00 
 1563              	.LASF41:
 1564 028d 64657669 		.ascii	"deviceId\000"
 1564      63654964 
 1564      00
 1565              	.LASF49:
 1566 0296 6D6F6443 		.ascii	"modCsdClk\000"
 1566      7364436C 
 1566      6B00
 1567              	.LASF70:
 1568 02a0 4353445F 		.ascii	"CSD_TU_CMD_SUSPEND_E\000"
 1568      54555F43 
 1568      4D445F53 
 1568      55535045 
 1568      4E445F45 
 1569              	.LASF27:
 1570 02b5 69646163 		.ascii	"idacMod\000"
 1570      4D6F6400 
 1571              	.LASF65:
 1572 02bd 6E756D43 		.ascii	"numCols\000"
 1572      6F6C7300 
 1573              	.LASF16:
 1574 02c5 73697A65 		.ascii	"sizetype\000"
 1574      74797065 
 1574      00
 1575              	.LASF62:
 1576 02ce 73746174 		.ascii	"staticConfig\000"
 1576      6963436F 
 1576      6E666967 
 1576      00
 1577              	.LASF22:
 1578 02db 6E4E6F69 		.ascii	"nNoiseTh\000"
 1578      73655468 
 1578      00
 1579              	.LASF64:
 1580 02e4 77646774 		.ascii	"wdgtType\000"
 1580      54797065 
 1580      00
 1581              	.LASF43:
 1582 02ed 7363616E 		.ascii	"scanCounter\000"
 1582      436F756E 
ARM GAS  C:\Users\Greg\AppData\Local\Temp\ccRaKVW3.s 			page 35


 1582      74657200 
 1583              	.LASF42:
 1584 02f9 74756E65 		.ascii	"tunerCmd\000"
 1584      72436D64 
 1584      00
 1585              	.LASF12:
 1586 0302 666C6F61 		.ascii	"float\000"
 1586      7400
 1587              	.LASF56:
 1588 0308 4353445F 		.ascii	"CSD_RAM_STRUCT\000"
 1588      52414D5F 
 1588      53545255 
 1588      435400
 1589              	.LASF26:
 1590 0317 62736C6E 		.ascii	"bslnCoeff\000"
 1590      436F6566 
 1590      6600
 1591              	.LASF23:
 1592 0321 68797374 		.ascii	"hysteresis\000"
 1592      65726573 
 1592      697300
 1593              	.LASF1:
 1594 032c 756E7369 		.ascii	"unsigned char\000"
 1594      676E6564 
 1594      20636861 
 1594      7200
 1595              	.LASF32:
 1596 033a 4353445F 		.ascii	"CSD_RAM_WD_LIST_STRUCT\000"
 1596      52414D5F 
 1596      57445F4C 
 1596      4953545F 
 1596      53545255 
 1597              	.LASF2:
 1598 0351 73686F72 		.ascii	"short int\000"
 1598      7420696E 
 1598      7400
 1599              	.LASF86:
 1600 035b 4353445F 		.ascii	"CSD_dsFlash\000"
 1600      6473466C 
 1600      61736800 
 1601              	.LASF60:
 1602 0367 70747232 		.ascii	"ptr2FltrHistory\000"
 1602      466C7472 
 1602      48697374 
 1602      6F727900 
 1603              	.LASF73:
 1604 0377 4353445F 		.ascii	"CSD_TU_CMD_RUN_SNR_TEST_E\000"
 1604      54555F43 
 1604      4D445F52 
 1604      554E5F53 
 1604      4E525F54 
 1605              	.LASF81:
 1606 0391 74756E65 		.ascii	"tunerStatus\000"
 1606      72537461 
 1606      74757300 
 1607              	.LASF66:
 1608 039d 4353445F 		.ascii	"CSD_FLASH_WD_STRUCT\000"
ARM GAS  C:\Users\Greg\AppData\Local\Temp\ccRaKVW3.s 			page 36


 1608      464C4153 
 1608      485F5744 
 1608      5F535452 
 1608      55435400 
 1609              	.LASF19:
 1610 03b1 7265736F 		.ascii	"resolution\000"
 1610      6C757469 
 1610      6F6E00
 1611              	.LASF50:
 1612 03bc 77646774 		.ascii	"wdgtList\000"
 1612      4C697374 
 1612      00
 1613              	.LASF39:
 1614 03c5 4353445F 		.ascii	"CSD_RAM_SNS_LIST_STRUCT\000"
 1614      52414D5F 
 1614      534E535F 
 1614      4C495354 
 1614      5F535452 
 1615              	.LASF87:
 1616 03dd 4353445F 		.ascii	"CSD_Start\000"
 1616      53746172 
 1616      7400
 1617              	.LASF14:
 1618 03e7 63686172 		.ascii	"char\000"
 1618      00
 1619              	.LASF28:
 1620 03ec 736E7343 		.ascii	"snsClk\000"
 1620      6C6B00
 1621              	.LASF24:
 1622 03f3 6F6E4465 		.ascii	"onDebounce\000"
 1622      626F756E 
 1622      636500
 1623              	.LASF30:
 1624 03fe 4353445F 		.ascii	"CSD_RAM_WD_BUTTON_STRUCT\000"
 1624      52414D5F 
 1624      57445F42 
 1624      5554544F 
 1624      4E5F5354 
 1625              	.LASF37:
 1626 0417 69646163 		.ascii	"idacComp\000"
 1626      436F6D70 
 1626      00
 1627              	.LASF36:
 1628 0420 6E656742 		.ascii	"negBslnRstCnt\000"
 1628      736C6E52 
 1628      7374436E 
 1628      7400
 1629              	.LASF63:
 1630 042e 746F7461 		.ascii	"totalNumSns\000"
 1630      6C4E756D 
 1630      536E7300 
 1631              	.LASF61:
 1632 043a 70747232 		.ascii	"ptr2DebounceArr\000"
 1632      4465626F 
 1632      756E6365 
 1632      41727200 
 1633              	.LASF84:
ARM GAS  C:\Users\Greg\AppData\Local\Temp\ccRaKVW3.s 			page 37


 1634 044a 74756E65 		.ascii	"tunerFsm\000"
 1634      7246736D 
 1634      00
 1635              	.LASF44:
 1636 0453 73746174 		.ascii	"status\000"
 1636      757300
 1637              	.LASF68:
 1638 045a 4353445F 		.ascii	"CSD_FLASH_STRUCT\000"
 1638      464C4153 
 1638      485F5354 
 1638      52554354 
 1638      00
 1639              	.LASF67:
 1640 046b 77646774 		.ascii	"wdgtArray\000"
 1640      41727261 
 1640      7900
 1641              	.LASF75:
 1642 0475 4353445F 		.ascii	"CSD_TU_CMD_ENUM\000"
 1642      54555F43 
 1642      4D445F45 
 1642      4E554D00 
 1643              	.LASF72:
 1644 0485 4353445F 		.ascii	"CSD_TU_CMD_RESTART_E\000"
 1644      54555F43 
 1644      4D445F52 
 1644      45535441 
 1644      52545F45 
 1645              	.LASF29:
 1646 049a 736E7343 		.ascii	"snsClkSource\000"
 1646      6C6B536F 
 1646      75726365 
 1646      00
 1647              	.LASF15:
 1648 04a7 63797374 		.ascii	"cystatus\000"
 1648      61747573 
 1648      00
 1649              	.LASF82:
 1650 04b0 70747244 		.ascii	"ptrDsRam\000"
 1650      7352616D 
 1650      00
 1651              	.LASF93:
 1652 04b9 4353445F 		.ascii	"CSD_RunTuner\000"
 1652      52756E54 
 1652      756E6572 
 1652      00
 1653              	.LASF20:
 1654 04c6 66696E67 		.ascii	"fingerTh\000"
 1654      65725468 
 1654      00
 1655              	.LASF71:
 1656 04cf 4353445F 		.ascii	"CSD_TU_CMD_RESUME_E\000"
 1656      54555F43 
 1656      4D445F52 
 1656      4553554D 
 1656      455F4500 
 1657              	.LASF54:
 1658 04e3 736E7254 		.ascii	"snrTestScanCounter\000"
ARM GAS  C:\Users\Greg\AppData\Local\Temp\ccRaKVW3.s 			page 38


 1658      65737453 
 1658      63616E43 
 1658      6F756E74 
 1658      657200
 1659              	.LASF89:
 1660 04f6 474E5520 		.ascii	"GNU C 4.9.3 20150303 (release) [ARM/embedded-4_9-br"
 1660      4320342E 
 1660      392E3320 
 1660      32303135 
 1660      30333033 
 1661 0529 616E6368 		.ascii	"anch revision 221220] -mcpu=cortex-m0plus -mthumb -"
 1661      20726576 
 1661      6973696F 
 1661      6E203232 
 1661      31323230 
 1662 055c 67202D4F 		.ascii	"g -Og -ffunction-sections -ffat-lto-objects\000"
 1662      67202D66 
 1662      66756E63 
 1662      74696F6E 
 1662      2D736563 
 1663              	.LASF21:
 1664 0588 6E6F6973 		.ascii	"noiseTh\000"
 1664      65546800 
 1665              		.ident	"GCC: (GNU Tools for ARM Embedded Processors) 4.9.3 20150303 (release) [ARM/embedded-4_9-br
