ARM GAS  C:\Users\Greg\AppData\Local\Temp\ccbL8ypu.s 			page 1


   1              		.cpu cortex-m0plus
   2              		.fpu softvfp
   3              		.eabi_attribute 20, 1
   4              		.eabi_attribute 21, 1
   5              		.eabi_attribute 23, 3
   6              		.eabi_attribute 24, 1
   7              		.eabi_attribute 25, 1
   8              		.eabi_attribute 26, 1
   9              		.eabi_attribute 30, 1
  10              		.eabi_attribute 34, 0
  11              		.eabi_attribute 18, 4
  12              		.code	16
  13              		.file	"cyfitter_cfg.c"
  14              		.text
  15              	.Ltext0:
  16              		.cfi_sections	.debug_frame
  17              		.section	.psocinit,"ax",%progbits
  18              		.align	2
  19              		.code	16
  20              		.thumb_func
  21              		.type	ClockSetup, %function
  22              	ClockSetup:
  23              	.LFB4:
  24              		.file 1 "Generated_Source\\PSoC4\\cyfitter_cfg.c"
   1:Generated_Source\PSoC4/cyfitter_cfg.c **** /*******************************************************************************
   2:Generated_Source\PSoC4/cyfitter_cfg.c **** * File Name: cyfitter_cfg.c
   3:Generated_Source\PSoC4/cyfitter_cfg.c **** * 
   4:Generated_Source\PSoC4/cyfitter_cfg.c **** * PSoC Creator  4.0
   5:Generated_Source\PSoC4/cyfitter_cfg.c **** *
   6:Generated_Source\PSoC4/cyfitter_cfg.c **** * Description:
   7:Generated_Source\PSoC4/cyfitter_cfg.c **** * This file contains device initialization code.
   8:Generated_Source\PSoC4/cyfitter_cfg.c **** * Except for the user defined sections in CyClockStartupError(), this file should not be modified.
   9:Generated_Source\PSoC4/cyfitter_cfg.c **** * This file is automatically generated by PSoC Creator.
  10:Generated_Source\PSoC4/cyfitter_cfg.c **** *
  11:Generated_Source\PSoC4/cyfitter_cfg.c **** ********************************************************************************
  12:Generated_Source\PSoC4/cyfitter_cfg.c **** * Copyright (c) 2007-2016 Cypress Semiconductor.  All rights reserved.
  13:Generated_Source\PSoC4/cyfitter_cfg.c **** * You may use this file only in accordance with the license, terms, conditions, 
  14:Generated_Source\PSoC4/cyfitter_cfg.c **** * disclaimers, and limitations in the end user license agreement accompanying 
  15:Generated_Source\PSoC4/cyfitter_cfg.c **** * the software package with which this file was provided.
  16:Generated_Source\PSoC4/cyfitter_cfg.c **** ********************************************************************************/
  17:Generated_Source\PSoC4/cyfitter_cfg.c **** 
  18:Generated_Source\PSoC4/cyfitter_cfg.c **** #include <string.h>
  19:Generated_Source\PSoC4/cyfitter_cfg.c **** #include "cytypes.h"
  20:Generated_Source\PSoC4/cyfitter_cfg.c **** #include "cydevice_trm.h"
  21:Generated_Source\PSoC4/cyfitter_cfg.c **** #include "cyfitter.h"
  22:Generated_Source\PSoC4/cyfitter_cfg.c **** #include "CyLib.h"
  23:Generated_Source\PSoC4/cyfitter_cfg.c **** #include "cyfitter_cfg.h"
  24:Generated_Source\PSoC4/cyfitter_cfg.c **** 
  25:Generated_Source\PSoC4/cyfitter_cfg.c **** 
  26:Generated_Source\PSoC4/cyfitter_cfg.c **** #if defined(__GNUC__) || defined(__ARMCC_VERSION)
  27:Generated_Source\PSoC4/cyfitter_cfg.c ****     #define CYPACKED 
  28:Generated_Source\PSoC4/cyfitter_cfg.c ****     #define CYPACKED_ATTR __attribute__ ((packed))
  29:Generated_Source\PSoC4/cyfitter_cfg.c ****     #define CYALIGNED __attribute__ ((aligned))
  30:Generated_Source\PSoC4/cyfitter_cfg.c ****     #define CY_CFG_UNUSED __attribute__ ((unused))
  31:Generated_Source\PSoC4/cyfitter_cfg.c ****     #ifndef CY_CFG_SECTION
  32:Generated_Source\PSoC4/cyfitter_cfg.c ****         #define CY_CFG_SECTION __attribute__ ((section(".psocinit")))
  33:Generated_Source\PSoC4/cyfitter_cfg.c ****     #endif
ARM GAS  C:\Users\Greg\AppData\Local\Temp\ccbL8ypu.s 			page 2


  34:Generated_Source\PSoC4/cyfitter_cfg.c ****     
  35:Generated_Source\PSoC4/cyfitter_cfg.c ****     #if defined(__ARMCC_VERSION)
  36:Generated_Source\PSoC4/cyfitter_cfg.c ****         #define CY_CFG_MEMORY_BARRIER() __memory_changed()
  37:Generated_Source\PSoC4/cyfitter_cfg.c ****     #else
  38:Generated_Source\PSoC4/cyfitter_cfg.c ****         #define CY_CFG_MEMORY_BARRIER() __sync_synchronize()
  39:Generated_Source\PSoC4/cyfitter_cfg.c ****     #endif
  40:Generated_Source\PSoC4/cyfitter_cfg.c ****     
  41:Generated_Source\PSoC4/cyfitter_cfg.c **** #elif defined(__ICCARM__)
  42:Generated_Source\PSoC4/cyfitter_cfg.c ****     #include <intrinsics.h>
  43:Generated_Source\PSoC4/cyfitter_cfg.c **** 
  44:Generated_Source\PSoC4/cyfitter_cfg.c ****     #define CYPACKED __packed
  45:Generated_Source\PSoC4/cyfitter_cfg.c ****     #define CYPACKED_ATTR 
  46:Generated_Source\PSoC4/cyfitter_cfg.c ****     #define CYALIGNED _Pragma("data_alignment=4")
  47:Generated_Source\PSoC4/cyfitter_cfg.c ****     #define CY_CFG_UNUSED _Pragma("diag_suppress=Pe177")
  48:Generated_Source\PSoC4/cyfitter_cfg.c ****     #define CY_CFG_SECTION _Pragma("location=\".psocinit\"")
  49:Generated_Source\PSoC4/cyfitter_cfg.c ****     
  50:Generated_Source\PSoC4/cyfitter_cfg.c ****     #define CY_CFG_MEMORY_BARRIER() __DMB()
  51:Generated_Source\PSoC4/cyfitter_cfg.c ****     
  52:Generated_Source\PSoC4/cyfitter_cfg.c **** #else
  53:Generated_Source\PSoC4/cyfitter_cfg.c ****     #error Unsupported toolchain
  54:Generated_Source\PSoC4/cyfitter_cfg.c **** #endif
  55:Generated_Source\PSoC4/cyfitter_cfg.c **** 
  56:Generated_Source\PSoC4/cyfitter_cfg.c **** 
  57:Generated_Source\PSoC4/cyfitter_cfg.c **** CY_CFG_UNUSED
  58:Generated_Source\PSoC4/cyfitter_cfg.c **** static void CYMEMZERO(void *s, size_t n);
  59:Generated_Source\PSoC4/cyfitter_cfg.c **** CY_CFG_UNUSED
  60:Generated_Source\PSoC4/cyfitter_cfg.c **** static void CYMEMZERO(void *s, size_t n)
  61:Generated_Source\PSoC4/cyfitter_cfg.c **** {
  62:Generated_Source\PSoC4/cyfitter_cfg.c **** 	(void)memset(s, 0, n);
  63:Generated_Source\PSoC4/cyfitter_cfg.c **** }
  64:Generated_Source\PSoC4/cyfitter_cfg.c **** CY_CFG_UNUSED
  65:Generated_Source\PSoC4/cyfitter_cfg.c **** static void CYCONFIGCPY(void *dest, const void *src, size_t n);
  66:Generated_Source\PSoC4/cyfitter_cfg.c **** CY_CFG_UNUSED
  67:Generated_Source\PSoC4/cyfitter_cfg.c **** static void CYCONFIGCPY(void *dest, const void *src, size_t n)
  68:Generated_Source\PSoC4/cyfitter_cfg.c **** {
  69:Generated_Source\PSoC4/cyfitter_cfg.c **** 	(void)memcpy(dest, src, n);
  70:Generated_Source\PSoC4/cyfitter_cfg.c **** }
  71:Generated_Source\PSoC4/cyfitter_cfg.c **** CY_CFG_UNUSED
  72:Generated_Source\PSoC4/cyfitter_cfg.c **** static void CYCONFIGCPYCODE(void *dest, const void *src, size_t n);
  73:Generated_Source\PSoC4/cyfitter_cfg.c **** CY_CFG_UNUSED
  74:Generated_Source\PSoC4/cyfitter_cfg.c **** static void CYCONFIGCPYCODE(void *dest, const void *src, size_t n)
  75:Generated_Source\PSoC4/cyfitter_cfg.c **** {
  76:Generated_Source\PSoC4/cyfitter_cfg.c **** 	(void)memcpy(dest, src, n);
  77:Generated_Source\PSoC4/cyfitter_cfg.c **** }
  78:Generated_Source\PSoC4/cyfitter_cfg.c **** 
  79:Generated_Source\PSoC4/cyfitter_cfg.c **** 
  80:Generated_Source\PSoC4/cyfitter_cfg.c **** 
  81:Generated_Source\PSoC4/cyfitter_cfg.c **** 
  82:Generated_Source\PSoC4/cyfitter_cfg.c **** /* Clock startup error codes                                                   */
  83:Generated_Source\PSoC4/cyfitter_cfg.c **** #define CYCLOCKSTART_NO_ERROR    0u
  84:Generated_Source\PSoC4/cyfitter_cfg.c **** #define CYCLOCKSTART_XTAL_ERROR  1u
  85:Generated_Source\PSoC4/cyfitter_cfg.c **** #define CYCLOCKSTART_32KHZ_ERROR 2u
  86:Generated_Source\PSoC4/cyfitter_cfg.c **** #define CYCLOCKSTART_PLL_ERROR   3u
  87:Generated_Source\PSoC4/cyfitter_cfg.c **** 
  88:Generated_Source\PSoC4/cyfitter_cfg.c **** 
  89:Generated_Source\PSoC4/cyfitter_cfg.c **** #ifdef CY_NEED_CYCLOCKSTARTUPERROR
  90:Generated_Source\PSoC4/cyfitter_cfg.c **** /*******************************************************************************
ARM GAS  C:\Users\Greg\AppData\Local\Temp\ccbL8ypu.s 			page 3


  91:Generated_Source\PSoC4/cyfitter_cfg.c **** * Function Name: CyClockStartupError
  92:Generated_Source\PSoC4/cyfitter_cfg.c **** ********************************************************************************
  93:Generated_Source\PSoC4/cyfitter_cfg.c **** * Summary:
  94:Generated_Source\PSoC4/cyfitter_cfg.c **** *  If an error is encountered during clock configuration (crystal startup error,
  95:Generated_Source\PSoC4/cyfitter_cfg.c **** *  PLL lock error, etc.), the system will end up here.  Unless reimplemented by
  96:Generated_Source\PSoC4/cyfitter_cfg.c **** *  the customer, this function will stop in an infinite loop.
  97:Generated_Source\PSoC4/cyfitter_cfg.c **** *
  98:Generated_Source\PSoC4/cyfitter_cfg.c **** * Parameters:
  99:Generated_Source\PSoC4/cyfitter_cfg.c **** *   void
 100:Generated_Source\PSoC4/cyfitter_cfg.c **** *
 101:Generated_Source\PSoC4/cyfitter_cfg.c **** * Return:
 102:Generated_Source\PSoC4/cyfitter_cfg.c **** *   void
 103:Generated_Source\PSoC4/cyfitter_cfg.c **** *
 104:Generated_Source\PSoC4/cyfitter_cfg.c **** *******************************************************************************/
 105:Generated_Source\PSoC4/cyfitter_cfg.c **** CY_CFG_UNUSED
 106:Generated_Source\PSoC4/cyfitter_cfg.c **** static void CyClockStartupError(uint8 errorCode);
 107:Generated_Source\PSoC4/cyfitter_cfg.c **** CY_CFG_UNUSED
 108:Generated_Source\PSoC4/cyfitter_cfg.c **** static void CyClockStartupError(uint8 errorCode)
 109:Generated_Source\PSoC4/cyfitter_cfg.c **** {
 110:Generated_Source\PSoC4/cyfitter_cfg.c ****     /* To remove the compiler warning if errorCode not used.                */
 111:Generated_Source\PSoC4/cyfitter_cfg.c ****     errorCode = errorCode;
 112:Generated_Source\PSoC4/cyfitter_cfg.c **** 
 113:Generated_Source\PSoC4/cyfitter_cfg.c ****     /* If we have a clock startup error (bad MHz crystal, PLL lock, etc.),  */
 114:Generated_Source\PSoC4/cyfitter_cfg.c ****     /* we will end up here to allow the customer to implement something to  */
 115:Generated_Source\PSoC4/cyfitter_cfg.c ****     /* deal with the clock condition.                                       */
 116:Generated_Source\PSoC4/cyfitter_cfg.c **** 
 117:Generated_Source\PSoC4/cyfitter_cfg.c **** #ifdef CY_CFG_CLOCK_STARTUP_ERROR_CALLBACK
 118:Generated_Source\PSoC4/cyfitter_cfg.c **** 	CY_CFG_Clock_Startup_ErrorCallback();
 119:Generated_Source\PSoC4/cyfitter_cfg.c **** #else
 120:Generated_Source\PSoC4/cyfitter_cfg.c **** 	/*  If not using CY_CFG_CLOCK_STARTUP_ERROR_CALLBACK, place your clock startup code here. */
 121:Generated_Source\PSoC4/cyfitter_cfg.c ****     /* `#START CyClockStartupError` */
 122:Generated_Source\PSoC4/cyfitter_cfg.c **** 
 123:Generated_Source\PSoC4/cyfitter_cfg.c ****     /* If we have a clock startup error (bad MHz crystal, PLL lock, etc.),  */
 124:Generated_Source\PSoC4/cyfitter_cfg.c ****     /* we will end up here to allow the customer to implement something to  */
 125:Generated_Source\PSoC4/cyfitter_cfg.c ****     /* deal with the clock condition.                                       */
 126:Generated_Source\PSoC4/cyfitter_cfg.c **** 
 127:Generated_Source\PSoC4/cyfitter_cfg.c ****     /* `#END` */
 128:Generated_Source\PSoC4/cyfitter_cfg.c **** 
 129:Generated_Source\PSoC4/cyfitter_cfg.c ****     /* If nothing else, stop here since the clocks have not started         */
 130:Generated_Source\PSoC4/cyfitter_cfg.c ****     /* correctly.                                                           */
 131:Generated_Source\PSoC4/cyfitter_cfg.c ****     while(1) {}
 132:Generated_Source\PSoC4/cyfitter_cfg.c **** #endif /* CY_CFG_CLOCK_STARTUP_ERROR_CALLBACK */ 
 133:Generated_Source\PSoC4/cyfitter_cfg.c **** }
 134:Generated_Source\PSoC4/cyfitter_cfg.c **** #endif
 135:Generated_Source\PSoC4/cyfitter_cfg.c **** 
 136:Generated_Source\PSoC4/cyfitter_cfg.c **** 
 137:Generated_Source\PSoC4/cyfitter_cfg.c **** 
 138:Generated_Source\PSoC4/cyfitter_cfg.c **** /*******************************************************************************
 139:Generated_Source\PSoC4/cyfitter_cfg.c **** * Function Name: ClockSetup
 140:Generated_Source\PSoC4/cyfitter_cfg.c **** ********************************************************************************
 141:Generated_Source\PSoC4/cyfitter_cfg.c **** *
 142:Generated_Source\PSoC4/cyfitter_cfg.c **** * Summary:
 143:Generated_Source\PSoC4/cyfitter_cfg.c **** *   Performs the initialization of all of the clocks in the device based on the
 144:Generated_Source\PSoC4/cyfitter_cfg.c **** *   settings in the Clock tab of the DWR.  This includes enabling the requested
 145:Generated_Source\PSoC4/cyfitter_cfg.c **** *   clocks and setting the necessary dividers to produce the desired frequency. 
 146:Generated_Source\PSoC4/cyfitter_cfg.c **** *
 147:Generated_Source\PSoC4/cyfitter_cfg.c **** * Parameters:
ARM GAS  C:\Users\Greg\AppData\Local\Temp\ccbL8ypu.s 			page 4


 148:Generated_Source\PSoC4/cyfitter_cfg.c **** *   void
 149:Generated_Source\PSoC4/cyfitter_cfg.c **** *
 150:Generated_Source\PSoC4/cyfitter_cfg.c **** * Return:
 151:Generated_Source\PSoC4/cyfitter_cfg.c **** *   void
 152:Generated_Source\PSoC4/cyfitter_cfg.c **** *
 153:Generated_Source\PSoC4/cyfitter_cfg.c **** *******************************************************************************/
 154:Generated_Source\PSoC4/cyfitter_cfg.c **** static void ClockSetup(void);
 155:Generated_Source\PSoC4/cyfitter_cfg.c **** CY_CFG_SECTION
 156:Generated_Source\PSoC4/cyfitter_cfg.c **** static void ClockSetup(void)
 157:Generated_Source\PSoC4/cyfitter_cfg.c **** {
  25              		.loc 1 157 0
  26              		.cfi_startproc
  27 0000 10B5     		push	{r4, lr}
  28              		.cfi_def_cfa_offset 8
  29              		.cfi_offset 4, -8
  30              		.cfi_offset 14, -4
 158:Generated_Source\PSoC4/cyfitter_cfg.c **** 
 159:Generated_Source\PSoC4/cyfitter_cfg.c **** 	/* Set Flash Cycles based on max possible frequency in case a glitch occurs during ClockSetup(). *
 160:Generated_Source\PSoC4/cyfitter_cfg.c **** 	CY_SET_REG32((void CYXDATA *)(CYREG_CPUSS_FLASH_CTL), (0x0012u));
  31              		.loc 1 160 0
  32 0002 194C     		ldr	r4, .L2
  33 0004 1223     		mov	r3, #18
  34 0006 2360     		str	r3, [r4]
 161:Generated_Source\PSoC4/cyfitter_cfg.c **** 	/* Update IMO to new clock speed. */
 162:Generated_Source\PSoC4/cyfitter_cfg.c **** 	CySysClkWriteImoFreq(48u);
  35              		.loc 1 162 0
  36 0008 3020     		mov	r0, #48
  37 000a FFF7FEFF 		bl	CySysClkWriteImoFreq
  38              	.LVL0:
 163:Generated_Source\PSoC4/cyfitter_cfg.c **** 
 164:Generated_Source\PSoC4/cyfitter_cfg.c **** 	/* Setup phase aligned clocks */
 165:Generated_Source\PSoC4/cyfitter_cfg.c **** 	CY_SET_REG32((void *)CYREG_PERI_DIV_16_CTL1, 0x00000100u);
  39              		.loc 1 165 0
  40 000e 8022     		mov	r2, #128
  41 0010 5200     		lsl	r2, r2, #1
  42 0012 164B     		ldr	r3, .L2+4
  43 0014 1A60     		str	r2, [r3]
 166:Generated_Source\PSoC4/cyfitter_cfg.c **** 	CY_SET_REG32((void *)CYREG_PERI_DIV_CMD, 0x8000FF41u);
  44              		.loc 1 166 0
  45 0016 8023     		mov	r3, #128
  46 0018 DB05     		lsl	r3, r3, #23
  47 001a 1549     		ldr	r1, .L2+8
  48 001c 1960     		str	r1, [r3]
 167:Generated_Source\PSoC4/cyfitter_cfg.c **** 	CY_SET_REG32((void *)CYREG_PERI_DIV_16_CTL2, 0x00000100u);
  49              		.loc 1 167 0
  50 001e 1549     		ldr	r1, .L2+12
  51 0020 0A60     		str	r2, [r1]
 168:Generated_Source\PSoC4/cyfitter_cfg.c **** 	CY_SET_REG32((void *)CYREG_PERI_DIV_CMD, 0x8000FF42u);
  52              		.loc 1 168 0
  53 0022 154A     		ldr	r2, .L2+16
  54 0024 1A60     		str	r2, [r3]
 169:Generated_Source\PSoC4/cyfitter_cfg.c **** 	CY_SET_REG32((void *)CYREG_PERI_DIV_16_CTL0, 0x0000FE00u);
  55              		.loc 1 169 0
  56 0026 FE21     		mov	r1, #254
  57 0028 0902     		lsl	r1, r1, #8
  58 002a 144A     		ldr	r2, .L2+20
  59 002c 1160     		str	r1, [r2]
ARM GAS  C:\Users\Greg\AppData\Local\Temp\ccbL8ypu.s 			page 5


 170:Generated_Source\PSoC4/cyfitter_cfg.c **** 	CY_SET_REG32((void *)CYREG_PERI_DIV_CMD, 0x8000FF40u);
  60              		.loc 1 170 0
  61 002e 144A     		ldr	r2, .L2+24
  62 0030 1A60     		str	r2, [r3]
 171:Generated_Source\PSoC4/cyfitter_cfg.c **** 	CY_SET_REG32((void *)CYREG_PERI_DIV_16_CTL3, 0x00000200u);
  63              		.loc 1 171 0
  64 0032 8021     		mov	r1, #128
  65 0034 8900     		lsl	r1, r1, #2
  66 0036 134A     		ldr	r2, .L2+28
  67 0038 1160     		str	r1, [r2]
 172:Generated_Source\PSoC4/cyfitter_cfg.c **** 	CY_SET_REG32((void *)CYREG_PERI_DIV_CMD, 0x8000FF43u);
  68              		.loc 1 172 0
  69 003a 134A     		ldr	r2, .L2+32
  70 003c 1A60     		str	r2, [r3]
 173:Generated_Source\PSoC4/cyfitter_cfg.c **** 
 174:Generated_Source\PSoC4/cyfitter_cfg.c **** 	/* CYDEV_CLK_SELECT Starting address: CYDEV_CLK_SELECT */
 175:Generated_Source\PSoC4/cyfitter_cfg.c **** 	CY_SET_XTND_REG32((void CYFAR *)(CYREG_CLK_SELECT), 0x00000024u);
  71              		.loc 1 175 0
  72 003e 2422     		mov	r2, #36
  73 0040 124B     		ldr	r3, .L2+36
  74 0042 1A60     		str	r2, [r3]
 176:Generated_Source\PSoC4/cyfitter_cfg.c **** 
 177:Generated_Source\PSoC4/cyfitter_cfg.c **** 	/* CYDEV_PERI_PCLK_CTL12 Starting address: CYDEV_PERI_PCLK_CTL12 */
 178:Generated_Source\PSoC4/cyfitter_cfg.c **** 	CY_SET_XTND_REG32((void CYFAR *)(CYREG_PERI_PCLK_CTL12), 0x00000042u);
  75              		.loc 1 178 0
  76 0044 1E32     		add	r2, r2, #30
  77 0046 124B     		ldr	r3, .L2+40
  78 0048 1A60     		str	r2, [r3]
 179:Generated_Source\PSoC4/cyfitter_cfg.c **** 
 180:Generated_Source\PSoC4/cyfitter_cfg.c **** 	/* CYDEV_PERI_PCLK_CTL3 Starting address: CYDEV_PERI_PCLK_CTL3 */
 181:Generated_Source\PSoC4/cyfitter_cfg.c **** 	CY_SET_XTND_REG32((void CYFAR *)(CYREG_PERI_PCLK_CTL3), 0x00000040u);
  79              		.loc 1 181 0
  80 004a 023A     		sub	r2, r2, #2
  81 004c 114B     		ldr	r3, .L2+44
  82 004e 1A60     		str	r2, [r3]
 182:Generated_Source\PSoC4/cyfitter_cfg.c **** 
 183:Generated_Source\PSoC4/cyfitter_cfg.c **** 	/* CYDEV_PERI_PCLK_CTL2 Starting address: CYDEV_PERI_PCLK_CTL2 */
 184:Generated_Source\PSoC4/cyfitter_cfg.c **** 	CY_SET_XTND_REG32((void CYFAR *)(CYREG_PERI_PCLK_CTL2), 0x00000043u);
  83              		.loc 1 184 0
  84 0050 0332     		add	r2, r2, #3
  85 0052 114B     		ldr	r3, .L2+48
  86 0054 1A60     		str	r2, [r3]
 185:Generated_Source\PSoC4/cyfitter_cfg.c **** 
 186:Generated_Source\PSoC4/cyfitter_cfg.c **** 	CY_SET_XTND_REG32((void CYFAR *)(CYREG_WCO_WDT_CONFIG), 0x00000000u);
  87              		.loc 1 186 0
  88 0056 0022     		mov	r2, #0
  89 0058 104B     		ldr	r3, .L2+52
  90 005a 1A60     		str	r2, [r3]
 187:Generated_Source\PSoC4/cyfitter_cfg.c **** 	CySysClkSetTimerSource(CY_SYS_CLK_TIMER_SRC_ILO);
  91              		.loc 1 187 0
  92 005c 0020     		mov	r0, #0
  93 005e FFF7FEFF 		bl	CySysClkSetTimerSource
  94              	.LVL1:
 188:Generated_Source\PSoC4/cyfitter_cfg.c **** 	/* Set Flash Cycles based on newly configured 24.00MHz HFCLK. */
 189:Generated_Source\PSoC4/cyfitter_cfg.c **** 	CY_SET_REG32((void CYXDATA *)(CYREG_CPUSS_FLASH_CTL), (0x0011u));
  95              		.loc 1 189 0
  96 0062 1123     		mov	r3, #17
ARM GAS  C:\Users\Greg\AppData\Local\Temp\ccbL8ypu.s 			page 6


  97 0064 2360     		str	r3, [r4]
 190:Generated_Source\PSoC4/cyfitter_cfg.c **** }
  98              		.loc 1 190 0
  99              		@ sp needed
 100 0066 10BD     		pop	{r4, pc}
 101              	.L3:
 102              		.align	2
 103              	.L2:
 104 0068 30001040 		.word	1074790448
 105 006c 04030040 		.word	1073742596
 106 0070 41FF0080 		.word	-2147418303
 107 0074 08030040 		.word	1073742600
 108 0078 42FF0080 		.word	-2147418302
 109 007c 00030040 		.word	1073742592
 110 0080 40FF0080 		.word	-2147418304
 111 0084 0C030040 		.word	1073742604
 112 0088 43FF0080 		.word	-2147418301
 113 008c 28000340 		.word	1073938472
 114 0090 30010040 		.word	1073742128
 115 0094 0C010040 		.word	1073742092
 116 0098 08010040 		.word	1073742088
 117 009c 0C020640 		.word	1074135564
 118              		.cfi_endproc
 119              	.LFE4:
 120              		.size	ClockSetup, .-ClockSetup
 121              		.section	.text.SetAnalogRoutingPumps,"ax",%progbits
 122              		.align	2
 123              		.global	SetAnalogRoutingPumps
 124              		.code	16
 125              		.thumb_func
 126              		.type	SetAnalogRoutingPumps, %function
 127              	SetAnalogRoutingPumps:
 128              	.LFB6:
 191:Generated_Source\PSoC4/cyfitter_cfg.c **** 
 192:Generated_Source\PSoC4/cyfitter_cfg.c **** 
 193:Generated_Source\PSoC4/cyfitter_cfg.c **** /* Analog API Functions */
 194:Generated_Source\PSoC4/cyfitter_cfg.c **** 
 195:Generated_Source\PSoC4/cyfitter_cfg.c **** 
 196:Generated_Source\PSoC4/cyfitter_cfg.c **** /*******************************************************************************
 197:Generated_Source\PSoC4/cyfitter_cfg.c **** * Function Name: AnalogSetDefault
 198:Generated_Source\PSoC4/cyfitter_cfg.c **** ********************************************************************************
 199:Generated_Source\PSoC4/cyfitter_cfg.c **** *
 200:Generated_Source\PSoC4/cyfitter_cfg.c **** * Summary:
 201:Generated_Source\PSoC4/cyfitter_cfg.c **** *  Sets up the analog portions of the chip to default values based on chip
 202:Generated_Source\PSoC4/cyfitter_cfg.c **** *  configuration options from the project.
 203:Generated_Source\PSoC4/cyfitter_cfg.c **** *
 204:Generated_Source\PSoC4/cyfitter_cfg.c **** * Parameters:
 205:Generated_Source\PSoC4/cyfitter_cfg.c **** *  void
 206:Generated_Source\PSoC4/cyfitter_cfg.c **** *
 207:Generated_Source\PSoC4/cyfitter_cfg.c **** * Return:
 208:Generated_Source\PSoC4/cyfitter_cfg.c **** *  void
 209:Generated_Source\PSoC4/cyfitter_cfg.c **** *
 210:Generated_Source\PSoC4/cyfitter_cfg.c **** *******************************************************************************/
 211:Generated_Source\PSoC4/cyfitter_cfg.c **** static void AnalogSetDefault(void);
 212:Generated_Source\PSoC4/cyfitter_cfg.c **** static void AnalogSetDefault(void)
 213:Generated_Source\PSoC4/cyfitter_cfg.c **** {
 214:Generated_Source\PSoC4/cyfitter_cfg.c **** 	CY_SET_XTND_REG32((void CYFAR *)CYREG_HSIOM_AMUX_SPLIT_CTL2, 0x00000003u);
ARM GAS  C:\Users\Greg\AppData\Local\Temp\ccbL8ypu.s 			page 7


 215:Generated_Source\PSoC4/cyfitter_cfg.c **** 	CY_SET_XTND_REG32((void CYFAR *)CYREG_CTB1_CTB_CTRL, 0x80000000u);
 216:Generated_Source\PSoC4/cyfitter_cfg.c **** 	CY_SET_XTND_REG32((void CYFAR *)CYREG_CTB1_OA1_SW, 0x00080080u);
 217:Generated_Source\PSoC4/cyfitter_cfg.c **** 	CY_SET_XTND_REG32((void CYFAR *)CYREG_ART_CTRL, 0x80000000u);
 218:Generated_Source\PSoC4/cyfitter_cfg.c **** 	CY_SET_XTND_REG32((void CYFAR *)CYREG_ART_SARMUXVPLUS_SW, 0x01000000u);
 219:Generated_Source\PSoC4/cyfitter_cfg.c **** 	CY_SET_XTND_REG32((void CYFAR *)CYREG_ART_SARMUXVMINUS_SW, 0x02000000u);
 220:Generated_Source\PSoC4/cyfitter_cfg.c **** 	CY_SET_XTND_REG32((void CYFAR *)CYREG_ART_CTB1VREF_SW, 0x00020000u);
 221:Generated_Source\PSoC4/cyfitter_cfg.c **** 	CY_SET_XTND_REG32((void CYFAR *)CYREG_SAR_CTRL, 0x80000000u);
 222:Generated_Source\PSoC4/cyfitter_cfg.c **** 	CY_SET_XTND_REG32((void CYFAR *)CYREG_SAR_MUX_SWITCH0, 0x000060A0u);
 223:Generated_Source\PSoC4/cyfitter_cfg.c **** 	CY_SET_XTND_REG32((void CYFAR *)CYREG_SAR_MUX_SWITCH_HW_CTRL, 0x000000E0u);
 224:Generated_Source\PSoC4/cyfitter_cfg.c **** 	CY_SET_XTND_REG32((void CYFAR *)CYREG_PASS_PASS_CTRL, 0x00000003u);
 225:Generated_Source\PSoC4/cyfitter_cfg.c **** 	CY_SET_XTND_REG32((void CYFAR *)CYREG_PASS_PRB_CTRL, 0x80000001u);
 226:Generated_Source\PSoC4/cyfitter_cfg.c **** 	CY_SET_XTND_REG32((void CYFAR *)CYREG_PASS_PRB_REF0, 0x000000F1u);
 227:Generated_Source\PSoC4/cyfitter_cfg.c **** 	CY_SET_XTND_REG32((void CYFAR *)CYREG_PASS_DSAB_DSAB_CTRL, 0x00000000u);
 228:Generated_Source\PSoC4/cyfitter_cfg.c **** 	SetAnalogRoutingPumps(1);
 229:Generated_Source\PSoC4/cyfitter_cfg.c **** }
 230:Generated_Source\PSoC4/cyfitter_cfg.c **** 
 231:Generated_Source\PSoC4/cyfitter_cfg.c **** 
 232:Generated_Source\PSoC4/cyfitter_cfg.c **** /*******************************************************************************
 233:Generated_Source\PSoC4/cyfitter_cfg.c **** * Function Name: SetAnalogRoutingPumps
 234:Generated_Source\PSoC4/cyfitter_cfg.c **** ********************************************************************************
 235:Generated_Source\PSoC4/cyfitter_cfg.c **** *
 236:Generated_Source\PSoC4/cyfitter_cfg.c **** * Summary:
 237:Generated_Source\PSoC4/cyfitter_cfg.c **** * Enables or disables the analog pumps feeding analog routing switches.
 238:Generated_Source\PSoC4/cyfitter_cfg.c **** * Intended to be called at startup, based on the Vdda system configuration;
 239:Generated_Source\PSoC4/cyfitter_cfg.c **** * may be called during operation when the user informs us that the Vdda voltage crossed the pump th
 240:Generated_Source\PSoC4/cyfitter_cfg.c **** *
 241:Generated_Source\PSoC4/cyfitter_cfg.c **** * Parameters:
 242:Generated_Source\PSoC4/cyfitter_cfg.c **** *  enabled - 1 to enable the pumps, 0 to disable the pumps
 243:Generated_Source\PSoC4/cyfitter_cfg.c **** *
 244:Generated_Source\PSoC4/cyfitter_cfg.c **** * Return:
 245:Generated_Source\PSoC4/cyfitter_cfg.c **** *  void
 246:Generated_Source\PSoC4/cyfitter_cfg.c **** *
 247:Generated_Source\PSoC4/cyfitter_cfg.c **** *******************************************************************************/
 248:Generated_Source\PSoC4/cyfitter_cfg.c **** void SetAnalogRoutingPumps(uint8 enabled)
 249:Generated_Source\PSoC4/cyfitter_cfg.c **** {
 129              		.loc 1 249 0
 130              		.cfi_startproc
 131              	.LVL2:
 250:Generated_Source\PSoC4/cyfitter_cfg.c **** 	uint32 regValue = CY_GET_XTND_REG32((void *)(CYREG_SAR_PUMP_CTRL));
 132              		.loc 1 250 0
 133 0000 064B     		ldr	r3, .L7
 134 0002 1B68     		ldr	r3, [r3]
 135              	.LVL3:
 251:Generated_Source\PSoC4/cyfitter_cfg.c **** 	if (enabled != 0u)
 136              		.loc 1 251 0
 137 0004 0028     		cmp	r0, #0
 138 0006 03D0     		beq	.L5
 252:Generated_Source\PSoC4/cyfitter_cfg.c **** 	{
 253:Generated_Source\PSoC4/cyfitter_cfg.c **** 		regValue |= 0x80000000u;
 139              		.loc 1 253 0
 140 0008 8022     		mov	r2, #128
 141 000a 1206     		lsl	r2, r2, #24
 142 000c 1343     		orr	r3, r2
 143              	.LVL4:
 144 000e 01E0     		b	.L6
 145              	.L5:
 254:Generated_Source\PSoC4/cyfitter_cfg.c **** 	}
ARM GAS  C:\Users\Greg\AppData\Local\Temp\ccbL8ypu.s 			page 8


 255:Generated_Source\PSoC4/cyfitter_cfg.c **** 	else
 256:Generated_Source\PSoC4/cyfitter_cfg.c **** 	{
 257:Generated_Source\PSoC4/cyfitter_cfg.c **** 		regValue &= ~0x80000000u;
 146              		.loc 1 257 0
 147 0010 5B00     		lsl	r3, r3, #1
 148              	.LVL5:
 149 0012 5B08     		lsr	r3, r3, #1
 150              	.LVL6:
 151              	.L6:
 258:Generated_Source\PSoC4/cyfitter_cfg.c **** 	}
 259:Generated_Source\PSoC4/cyfitter_cfg.c **** 	CY_SET_XTND_REG32((void *)(CYREG_SAR_PUMP_CTRL), regValue);
 152              		.loc 1 259 0
 153 0014 014A     		ldr	r2, .L7
 154 0016 1360     		str	r3, [r2]
 260:Generated_Source\PSoC4/cyfitter_cfg.c **** }
 155              		.loc 1 260 0
 156              		@ sp needed
 157 0018 7047     		bx	lr
 158              	.L8:
 159 001a C046     		.align	2
 160              	.L7:
 161 001c 80033A40 		.word	1077543808
 162              		.cfi_endproc
 163              	.LFE6:
 164              		.size	SetAnalogRoutingPumps, .-SetAnalogRoutingPumps
 165              		.section	.text.AnalogSetDefault,"ax",%progbits
 166              		.align	2
 167              		.code	16
 168              		.thumb_func
 169              		.type	AnalogSetDefault, %function
 170              	AnalogSetDefault:
 171              	.LFB5:
 213:Generated_Source\PSoC4/cyfitter_cfg.c **** 	CY_SET_XTND_REG32((void CYFAR *)CYREG_HSIOM_AMUX_SPLIT_CTL2, 0x00000003u);
 172              		.loc 1 213 0
 173              		.cfi_startproc
 174 0000 08B5     		push	{r3, lr}
 175              		.cfi_def_cfa_offset 8
 176              		.cfi_offset 3, -8
 177              		.cfi_offset 14, -4
 214:Generated_Source\PSoC4/cyfitter_cfg.c **** 	CY_SET_XTND_REG32((void CYFAR *)CYREG_CTB1_CTB_CTRL, 0x80000000u);
 178              		.loc 1 214 0
 179 0002 0322     		mov	r2, #3
 180 0004 164B     		ldr	r3, .L10
 181 0006 1A60     		str	r2, [r3]
 215:Generated_Source\PSoC4/cyfitter_cfg.c **** 	CY_SET_XTND_REG32((void CYFAR *)CYREG_CTB1_OA1_SW, 0x00080080u);
 182              		.loc 1 215 0
 183 0008 8023     		mov	r3, #128
 184 000a 1B06     		lsl	r3, r3, #24
 185 000c 1549     		ldr	r1, .L10+4
 186 000e 0B60     		str	r3, [r1]
 216:Generated_Source\PSoC4/cyfitter_cfg.c **** 	CY_SET_XTND_REG32((void CYFAR *)CYREG_ART_CTRL, 0x80000000u);
 187              		.loc 1 216 0
 188 0010 1548     		ldr	r0, .L10+8
 189 0012 1649     		ldr	r1, .L10+12
 190 0014 0860     		str	r0, [r1]
 217:Generated_Source\PSoC4/cyfitter_cfg.c **** 	CY_SET_XTND_REG32((void CYFAR *)CYREG_ART_SARMUXVPLUS_SW, 0x01000000u);
 191              		.loc 1 217 0
ARM GAS  C:\Users\Greg\AppData\Local\Temp\ccbL8ypu.s 			page 9


 192 0016 1649     		ldr	r1, .L10+16
 193 0018 0B60     		str	r3, [r1]
 218:Generated_Source\PSoC4/cyfitter_cfg.c **** 	CY_SET_XTND_REG32((void CYFAR *)CYREG_ART_SARMUXVMINUS_SW, 0x02000000u);
 194              		.loc 1 218 0
 195 001a 8020     		mov	r0, #128
 196 001c 4004     		lsl	r0, r0, #17
 197 001e 1549     		ldr	r1, .L10+20
 198 0020 0860     		str	r0, [r1]
 219:Generated_Source\PSoC4/cyfitter_cfg.c **** 	CY_SET_XTND_REG32((void CYFAR *)CYREG_ART_CTB1VREF_SW, 0x00020000u);
 199              		.loc 1 219 0
 200 0022 8020     		mov	r0, #128
 201 0024 8004     		lsl	r0, r0, #18
 202 0026 1449     		ldr	r1, .L10+24
 203 0028 0860     		str	r0, [r1]
 220:Generated_Source\PSoC4/cyfitter_cfg.c **** 	CY_SET_XTND_REG32((void CYFAR *)CYREG_SAR_CTRL, 0x80000000u);
 204              		.loc 1 220 0
 205 002a 8020     		mov	r0, #128
 206 002c 8002     		lsl	r0, r0, #10
 207 002e 1349     		ldr	r1, .L10+28
 208 0030 0860     		str	r0, [r1]
 221:Generated_Source\PSoC4/cyfitter_cfg.c **** 	CY_SET_XTND_REG32((void CYFAR *)CYREG_SAR_MUX_SWITCH0, 0x000060A0u);
 209              		.loc 1 221 0
 210 0032 1349     		ldr	r1, .L10+32
 211 0034 0B60     		str	r3, [r1]
 222:Generated_Source\PSoC4/cyfitter_cfg.c **** 	CY_SET_XTND_REG32((void CYFAR *)CYREG_SAR_MUX_SWITCH_HW_CTRL, 0x000000E0u);
 212              		.loc 1 222 0
 213 0036 1349     		ldr	r1, .L10+36
 214 0038 134B     		ldr	r3, .L10+40
 215 003a 1960     		str	r1, [r3]
 223:Generated_Source\PSoC4/cyfitter_cfg.c **** 	CY_SET_XTND_REG32((void CYFAR *)CYREG_PASS_PASS_CTRL, 0x00000003u);
 216              		.loc 1 223 0
 217 003c E021     		mov	r1, #224
 218 003e 134B     		ldr	r3, .L10+44
 219 0040 1960     		str	r1, [r3]
 224:Generated_Source\PSoC4/cyfitter_cfg.c **** 	CY_SET_XTND_REG32((void CYFAR *)CYREG_PASS_PRB_CTRL, 0x80000001u);
 220              		.loc 1 224 0
 221 0042 134B     		ldr	r3, .L10+48
 222 0044 1A60     		str	r2, [r3]
 225:Generated_Source\PSoC4/cyfitter_cfg.c **** 	CY_SET_XTND_REG32((void CYFAR *)CYREG_PASS_PRB_REF0, 0x000000F1u);
 223              		.loc 1 225 0
 224 0046 134A     		ldr	r2, .L10+52
 225 0048 134B     		ldr	r3, .L10+56
 226 004a 1A60     		str	r2, [r3]
 226:Generated_Source\PSoC4/cyfitter_cfg.c **** 	CY_SET_XTND_REG32((void CYFAR *)CYREG_PASS_DSAB_DSAB_CTRL, 0x00000000u);
 227              		.loc 1 226 0
 228 004c F122     		mov	r2, #241
 229 004e 134B     		ldr	r3, .L10+60
 230 0050 1A60     		str	r2, [r3]
 227:Generated_Source\PSoC4/cyfitter_cfg.c **** 	SetAnalogRoutingPumps(1);
 231              		.loc 1 227 0
 232 0052 0022     		mov	r2, #0
 233 0054 124B     		ldr	r3, .L10+64
 234 0056 1A60     		str	r2, [r3]
 228:Generated_Source\PSoC4/cyfitter_cfg.c **** }
 235              		.loc 1 228 0
 236 0058 0120     		mov	r0, #1
 237 005a FFF7FEFF 		bl	SetAnalogRoutingPumps
ARM GAS  C:\Users\Greg\AppData\Local\Temp\ccbL8ypu.s 			page 10


 238              	.LVL7:
 229:Generated_Source\PSoC4/cyfitter_cfg.c **** 
 239              		.loc 1 229 0
 240              		@ sp needed
 241 005e 08BD     		pop	{r3, pc}
 242              	.L11:
 243              		.align	2
 244              	.L10:
 245 0060 08210240 		.word	1073881352
 246 0064 00003140 		.word	1076953088
 247 0068 80000800 		.word	524416
 248 006c 88003140 		.word	1076953224
 249 0070 00003840 		.word	1077411840
 250 0074 10003840 		.word	1077411856
 251 0078 18003840 		.word	1077411864
 252 007c C0013840 		.word	1077412288
 253 0080 00003A40 		.word	1077542912
 254 0084 A0600000 		.word	24736
 255 0088 00033A40 		.word	1077543680
 256 008c 40033A40 		.word	1077543744
 257 0090 08013F40 		.word	1077870856
 258 0094 01000080 		.word	-2147483647
 259 0098 00023F40 		.word	1077871104
 260 009c 04023F40 		.word	1077871108
 261 00a0 000E3F40 		.word	1077874176
 262              		.cfi_endproc
 263              	.LFE5:
 264              		.size	AnalogSetDefault, .-AnalogSetDefault
 265              		.section	.psocinit
 266              		.align	2
 267              		.global	cyfitter_cfg
 268              		.code	16
 269              		.thumb_func
 270              		.type	cyfitter_cfg, %function
 271              	cyfitter_cfg:
 272              	.LFB7:
 261:Generated_Source\PSoC4/cyfitter_cfg.c **** 
 262:Generated_Source\PSoC4/cyfitter_cfg.c **** #define CY_AMUX_UNUSED CYREG_CM0P_ROM_DWT
 263:Generated_Source\PSoC4/cyfitter_cfg.c **** 
 264:Generated_Source\PSoC4/cyfitter_cfg.c **** 
 265:Generated_Source\PSoC4/cyfitter_cfg.c **** /*******************************************************************************
 266:Generated_Source\PSoC4/cyfitter_cfg.c **** * Function Name: cyfitter_cfg
 267:Generated_Source\PSoC4/cyfitter_cfg.c **** ********************************************************************************
 268:Generated_Source\PSoC4/cyfitter_cfg.c **** * Summary:
 269:Generated_Source\PSoC4/cyfitter_cfg.c **** *  This function is called by the start-up code for the selected device. It
 270:Generated_Source\PSoC4/cyfitter_cfg.c **** *  performs all of the necessary device configuration based on the design
 271:Generated_Source\PSoC4/cyfitter_cfg.c **** *  settings.  This includes settings from the Design Wide Resources (DWR) such
 272:Generated_Source\PSoC4/cyfitter_cfg.c **** *  as Clocks and Pins as well as any component configuration that is necessary.
 273:Generated_Source\PSoC4/cyfitter_cfg.c **** *
 274:Generated_Source\PSoC4/cyfitter_cfg.c **** * Parameters:  
 275:Generated_Source\PSoC4/cyfitter_cfg.c **** *   void
 276:Generated_Source\PSoC4/cyfitter_cfg.c **** *
 277:Generated_Source\PSoC4/cyfitter_cfg.c **** * Return:
 278:Generated_Source\PSoC4/cyfitter_cfg.c **** *   void
 279:Generated_Source\PSoC4/cyfitter_cfg.c **** *
 280:Generated_Source\PSoC4/cyfitter_cfg.c **** *******************************************************************************/
 281:Generated_Source\PSoC4/cyfitter_cfg.c **** CY_CFG_SECTION
ARM GAS  C:\Users\Greg\AppData\Local\Temp\ccbL8ypu.s 			page 11


 282:Generated_Source\PSoC4/cyfitter_cfg.c **** void cyfitter_cfg(void)
 283:Generated_Source\PSoC4/cyfitter_cfg.c **** {
 273              		.loc 1 283 0
 274              		.cfi_startproc
 275 00a0 08B5     		push	{r3, lr}
 276              		.cfi_def_cfa_offset 8
 277              		.cfi_offset 3, -8
 278              		.cfi_offset 14, -4
 284:Generated_Source\PSoC4/cyfitter_cfg.c **** 	/* Disable interrupts by default. Let user enable if/when they want. */
 285:Generated_Source\PSoC4/cyfitter_cfg.c **** 	CyGlobalIntDisable;
 279              		.loc 1 285 0
 280              	@ 285 "Generated_Source\PSoC4\cyfitter_cfg.c" 1
 281 00a2 72B6     		CPSID   i
 282              	@ 0 "" 2
 286:Generated_Source\PSoC4/cyfitter_cfg.c **** 
 287:Generated_Source\PSoC4/cyfitter_cfg.c **** 	{
 288:Generated_Source\PSoC4/cyfitter_cfg.c **** 		/* HSIOM Starting address: CYDEV_HSIOM_BASE */
 289:Generated_Source\PSoC4/cyfitter_cfg.c **** 		CY_SET_XTND_REG32((void CYFAR *)(CYDEV_HSIOM_BASE), 0x000000EEu);
 283              		.loc 1 289 0
 284              		.code	16
 285 00a4 EE23     		mov	r3, #238
 286 00a6 174A     		ldr	r2, .L13
 287 00a8 1360     		str	r3, [r2]
 290:Generated_Source\PSoC4/cyfitter_cfg.c **** 		CY_SET_XTND_REG32((void CYFAR *)(CYREG_HSIOM_PORT_SEL4), 0x000000EEu);
 288              		.loc 1 290 0
 289 00aa 174A     		ldr	r2, .L13+4
 290 00ac 1360     		str	r3, [r2]
 291:Generated_Source\PSoC4/cyfitter_cfg.c **** 
 292:Generated_Source\PSoC4/cyfitter_cfg.c **** 		/* PASS_SAR_TRIG_SEL Starting address: CYDEV_PASS_SAR_TRIG_SEL */
 293:Generated_Source\PSoC4/cyfitter_cfg.c **** 		CY_SET_XTND_REG32((void CYFAR *)(CYREG_PASS_SAR_TRIG_SEL), 0x00000000u);
 291              		.loc 1 293 0
 292 00ae 0022     		mov	r2, #0
 293 00b0 164B     		ldr	r3, .L13+8
 294 00b2 1A60     		str	r2, [r3]
 294:Generated_Source\PSoC4/cyfitter_cfg.c **** 
 295:Generated_Source\PSoC4/cyfitter_cfg.c **** 	}
 296:Generated_Source\PSoC4/cyfitter_cfg.c **** 
 297:Generated_Source\PSoC4/cyfitter_cfg.c **** 	/* Perform second pass device configuration. These items must be configured in specific order afte
 298:Generated_Source\PSoC4/cyfitter_cfg.c **** 	/* IOPINS0_0 Starting address: CYDEV_GPIO_PRT0_BASE */
 299:Generated_Source\PSoC4/cyfitter_cfg.c **** 	CY_SET_XTND_REG32((void CYFAR *)(CYREG_GPIO_PRT0_PC), 0x00000636u);
 295              		.loc 1 299 0
 296 00b4 164A     		ldr	r2, .L13+12
 297 00b6 174B     		ldr	r3, .L13+16
 298 00b8 1A60     		str	r2, [r3]
 300:Generated_Source\PSoC4/cyfitter_cfg.c **** 
 301:Generated_Source\PSoC4/cyfitter_cfg.c **** 	/* IOPINS0_1 Starting address: CYDEV_GPIO_PRT1_BASE */
 302:Generated_Source\PSoC4/cyfitter_cfg.c **** 	CY_SET_XTND_REG32((void CYFAR *)(CYDEV_GPIO_PRT1_BASE), 0x000000D8u);
 299              		.loc 1 302 0
 300 00ba D822     		mov	r2, #216
 301 00bc 164B     		ldr	r3, .L13+20
 302 00be 1A60     		str	r2, [r3]
 303:Generated_Source\PSoC4/cyfitter_cfg.c **** 	CY_SET_XTND_REG32((void CYFAR *)(CYREG_GPIO_PRT1_PC), 0x00104000u);
 303              		.loc 1 303 0
 304 00c0 8222     		mov	r2, #130
 305 00c2 5203     		lsl	r2, r2, #13
 306 00c4 154B     		ldr	r3, .L13+24
 307 00c6 1A60     		str	r2, [r3]
ARM GAS  C:\Users\Greg\AppData\Local\Temp\ccbL8ypu.s 			page 12


 304:Generated_Source\PSoC4/cyfitter_cfg.c **** 	CY_SET_XTND_REG32((void CYFAR *)(CYREG_GPIO_PRT1_PC2), 0x000000A8u);
 308              		.loc 1 304 0
 309 00c8 A822     		mov	r2, #168
 310 00ca 154B     		ldr	r3, .L13+28
 311 00cc 1A60     		str	r2, [r3]
 305:Generated_Source\PSoC4/cyfitter_cfg.c **** 
 306:Generated_Source\PSoC4/cyfitter_cfg.c **** 	/* IOPINS0_2 Starting address: CYDEV_GPIO_PRT2_BASE */
 307:Generated_Source\PSoC4/cyfitter_cfg.c **** 	CY_SET_XTND_REG32((void CYFAR *)(CYDEV_GPIO_PRT2_BASE), 0x00000040u);
 312              		.loc 1 307 0
 313 00ce 683A     		sub	r2, r2, #104
 314 00d0 144B     		ldr	r3, .L13+32
 315 00d2 1A60     		str	r2, [r3]
 308:Generated_Source\PSoC4/cyfitter_cfg.c **** 	CY_SET_XTND_REG32((void CYFAR *)(CYREG_GPIO_PRT2_PC), 0x00100000u);
 316              		.loc 1 308 0
 317 00d4 8022     		mov	r2, #128
 318 00d6 5203     		lsl	r2, r2, #13
 319 00d8 134B     		ldr	r3, .L13+36
 320 00da 1A60     		str	r2, [r3]
 309:Generated_Source\PSoC4/cyfitter_cfg.c **** 
 310:Generated_Source\PSoC4/cyfitter_cfg.c **** 	/* IOPINS0_3 Starting address: CYDEV_GPIO_PRT3_BASE */
 311:Generated_Source\PSoC4/cyfitter_cfg.c **** 	CY_SET_XTND_REG32((void CYFAR *)(CYDEV_GPIO_PRT3_BASE), 0x000000E0u);
 321              		.loc 1 311 0
 322 00dc E023     		mov	r3, #224
 323 00de 134A     		ldr	r2, .L13+40
 324 00e0 1360     		str	r3, [r2]
 312:Generated_Source\PSoC4/cyfitter_cfg.c **** 	CY_SET_XTND_REG32((void CYFAR *)(CYREG_GPIO_PRT3_PC2), 0x000000E0u);
 325              		.loc 1 312 0
 326 00e2 134A     		ldr	r2, .L13+44
 327 00e4 1360     		str	r3, [r2]
 313:Generated_Source\PSoC4/cyfitter_cfg.c **** 
 314:Generated_Source\PSoC4/cyfitter_cfg.c **** 	/* IOPINS0_4 Starting address: CYDEV_GPIO_PRT4_BASE */
 315:Generated_Source\PSoC4/cyfitter_cfg.c **** 	CY_SET_XTND_REG32((void CYFAR *)(CYDEV_GPIO_PRT4_BASE), 0x00000003u);
 328              		.loc 1 315 0
 329 00e6 0322     		mov	r2, #3
 330 00e8 124B     		ldr	r3, .L13+48
 331 00ea 1A60     		str	r2, [r3]
 316:Generated_Source\PSoC4/cyfitter_cfg.c **** 	CY_SET_XTND_REG32((void CYFAR *)(CYREG_GPIO_PRT4_PC), 0x00000024u);
 332              		.loc 1 316 0
 333 00ec 2132     		add	r2, r2, #33
 334 00ee 124B     		ldr	r3, .L13+52
 335 00f0 1A60     		str	r2, [r3]
 317:Generated_Source\PSoC4/cyfitter_cfg.c **** 
 318:Generated_Source\PSoC4/cyfitter_cfg.c **** 	/* IOPINS0_5 Starting address: CYDEV_GPIO_PRT5_BASE */
 319:Generated_Source\PSoC4/cyfitter_cfg.c **** 	CY_SET_XTND_REG32((void CYFAR *)(CYREG_GPIO_PRT5_PC2), 0x00000001u);
 336              		.loc 1 319 0
 337 00f2 233A     		sub	r2, r2, #35
 338 00f4 114B     		ldr	r3, .L13+56
 339 00f6 1A60     		str	r2, [r3]
 320:Generated_Source\PSoC4/cyfitter_cfg.c **** 
 321:Generated_Source\PSoC4/cyfitter_cfg.c **** 
 322:Generated_Source\PSoC4/cyfitter_cfg.c **** 	/* Setup clocks based on selections from Clock DWR */
 323:Generated_Source\PSoC4/cyfitter_cfg.c **** 	ClockSetup();
 340              		.loc 1 323 0
 341 00f8 FFF782FF 		bl	ClockSetup
 342              	.LVL8:
 324:Generated_Source\PSoC4/cyfitter_cfg.c **** 
 325:Generated_Source\PSoC4/cyfitter_cfg.c **** 	/* Perform basic analog initialization to defaults */
ARM GAS  C:\Users\Greg\AppData\Local\Temp\ccbL8ypu.s 			page 13


 326:Generated_Source\PSoC4/cyfitter_cfg.c **** 	AnalogSetDefault();
 343              		.loc 1 326 0
 344 00fc FFF7FEFF 		bl	AnalogSetDefault
 345              	.LVL9:
 327:Generated_Source\PSoC4/cyfitter_cfg.c **** 
 328:Generated_Source\PSoC4/cyfitter_cfg.c **** }
 346              		.loc 1 328 0
 347              		@ sp needed
 348 0100 08BD     		pop	{r3, pc}
 349              	.L14:
 350 0102 C046     		.align	2
 351              	.L13:
 352 0104 00000240 		.word	1073872896
 353 0108 00040240 		.word	1073873920
 354 010c 04013F40 		.word	1077870852
 355 0110 36060000 		.word	1590
 356 0114 08000440 		.word	1074003976
 357 0118 00010440 		.word	1074004224
 358 011c 08010440 		.word	1074004232
 359 0120 18010440 		.word	1074004248
 360 0124 00020440 		.word	1074004480
 361 0128 08020440 		.word	1074004488
 362 012c 00030440 		.word	1074004736
 363 0130 18030440 		.word	1074004760
 364 0134 00040440 		.word	1074004992
 365 0138 08040440 		.word	1074005000
 366 013c 18050440 		.word	1074005272
 367              		.cfi_endproc
 368              	.LFE7:
 369              		.size	cyfitter_cfg, .-cyfitter_cfg
 370              		.text
 371              	.Letext0:
 372              		.file 2 "Generated_Source\\PSoC4\\cytypes.h"
 373              		.file 3 "Generated_Source\\PSoC4\\CyLib.h"
 374              		.file 4 "Generated_Source\\PSoC4\\CyLFClk.h"
 375              		.section	.debug_info,"",%progbits
 376              	.Ldebug_info0:
 377 0000 84010000 		.4byte	0x184
 378 0004 0400     		.2byte	0x4
 379 0006 00000000 		.4byte	.Ldebug_abbrev0
 380 000a 04       		.byte	0x4
 381 000b 01       		.uleb128 0x1
 382 000c 30010000 		.4byte	.LASF20
 383 0010 01       		.byte	0x1
 384 0011 15000000 		.4byte	.LASF21
 385 0015 D3010000 		.4byte	.LASF22
 386 0019 00000000 		.4byte	.Ldebug_ranges0+0
 387 001d 00000000 		.4byte	0
 388 0021 00000000 		.4byte	.Ldebug_line0
 389 0025 02       		.uleb128 0x2
 390 0026 04       		.byte	0x4
 391 0027 05       		.byte	0x5
 392 0028 696E7400 		.ascii	"int\000"
 393 002c 03       		.uleb128 0x3
 394 002d 04       		.byte	0x4
 395 002e 07       		.byte	0x7
 396 002f 3B000000 		.4byte	.LASF0
ARM GAS  C:\Users\Greg\AppData\Local\Temp\ccbL8ypu.s 			page 14


 397 0033 03       		.uleb128 0x3
 398 0034 01       		.byte	0x1
 399 0035 06       		.byte	0x6
 400 0036 24010000 		.4byte	.LASF1
 401 003a 03       		.uleb128 0x3
 402 003b 01       		.byte	0x1
 403 003c 08       		.byte	0x8
 404 003d B5000000 		.4byte	.LASF2
 405 0041 03       		.uleb128 0x3
 406 0042 02       		.byte	0x2
 407 0043 05       		.byte	0x5
 408 0044 2D020000 		.4byte	.LASF3
 409 0048 03       		.uleb128 0x3
 410 0049 02       		.byte	0x2
 411 004a 07       		.byte	0x7
 412 004b 11010000 		.4byte	.LASF4
 413 004f 03       		.uleb128 0x3
 414 0050 04       		.byte	0x4
 415 0051 05       		.byte	0x5
 416 0052 C8000000 		.4byte	.LASF5
 417 0056 03       		.uleb128 0x3
 418 0057 04       		.byte	0x4
 419 0058 07       		.byte	0x7
 420 0059 4E000000 		.4byte	.LASF6
 421 005d 03       		.uleb128 0x3
 422 005e 08       		.byte	0x8
 423 005f 05       		.byte	0x5
 424 0060 00000000 		.4byte	.LASF7
 425 0064 03       		.uleb128 0x3
 426 0065 08       		.byte	0x8
 427 0066 07       		.byte	0x7
 428 0067 6D000000 		.4byte	.LASF8
 429 006b 03       		.uleb128 0x3
 430 006c 04       		.byte	0x4
 431 006d 07       		.byte	0x7
 432 006e 24020000 		.4byte	.LASF9
 433 0072 03       		.uleb128 0x3
 434 0073 01       		.byte	0x1
 435 0074 08       		.byte	0x8
 436 0075 C3000000 		.4byte	.LASF10
 437 0079 04       		.uleb128 0x4
 438 007a 48000000 		.4byte	.LASF11
 439 007e 02       		.byte	0x2
 440 007f B901     		.2byte	0x1b9
 441 0081 3A000000 		.4byte	0x3a
 442 0085 04       		.uleb128 0x4
 443 0086 0E000000 		.4byte	.LASF12
 444 008a 02       		.byte	0x2
 445 008b BB01     		.2byte	0x1bb
 446 008d 56000000 		.4byte	0x56
 447 0091 03       		.uleb128 0x3
 448 0092 04       		.byte	0x4
 449 0093 04       		.byte	0x4
 450 0094 84000000 		.4byte	.LASF13
 451 0098 03       		.uleb128 0x3
 452 0099 08       		.byte	0x8
 453 009a 04       		.byte	0x4
ARM GAS  C:\Users\Greg\AppData\Local\Temp\ccbL8ypu.s 			page 15


 454 009b 04010000 		.4byte	.LASF14
 455 009f 04       		.uleb128 0x4
 456 00a0 0B010000 		.4byte	.LASF15
 457 00a4 02       		.byte	0x2
 458 00a5 6502     		.2byte	0x265
 459 00a7 AB000000 		.4byte	0xab
 460 00ab 05       		.uleb128 0x5
 461 00ac 85000000 		.4byte	0x85
 462 00b0 06       		.uleb128 0x6
 463 00b1 E2000000 		.4byte	.LASF16
 464 00b5 01       		.byte	0x1
 465 00b6 9C       		.byte	0x9c
 466 00b7 00000000 		.4byte	.LFB4
 467 00bb A0000000 		.4byte	.LFE4-.LFB4
 468 00bf 01       		.uleb128 0x1
 469 00c0 9C       		.byte	0x9c
 470 00c1 E9000000 		.4byte	0xe9
 471 00c5 07       		.uleb128 0x7
 472 00c6 0E000000 		.4byte	.LVL0
 473 00ca 69010000 		.4byte	0x169
 474 00ce D9000000 		.4byte	0xd9
 475 00d2 08       		.uleb128 0x8
 476 00d3 01       		.uleb128 0x1
 477 00d4 50       		.byte	0x50
 478 00d5 02       		.uleb128 0x2
 479 00d6 08       		.byte	0x8
 480 00d7 30       		.byte	0x30
 481 00d8 00       		.byte	0
 482 00d9 09       		.uleb128 0x9
 483 00da 62000000 		.4byte	.LVL1
 484 00de 7A010000 		.4byte	0x17a
 485 00e2 08       		.uleb128 0x8
 486 00e3 01       		.uleb128 0x1
 487 00e4 50       		.byte	0x50
 488 00e5 01       		.uleb128 0x1
 489 00e6 30       		.byte	0x30
 490 00e7 00       		.byte	0
 491 00e8 00       		.byte	0
 492 00e9 0A       		.uleb128 0xa
 493 00ea 8A000000 		.4byte	.LASF18
 494 00ee 01       		.byte	0x1
 495 00ef F8       		.byte	0xf8
 496 00f0 00000000 		.4byte	.LFB6
 497 00f4 20000000 		.4byte	.LFE6-.LFB6
 498 00f8 01       		.uleb128 0x1
 499 00f9 9C       		.byte	0x9c
 500 00fa 1B010000 		.4byte	0x11b
 501 00fe 0B       		.uleb128 0xb
 502 00ff C2010000 		.4byte	.LASF23
 503 0103 01       		.byte	0x1
 504 0104 F8       		.byte	0xf8
 505 0105 79000000 		.4byte	0x79
 506 0109 01       		.uleb128 0x1
 507 010a 50       		.byte	0x50
 508 010b 0C       		.uleb128 0xc
 509 010c CA010000 		.4byte	.LASF24
 510 0110 01       		.byte	0x1
ARM GAS  C:\Users\Greg\AppData\Local\Temp\ccbL8ypu.s 			page 16


 511 0111 FA       		.byte	0xfa
 512 0112 85000000 		.4byte	0x85
 513 0116 00000000 		.4byte	.LLST0
 514 011a 00       		.byte	0
 515 011b 06       		.uleb128 0x6
 516 011c D1000000 		.4byte	.LASF17
 517 0120 01       		.byte	0x1
 518 0121 D4       		.byte	0xd4
 519 0122 00000000 		.4byte	.LFB5
 520 0126 A4000000 		.4byte	.LFE5-.LFB5
 521 012a 01       		.uleb128 0x1
 522 012b 9C       		.byte	0x9c
 523 012c 40010000 		.4byte	0x140
 524 0130 09       		.uleb128 0x9
 525 0131 5E000000 		.4byte	.LVL7
 526 0135 E9000000 		.4byte	0xe9
 527 0139 08       		.uleb128 0x8
 528 013a 01       		.uleb128 0x1
 529 013b 50       		.byte	0x50
 530 013c 01       		.uleb128 0x1
 531 013d 31       		.byte	0x31
 532 013e 00       		.byte	0
 533 013f 00       		.byte	0
 534 0140 0D       		.uleb128 0xd
 535 0141 60000000 		.4byte	.LASF19
 536 0145 01       		.byte	0x1
 537 0146 1A01     		.2byte	0x11a
 538 0148 A0000000 		.4byte	.LFB7
 539 014c A0000000 		.4byte	.LFE7-.LFB7
 540 0150 01       		.uleb128 0x1
 541 0151 9C       		.byte	0x9c
 542 0152 69010000 		.4byte	0x169
 543 0156 0E       		.uleb128 0xe
 544 0157 FC000000 		.4byte	.LVL8
 545 015b B0000000 		.4byte	0xb0
 546 015f 0E       		.uleb128 0xe
 547 0160 00010000 		.4byte	.LVL9
 548 0164 1B010000 		.4byte	0x11b
 549 0168 00       		.byte	0
 550 0169 0F       		.uleb128 0xf
 551 016a A0000000 		.4byte	.LASF25
 552 016e 03       		.byte	0x3
 553 016f 6C       		.byte	0x6c
 554 0170 7A010000 		.4byte	0x17a
 555 0174 10       		.uleb128 0x10
 556 0175 85000000 		.4byte	0x85
 557 0179 00       		.byte	0
 558 017a 11       		.uleb128 0x11
 559 017b ED000000 		.4byte	.LASF26
 560 017f 04       		.byte	0x4
 561 0180 9F       		.byte	0x9f
 562 0181 10       		.uleb128 0x10
 563 0182 85000000 		.4byte	0x85
 564 0186 00       		.byte	0
 565 0187 00       		.byte	0
 566              		.section	.debug_abbrev,"",%progbits
 567              	.Ldebug_abbrev0:
ARM GAS  C:\Users\Greg\AppData\Local\Temp\ccbL8ypu.s 			page 17


 568 0000 01       		.uleb128 0x1
 569 0001 11       		.uleb128 0x11
 570 0002 01       		.byte	0x1
 571 0003 25       		.uleb128 0x25
 572 0004 0E       		.uleb128 0xe
 573 0005 13       		.uleb128 0x13
 574 0006 0B       		.uleb128 0xb
 575 0007 03       		.uleb128 0x3
 576 0008 0E       		.uleb128 0xe
 577 0009 1B       		.uleb128 0x1b
 578 000a 0E       		.uleb128 0xe
 579 000b 55       		.uleb128 0x55
 580 000c 17       		.uleb128 0x17
 581 000d 11       		.uleb128 0x11
 582 000e 01       		.uleb128 0x1
 583 000f 10       		.uleb128 0x10
 584 0010 17       		.uleb128 0x17
 585 0011 00       		.byte	0
 586 0012 00       		.byte	0
 587 0013 02       		.uleb128 0x2
 588 0014 24       		.uleb128 0x24
 589 0015 00       		.byte	0
 590 0016 0B       		.uleb128 0xb
 591 0017 0B       		.uleb128 0xb
 592 0018 3E       		.uleb128 0x3e
 593 0019 0B       		.uleb128 0xb
 594 001a 03       		.uleb128 0x3
 595 001b 08       		.uleb128 0x8
 596 001c 00       		.byte	0
 597 001d 00       		.byte	0
 598 001e 03       		.uleb128 0x3
 599 001f 24       		.uleb128 0x24
 600 0020 00       		.byte	0
 601 0021 0B       		.uleb128 0xb
 602 0022 0B       		.uleb128 0xb
 603 0023 3E       		.uleb128 0x3e
 604 0024 0B       		.uleb128 0xb
 605 0025 03       		.uleb128 0x3
 606 0026 0E       		.uleb128 0xe
 607 0027 00       		.byte	0
 608 0028 00       		.byte	0
 609 0029 04       		.uleb128 0x4
 610 002a 16       		.uleb128 0x16
 611 002b 00       		.byte	0
 612 002c 03       		.uleb128 0x3
 613 002d 0E       		.uleb128 0xe
 614 002e 3A       		.uleb128 0x3a
 615 002f 0B       		.uleb128 0xb
 616 0030 3B       		.uleb128 0x3b
 617 0031 05       		.uleb128 0x5
 618 0032 49       		.uleb128 0x49
 619 0033 13       		.uleb128 0x13
 620 0034 00       		.byte	0
 621 0035 00       		.byte	0
 622 0036 05       		.uleb128 0x5
 623 0037 35       		.uleb128 0x35
 624 0038 00       		.byte	0
ARM GAS  C:\Users\Greg\AppData\Local\Temp\ccbL8ypu.s 			page 18


 625 0039 49       		.uleb128 0x49
 626 003a 13       		.uleb128 0x13
 627 003b 00       		.byte	0
 628 003c 00       		.byte	0
 629 003d 06       		.uleb128 0x6
 630 003e 2E       		.uleb128 0x2e
 631 003f 01       		.byte	0x1
 632 0040 03       		.uleb128 0x3
 633 0041 0E       		.uleb128 0xe
 634 0042 3A       		.uleb128 0x3a
 635 0043 0B       		.uleb128 0xb
 636 0044 3B       		.uleb128 0x3b
 637 0045 0B       		.uleb128 0xb
 638 0046 27       		.uleb128 0x27
 639 0047 19       		.uleb128 0x19
 640 0048 11       		.uleb128 0x11
 641 0049 01       		.uleb128 0x1
 642 004a 12       		.uleb128 0x12
 643 004b 06       		.uleb128 0x6
 644 004c 40       		.uleb128 0x40
 645 004d 18       		.uleb128 0x18
 646 004e 9742     		.uleb128 0x2117
 647 0050 19       		.uleb128 0x19
 648 0051 01       		.uleb128 0x1
 649 0052 13       		.uleb128 0x13
 650 0053 00       		.byte	0
 651 0054 00       		.byte	0
 652 0055 07       		.uleb128 0x7
 653 0056 898201   		.uleb128 0x4109
 654 0059 01       		.byte	0x1
 655 005a 11       		.uleb128 0x11
 656 005b 01       		.uleb128 0x1
 657 005c 31       		.uleb128 0x31
 658 005d 13       		.uleb128 0x13
 659 005e 01       		.uleb128 0x1
 660 005f 13       		.uleb128 0x13
 661 0060 00       		.byte	0
 662 0061 00       		.byte	0
 663 0062 08       		.uleb128 0x8
 664 0063 8A8201   		.uleb128 0x410a
 665 0066 00       		.byte	0
 666 0067 02       		.uleb128 0x2
 667 0068 18       		.uleb128 0x18
 668 0069 9142     		.uleb128 0x2111
 669 006b 18       		.uleb128 0x18
 670 006c 00       		.byte	0
 671 006d 00       		.byte	0
 672 006e 09       		.uleb128 0x9
 673 006f 898201   		.uleb128 0x4109
 674 0072 01       		.byte	0x1
 675 0073 11       		.uleb128 0x11
 676 0074 01       		.uleb128 0x1
 677 0075 31       		.uleb128 0x31
 678 0076 13       		.uleb128 0x13
 679 0077 00       		.byte	0
 680 0078 00       		.byte	0
 681 0079 0A       		.uleb128 0xa
ARM GAS  C:\Users\Greg\AppData\Local\Temp\ccbL8ypu.s 			page 19


 682 007a 2E       		.uleb128 0x2e
 683 007b 01       		.byte	0x1
 684 007c 3F       		.uleb128 0x3f
 685 007d 19       		.uleb128 0x19
 686 007e 03       		.uleb128 0x3
 687 007f 0E       		.uleb128 0xe
 688 0080 3A       		.uleb128 0x3a
 689 0081 0B       		.uleb128 0xb
 690 0082 3B       		.uleb128 0x3b
 691 0083 0B       		.uleb128 0xb
 692 0084 27       		.uleb128 0x27
 693 0085 19       		.uleb128 0x19
 694 0086 11       		.uleb128 0x11
 695 0087 01       		.uleb128 0x1
 696 0088 12       		.uleb128 0x12
 697 0089 06       		.uleb128 0x6
 698 008a 40       		.uleb128 0x40
 699 008b 18       		.uleb128 0x18
 700 008c 9742     		.uleb128 0x2117
 701 008e 19       		.uleb128 0x19
 702 008f 01       		.uleb128 0x1
 703 0090 13       		.uleb128 0x13
 704 0091 00       		.byte	0
 705 0092 00       		.byte	0
 706 0093 0B       		.uleb128 0xb
 707 0094 05       		.uleb128 0x5
 708 0095 00       		.byte	0
 709 0096 03       		.uleb128 0x3
 710 0097 0E       		.uleb128 0xe
 711 0098 3A       		.uleb128 0x3a
 712 0099 0B       		.uleb128 0xb
 713 009a 3B       		.uleb128 0x3b
 714 009b 0B       		.uleb128 0xb
 715 009c 49       		.uleb128 0x49
 716 009d 13       		.uleb128 0x13
 717 009e 02       		.uleb128 0x2
 718 009f 18       		.uleb128 0x18
 719 00a0 00       		.byte	0
 720 00a1 00       		.byte	0
 721 00a2 0C       		.uleb128 0xc
 722 00a3 34       		.uleb128 0x34
 723 00a4 00       		.byte	0
 724 00a5 03       		.uleb128 0x3
 725 00a6 0E       		.uleb128 0xe
 726 00a7 3A       		.uleb128 0x3a
 727 00a8 0B       		.uleb128 0xb
 728 00a9 3B       		.uleb128 0x3b
 729 00aa 0B       		.uleb128 0xb
 730 00ab 49       		.uleb128 0x49
 731 00ac 13       		.uleb128 0x13
 732 00ad 02       		.uleb128 0x2
 733 00ae 17       		.uleb128 0x17
 734 00af 00       		.byte	0
 735 00b0 00       		.byte	0
 736 00b1 0D       		.uleb128 0xd
 737 00b2 2E       		.uleb128 0x2e
 738 00b3 01       		.byte	0x1
ARM GAS  C:\Users\Greg\AppData\Local\Temp\ccbL8ypu.s 			page 20


 739 00b4 3F       		.uleb128 0x3f
 740 00b5 19       		.uleb128 0x19
 741 00b6 03       		.uleb128 0x3
 742 00b7 0E       		.uleb128 0xe
 743 00b8 3A       		.uleb128 0x3a
 744 00b9 0B       		.uleb128 0xb
 745 00ba 3B       		.uleb128 0x3b
 746 00bb 05       		.uleb128 0x5
 747 00bc 27       		.uleb128 0x27
 748 00bd 19       		.uleb128 0x19
 749 00be 11       		.uleb128 0x11
 750 00bf 01       		.uleb128 0x1
 751 00c0 12       		.uleb128 0x12
 752 00c1 06       		.uleb128 0x6
 753 00c2 40       		.uleb128 0x40
 754 00c3 18       		.uleb128 0x18
 755 00c4 9742     		.uleb128 0x2117
 756 00c6 19       		.uleb128 0x19
 757 00c7 01       		.uleb128 0x1
 758 00c8 13       		.uleb128 0x13
 759 00c9 00       		.byte	0
 760 00ca 00       		.byte	0
 761 00cb 0E       		.uleb128 0xe
 762 00cc 898201   		.uleb128 0x4109
 763 00cf 00       		.byte	0
 764 00d0 11       		.uleb128 0x11
 765 00d1 01       		.uleb128 0x1
 766 00d2 31       		.uleb128 0x31
 767 00d3 13       		.uleb128 0x13
 768 00d4 00       		.byte	0
 769 00d5 00       		.byte	0
 770 00d6 0F       		.uleb128 0xf
 771 00d7 2E       		.uleb128 0x2e
 772 00d8 01       		.byte	0x1
 773 00d9 3F       		.uleb128 0x3f
 774 00da 19       		.uleb128 0x19
 775 00db 03       		.uleb128 0x3
 776 00dc 0E       		.uleb128 0xe
 777 00dd 3A       		.uleb128 0x3a
 778 00de 0B       		.uleb128 0xb
 779 00df 3B       		.uleb128 0x3b
 780 00e0 0B       		.uleb128 0xb
 781 00e1 27       		.uleb128 0x27
 782 00e2 19       		.uleb128 0x19
 783 00e3 3C       		.uleb128 0x3c
 784 00e4 19       		.uleb128 0x19
 785 00e5 01       		.uleb128 0x1
 786 00e6 13       		.uleb128 0x13
 787 00e7 00       		.byte	0
 788 00e8 00       		.byte	0
 789 00e9 10       		.uleb128 0x10
 790 00ea 05       		.uleb128 0x5
 791 00eb 00       		.byte	0
 792 00ec 49       		.uleb128 0x49
 793 00ed 13       		.uleb128 0x13
 794 00ee 00       		.byte	0
 795 00ef 00       		.byte	0
ARM GAS  C:\Users\Greg\AppData\Local\Temp\ccbL8ypu.s 			page 21


 796 00f0 11       		.uleb128 0x11
 797 00f1 2E       		.uleb128 0x2e
 798 00f2 01       		.byte	0x1
 799 00f3 3F       		.uleb128 0x3f
 800 00f4 19       		.uleb128 0x19
 801 00f5 03       		.uleb128 0x3
 802 00f6 0E       		.uleb128 0xe
 803 00f7 3A       		.uleb128 0x3a
 804 00f8 0B       		.uleb128 0xb
 805 00f9 3B       		.uleb128 0x3b
 806 00fa 0B       		.uleb128 0xb
 807 00fb 27       		.uleb128 0x27
 808 00fc 19       		.uleb128 0x19
 809 00fd 3C       		.uleb128 0x3c
 810 00fe 19       		.uleb128 0x19
 811 00ff 00       		.byte	0
 812 0100 00       		.byte	0
 813 0101 00       		.byte	0
 814              		.section	.debug_loc,"",%progbits
 815              	.Ldebug_loc0:
 816              	.LLST0:
 817 0000 04000000 		.4byte	.LVL3
 818 0004 12000000 		.4byte	.LVL5
 819 0008 0100     		.2byte	0x1
 820 000a 53       		.byte	0x53
 821 000b 14000000 		.4byte	.LVL6
 822 000f 20000000 		.4byte	.LFE6
 823 0013 0100     		.2byte	0x1
 824 0015 53       		.byte	0x53
 825 0016 00000000 		.4byte	0
 826 001a 00000000 		.4byte	0
 827              		.section	.debug_aranges,"",%progbits
 828 0000 34000000 		.4byte	0x34
 829 0004 0200     		.2byte	0x2
 830 0006 00000000 		.4byte	.Ldebug_info0
 831 000a 04       		.byte	0x4
 832 000b 00       		.byte	0
 833 000c 0000     		.2byte	0
 834 000e 0000     		.2byte	0
 835 0010 00000000 		.4byte	.LFB4
 836 0014 A0000000 		.4byte	.LFE4-.LFB4
 837 0018 00000000 		.4byte	.LFB6
 838 001c 20000000 		.4byte	.LFE6-.LFB6
 839 0020 00000000 		.4byte	.LFB5
 840 0024 A4000000 		.4byte	.LFE5-.LFB5
 841 0028 A0000000 		.4byte	.LFB7
 842 002c A0000000 		.4byte	.LFE7-.LFB7
 843 0030 00000000 		.4byte	0
 844 0034 00000000 		.4byte	0
 845              		.section	.debug_ranges,"",%progbits
 846              	.Ldebug_ranges0:
 847 0000 00000000 		.4byte	.LFB4
 848 0004 A0000000 		.4byte	.LFE4
 849 0008 00000000 		.4byte	.LFB6
 850 000c 20000000 		.4byte	.LFE6
 851 0010 00000000 		.4byte	.LFB5
 852 0014 A4000000 		.4byte	.LFE5
ARM GAS  C:\Users\Greg\AppData\Local\Temp\ccbL8ypu.s 			page 22


 853 0018 A0000000 		.4byte	.LFB7
 854 001c 40010000 		.4byte	.LFE7
 855 0020 00000000 		.4byte	0
 856 0024 00000000 		.4byte	0
 857              		.section	.debug_line,"",%progbits
 858              	.Ldebug_line0:
 859 0000 D6000000 		.section	.debug_str,"MS",%progbits,1
 859      02006100 
 859      00000201 
 859      FB0E0D00 
 859      01010101 
 860              	.LASF7:
 861 0000 6C6F6E67 		.ascii	"long long int\000"
 861      206C6F6E 
 861      6720696E 
 861      7400
 862              	.LASF12:
 863 000e 75696E74 		.ascii	"uint32\000"
 863      333200
 864              	.LASF21:
 865 0015 47656E65 		.ascii	"Generated_Source\\PSoC4\\cyfitter_cfg.c\000"
 865      72617465 
 865      645F536F 
 865      75726365 
 865      5C50536F 
 866              	.LASF0:
 867 003b 756E7369 		.ascii	"unsigned int\000"
 867      676E6564 
 867      20696E74 
 867      00
 868              	.LASF11:
 869 0048 75696E74 		.ascii	"uint8\000"
 869      3800
 870              	.LASF6:
 871 004e 6C6F6E67 		.ascii	"long unsigned int\000"
 871      20756E73 
 871      69676E65 
 871      6420696E 
 871      7400
 872              	.LASF19:
 873 0060 63796669 		.ascii	"cyfitter_cfg\000"
 873      74746572 
 873      5F636667 
 873      00
 874              	.LASF8:
 875 006d 6C6F6E67 		.ascii	"long long unsigned int\000"
 875      206C6F6E 
 875      6720756E 
 875      7369676E 
 875      65642069 
 876              	.LASF13:
 877 0084 666C6F61 		.ascii	"float\000"
 877      7400
 878              	.LASF18:
 879 008a 53657441 		.ascii	"SetAnalogRoutingPumps\000"
 879      6E616C6F 
 879      67526F75 
ARM GAS  C:\Users\Greg\AppData\Local\Temp\ccbL8ypu.s 			page 23


 879      74696E67 
 879      50756D70 
 880              	.LASF25:
 881 00a0 43795379 		.ascii	"CySysClkWriteImoFreq\000"
 881      73436C6B 
 881      57726974 
 881      65496D6F 
 881      46726571 
 882              	.LASF2:
 883 00b5 756E7369 		.ascii	"unsigned char\000"
 883      676E6564 
 883      20636861 
 883      7200
 884              	.LASF10:
 885 00c3 63686172 		.ascii	"char\000"
 885      00
 886              	.LASF5:
 887 00c8 6C6F6E67 		.ascii	"long int\000"
 887      20696E74 
 887      00
 888              	.LASF17:
 889 00d1 416E616C 		.ascii	"AnalogSetDefault\000"
 889      6F675365 
 889      74446566 
 889      61756C74 
 889      00
 890              	.LASF16:
 891 00e2 436C6F63 		.ascii	"ClockSetup\000"
 891      6B536574 
 891      757000
 892              	.LASF26:
 893 00ed 43795379 		.ascii	"CySysClkSetTimerSource\000"
 893      73436C6B 
 893      53657454 
 893      696D6572 
 893      536F7572 
 894              	.LASF14:
 895 0104 646F7562 		.ascii	"double\000"
 895      6C6500
 896              	.LASF15:
 897 010b 72656733 		.ascii	"reg32\000"
 897      3200
 898              	.LASF4:
 899 0111 73686F72 		.ascii	"short unsigned int\000"
 899      7420756E 
 899      7369676E 
 899      65642069 
 899      6E7400
 900              	.LASF1:
 901 0124 7369676E 		.ascii	"signed char\000"
 901      65642063 
 901      68617200 
 902              	.LASF20:
 903 0130 474E5520 		.ascii	"GNU C 4.9.3 20150303 (release) [ARM/embedded-4_9-br"
 903      4320342E 
 903      392E3320 
 903      32303135 
ARM GAS  C:\Users\Greg\AppData\Local\Temp\ccbL8ypu.s 			page 24


 903      30333033 
 904 0163 616E6368 		.ascii	"anch revision 221220] -mcpu=cortex-m0plus -mthumb -"
 904      20726576 
 904      6973696F 
 904      6E203232 
 904      31323230 
 905 0196 67202D4F 		.ascii	"g -Og -ffunction-sections -ffat-lto-objects\000"
 905      67202D66 
 905      66756E63 
 905      74696F6E 
 905      2D736563 
 906              	.LASF23:
 907 01c2 656E6162 		.ascii	"enabled\000"
 907      6C656400 
 908              	.LASF24:
 909 01ca 72656756 		.ascii	"regValue\000"
 909      616C7565 
 909      00
 910              	.LASF22:
 911 01d3 433A5C47 		.ascii	"C:\\Git\\WA101\\projects\\PSoC\\WW101_AnalogCoProce"
 911      69745C57 
 911      41313031 
 911      5C70726F 
 911      6A656374 
 912 0201 73736F72 		.ascii	"ssor\\WW101_AnalogCoProcessor.cydsn\000"
 912      5C575731 
 912      30315F41 
 912      6E616C6F 
 912      67436F50 
 913              	.LASF9:
 914 0224 73697A65 		.ascii	"sizetype\000"
 914      74797065 
 914      00
 915              	.LASF3:
 916 022d 73686F72 		.ascii	"short int\000"
 916      7420696E 
 916      7400
 917              		.ident	"GCC: (GNU Tools for ARM Embedded Processors) 4.9.3 20150303 (release) [ARM/embedded-4_9-br
