ARM GAS  C:\Users\Greg\AppData\Local\Temp\ccFYtOkg.s 			page 1


   1              		.cpu cortex-m0plus
   2              		.fpu softvfp
   3              		.eabi_attribute 20, 1
   4              		.eabi_attribute 21, 1
   5              		.eabi_attribute 23, 3
   6              		.eabi_attribute 24, 1
   7              		.eabi_attribute 25, 1
   8              		.eabi_attribute 26, 1
   9              		.eabi_attribute 30, 1
  10              		.eabi_attribute 34, 0
  11              		.eabi_attribute 18, 4
  12              		.code	16
  13              		.file	"VrefBuffer_PM.c"
  14              		.text
  15              	.Ltext0:
  16              		.cfi_sections	.debug_frame
  17              		.section	.text.VrefBuffer_SaveConfig,"ax",%progbits
  18              		.align	2
  19              		.global	VrefBuffer_SaveConfig
  20              		.code	16
  21              		.thumb_func
  22              		.type	VrefBuffer_SaveConfig, %function
  23              	VrefBuffer_SaveConfig:
  24              	.LFB0:
  25              		.file 1 "Generated_Source\\PSoC4\\VrefBuffer_PM.c"
   1:Generated_Source\PSoC4/VrefBuffer_PM.c **** /*******************************************************************************
   2:Generated_Source\PSoC4/VrefBuffer_PM.c **** * File Name: VrefBuffer_PM.c
   3:Generated_Source\PSoC4/VrefBuffer_PM.c **** * Version 1.20
   4:Generated_Source\PSoC4/VrefBuffer_PM.c **** *
   5:Generated_Source\PSoC4/VrefBuffer_PM.c **** * Description:
   6:Generated_Source\PSoC4/VrefBuffer_PM.c **** *  This file provides the power management source code to the API for the
   7:Generated_Source\PSoC4/VrefBuffer_PM.c **** *  Opamp (Analog Buffer) component.
   8:Generated_Source\PSoC4/VrefBuffer_PM.c **** *
   9:Generated_Source\PSoC4/VrefBuffer_PM.c **** *
  10:Generated_Source\PSoC4/VrefBuffer_PM.c **** ********************************************************************************
  11:Generated_Source\PSoC4/VrefBuffer_PM.c **** * Copyright 2013-2015, Cypress Semiconductor Corporation.  All rights reserved.
  12:Generated_Source\PSoC4/VrefBuffer_PM.c **** * You may use this file only in accordance with the license, terms, conditions,
  13:Generated_Source\PSoC4/VrefBuffer_PM.c **** * disclaimers, and limitations in the end user license agreement accompanying
  14:Generated_Source\PSoC4/VrefBuffer_PM.c **** * the software package with which this file was provided.
  15:Generated_Source\PSoC4/VrefBuffer_PM.c **** *******************************************************************************/
  16:Generated_Source\PSoC4/VrefBuffer_PM.c **** 
  17:Generated_Source\PSoC4/VrefBuffer_PM.c **** #include "VrefBuffer.h"
  18:Generated_Source\PSoC4/VrefBuffer_PM.c **** 
  19:Generated_Source\PSoC4/VrefBuffer_PM.c **** #if(!VrefBuffer_CHECK_DEEPSLEEP_SUPPORT)
  20:Generated_Source\PSoC4/VrefBuffer_PM.c ****     static VrefBuffer_BACKUP_STRUCT VrefBuffer_backup =
  21:Generated_Source\PSoC4/VrefBuffer_PM.c ****     {
  22:Generated_Source\PSoC4/VrefBuffer_PM.c ****         0u, /* enableState */
  23:Generated_Source\PSoC4/VrefBuffer_PM.c ****     };
  24:Generated_Source\PSoC4/VrefBuffer_PM.c **** #endif /* (VrefBuffer_CHECK_DEEPSLEEP_SUPPORT) */
  25:Generated_Source\PSoC4/VrefBuffer_PM.c **** 
  26:Generated_Source\PSoC4/VrefBuffer_PM.c **** 
  27:Generated_Source\PSoC4/VrefBuffer_PM.c **** /*******************************************************************************
  28:Generated_Source\PSoC4/VrefBuffer_PM.c **** * Function Name: VrefBuffer_SaveConfig
  29:Generated_Source\PSoC4/VrefBuffer_PM.c **** ********************************************************************************
  30:Generated_Source\PSoC4/VrefBuffer_PM.c **** *
  31:Generated_Source\PSoC4/VrefBuffer_PM.c **** * Summary:
  32:Generated_Source\PSoC4/VrefBuffer_PM.c **** *  Empty function. Included for consistency with other components.
ARM GAS  C:\Users\Greg\AppData\Local\Temp\ccFYtOkg.s 			page 2


  33:Generated_Source\PSoC4/VrefBuffer_PM.c **** *
  34:Generated_Source\PSoC4/VrefBuffer_PM.c **** * Parameters:
  35:Generated_Source\PSoC4/VrefBuffer_PM.c **** *  None
  36:Generated_Source\PSoC4/VrefBuffer_PM.c **** *
  37:Generated_Source\PSoC4/VrefBuffer_PM.c **** * Return:
  38:Generated_Source\PSoC4/VrefBuffer_PM.c **** *  None
  39:Generated_Source\PSoC4/VrefBuffer_PM.c **** *
  40:Generated_Source\PSoC4/VrefBuffer_PM.c **** *******************************************************************************/
  41:Generated_Source\PSoC4/VrefBuffer_PM.c **** void VrefBuffer_SaveConfig(void)
  42:Generated_Source\PSoC4/VrefBuffer_PM.c **** {
  26              		.loc 1 42 0
  27              		.cfi_startproc
  43:Generated_Source\PSoC4/VrefBuffer_PM.c **** 
  44:Generated_Source\PSoC4/VrefBuffer_PM.c **** }
  28              		.loc 1 44 0
  29              		@ sp needed
  30 0000 7047     		bx	lr
  31              		.cfi_endproc
  32              	.LFE0:
  33              		.size	VrefBuffer_SaveConfig, .-VrefBuffer_SaveConfig
  34 0002 C046     		.section	.text.VrefBuffer_RestoreConfig,"ax",%progbits
  35              		.align	2
  36              		.global	VrefBuffer_RestoreConfig
  37              		.code	16
  38              		.thumb_func
  39              		.type	VrefBuffer_RestoreConfig, %function
  40              	VrefBuffer_RestoreConfig:
  41              	.LFB1:
  45:Generated_Source\PSoC4/VrefBuffer_PM.c **** 
  46:Generated_Source\PSoC4/VrefBuffer_PM.c **** 
  47:Generated_Source\PSoC4/VrefBuffer_PM.c **** /*******************************************************************************
  48:Generated_Source\PSoC4/VrefBuffer_PM.c **** * Function Name: VrefBuffer_RestoreConfig
  49:Generated_Source\PSoC4/VrefBuffer_PM.c **** ********************************************************************************
  50:Generated_Source\PSoC4/VrefBuffer_PM.c **** *
  51:Generated_Source\PSoC4/VrefBuffer_PM.c **** * Summary:
  52:Generated_Source\PSoC4/VrefBuffer_PM.c **** *  Empty function. Included for consistency with other components.
  53:Generated_Source\PSoC4/VrefBuffer_PM.c **** *
  54:Generated_Source\PSoC4/VrefBuffer_PM.c **** * Parameters:
  55:Generated_Source\PSoC4/VrefBuffer_PM.c **** *  None
  56:Generated_Source\PSoC4/VrefBuffer_PM.c **** *
  57:Generated_Source\PSoC4/VrefBuffer_PM.c **** * Return:
  58:Generated_Source\PSoC4/VrefBuffer_PM.c **** *  None
  59:Generated_Source\PSoC4/VrefBuffer_PM.c **** *
  60:Generated_Source\PSoC4/VrefBuffer_PM.c **** *******************************************************************************/
  61:Generated_Source\PSoC4/VrefBuffer_PM.c **** void VrefBuffer_RestoreConfig(void)
  62:Generated_Source\PSoC4/VrefBuffer_PM.c **** {
  42              		.loc 1 62 0
  43              		.cfi_startproc
  63:Generated_Source\PSoC4/VrefBuffer_PM.c ****     
  64:Generated_Source\PSoC4/VrefBuffer_PM.c **** }
  44              		.loc 1 64 0
  45              		@ sp needed
  46 0000 7047     		bx	lr
  47              		.cfi_endproc
  48              	.LFE1:
  49              		.size	VrefBuffer_RestoreConfig, .-VrefBuffer_RestoreConfig
  50 0002 C046     		.section	.text.VrefBuffer_Sleep,"ax",%progbits
ARM GAS  C:\Users\Greg\AppData\Local\Temp\ccFYtOkg.s 			page 3


  51              		.align	2
  52              		.global	VrefBuffer_Sleep
  53              		.code	16
  54              		.thumb_func
  55              		.type	VrefBuffer_Sleep, %function
  56              	VrefBuffer_Sleep:
  57              	.LFB2:
  65:Generated_Source\PSoC4/VrefBuffer_PM.c **** 
  66:Generated_Source\PSoC4/VrefBuffer_PM.c **** 
  67:Generated_Source\PSoC4/VrefBuffer_PM.c **** /*******************************************************************************
  68:Generated_Source\PSoC4/VrefBuffer_PM.c **** * Function Name: VrefBuffer_Sleep
  69:Generated_Source\PSoC4/VrefBuffer_PM.c **** ********************************************************************************
  70:Generated_Source\PSoC4/VrefBuffer_PM.c **** *
  71:Generated_Source\PSoC4/VrefBuffer_PM.c **** * Summary:
  72:Generated_Source\PSoC4/VrefBuffer_PM.c **** *  This is the preferred API to prepare the component for sleep. The Sleep() API 
  73:Generated_Source\PSoC4/VrefBuffer_PM.c **** *  saves the current component state. Call the Sleep() function before calling the 
  74:Generated_Source\PSoC4/VrefBuffer_PM.c **** *  CySysPmDeepSleep() or the CySysPmHibernate() functions. The "Deep sleep operation" 
  75:Generated_Source\PSoC4/VrefBuffer_PM.c **** *  option has an influence on this function implementation.
  76:Generated_Source\PSoC4/VrefBuffer_PM.c **** *
  77:Generated_Source\PSoC4/VrefBuffer_PM.c **** * Parameters:
  78:Generated_Source\PSoC4/VrefBuffer_PM.c **** *  None
  79:Generated_Source\PSoC4/VrefBuffer_PM.c **** *
  80:Generated_Source\PSoC4/VrefBuffer_PM.c **** * Return:
  81:Generated_Source\PSoC4/VrefBuffer_PM.c **** *  None
  82:Generated_Source\PSoC4/VrefBuffer_PM.c **** *
  83:Generated_Source\PSoC4/VrefBuffer_PM.c **** * Global variables:
  84:Generated_Source\PSoC4/VrefBuffer_PM.c **** *  VrefBuffer_backup: The structure field 'enableState' is modified
  85:Generated_Source\PSoC4/VrefBuffer_PM.c **** *  depending on the enable state of the block before entering the sleep mode.
  86:Generated_Source\PSoC4/VrefBuffer_PM.c **** *
  87:Generated_Source\PSoC4/VrefBuffer_PM.c **** *******************************************************************************/
  88:Generated_Source\PSoC4/VrefBuffer_PM.c **** void VrefBuffer_Sleep(void)
  89:Generated_Source\PSoC4/VrefBuffer_PM.c **** {
  58              		.loc 1 89 0
  59              		.cfi_startproc
  60 0000 08B5     		push	{r3, lr}
  61              		.cfi_def_cfa_offset 8
  62              		.cfi_offset 3, -8
  63              		.cfi_offset 14, -4
  90:Generated_Source\PSoC4/VrefBuffer_PM.c **** #if(!VrefBuffer_CHECK_DEEPSLEEP_SUPPORT)
  91:Generated_Source\PSoC4/VrefBuffer_PM.c ****     if(VrefBuffer_CHECK_PWR_MODE_OFF)
  64              		.loc 1 91 0
  65 0002 074B     		ldr	r3, .L6
  66 0004 1B68     		ldr	r3, [r3]
  67 0006 9B07     		lsl	r3, r3, #30
  68 0008 05D0     		beq	.L4
  92:Generated_Source\PSoC4/VrefBuffer_PM.c ****     {
  93:Generated_Source\PSoC4/VrefBuffer_PM.c ****         VrefBuffer_backup.enableState = 1u;
  69              		.loc 1 93 0
  70 000a 0122     		mov	r2, #1
  71 000c 054B     		ldr	r3, .L6+4
  72 000e 1A70     		strb	r2, [r3]
  94:Generated_Source\PSoC4/VrefBuffer_PM.c ****         VrefBuffer_Stop();
  73              		.loc 1 94 0
  74 0010 FFF7FEFF 		bl	VrefBuffer_Stop
  75              	.LVL0:
  76 0014 02E0     		b	.L3
  77              	.L4:
ARM GAS  C:\Users\Greg\AppData\Local\Temp\ccFYtOkg.s 			page 4


  95:Generated_Source\PSoC4/VrefBuffer_PM.c ****     }
  96:Generated_Source\PSoC4/VrefBuffer_PM.c ****     else /* The component is disabled */
  97:Generated_Source\PSoC4/VrefBuffer_PM.c ****     {
  98:Generated_Source\PSoC4/VrefBuffer_PM.c ****         VrefBuffer_backup.enableState = 0u;
  78              		.loc 1 98 0
  79 0016 0022     		mov	r2, #0
  80 0018 024B     		ldr	r3, .L6+4
  81 001a 1A70     		strb	r2, [r3]
  82              	.L3:
  99:Generated_Source\PSoC4/VrefBuffer_PM.c ****     }
 100:Generated_Source\PSoC4/VrefBuffer_PM.c **** #endif /* (VrefBuffer_CHECK_DEEPSLEEP_SUPPORT) */
 101:Generated_Source\PSoC4/VrefBuffer_PM.c **** }
  83              		.loc 1 101 0
  84              		@ sp needed
  85 001c 08BD     		pop	{r3, pc}
  86              	.L7:
  87 001e C046     		.align	2
  88              	.L6:
  89 0020 08003140 		.word	1076953096
  90 0024 00000000 		.word	.LANCHOR0
  91              		.cfi_endproc
  92              	.LFE2:
  93              		.size	VrefBuffer_Sleep, .-VrefBuffer_Sleep
  94              		.section	.text.VrefBuffer_Wakeup,"ax",%progbits
  95              		.align	2
  96              		.global	VrefBuffer_Wakeup
  97              		.code	16
  98              		.thumb_func
  99              		.type	VrefBuffer_Wakeup, %function
 100              	VrefBuffer_Wakeup:
 101              	.LFB3:
 102:Generated_Source\PSoC4/VrefBuffer_PM.c **** 
 103:Generated_Source\PSoC4/VrefBuffer_PM.c **** 
 104:Generated_Source\PSoC4/VrefBuffer_PM.c **** /*******************************************************************************
 105:Generated_Source\PSoC4/VrefBuffer_PM.c **** * Function Name: VrefBuffer_Wakeup
 106:Generated_Source\PSoC4/VrefBuffer_PM.c **** ********************************************************************************
 107:Generated_Source\PSoC4/VrefBuffer_PM.c **** *
 108:Generated_Source\PSoC4/VrefBuffer_PM.c **** * Summary:
 109:Generated_Source\PSoC4/VrefBuffer_PM.c **** *  This is the preferred API to restore the component to the state when Sleep() 
 110:Generated_Source\PSoC4/VrefBuffer_PM.c **** *  is called. If the component has been enabled before the Sleep() function is 
 111:Generated_Source\PSoC4/VrefBuffer_PM.c **** *  called, the Wakeup() function will also re-enable the component.
 112:Generated_Source\PSoC4/VrefBuffer_PM.c **** *  The "Deep sleep operation" option has an influence on this function
 113:Generated_Source\PSoC4/VrefBuffer_PM.c **** *  implementation.
 114:Generated_Source\PSoC4/VrefBuffer_PM.c **** *
 115:Generated_Source\PSoC4/VrefBuffer_PM.c **** * Parameters:
 116:Generated_Source\PSoC4/VrefBuffer_PM.c **** *  None
 117:Generated_Source\PSoC4/VrefBuffer_PM.c **** *
 118:Generated_Source\PSoC4/VrefBuffer_PM.c **** * Return:
 119:Generated_Source\PSoC4/VrefBuffer_PM.c **** *  None
 120:Generated_Source\PSoC4/VrefBuffer_PM.c **** *
 121:Generated_Source\PSoC4/VrefBuffer_PM.c **** * Global variables:
 122:Generated_Source\PSoC4/VrefBuffer_PM.c **** *  VrefBuffer_backup: The structure field 'enableState' is used to
 123:Generated_Source\PSoC4/VrefBuffer_PM.c **** *  restore the enable state of block after wakeup from sleep mode.
 124:Generated_Source\PSoC4/VrefBuffer_PM.c **** *
 125:Generated_Source\PSoC4/VrefBuffer_PM.c **** *******************************************************************************/
 126:Generated_Source\PSoC4/VrefBuffer_PM.c **** void VrefBuffer_Wakeup(void)
 127:Generated_Source\PSoC4/VrefBuffer_PM.c **** {
ARM GAS  C:\Users\Greg\AppData\Local\Temp\ccFYtOkg.s 			page 5


 102              		.loc 1 127 0
 103              		.cfi_startproc
 104 0000 08B5     		push	{r3, lr}
 105              		.cfi_def_cfa_offset 8
 106              		.cfi_offset 3, -8
 107              		.cfi_offset 14, -4
 128:Generated_Source\PSoC4/VrefBuffer_PM.c **** #if(!VrefBuffer_CHECK_DEEPSLEEP_SUPPORT)
 129:Generated_Source\PSoC4/VrefBuffer_PM.c ****     if(0u != VrefBuffer_backup.enableState)
 108              		.loc 1 129 0
 109 0002 034B     		ldr	r3, .L10
 110 0004 1B78     		ldrb	r3, [r3]
 111 0006 002B     		cmp	r3, #0
 112 0008 01D0     		beq	.L8
 130:Generated_Source\PSoC4/VrefBuffer_PM.c ****     {
 131:Generated_Source\PSoC4/VrefBuffer_PM.c ****         /* Enable Opamp's operation */
 132:Generated_Source\PSoC4/VrefBuffer_PM.c ****         VrefBuffer_Enable();
 113              		.loc 1 132 0
 114 000a FFF7FEFF 		bl	VrefBuffer_Enable
 115              	.LVL1:
 116              	.L8:
 133:Generated_Source\PSoC4/VrefBuffer_PM.c ****     } /* Do nothing if Opamp was disabled before */
 134:Generated_Source\PSoC4/VrefBuffer_PM.c **** #endif /* (VrefBuffer_CHECK_DEEPSLEEP_SUPPORT) */
 135:Generated_Source\PSoC4/VrefBuffer_PM.c **** }
 117              		.loc 1 135 0
 118              		@ sp needed
 119 000e 08BD     		pop	{r3, pc}
 120              	.L11:
 121              		.align	2
 122              	.L10:
 123 0010 00000000 		.word	.LANCHOR0
 124              		.cfi_endproc
 125              	.LFE3:
 126              		.size	VrefBuffer_Wakeup, .-VrefBuffer_Wakeup
 127              		.bss
 128              		.align	2
 129              		.set	.LANCHOR0,. + 0
 130              		.type	VrefBuffer_backup, %object
 131              		.size	VrefBuffer_backup, 1
 132              	VrefBuffer_backup:
 133 0000 00       		.space	1
 134 0001 000000   		.text
 135              	.Letext0:
 136              		.file 2 "Generated_Source\\PSoC4\\cytypes.h"
 137              		.file 3 "Generated_Source\\PSoC4\\VrefBuffer.h"
 138              		.section	.debug_info,"",%progbits
 139              	.Ldebug_info0:
 140 0000 45010000 		.4byte	0x145
 141 0004 0400     		.2byte	0x4
 142 0006 00000000 		.4byte	.Ldebug_abbrev0
 143 000a 04       		.byte	0x4
 144 000b 01       		.uleb128 0x1
 145 000c 9B010000 		.4byte	.LASF22
 146 0010 01       		.byte	0x1
 147 0011 9F000000 		.4byte	.LASF23
 148 0015 28000000 		.4byte	.LASF24
 149 0019 00000000 		.4byte	.Ldebug_ranges0+0
 150 001d 00000000 		.4byte	0
ARM GAS  C:\Users\Greg\AppData\Local\Temp\ccFYtOkg.s 			page 6


 151 0021 00000000 		.4byte	.Ldebug_line0
 152 0025 02       		.uleb128 0x2
 153 0026 01       		.byte	0x1
 154 0027 06       		.byte	0x6
 155 0028 39020000 		.4byte	.LASF0
 156 002c 02       		.uleb128 0x2
 157 002d 01       		.byte	0x1
 158 002e 08       		.byte	0x8
 159 002f 91000000 		.4byte	.LASF1
 160 0033 02       		.uleb128 0x2
 161 0034 02       		.byte	0x2
 162 0035 05       		.byte	0x5
 163 0036 7A010000 		.4byte	.LASF2
 164 003a 02       		.uleb128 0x2
 165 003b 02       		.byte	0x2
 166 003c 07       		.byte	0x7
 167 003d D8000000 		.4byte	.LASF3
 168 0041 02       		.uleb128 0x2
 169 0042 04       		.byte	0x4
 170 0043 05       		.byte	0x5
 171 0044 1F000000 		.4byte	.LASF4
 172 0048 02       		.uleb128 0x2
 173 0049 04       		.byte	0x4
 174 004a 07       		.byte	0x7
 175 004b C6000000 		.4byte	.LASF5
 176 004f 02       		.uleb128 0x2
 177 0050 08       		.byte	0x8
 178 0051 05       		.byte	0x5
 179 0052 67010000 		.4byte	.LASF6
 180 0056 02       		.uleb128 0x2
 181 0057 08       		.byte	0x8
 182 0058 07       		.byte	0x7
 183 0059 40010000 		.4byte	.LASF7
 184 005d 03       		.uleb128 0x3
 185 005e 04       		.byte	0x4
 186 005f 05       		.byte	0x5
 187 0060 696E7400 		.ascii	"int\000"
 188 0064 02       		.uleb128 0x2
 189 0065 04       		.byte	0x4
 190 0066 07       		.byte	0x7
 191 0067 33010000 		.4byte	.LASF8
 192 006b 04       		.uleb128 0x4
 193 006c 84010000 		.4byte	.LASF9
 194 0070 02       		.byte	0x2
 195 0071 B901     		.2byte	0x1b9
 196 0073 2C000000 		.4byte	0x2c
 197 0077 04       		.uleb128 0x4
 198 0078 16010000 		.4byte	.LASF10
 199 007c 02       		.byte	0x2
 200 007d BB01     		.2byte	0x1bb
 201 007f 48000000 		.4byte	0x48
 202 0083 02       		.uleb128 0x2
 203 0084 04       		.byte	0x4
 204 0085 04       		.byte	0x4
 205 0086 8B000000 		.4byte	.LASF11
 206 008a 02       		.uleb128 0x2
 207 008b 08       		.byte	0x8
ARM GAS  C:\Users\Greg\AppData\Local\Temp\ccFYtOkg.s 			page 7


 208 008c 04       		.byte	0x4
 209 008d 0F010000 		.4byte	.LASF12
 210 0091 02       		.uleb128 0x2
 211 0092 01       		.byte	0x1
 212 0093 08       		.byte	0x8
 213 0094 75010000 		.4byte	.LASF13
 214 0098 04       		.uleb128 0x4
 215 0099 00000000 		.4byte	.LASF14
 216 009d 02       		.byte	0x2
 217 009e 6502     		.2byte	0x265
 218 00a0 A4000000 		.4byte	0xa4
 219 00a4 05       		.uleb128 0x5
 220 00a5 77000000 		.4byte	0x77
 221 00a9 06       		.uleb128 0x6
 222 00aa 01       		.byte	0x1
 223 00ab 03       		.byte	0x3
 224 00ac 1E       		.byte	0x1e
 225 00ad BE000000 		.4byte	0xbe
 226 00b1 07       		.uleb128 0x7
 227 00b2 2D020000 		.4byte	.LASF25
 228 00b6 03       		.byte	0x3
 229 00b7 20       		.byte	0x20
 230 00b8 6B000000 		.4byte	0x6b
 231 00bc 00       		.byte	0
 232 00bd 00       		.byte	0
 233 00be 08       		.uleb128 0x8
 234 00bf 45020000 		.4byte	.LASF15
 235 00c3 03       		.byte	0x3
 236 00c4 21       		.byte	0x21
 237 00c5 A9000000 		.4byte	0xa9
 238 00c9 09       		.uleb128 0x9
 239 00ca 1D010000 		.4byte	.LASF16
 240 00ce 01       		.byte	0x1
 241 00cf 29       		.byte	0x29
 242 00d0 00000000 		.4byte	.LFB0
 243 00d4 02000000 		.4byte	.LFE0-.LFB0
 244 00d8 01       		.uleb128 0x1
 245 00d9 9C       		.byte	0x9c
 246 00da 09       		.uleb128 0x9
 247 00db 06000000 		.4byte	.LASF17
 248 00df 01       		.byte	0x1
 249 00e0 3D       		.byte	0x3d
 250 00e1 00000000 		.4byte	.LFB1
 251 00e5 02000000 		.4byte	.LFE1-.LFB1
 252 00e9 01       		.uleb128 0x1
 253 00ea 9C       		.byte	0x9c
 254 00eb 0A       		.uleb128 0xa
 255 00ec 8A010000 		.4byte	.LASF18
 256 00f0 01       		.byte	0x1
 257 00f1 58       		.byte	0x58
 258 00f2 00000000 		.4byte	.LFB2
 259 00f6 28000000 		.4byte	.LFE2-.LFB2
 260 00fa 01       		.uleb128 0x1
 261 00fb 9C       		.byte	0x9c
 262 00fc 0A010000 		.4byte	0x10a
 263 0100 0B       		.uleb128 0xb
 264 0101 14000000 		.4byte	.LVL0
ARM GAS  C:\Users\Greg\AppData\Local\Temp\ccFYtOkg.s 			page 8


 265 0105 3A010000 		.4byte	0x13a
 266 0109 00       		.byte	0
 267 010a 0A       		.uleb128 0xa
 268 010b FD000000 		.4byte	.LASF19
 269 010f 01       		.byte	0x1
 270 0110 7E       		.byte	0x7e
 271 0111 00000000 		.4byte	.LFB3
 272 0115 14000000 		.4byte	.LFE3-.LFB3
 273 0119 01       		.uleb128 0x1
 274 011a 9C       		.byte	0x9c
 275 011b 29010000 		.4byte	0x129
 276 011f 0B       		.uleb128 0xb
 277 0120 0E000000 		.4byte	.LVL1
 278 0124 41010000 		.4byte	0x141
 279 0128 00       		.byte	0
 280 0129 0C       		.uleb128 0xc
 281 012a 79000000 		.4byte	.LASF26
 282 012e 01       		.byte	0x1
 283 012f 14       		.byte	0x14
 284 0130 BE000000 		.4byte	0xbe
 285 0134 05       		.uleb128 0x5
 286 0135 03       		.byte	0x3
 287 0136 00000000 		.4byte	VrefBuffer_backup
 288 013a 0D       		.uleb128 0xd
 289 013b 57010000 		.4byte	.LASF20
 290 013f 03       		.byte	0x3
 291 0140 2A       		.byte	0x2a
 292 0141 0D       		.uleb128 0xd
 293 0142 EB000000 		.4byte	.LASF21
 294 0146 03       		.byte	0x3
 295 0147 28       		.byte	0x28
 296 0148 00       		.byte	0
 297              		.section	.debug_abbrev,"",%progbits
 298              	.Ldebug_abbrev0:
 299 0000 01       		.uleb128 0x1
 300 0001 11       		.uleb128 0x11
 301 0002 01       		.byte	0x1
 302 0003 25       		.uleb128 0x25
 303 0004 0E       		.uleb128 0xe
 304 0005 13       		.uleb128 0x13
 305 0006 0B       		.uleb128 0xb
 306 0007 03       		.uleb128 0x3
 307 0008 0E       		.uleb128 0xe
 308 0009 1B       		.uleb128 0x1b
 309 000a 0E       		.uleb128 0xe
 310 000b 55       		.uleb128 0x55
 311 000c 17       		.uleb128 0x17
 312 000d 11       		.uleb128 0x11
 313 000e 01       		.uleb128 0x1
 314 000f 10       		.uleb128 0x10
 315 0010 17       		.uleb128 0x17
 316 0011 00       		.byte	0
 317 0012 00       		.byte	0
 318 0013 02       		.uleb128 0x2
 319 0014 24       		.uleb128 0x24
 320 0015 00       		.byte	0
 321 0016 0B       		.uleb128 0xb
ARM GAS  C:\Users\Greg\AppData\Local\Temp\ccFYtOkg.s 			page 9


 322 0017 0B       		.uleb128 0xb
 323 0018 3E       		.uleb128 0x3e
 324 0019 0B       		.uleb128 0xb
 325 001a 03       		.uleb128 0x3
 326 001b 0E       		.uleb128 0xe
 327 001c 00       		.byte	0
 328 001d 00       		.byte	0
 329 001e 03       		.uleb128 0x3
 330 001f 24       		.uleb128 0x24
 331 0020 00       		.byte	0
 332 0021 0B       		.uleb128 0xb
 333 0022 0B       		.uleb128 0xb
 334 0023 3E       		.uleb128 0x3e
 335 0024 0B       		.uleb128 0xb
 336 0025 03       		.uleb128 0x3
 337 0026 08       		.uleb128 0x8
 338 0027 00       		.byte	0
 339 0028 00       		.byte	0
 340 0029 04       		.uleb128 0x4
 341 002a 16       		.uleb128 0x16
 342 002b 00       		.byte	0
 343 002c 03       		.uleb128 0x3
 344 002d 0E       		.uleb128 0xe
 345 002e 3A       		.uleb128 0x3a
 346 002f 0B       		.uleb128 0xb
 347 0030 3B       		.uleb128 0x3b
 348 0031 05       		.uleb128 0x5
 349 0032 49       		.uleb128 0x49
 350 0033 13       		.uleb128 0x13
 351 0034 00       		.byte	0
 352 0035 00       		.byte	0
 353 0036 05       		.uleb128 0x5
 354 0037 35       		.uleb128 0x35
 355 0038 00       		.byte	0
 356 0039 49       		.uleb128 0x49
 357 003a 13       		.uleb128 0x13
 358 003b 00       		.byte	0
 359 003c 00       		.byte	0
 360 003d 06       		.uleb128 0x6
 361 003e 13       		.uleb128 0x13
 362 003f 01       		.byte	0x1
 363 0040 0B       		.uleb128 0xb
 364 0041 0B       		.uleb128 0xb
 365 0042 3A       		.uleb128 0x3a
 366 0043 0B       		.uleb128 0xb
 367 0044 3B       		.uleb128 0x3b
 368 0045 0B       		.uleb128 0xb
 369 0046 01       		.uleb128 0x1
 370 0047 13       		.uleb128 0x13
 371 0048 00       		.byte	0
 372 0049 00       		.byte	0
 373 004a 07       		.uleb128 0x7
 374 004b 0D       		.uleb128 0xd
 375 004c 00       		.byte	0
 376 004d 03       		.uleb128 0x3
 377 004e 0E       		.uleb128 0xe
 378 004f 3A       		.uleb128 0x3a
ARM GAS  C:\Users\Greg\AppData\Local\Temp\ccFYtOkg.s 			page 10


 379 0050 0B       		.uleb128 0xb
 380 0051 3B       		.uleb128 0x3b
 381 0052 0B       		.uleb128 0xb
 382 0053 49       		.uleb128 0x49
 383 0054 13       		.uleb128 0x13
 384 0055 38       		.uleb128 0x38
 385 0056 0B       		.uleb128 0xb
 386 0057 00       		.byte	0
 387 0058 00       		.byte	0
 388 0059 08       		.uleb128 0x8
 389 005a 16       		.uleb128 0x16
 390 005b 00       		.byte	0
 391 005c 03       		.uleb128 0x3
 392 005d 0E       		.uleb128 0xe
 393 005e 3A       		.uleb128 0x3a
 394 005f 0B       		.uleb128 0xb
 395 0060 3B       		.uleb128 0x3b
 396 0061 0B       		.uleb128 0xb
 397 0062 49       		.uleb128 0x49
 398 0063 13       		.uleb128 0x13
 399 0064 00       		.byte	0
 400 0065 00       		.byte	0
 401 0066 09       		.uleb128 0x9
 402 0067 2E       		.uleb128 0x2e
 403 0068 00       		.byte	0
 404 0069 3F       		.uleb128 0x3f
 405 006a 19       		.uleb128 0x19
 406 006b 03       		.uleb128 0x3
 407 006c 0E       		.uleb128 0xe
 408 006d 3A       		.uleb128 0x3a
 409 006e 0B       		.uleb128 0xb
 410 006f 3B       		.uleb128 0x3b
 411 0070 0B       		.uleb128 0xb
 412 0071 27       		.uleb128 0x27
 413 0072 19       		.uleb128 0x19
 414 0073 11       		.uleb128 0x11
 415 0074 01       		.uleb128 0x1
 416 0075 12       		.uleb128 0x12
 417 0076 06       		.uleb128 0x6
 418 0077 40       		.uleb128 0x40
 419 0078 18       		.uleb128 0x18
 420 0079 9742     		.uleb128 0x2117
 421 007b 19       		.uleb128 0x19
 422 007c 00       		.byte	0
 423 007d 00       		.byte	0
 424 007e 0A       		.uleb128 0xa
 425 007f 2E       		.uleb128 0x2e
 426 0080 01       		.byte	0x1
 427 0081 3F       		.uleb128 0x3f
 428 0082 19       		.uleb128 0x19
 429 0083 03       		.uleb128 0x3
 430 0084 0E       		.uleb128 0xe
 431 0085 3A       		.uleb128 0x3a
 432 0086 0B       		.uleb128 0xb
 433 0087 3B       		.uleb128 0x3b
 434 0088 0B       		.uleb128 0xb
 435 0089 27       		.uleb128 0x27
ARM GAS  C:\Users\Greg\AppData\Local\Temp\ccFYtOkg.s 			page 11


 436 008a 19       		.uleb128 0x19
 437 008b 11       		.uleb128 0x11
 438 008c 01       		.uleb128 0x1
 439 008d 12       		.uleb128 0x12
 440 008e 06       		.uleb128 0x6
 441 008f 40       		.uleb128 0x40
 442 0090 18       		.uleb128 0x18
 443 0091 9742     		.uleb128 0x2117
 444 0093 19       		.uleb128 0x19
 445 0094 01       		.uleb128 0x1
 446 0095 13       		.uleb128 0x13
 447 0096 00       		.byte	0
 448 0097 00       		.byte	0
 449 0098 0B       		.uleb128 0xb
 450 0099 898201   		.uleb128 0x4109
 451 009c 00       		.byte	0
 452 009d 11       		.uleb128 0x11
 453 009e 01       		.uleb128 0x1
 454 009f 31       		.uleb128 0x31
 455 00a0 13       		.uleb128 0x13
 456 00a1 00       		.byte	0
 457 00a2 00       		.byte	0
 458 00a3 0C       		.uleb128 0xc
 459 00a4 34       		.uleb128 0x34
 460 00a5 00       		.byte	0
 461 00a6 03       		.uleb128 0x3
 462 00a7 0E       		.uleb128 0xe
 463 00a8 3A       		.uleb128 0x3a
 464 00a9 0B       		.uleb128 0xb
 465 00aa 3B       		.uleb128 0x3b
 466 00ab 0B       		.uleb128 0xb
 467 00ac 49       		.uleb128 0x49
 468 00ad 13       		.uleb128 0x13
 469 00ae 02       		.uleb128 0x2
 470 00af 18       		.uleb128 0x18
 471 00b0 00       		.byte	0
 472 00b1 00       		.byte	0
 473 00b2 0D       		.uleb128 0xd
 474 00b3 2E       		.uleb128 0x2e
 475 00b4 00       		.byte	0
 476 00b5 3F       		.uleb128 0x3f
 477 00b6 19       		.uleb128 0x19
 478 00b7 03       		.uleb128 0x3
 479 00b8 0E       		.uleb128 0xe
 480 00b9 3A       		.uleb128 0x3a
 481 00ba 0B       		.uleb128 0xb
 482 00bb 3B       		.uleb128 0x3b
 483 00bc 0B       		.uleb128 0xb
 484 00bd 27       		.uleb128 0x27
 485 00be 19       		.uleb128 0x19
 486 00bf 3C       		.uleb128 0x3c
 487 00c0 19       		.uleb128 0x19
 488 00c1 00       		.byte	0
 489 00c2 00       		.byte	0
 490 00c3 00       		.byte	0
 491              		.section	.debug_aranges,"",%progbits
 492 0000 34000000 		.4byte	0x34
ARM GAS  C:\Users\Greg\AppData\Local\Temp\ccFYtOkg.s 			page 12


 493 0004 0200     		.2byte	0x2
 494 0006 00000000 		.4byte	.Ldebug_info0
 495 000a 04       		.byte	0x4
 496 000b 00       		.byte	0
 497 000c 0000     		.2byte	0
 498 000e 0000     		.2byte	0
 499 0010 00000000 		.4byte	.LFB0
 500 0014 02000000 		.4byte	.LFE0-.LFB0
 501 0018 00000000 		.4byte	.LFB1
 502 001c 02000000 		.4byte	.LFE1-.LFB1
 503 0020 00000000 		.4byte	.LFB2
 504 0024 28000000 		.4byte	.LFE2-.LFB2
 505 0028 00000000 		.4byte	.LFB3
 506 002c 14000000 		.4byte	.LFE3-.LFB3
 507 0030 00000000 		.4byte	0
 508 0034 00000000 		.4byte	0
 509              		.section	.debug_ranges,"",%progbits
 510              	.Ldebug_ranges0:
 511 0000 00000000 		.4byte	.LFB0
 512 0004 02000000 		.4byte	.LFE0
 513 0008 00000000 		.4byte	.LFB1
 514 000c 02000000 		.4byte	.LFE1
 515 0010 00000000 		.4byte	.LFB2
 516 0014 28000000 		.4byte	.LFE2
 517 0018 00000000 		.4byte	.LFB3
 518 001c 14000000 		.4byte	.LFE3
 519 0020 00000000 		.4byte	0
 520 0024 00000000 		.4byte	0
 521              		.section	.debug_line,"",%progbits
 522              	.Ldebug_line0:
 523 0000 A8000000 		.section	.debug_str,"MS",%progbits,1
 523      02005A00 
 523      00000201 
 523      FB0E0D00 
 523      01010101 
 524              	.LASF14:
 525 0000 72656733 		.ascii	"reg32\000"
 525      3200
 526              	.LASF17:
 527 0006 56726566 		.ascii	"VrefBuffer_RestoreConfig\000"
 527      42756666 
 527      65725F52 
 527      6573746F 
 527      7265436F 
 528              	.LASF4:
 529 001f 6C6F6E67 		.ascii	"long int\000"
 529      20696E74 
 529      00
 530              	.LASF24:
 531 0028 433A5C47 		.ascii	"C:\\Git\\WA101\\projects\\PSoC\\WW101_AnalogCoProce"
 531      69745C57 
 531      41313031 
 531      5C70726F 
 531      6A656374 
 532 0056 73736F72 		.ascii	"ssor\\WW101_AnalogCoProcessor.cydsn\000"
 532      5C575731 
 532      30315F41 
ARM GAS  C:\Users\Greg\AppData\Local\Temp\ccFYtOkg.s 			page 13


 532      6E616C6F 
 532      67436F50 
 533              	.LASF26:
 534 0079 56726566 		.ascii	"VrefBuffer_backup\000"
 534      42756666 
 534      65725F62 
 534      61636B75 
 534      7000
 535              	.LASF11:
 536 008b 666C6F61 		.ascii	"float\000"
 536      7400
 537              	.LASF1:
 538 0091 756E7369 		.ascii	"unsigned char\000"
 538      676E6564 
 538      20636861 
 538      7200
 539              	.LASF23:
 540 009f 47656E65 		.ascii	"Generated_Source\\PSoC4\\VrefBuffer_PM.c\000"
 540      72617465 
 540      645F536F 
 540      75726365 
 540      5C50536F 
 541              	.LASF5:
 542 00c6 6C6F6E67 		.ascii	"long unsigned int\000"
 542      20756E73 
 542      69676E65 
 542      6420696E 
 542      7400
 543              	.LASF3:
 544 00d8 73686F72 		.ascii	"short unsigned int\000"
 544      7420756E 
 544      7369676E 
 544      65642069 
 544      6E7400
 545              	.LASF21:
 546 00eb 56726566 		.ascii	"VrefBuffer_Enable\000"
 546      42756666 
 546      65725F45 
 546      6E61626C 
 546      6500
 547              	.LASF19:
 548 00fd 56726566 		.ascii	"VrefBuffer_Wakeup\000"
 548      42756666 
 548      65725F57 
 548      616B6575 
 548      7000
 549              	.LASF12:
 550 010f 646F7562 		.ascii	"double\000"
 550      6C6500
 551              	.LASF10:
 552 0116 75696E74 		.ascii	"uint32\000"
 552      333200
 553              	.LASF16:
 554 011d 56726566 		.ascii	"VrefBuffer_SaveConfig\000"
 554      42756666 
 554      65725F53 
 554      61766543 
ARM GAS  C:\Users\Greg\AppData\Local\Temp\ccFYtOkg.s 			page 14


 554      6F6E6669 
 555              	.LASF8:
 556 0133 756E7369 		.ascii	"unsigned int\000"
 556      676E6564 
 556      20696E74 
 556      00
 557              	.LASF7:
 558 0140 6C6F6E67 		.ascii	"long long unsigned int\000"
 558      206C6F6E 
 558      6720756E 
 558      7369676E 
 558      65642069 
 559              	.LASF20:
 560 0157 56726566 		.ascii	"VrefBuffer_Stop\000"
 560      42756666 
 560      65725F53 
 560      746F7000 
 561              	.LASF6:
 562 0167 6C6F6E67 		.ascii	"long long int\000"
 562      206C6F6E 
 562      6720696E 
 562      7400
 563              	.LASF13:
 564 0175 63686172 		.ascii	"char\000"
 564      00
 565              	.LASF2:
 566 017a 73686F72 		.ascii	"short int\000"
 566      7420696E 
 566      7400
 567              	.LASF9:
 568 0184 75696E74 		.ascii	"uint8\000"
 568      3800
 569              	.LASF18:
 570 018a 56726566 		.ascii	"VrefBuffer_Sleep\000"
 570      42756666 
 570      65725F53 
 570      6C656570 
 570      00
 571              	.LASF22:
 572 019b 474E5520 		.ascii	"GNU C 4.9.3 20150303 (release) [ARM/embedded-4_9-br"
 572      4320342E 
 572      392E3320 
 572      32303135 
 572      30333033 
 573 01ce 616E6368 		.ascii	"anch revision 221220] -mcpu=cortex-m0plus -mthumb -"
 573      20726576 
 573      6973696F 
 573      6E203232 
 573      31323230 
 574 0201 67202D4F 		.ascii	"g -Og -ffunction-sections -ffat-lto-objects\000"
 574      67202D66 
 574      66756E63 
 574      74696F6E 
 574      2D736563 
 575              	.LASF25:
 576 022d 656E6162 		.ascii	"enableState\000"
 576      6C655374 
ARM GAS  C:\Users\Greg\AppData\Local\Temp\ccFYtOkg.s 			page 15


 576      61746500 
 577              	.LASF0:
 578 0239 7369676E 		.ascii	"signed char\000"
 578      65642063 
 578      68617200 
 579              	.LASF15:
 580 0245 56726566 		.ascii	"VrefBuffer_BACKUP_STRUCT\000"
 580      42756666 
 580      65725F42 
 580      41434B55 
 580      505F5354 
 581              		.ident	"GCC: (GNU Tools for ARM Embedded Processors) 4.9.3 20150303 (release) [ARM/embedded-4_9-br
