Loading plugins phase: Elapsed time ==> 0s.663ms
<CYPRESSTAG name="CyDsfit arguments...">
cydsfit arguments: -.fdsnotice -.fdswarpdepfile=warp_dependencies.txt -.fdselabdepfile=elab_dependencies.txt -.fdsbldfile=generated_files.txt -.fdsreffile=referenced_files.txt -p C:\Git\WA101\projects\PSoC\WW101_AnalogCoProcessor\WW101_AnalogCoProcessor.cydsn\WW101_AnalogCoProcessor.cyprj -d CY8C4A45LQI-483 -s C:\Git\WA101\projects\PSoC\WW101_AnalogCoProcessor\WW101_AnalogCoProcessor.cydsn\Generated_Source\PSoC4 -- -yv2 -q10 -ygs -o2 -v3 -.fftcfgtype=LE</CYPRESSTAG>
<CYPRESSTAG name="Design elaboration results...">
</CYPRESSTAG>
Elaboration phase: Elapsed time ==> 4s.711ms
<CYPRESSTAG name="HDL generation results...">
</CYPRESSTAG>
HDL generation phase: Elapsed time ==> 0s.200ms
<CYPRESSTAG name="Synthesis results...">

     | | | | | | |
   _________________
  -|               |-
  -|               |-
  -|               |-
  -|    CYPRESS    |-
  -|               |-
  -|               |-   Warp Verilog Synthesis Compiler: Version 6.3 IR 41
  -|               |-   Copyright (C) 1991-2001 Cypress Semiconductor
   |_______________|
     | | | | | | |

======================================================================
Compiling:  WW101_AnalogCoProcessor.v
Program  :   C:\Program Files (x86)\Cypress\PSoC Creator\4.0\PSoC Creator\warp\bin\warp.exe
Options  :    -yv2 -q10 -ygs -o2 -v3 -.fftcfgtype=LE -ya -.fftprj=C:\Git\WA101\projects\PSoC\WW101_AnalogCoProcessor\WW101_AnalogCoProcessor.cydsn\WW101_AnalogCoProcessor.cyprj -dcpsoc3 WW101_AnalogCoProcessor.v -verilog
======================================================================

======================================================================
Compiling:  WW101_AnalogCoProcessor.v
Program  :   C:\Program Files (x86)\Cypress\PSoC Creator\4.0\PSoC Creator\warp\bin\warp.exe
Options  :    -yv2 -q10 -ygs -o2 -v3 -.fftcfgtype=LE -ya -.fftprj=C:\Git\WA101\projects\PSoC\WW101_AnalogCoProcessor\WW101_AnalogCoProcessor.cydsn\WW101_AnalogCoProcessor.cyprj -dcpsoc3 WW101_AnalogCoProcessor.v -verilog
======================================================================

======================================================================
Compiling:  WW101_AnalogCoProcessor.v
Program  :   vlogfe
Options  :    -yv2 -q10 -ygs -o2 -v3 -.fftcfgtype=LE -ya -.fftprj=C:\Git\WA101\projects\PSoC\WW101_AnalogCoProcessor\WW101_AnalogCoProcessor.cydsn\WW101_AnalogCoProcessor.cyprj -dcpsoc3 -verilog WW101_AnalogCoProcessor.v
======================================================================

vlogfe V6.3 IR 41:  Verilog parser
Mon Feb 06 14:50:47 2017


======================================================================
Compiling:  WW101_AnalogCoProcessor.v
Program  :   vpp
Options  :    -yv2 -q10 WW101_AnalogCoProcessor.v
======================================================================

vpp V6.3 IR 41:  Verilog Pre-Processor
Mon Feb 06 14:50:47 2017

Flattening file 'C:\Program Files (x86)\Cypress\PSoC Creator\4.0\PSoC Creator\psoc\content\cyprimitives\CyPrimitives.cylib\cy_analog_virtualmux_v1_0\cy_analog_virtualmux_v1_0.v'
Flattening file 'C:\Program Files (x86)\Cypress\PSoC Creator\4.0\PSoC Creator\psoc\content\cycomponentlibrary\CyComponentLibrary.cylib\Bus_Connect_v2_40\Bus_Connect_v2_40.v'
Flattening file 'C:\Program Files (x86)\Cypress\PSoC Creator\4.0\PSoC Creator\warp\lib\common\cypress.v'
Flattening file 'C:\Program Files (x86)\Cypress\PSoC Creator\4.0\PSoC Creator\warp\lib\common\cy_psoc3_inc.v'
Flattening file 'C:\Program Files (x86)\Cypress\PSoC Creator\4.0\PSoC Creator\psoc\content\cyprimitives\CyPrimitives.cylib\ZeroTerminal\ZeroTerminal.v'
Flattening file 'C:\Program Files (x86)\Cypress\PSoC Creator\4.0\PSoC Creator\psoc\content\cyprimitives\CyPrimitives.cylib\cy_virtualmux_v1_0\cy_virtualmux_v1_0.v'
Flattening file 'C:\Program Files (x86)\Cypress\PSoC Creator\4.0\PSoC Creator\psoc\content\cyprimitives\CyPrimitives.cylib\or_v1_0\or_v1_0.v'
Flattening file 'C:\Program Files (x86)\Cypress\PSoC Creator\4.0\PSoC Creator\psoc\content\cyprimitives\CyPrimitives.cylib\cy_vref_v1_70\cy_vref_v1_70.v'

vpp:  No errors.

Library 'work' => directory 'lcpsoc3'
General_symbol_table
General_symbol_table
Linking 'C:\Program Files (x86)\Cypress\PSoC Creator\4.0\PSoC Creator\warp\lib\common\std.vhd'.
Linking 'C:\Program Files (x86)\Cypress\PSoC Creator\4.0\PSoC Creator\warp\lib\common\cypress.vhd'.
Linking 'C:\Program Files (x86)\Cypress\PSoC Creator\4.0\PSoC Creator\warp\lib\common\work\cypress.vif'.
Linking 'C:\Program Files (x86)\Cypress\PSoC Creator\4.0\PSoC Creator\warp\lib\ieee\work\stdlogic.vif'.
Linking 'C:\Program Files (x86)\Cypress\PSoC Creator\4.0\PSoC Creator\warp\lib\common\stdlogic\lpmpkg.vif'.
Linking 'C:\Program Files (x86)\Cypress\PSoC Creator\4.0\PSoC Creator\warp\lib\common\stdlogic\rtlpkg.vif'.
Linking 'C:\Program Files (x86)\Cypress\PSoC Creator\4.0\PSoC Creator\warp\lib\common\stdlogic\mod_cnst.vif'.
Linking 'C:\Program Files (x86)\Cypress\PSoC Creator\4.0\PSoC Creator\warp\lib\common\stdlogic\mod_mthv.vif'.
Linking 'C:\Program Files (x86)\Cypress\PSoC Creator\4.0\PSoC Creator\warp\lib\common\stdlogic\mod_genv.vif'.
Using control file 'WW101_AnalogCoProcessor.ctl'.

vlogfe:  No errors.


======================================================================
Compiling:  WW101_AnalogCoProcessor.v
Program  :   tovif
Options  :    -yv2 -q10 -ygs -o2 -v3 -.fftcfgtype=LE -ya -.fftprj=C:\Git\WA101\projects\PSoC\WW101_AnalogCoProcessor\WW101_AnalogCoProcessor.cydsn\WW101_AnalogCoProcessor.cyprj -dcpsoc3 -verilog WW101_AnalogCoProcessor.v
======================================================================

tovif V6.3 IR 41:  High-level synthesis
Mon Feb 06 14:50:47 2017

Linking 'C:\Program Files (x86)\Cypress\PSoC Creator\4.0\PSoC Creator\warp\lib\common\std.vhd'.
Linking 'C:\Program Files (x86)\Cypress\PSoC Creator\4.0\PSoC Creator\warp\lib\common\cypress.vhd'.
Linking 'C:\Program Files (x86)\Cypress\PSoC Creator\4.0\PSoC Creator\warp\lib\common\work\cypress.vif'.
Linking 'C:\Program Files (x86)\Cypress\PSoC Creator\4.0\PSoC Creator\warp\lib\ieee\work\stdlogic.vif'.
Linking 'C:\Program Files (x86)\Cypress\PSoC Creator\4.0\PSoC Creator\warp\lib\common\stdlogic\lpmpkg.vif'.
Linking 'C:\Program Files (x86)\Cypress\PSoC Creator\4.0\PSoC Creator\warp\lib\common\stdlogic\rtlpkg.vif'.
Linking 'C:\Program Files (x86)\Cypress\PSoC Creator\4.0\PSoC Creator\warp\lib\common\stdlogic\mod_cnst.vif'.
Linking 'C:\Program Files (x86)\Cypress\PSoC Creator\4.0\PSoC Creator\warp\lib\common\stdlogic\mod_mthv.vif'.
Linking 'C:\Program Files (x86)\Cypress\PSoC Creator\4.0\PSoC Creator\warp\lib\common\stdlogic\mod_genv.vif'.
Linking 'C:\Git\WA101\projects\PSoC\WW101_AnalogCoProcessor\WW101_AnalogCoProcessor.cydsn\codegentemp\WW101_AnalogCoProcessor.ctl'.
Linking 'C:\Program Files (x86)\Cypress\PSoC Creator\4.0\PSoC Creator\psoc\content\cyprimitives\CyPrimitives.cylib\cy_analog_virtualmux_v1_0\cy_analog_virtualmux_v1_0.v'.
Linking 'C:\Git\WA101\projects\PSoC\WW101_AnalogCoProcessor\WW101_AnalogCoProcessor.cydsn\codegentemp\WW101_AnalogCoProcessor.v'.
Linking 'C:\Program Files (x86)\Cypress\PSoC Creator\4.0\PSoC Creator\psoc\content\cycomponentlibrary\CyComponentLibrary.cylib\Bus_Connect_v2_40\Bus_Connect_v2_40.v'.
Linking 'C:\Program Files (x86)\Cypress\PSoC Creator\4.0\PSoC Creator\warp\lib\common\cypress.v'.
Linking 'C:\Program Files (x86)\Cypress\PSoC Creator\4.0\PSoC Creator\warp\lib\common\cy_psoc3_inc.v'.
Linking 'C:\Program Files (x86)\Cypress\PSoC Creator\4.0\PSoC Creator\psoc\content\cyprimitives\CyPrimitives.cylib\ZeroTerminal\ZeroTerminal.v'.
Linking 'C:\Program Files (x86)\Cypress\PSoC Creator\4.0\PSoC Creator\psoc\content\cyprimitives\CyPrimitives.cylib\cy_virtualmux_v1_0\cy_virtualmux_v1_0.v'.
Linking 'C:\Program Files (x86)\Cypress\PSoC Creator\4.0\PSoC Creator\psoc\content\cyprimitives\CyPrimitives.cylib\or_v1_0\or_v1_0.v'.
Linking 'C:\Program Files (x86)\Cypress\PSoC Creator\4.0\PSoC Creator\psoc\content\cyprimitives\CyPrimitives.cylib\cy_vref_v1_70\cy_vref_v1_70.v'.
WW101_AnalogCoProcessor.v (line 203, col 24):  Warning: (W460) 't_fvalid' unassigned in module 'Scan_ADC_v1_20_1'.
tovif:  WW101_AnalogCoProcessor.v:  Warning: (W5120) Attempt to connect scalar net 'Net_2218' with a formal 't_chid' of size 4. Some bits of the formal 't_chid' will be left unconnected.
tovif:  WW101_AnalogCoProcessor.v:  Warning: (W5120) Attempt to connect scalar net 'Net_2220' with a formal 't_da' of size 12. Some bits of the formal 't_da' will be left unconnected.

tovif:  No errors.  3 warnings.


======================================================================
Compiling:  WW101_AnalogCoProcessor.v
Program  :   topld
Options  :    -yv2 -q10 -ygs -o2 -v3 -.fftcfgtype=LE -ya -.fftprj=C:\Git\WA101\projects\PSoC\WW101_AnalogCoProcessor\WW101_AnalogCoProcessor.cydsn\WW101_AnalogCoProcessor.cyprj -dcpsoc3 -verilog WW101_AnalogCoProcessor.v
======================================================================

topld V6.3 IR 41:  Synthesis and optimization
Mon Feb 06 14:50:48 2017

Linking 'C:\Program Files (x86)\Cypress\PSoC Creator\4.0\PSoC Creator\warp\lib\common\std.vhd'.
Linking 'C:\Program Files (x86)\Cypress\PSoC Creator\4.0\PSoC Creator\warp\lib\common\cypress.vhd'.
Linking 'C:\Program Files (x86)\Cypress\PSoC Creator\4.0\PSoC Creator\warp\lib\common\work\cypress.vif'.
Linking 'C:\Program Files (x86)\Cypress\PSoC Creator\4.0\PSoC Creator\warp\lib\ieee\work\stdlogic.vif'.
Linking 'C:\Program Files (x86)\Cypress\PSoC Creator\4.0\PSoC Creator\warp\lib\common\stdlogic\lpmpkg.vif'.
Linking 'C:\Program Files (x86)\Cypress\PSoC Creator\4.0\PSoC Creator\warp\lib\common\stdlogic\rtlpkg.vif'.
Linking 'C:\Program Files (x86)\Cypress\PSoC Creator\4.0\PSoC Creator\warp\lib\common\stdlogic\mod_cnst.vif'.
Linking 'C:\Program Files (x86)\Cypress\PSoC Creator\4.0\PSoC Creator\warp\lib\common\stdlogic\mod_mthv.vif'.
Linking 'C:\Program Files (x86)\Cypress\PSoC Creator\4.0\PSoC Creator\warp\lib\common\stdlogic\mod_genv.vif'.
Linking 'C:\Git\WA101\projects\PSoC\WW101_AnalogCoProcessor\WW101_AnalogCoProcessor.cydsn\codegentemp\WW101_AnalogCoProcessor.ctl'.
Linking 'C:\Program Files (x86)\Cypress\PSoC Creator\4.0\PSoC Creator\psoc\content\cyprimitives\CyPrimitives.cylib\cy_analog_virtualmux_v1_0\cy_analog_virtualmux_v1_0.v'.
Linking 'C:\Git\WA101\projects\PSoC\WW101_AnalogCoProcessor\WW101_AnalogCoProcessor.cydsn\codegentemp\WW101_AnalogCoProcessor.v'.
Linking 'C:\Program Files (x86)\Cypress\PSoC Creator\4.0\PSoC Creator\psoc\content\cycomponentlibrary\CyComponentLibrary.cylib\Bus_Connect_v2_40\Bus_Connect_v2_40.v'.
Linking 'C:\Program Files (x86)\Cypress\PSoC Creator\4.0\PSoC Creator\warp\lib\common\cypress.v'.
Linking 'C:\Program Files (x86)\Cypress\PSoC Creator\4.0\PSoC Creator\warp\lib\common\cy_psoc3_inc.v'.
Linking 'C:\Program Files (x86)\Cypress\PSoC Creator\4.0\PSoC Creator\psoc\content\cyprimitives\CyPrimitives.cylib\ZeroTerminal\ZeroTerminal.v'.
Linking 'C:\Program Files (x86)\Cypress\PSoC Creator\4.0\PSoC Creator\psoc\content\cyprimitives\CyPrimitives.cylib\cy_virtualmux_v1_0\cy_virtualmux_v1_0.v'.
Linking 'C:\Program Files (x86)\Cypress\PSoC Creator\4.0\PSoC Creator\psoc\content\cyprimitives\CyPrimitives.cylib\or_v1_0\or_v1_0.v'.
Linking 'C:\Program Files (x86)\Cypress\PSoC Creator\4.0\PSoC Creator\psoc\content\cyprimitives\CyPrimitives.cylib\cy_vref_v1_70\cy_vref_v1_70.v'.
Linking 'C:\Program Files (x86)\Cypress\PSoC Creator\4.0\PSoC Creator\warp\lib\lcpsoc3\stdlogic\cpsoc3.vif'.

----------------------------------------------------------
Detecting unused logic.
----------------------------------------------------------
    User names
	\ADC:Net_448\
	\ADC:Net_446\
	\ADC:Net_1002\
	\ADC:Net_1009\
	\ADC:Net_1003\
	\ADC:Net_1007\
	\ADC:Net_991\
	\ADC:Net_987\
	\ADC:Net_993\
	\ADC:Net_986\
	\EZI2C:Net_1257\
	\EZI2C:uncfg_rx_irq\
	\EZI2C:Net_1099\
	\EZI2C:Net_1258\
	Net_2453
	Net_2454
	Net_2463
	Net_2464
	Net_2465
	Net_2466
	Net_2467
	Net_2468
	Net_2469
	\CSD:Net_147\
	\CSD:Net_146\


Deleted 25 User equations/components.
Deleted 0 Synthesized equations/components.

------------------------------------------------------
Alias Detection
------------------------------------------------------
Aliasing one to tmpOE__Pin_Vhi_net_0
Aliasing tmpOE__Pin_Vtherm_net_0 to tmpOE__Pin_Vhi_net_0
Aliasing tmpOE__Pin_Vlow_net_0 to tmpOE__Pin_Vhi_net_0
Aliasing \ADC:Net_410\ to zero
Aliasing \ADC:st_sel_1\ to zero
Aliasing \ADC:st_sel_0\ to zero
Aliasing \ADC:Net_412\ to zero
Aliasing \ADC:Net_413\ to zero
Aliasing \ADC:Net_414\ to zero
Aliasing \ADC:Net_416\ to zero
Aliasing \ADC:Net_431\ to zero
Aliasing \EZI2C:select_s_wire\ to zero
Aliasing \EZI2C:rx_wire\ to zero
Aliasing \EZI2C:sclk_s_wire\ to zero
Aliasing \EZI2C:mosi_s_wire\ to zero
Aliasing \EZI2C:miso_m_wire\ to zero
Aliasing \EZI2C:tmpOE__sda_net_0\ to tmpOE__Pin_Vhi_net_0
Aliasing \EZI2C:tmpOE__scl_net_0\ to tmpOE__Pin_Vhi_net_0
Aliasing \EZI2C:cts_wire\ to zero
Aliasing tmpOE__Pin_Vref_net_0 to tmpOE__Pin_Vhi_net_0
Aliasing tmpOE__GreenLED_net_0 to tmpOE__Pin_Vhi_net_0
Aliasing tmpOE__A1_net_0 to tmpOE__Pin_Vhi_net_0
Aliasing tmpOE__RedLED_net_0 to tmpOE__Pin_Vhi_net_0
Aliasing tmpOE__BlueLED_net_0 to tmpOE__Pin_Vhi_net_0
Aliasing \CSD:Net_95\ to zero
Aliasing \CSD:Net_94\ to zero
Aliasing \CSD:Net_93\ to zero
Aliasing \CSD:Net_92\ to zero
Aliasing \CSD:tmpOE__Sns_net_1\ to tmpOE__Pin_Vhi_net_0
Aliasing \CSD:tmpOE__Sns_net_0\ to tmpOE__Pin_Vhi_net_0
Aliasing \CSD:Net_57\ to zero
Aliasing \CSD:Net_56\ to zero
Aliasing \CSD:Net_55\ to zero
Aliasing \CSD:Net_54\ to zero
Aliasing \CSD:Net_44\ to zero
Aliasing \CSD:Net_46\ to zero
Aliasing \CSD:Net_47\ to zero
Aliasing \CSD:Net_48\ to zero
Aliasing \CSD:tmpOE__Cmod_net_0\ to tmpOE__Pin_Vhi_net_0
Removing Lhs of wire one[8] = tmpOE__Pin_Vhi_net_0[1]
Removing Lhs of wire tmpOE__Pin_Vtherm_net_0[11] = tmpOE__Pin_Vhi_net_0[1]
Removing Lhs of wire tmpOE__Pin_Vlow_net_0[19] = tmpOE__Pin_Vhi_net_0[1]
Removing Rhs of wire \ADC:sarClock\[584] = \ADC:Net_428\[614]
Removing Lhs of wire \ADC:Net_410\[606] = zero[2]
Removing Lhs of wire \ADC:st_sel_1\[607] = zero[2]
Removing Lhs of wire \ADC:st_sel_0\[608] = zero[2]
Removing Lhs of wire \ADC:Net_412\[609] = zero[2]
Removing Lhs of wire \ADC:Net_413\[610] = zero[2]
Removing Lhs of wire \ADC:Net_414\[611] = zero[2]
Removing Lhs of wire \ADC:Net_415\[612] = zero[2]
Removing Lhs of wire \ADC:Net_416\[613] = zero[2]
Removing Lhs of wire \ADC:Net_431\[615] = zero[2]
Removing Lhs of wire \EZI2C:select_s_wire\[978] = zero[2]
Removing Lhs of wire \EZI2C:rx_wire\[979] = zero[2]
Removing Lhs of wire \EZI2C:Net_1170\[982] = \EZI2C:Net_847\[977]
Removing Lhs of wire \EZI2C:sclk_s_wire\[983] = zero[2]
Removing Lhs of wire \EZI2C:mosi_s_wire\[984] = zero[2]
Removing Lhs of wire \EZI2C:miso_m_wire\[985] = zero[2]
Removing Lhs of wire \EZI2C:tmpOE__sda_net_0\[987] = tmpOE__Pin_Vhi_net_0[1]
Removing Lhs of wire \EZI2C:tmpOE__scl_net_0\[993] = tmpOE__Pin_Vhi_net_0[1]
Removing Lhs of wire \EZI2C:cts_wire\[1002] = zero[2]
Removing Lhs of wire tmpOE__Pin_Vref_net_0[1030] = tmpOE__Pin_Vhi_net_0[1]
Removing Lhs of wire tmpOE__GreenLED_net_0[1036] = tmpOE__Pin_Vhi_net_0[1]
Removing Lhs of wire tmpOE__A1_net_0[1043] = tmpOE__Pin_Vhi_net_0[1]
Removing Lhs of wire tmpOE__RedLED_net_0[1049] = tmpOE__Pin_Vhi_net_0[1]
Removing Lhs of wire tmpOE__BlueLED_net_0[1056] = tmpOE__Pin_Vhi_net_0[1]
Removing Lhs of wire \CSD:Net_95\[1088] = zero[2]
Removing Lhs of wire \CSD:Net_94\[1089] = zero[2]
Removing Lhs of wire \CSD:Net_93\[1093] = zero[2]
Removing Lhs of wire \CSD:Net_92\[1112] = zero[2]
Removing Lhs of wire \CSD:tmpOE__Sns_net_1\[1115] = tmpOE__Pin_Vhi_net_0[1]
Removing Lhs of wire \CSD:tmpOE__Sns_net_0\[1116] = tmpOE__Pin_Vhi_net_0[1]
Removing Lhs of wire \CSD:Net_57\[1126] = zero[2]
Removing Lhs of wire \CSD:Net_56\[1127] = zero[2]
Removing Lhs of wire \CSD:Net_55\[1128] = zero[2]
Removing Lhs of wire \CSD:Net_54\[1129] = zero[2]
Removing Lhs of wire \CSD:Net_44\[1131] = zero[2]
Removing Lhs of wire \CSD:Net_46\[1132] = zero[2]
Removing Lhs of wire \CSD:Net_47\[1133] = zero[2]
Removing Lhs of wire \CSD:Net_48\[1134] = zero[2]
Removing Lhs of wire \CSD:tmpOE__Cmod_net_0\[1136] = tmpOE__Pin_Vhi_net_0[1]

------------------------------------------------------
Aliased 0 equations, 42 wires.
------------------------------------------------------

----------------------------------------------------------
Circuit simplification
----------------------------------------------------------

Substituting virtuals - pass 1:


----------------------------------------------------------
Circuit simplification results:

	Expanded 0 signals.
	Turned 0 signals into soft nodes.
	Maximum default expansion cost was set at 3.
----------------------------------------------------------

topld:  No errors.

CYPRESS_DIR    : C:\Program Files (x86)\Cypress\PSoC Creator\4.0\PSoC Creator\warp
Warp Program   : C:\Program Files (x86)\Cypress\PSoC Creator\4.0\PSoC Creator\warp\bin\warp.exe
Warp Arguments : -yv2 -q10 -ygs -o2 -v3 -.fftcfgtype=LE -ya -.fftprj=C:\Git\WA101\projects\PSoC\WW101_AnalogCoProcessor\WW101_AnalogCoProcessor.cydsn\WW101_AnalogCoProcessor.cyprj -dcpsoc3 WW101_AnalogCoProcessor.v -verilog
</CYPRESSTAG>
Warp synthesis phase: Elapsed time ==> 1s.240ms
<CYPRESSTAG name="Fitter results...">
<CYPRESSTAG name="Fitter startup details...">
cyp3fit: V4.0.0.432, Family: PSoC3, Started at: Monday, 06 February 2017 14:50:48
Options: -yv2 -q10 -ygs -o2 -v3 -.fftcfgtype=LE -ya -.fftprj=C:\Git\WA101\projects\PSoC\WW101_AnalogCoProcessor\WW101_AnalogCoProcessor.cydsn\WW101_AnalogCoProcessor.cyprj -d CY8C4A45LQI-483 WW101_AnalogCoProcessor.v -verilog
</CYPRESSTAG>
<CYPRESSTAG name="Design parsing">
Design parsing phase: Elapsed time ==> 0s.026ms
</CYPRESSTAG>
<CYPRESSTAG name="Tech Mapping">
<CYPRESSTAG name="Initial Mapping" icon="FILE_RPT_TECHM">
<CYPRESSTAG name="Global Clock Selection" icon="FILE_RPT_TECHM">
    Fixed Function Clock 3: Automatic-assigning  clock 'CSD_ModClk'. Signal=\CSD:Net_1423_ff3\
    Alignment-Only Clock: Automatic-assigning  clock 'ADC_intUabClock'. Fanout=0
    Fixed Function Clock 12: Automatic-assigning  clock 'ADC_intSarClock'. Signal=\ADC:sarClock_ff12\
    Fixed Function Clock 0: Automatic-assigning  clock 'EZI2C_SCBCLK'. Signal=\EZI2C:Net_847_ff0\
<CYPRESSTAG name="UDB Clock/Enable Remapping Results">
</CYPRESSTAG>
</CYPRESSTAG>

Removing unused cells resulting from optimization
Done removing unused cells.
<CYPRESSTAG name="Duplicate Macrocell detection">
</CYPRESSTAG>
</CYPRESSTAG>
<CYPRESSTAG name="Duplicate Macrocell detection">
</CYPRESSTAG>
<CYPRESSTAG name="Design Equations" icon="FILE_RPT_EQUATION">

------------------------------------------------------------
Design Equations
------------------------------------------------------------
    <CYPRESSTAG name="Pin listing">

    ------------------------------------------------------------
    Pin listing
    ------------------------------------------------------------

    Pin : Name = Pin_Vhi(0)
        Attributes:
            In Group/Port: True
            In Sync Option: AUTO
            Out Sync Option: AUTO
            Interrupt generated: False
            Interrupt mode: NONE
            Drive mode: HI_Z_ANALOG
            VTrip: EITHER
            Slew: FAST
            Input Sync needed: False
            Output Sync needed: False
            SC shield enabled: False
            POR State: ANY
            LCD Mode: COMMON
            Register Mode: RegComb
            CaSense Mode: NEITHER
            Treat as pin: True
            Is OE Registered: False
            Uses Analog: True
            Can contain Digital: False
            Is SIO: False
            SIO Output Buf: NONREGULATED
            SIO Input Buf: SINGLE_ENDED
            SIO HiFreq: LOW
            SIO Hyst: DISABLED
            SIO Vtrip: MULTIPLIER_0_5
            SIO Multiplier Index: 0
            SIO RefSel: VCC_IO
            Required Capabilitites: ANALOG
            Initial Value: 1
            IO Voltage: 0
        PORT MAP (
            pa_out => Pin_Vhi(0)__PA ,
            analog_term => Net_1856 ,
            annotation => Net_2391 ,
            pad => Pin_Vhi(0)_PAD );
        Properties:
        {
        }

    Pin : Name = Pin_Vtherm(0)
        Attributes:
            In Group/Port: True
            In Sync Option: AUTO
            Out Sync Option: AUTO
            Interrupt generated: False
            Interrupt mode: NONE
            Drive mode: HI_Z_ANALOG
            VTrip: EITHER
            Slew: FAST
            Input Sync needed: False
            Output Sync needed: False
            SC shield enabled: False
            POR State: ANY
            LCD Mode: COMMON
            Register Mode: RegComb
            CaSense Mode: NEITHER
            Treat as pin: True
            Is OE Registered: False
            Uses Analog: True
            Can contain Digital: False
            Is SIO: False
            SIO Output Buf: NONREGULATED
            SIO Input Buf: SINGLE_ENDED
            SIO HiFreq: LOW
            SIO Hyst: DISABLED
            SIO Vtrip: MULTIPLIER_0_5
            SIO Multiplier Index: 0
            SIO RefSel: VCC_IO
            Required Capabilitites: ANALOG
            Initial Value: 1
            IO Voltage: 0
        PORT MAP (
            pa_out => Pin_Vtherm(0)__PA ,
            analog_term => Net_2400 ,
            annotation => Net_2390 ,
            pad => Pin_Vtherm(0)_PAD );
        Properties:
        {
        }

    Pin : Name = Pin_Vlow(0)
        Attributes:
            In Group/Port: True
            In Sync Option: AUTO
            Out Sync Option: AUTO
            Interrupt generated: False
            Interrupt mode: NONE
            Drive mode: HI_Z_ANALOG
            VTrip: EITHER
            Slew: FAST
            Input Sync needed: False
            Output Sync needed: False
            SC shield enabled: False
            POR State: ANY
            LCD Mode: COMMON
            Register Mode: RegComb
            CaSense Mode: NEITHER
            Treat as pin: True
            Is OE Registered: False
            Uses Analog: True
            Can contain Digital: False
            Is SIO: False
            SIO Output Buf: NONREGULATED
            SIO Input Buf: SINGLE_ENDED
            SIO HiFreq: LOW
            SIO Hyst: DISABLED
            SIO Vtrip: MULTIPLIER_0_5
            SIO Multiplier Index: 0
            SIO RefSel: VCC_IO
            Required Capabilitites: ANALOG
            Initial Value: 1
            IO Voltage: 0
        PORT MAP (
            pa_out => Pin_Vlow(0)__PA ,
            analog_term => Net_2401 ,
            annotation => Net_2388 ,
            pad => Pin_Vlow(0)_PAD );
        Properties:
        {
        }

    Pin : Name = \EZI2C:sda(0)\
        Attributes:
            In Group/Port: True
            In Sync Option: NOSYNC
            Out Sync Option: NOSYNC
            Interrupt generated: False
            Interrupt mode: NONE
            Drive mode: OPEN_DRAIN_LO
            VTrip: CMOS
            Slew: FAST
            Input Sync needed: False
            Output Sync needed: False
            SC shield enabled: False
            POR State: ANY
            LCD Mode: COMMON
            Register Mode: RegComb
            CaSense Mode: NEITHER
            Treat as pin: True
            Is OE Registered: False
            Uses Analog: False
            Can contain Digital: True
            Is SIO: False
            SIO Output Buf: NONREGULATED
            SIO Input Buf: SINGLE_ENDED
            SIO HiFreq: LOW
            SIO Hyst: DISABLED
            SIO Vtrip: MULTIPLIER_0_5
            SIO Multiplier Index: 0
            SIO RefSel: VCC_IO
            Required Capabilitites: DIGITAL
            Initial Value: 1
            IO Voltage: 0
        PORT MAP (
            pa_out => \EZI2C:sda(0)\__PA ,
            fb => \EZI2C:sda_wire\ ,
            pad => \EZI2C:sda(0)_PAD\ );
        Properties:
        {
        }

    Pin : Name = \EZI2C:scl(0)\
        Attributes:
            In Group/Port: True
            In Sync Option: NOSYNC
            Out Sync Option: NOSYNC
            Interrupt generated: False
            Interrupt mode: NONE
            Drive mode: OPEN_DRAIN_LO
            VTrip: CMOS
            Slew: FAST
            Input Sync needed: False
            Output Sync needed: False
            SC shield enabled: False
            POR State: ANY
            LCD Mode: COMMON
            Register Mode: RegComb
            CaSense Mode: NEITHER
            Treat as pin: True
            Is OE Registered: False
            Uses Analog: False
            Can contain Digital: True
            Is SIO: False
            SIO Output Buf: NONREGULATED
            SIO Input Buf: SINGLE_ENDED
            SIO HiFreq: LOW
            SIO Hyst: DISABLED
            SIO Vtrip: MULTIPLIER_0_5
            SIO Multiplier Index: 0
            SIO RefSel: VCC_IO
            Required Capabilitites: DIGITAL
            Initial Value: 1
            IO Voltage: 0
        PORT MAP (
            pa_out => \EZI2C:scl(0)\__PA ,
            fb => \EZI2C:scl_wire\ ,
            pad => \EZI2C:scl(0)_PAD\ );
        Properties:
        {
        }

    Pin : Name = Pin_Vref(0)
        Attributes:
            In Group/Port: True
            In Sync Option: AUTO
            Out Sync Option: AUTO
            Interrupt generated: False
            Interrupt mode: NONE
            Drive mode: HI_Z_ANALOG
            VTrip: EITHER
            Slew: FAST
            Input Sync needed: False
            Output Sync needed: False
            SC shield enabled: False
            POR State: ANY
            LCD Mode: COMMON
            Register Mode: RegComb
            CaSense Mode: NEITHER
            Treat as pin: True
            Is OE Registered: False
            Uses Analog: True
            Can contain Digital: False
            Is SIO: False
            SIO Output Buf: NONREGULATED
            SIO Input Buf: SINGLE_ENDED
            SIO HiFreq: LOW
            SIO Hyst: DISABLED
            SIO Vtrip: MULTIPLIER_0_5
            SIO Multiplier Index: 0
            SIO RefSel: VCC_IO
            Required Capabilitites: ANALOG
            Initial Value: 1
            IO Voltage: 0
        PORT MAP (
            pa_out => Pin_Vref(0)__PA ,
            analog_term => Net_1890 ,
            annotation => Net_2391 ,
            pad => Pin_Vref(0)_PAD );
        Properties:
        {
        }

    Pin : Name = GreenLED(0)
        Attributes:
            In Group/Port: True
            In Sync Option: AUTO
            Out Sync Option: NOSYNC
            Interrupt generated: False
            Interrupt mode: NONE
            Drive mode: OPEN_DRAIN_LO
            VTrip: EITHER
            Slew: FAST
            Input Sync needed: False
            Output Sync needed: False
            SC shield enabled: False
            POR State: ANY
            LCD Mode: COMMON
            Register Mode: RegComb
            CaSense Mode: NEITHER
            Treat as pin: True
            Is OE Registered: False
            Uses Analog: False
            Can contain Digital: True
            Is SIO: False
            SIO Output Buf: NONREGULATED
            SIO Input Buf: SINGLE_ENDED
            SIO HiFreq: LOW
            SIO Hyst: DISABLED
            SIO Vtrip: MULTIPLIER_0_5
            SIO Multiplier Index: 0
            SIO RefSel: VCC_IO
            Required Capabilitites: DIGITAL
            Initial Value: 1
            IO Voltage: 0
        PORT MAP (
            pa_out => GreenLED(0)__PA ,
            annotation => Net_2472 ,
            pad => GreenLED(0)_PAD );
        Properties:
        {
        }

    Pin : Name = A1(0)
        Attributes:
            In Group/Port: True
            In Sync Option: NOSYNC
            Out Sync Option: AUTO
            Interrupt generated: False
            Interrupt mode: NONE
            Drive mode: RES_PULL_DOWN
            VTrip: CMOS
            Slew: FAST
            Input Sync needed: False
            Output Sync needed: False
            SC shield enabled: False
            POR State: ANY
            LCD Mode: COMMON
            Register Mode: RegComb
            CaSense Mode: NEITHER
            Treat as pin: True
            Is OE Registered: False
            Uses Analog: False
            Can contain Digital: True
            Is SIO: False
            SIO Output Buf: NONREGULATED
            SIO Input Buf: SINGLE_ENDED
            SIO HiFreq: LOW
            SIO Hyst: DISABLED
            SIO Vtrip: MULTIPLIER_0_5
            SIO Multiplier Index: 0
            SIO RefSel: VCC_IO
            Required Capabilitites: DIGITAL
            Initial Value: 0
            IO Voltage: 0
        PORT MAP (
            pa_out => A1(0)__PA ,
            pad => A1(0)_PAD );
        Properties:
        {
        }

    Pin : Name = RedLED(0)
        Attributes:
            In Group/Port: True
            In Sync Option: AUTO
            Out Sync Option: NOSYNC
            Interrupt generated: False
            Interrupt mode: NONE
            Drive mode: OPEN_DRAIN_LO
            VTrip: EITHER
            Slew: FAST
            Input Sync needed: False
            Output Sync needed: False
            SC shield enabled: False
            POR State: ANY
            LCD Mode: COMMON
            Register Mode: RegComb
            CaSense Mode: NEITHER
            Treat as pin: True
            Is OE Registered: False
            Uses Analog: False
            Can contain Digital: True
            Is SIO: False
            SIO Output Buf: NONREGULATED
            SIO Input Buf: SINGLE_ENDED
            SIO HiFreq: LOW
            SIO Hyst: DISABLED
            SIO Vtrip: MULTIPLIER_0_5
            SIO Multiplier Index: 0
            SIO RefSel: VCC_IO
            Required Capabilitites: DIGITAL
            Initial Value: 1
            IO Voltage: 0
        PORT MAP (
            pa_out => RedLED(0)__PA ,
            annotation => Net_2475 ,
            pad => RedLED(0)_PAD );
        Properties:
        {
        }

    Pin : Name = BlueLED(0)
        Attributes:
            In Group/Port: True
            In Sync Option: AUTO
            Out Sync Option: NOSYNC
            Interrupt generated: False
            Interrupt mode: NONE
            Drive mode: OPEN_DRAIN_LO
            VTrip: EITHER
            Slew: FAST
            Input Sync needed: False
            Output Sync needed: False
            SC shield enabled: False
            POR State: ANY
            LCD Mode: COMMON
            Register Mode: RegComb
            CaSense Mode: NEITHER
            Treat as pin: True
            Is OE Registered: False
            Uses Analog: False
            Can contain Digital: True
            Is SIO: False
            SIO Output Buf: NONREGULATED
            SIO Input Buf: SINGLE_ENDED
            SIO HiFreq: LOW
            SIO Hyst: DISABLED
            SIO Vtrip: MULTIPLIER_0_5
            SIO Multiplier Index: 0
            SIO RefSel: VCC_IO
            Required Capabilitites: DIGITAL
            Initial Value: 1
            IO Voltage: 0
        PORT MAP (
            pa_out => BlueLED(0)__PA ,
            annotation => Net_2481 ,
            pad => BlueLED(0)_PAD );
        Properties:
        {
        }

    Pin : Name = \CSD:Sns(0)\
        Attributes:
            Alias: Button0_Sns0
            In Group/Port: True
            In Sync Option: AUTO
            Out Sync Option: AUTO
            Interrupt generated: False
            Interrupt mode: NONE
            Drive mode: HI_Z_ANALOG
            VTrip: EITHER
            Slew: FAST
            Input Sync needed: False
            Output Sync needed: False
            SC shield enabled: False
            POR State: ANY
            LCD Mode: COMMON
            Register Mode: RegComb
            CaSense Mode: NEITHER
            Treat as pin: True
            Is OE Registered: False
            Uses Analog: True
            Can contain Digital: False
            Is SIO: False
            SIO Output Buf: NONREGULATED
            SIO Input Buf: SINGLE_ENDED
            SIO HiFreq: LOW
            SIO Hyst: DISABLED
            SIO Vtrip: MULTIPLIER_0_5
            SIO Multiplier Index: 0
            SIO RefSel: VCC_IO
            Required Capabilitites: ANALOG
            Initial Value: 0
            IO Voltage: 0
        PORT MAP (
            pa_out => \CSD:Sns(0)\__PA ,
            analog_term => \CSD:Net_2_0\ ,
            pad => \CSD:Sns(0)_PAD\ );
        Properties:
        {
        }

    Pin : Name = \CSD:Sns(1)\
        Attributes:
            Alias: Button0_Sns1
            In Group/Port: True
            In Sync Option: AUTO
            Out Sync Option: AUTO
            Interrupt generated: False
            Interrupt mode: NONE
            Drive mode: HI_Z_ANALOG
            VTrip: EITHER
            Slew: FAST
            Input Sync needed: False
            Output Sync needed: False
            SC shield enabled: False
            POR State: ANY
            LCD Mode: COMMON
            Register Mode: RegComb
            CaSense Mode: NEITHER
            Treat as pin: True
            Is OE Registered: False
            Uses Analog: True
            Can contain Digital: False
            Is SIO: False
            SIO Output Buf: NONREGULATED
            SIO Input Buf: SINGLE_ENDED
            SIO HiFreq: LOW
            SIO Hyst: DISABLED
            SIO Vtrip: MULTIPLIER_0_5
            SIO Multiplier Index: 0
            SIO RefSel: VCC_IO
            Required Capabilitites: ANALOG
            Initial Value: 1
            IO Voltage: 0
        PORT MAP (
            pa_out => \CSD:Sns(1)\__PA ,
            analog_term => \CSD:Net_2_0\ ,
            pad => \CSD:Sns(1)_PAD\ );
        Properties:
        {
        }

    Pin : Name = \CSD:Cmod(0)\
        Attributes:
            Alias: Cmod
            In Group/Port: True
            In Sync Option: AUTO
            Out Sync Option: AUTO
            Interrupt generated: False
            Interrupt mode: NONE
            Drive mode: HI_Z_ANALOG
            VTrip: EITHER
            Slew: FAST
            Input Sync needed: False
            Output Sync needed: False
            SC shield enabled: False
            POR State: ANY
            LCD Mode: COMMON
            Register Mode: RegComb
            CaSense Mode: NEITHER
            Treat as pin: True
            Is OE Registered: False
            Uses Analog: True
            Can contain Digital: False
            Is SIO: False
            SIO Output Buf: NONREGULATED
            SIO Input Buf: SINGLE_ENDED
            SIO HiFreq: LOW
            SIO Hyst: DISABLED
            SIO Vtrip: MULTIPLIER_0_5
            SIO Multiplier Index: 0
            SIO RefSel: VCC_IO
            Required Capabilitites: ANALOG
            Initial Value: 0
            IO Voltage: 0
        PORT MAP (
            pa_out => \CSD:Cmod(0)\__PA ,
            analog_term => \CSD:Net_314\ ,
            pad => \CSD:Cmod(0)_PAD\ );
        Properties:
        {
        }
    </CYPRESSTAG>
    <CYPRESSTAG name="Macrocell listing" icon="FILE_RPT_EQUATION">
    </CYPRESSTAG>
    <CYPRESSTAG name="Datapath listing">
    </CYPRESSTAG>
    <CYPRESSTAG name="Status register listing">
    </CYPRESSTAG>
    <CYPRESSTAG name="StatusI register listing">
    </CYPRESSTAG>
    <CYPRESSTAG name="Sync listing">
    </CYPRESSTAG>
    <CYPRESSTAG name="Control register listing">
    </CYPRESSTAG>
    <CYPRESSTAG name="Count7 listing">
    </CYPRESSTAG>
    <CYPRESSTAG name="DRQ listing">
    </CYPRESSTAG>
    <CYPRESSTAG name="Interrupt listing">

    ------------------------------------------------------------
    Interrupt listing
    ------------------------------------------------------------

    interrupt: Name =\ADC:IRQ\
        PORT MAP (
            interrupt => \ADC:Net_423\ );
        Properties:
        {
            int_type = "10"
            is_nmi = 0
        }

    interrupt: Name =\EZI2C:SCB_IRQ\
        PORT MAP (
            interrupt => Net_2455 );
        Properties:
        {
            int_type = "10"
            is_nmi = 0
        }

    interrupt: Name =\CSD:ISR\
        PORT MAP (
            interrupt => \CSD:Net_120\ );
        Properties:
        {
            int_type = "10"
            is_nmi = 0
        }
    </CYPRESSTAG>
</CYPRESSTAG>
<CYPRESSTAG name="Technology mapping summary" expanded>

------------------------------------------------------------
Technology mapping summary
------------------------------------------------------------

Resource Type                 : Used : Free :  Max :  % Used
============================================================
Interrupts                    :    3 :   22 :   25 : 12.00 %
IO                            :   15 :   23 :   38 : 39.47 %
Segment LCD                   :    0 :    1 :    1 :  0.00 %
CapSense                      :    1 :    0 :    1 : 100.00 %
Die Temp                      :    0 :    1 :    1 :  0.00 %
Serial Communication (SCB)    :    1 :    2 :    3 : 33.33 %
DMA Channels                  :    0 :    8 :    8 :  0.00 %
Timer/Counter/PWM             :    0 :    8 :    8 :  0.00 %
Decimator                     :    0 :    2 :    2 :  0.00 %
Smart IO Ports                :    0 :    1 :    1 :  0.00 %
Comparator/Opamp              :    1 :    3 :    4 : 25.00 %
Comparator                    :    1 :    0 :    1 : 100.00 %
UAB Channels                  :    0 :    2 :    2 :  0.00 %
LP Comparator                 :    0 :    2 :    2 :  0.00 %
Voltage References            :    2 :    2 :    4 : 50.00 %
SAR ADC                       :    1 :    0 :    1 : 100.00 %
DAC                           :      :      :      :        
  7-bit IDAC                  :    2 :    0 :    2 : 100.00 %
</CYPRESSTAG>
Technology Mapping: Elapsed time ==> 0s.030ms
Tech Mapping phase: Elapsed time ==> 0s.052ms
</CYPRESSTAG>
<CYPRESSTAG name="Analog Placement">
<CYPRESSTAG name="Analog Placement">
Elapsed time ==> 0.1670340s
</CYPRESSTAG>
Analog Placement phase: Elapsed time ==> 0s.326ms
</CYPRESSTAG>
<CYPRESSTAG name="Analog Routing">
<CYPRESSTAG name="Analog Routing">
Route success=True, Iterations=1 Elapsed=0.0532855 secs
</CYPRESSTAG>
Analog Routing phase: Elapsed time ==> 0s.064ms
</CYPRESSTAG>
<CYPRESSTAG name="Analog Code Generation">
============ Analog Final Answer Routes ============
Dump of CyAnalogRoutingResultsDB
Map of net to items {
  Net: Net_1841 {
    PASS0_vref1
    PASS0_AROUTE0_CTB1_V11
    PASS0_ctb1_vref1
    PASS0_CTB1_A73
    PASS0_CTB1_oa1_vplus
  }
  Net: Net_1856 {
    p3_7
  }
  Net: Net_1890 {
    p1_3
    PASS0_CTB1_A92
    PASS0_CTB1_oa1_vminus
  }
  Net: Net_2400 {
    p3_5
  }
  Net: Net_2401 {
    p3_6
  }
  Net: \ADC:Net_1448\ {
  }
  Net: \ADC:Net_331\ {
  }
  Net: \ADC:Net_408\ {
  }
  Net: \CSD:Net_150\ {
  }
  Net: \CSD:Net_2_0\ {
    CSD0_sense_internal
    swh_7
    sense0
    BYA
    amuxbusa_csd
    AMUX_CSD_SWITCH_A_SL
    amuxbridge_ctb_csd_a
    AMUX_CTB_SWITCH_A_SR
    amuxbusa_ctb
    P1_P45
    p1_5
    P1_P47
    p1_7
    P5_P40
    p5_0
    idac1_out
    IAIB
    idac0_out
    swhv_3
  }
  Net: \ADC:muxoutPlus\ {
    PASS0_sarmux_vplus
    PASS0_AROUTE0_SMP_SRP
    PASS0_sar_vplus
  }
  Net: AMuxNet::\ADC:cy_psoc4_sarmux_1\_CYAMUXSIDE_A {
    PASS0_SARMUX0_sw7
    PASS0_SARMUX0_sw5
  }
  Net: \ADC:muxoutMinus\ {
    PASS0_sarmux_vminus
    PASS0_AROUTE0_SMM_SRM
    PASS0_sar_vminus
  }
  Net: AMuxNet::\ADC:cy_psoc4_sarmux_1\_CYAMUXSIDE_B {
    PASS0_SARMUX0_sw13
    PASS0_SARMUX0_sw14
  }
}
Map of item to net {
  PASS0_vref1                                      -> Net_1841
  PASS0_AROUTE0_CTB1_V11                           -> Net_1841
  PASS0_ctb1_vref1                                 -> Net_1841
  PASS0_CTB1_A73                                   -> Net_1841
  PASS0_CTB1_oa1_vplus                             -> Net_1841
  p3_7                                             -> Net_1856
  p1_3                                             -> Net_1890
  PASS0_CTB1_A92                                   -> Net_1890
  PASS0_CTB1_oa1_vminus                            -> Net_1890
  p3_5                                             -> Net_2400
  p3_6                                             -> Net_2401
  CSD0_sense_internal                              -> \CSD:Net_2_0\
  swh_7                                            -> \CSD:Net_2_0\
  sense0                                           -> \CSD:Net_2_0\
  BYA                                              -> \CSD:Net_2_0\
  amuxbusa_csd                                     -> \CSD:Net_2_0\
  AMUX_CSD_SWITCH_A_SL                             -> \CSD:Net_2_0\
  amuxbridge_ctb_csd_a                             -> \CSD:Net_2_0\
  AMUX_CTB_SWITCH_A_SR                             -> \CSD:Net_2_0\
  amuxbusa_ctb                                     -> \CSD:Net_2_0\
  P1_P45                                           -> \CSD:Net_2_0\
  p1_5                                             -> \CSD:Net_2_0\
  P1_P47                                           -> \CSD:Net_2_0\
  p1_7                                             -> \CSD:Net_2_0\
  P5_P40                                           -> \CSD:Net_2_0\
  p5_0                                             -> \CSD:Net_2_0\
  idac1_out                                        -> \CSD:Net_2_0\
  IAIB                                             -> \CSD:Net_2_0\
  idac0_out                                        -> \CSD:Net_2_0\
  swhv_3                                           -> \CSD:Net_2_0\
  PASS0_sarmux_vplus                               -> \ADC:muxoutPlus\
  PASS0_AROUTE0_SMP_SRP                            -> \ADC:muxoutPlus\
  PASS0_sar_vplus                                  -> \ADC:muxoutPlus\
  PASS0_SARMUX0_sw7                                -> AMuxNet::\ADC:cy_psoc4_sarmux_1\_CYAMUXSIDE_A
  PASS0_SARMUX0_sw5                                -> AMuxNet::\ADC:cy_psoc4_sarmux_1\_CYAMUXSIDE_A
  PASS0_sarmux_vminus                              -> \ADC:muxoutMinus\
  PASS0_AROUTE0_SMM_SRM                            -> \ADC:muxoutMinus\
  PASS0_sar_vminus                                 -> \ADC:muxoutMinus\
  PASS0_SARMUX0_sw13                               -> AMuxNet::\ADC:cy_psoc4_sarmux_1\_CYAMUXSIDE_B
  PASS0_SARMUX0_sw14                               -> AMuxNet::\ADC:cy_psoc4_sarmux_1\_CYAMUXSIDE_B
}
Mux Info {
  Mux: \ADC:cy_psoc4_sarmux_1\_CYAMUXSIDE_A {
     Mouth: \ADC:muxoutPlus\
     Guts:  AMuxNet::\ADC:cy_psoc4_sarmux_1\_CYAMUXSIDE_A
     IsSingleSwitching: False
     IsStaticSwitching: False
     IsAtMostOneSwitch: True
    Arm: 0 {
      Net:   Net_1856
      Outer: PASS0_SARMUX0_sw7
      Inner: __open__
      Path {
        PASS0_SARMUX0_sw7
        p3_7
      }
    }
    Arm: 1 {
      Net:   Net_2400
      Outer: PASS0_SARMUX0_sw5
      Inner: __open__
      Path {
        PASS0_SARMUX0_sw5
        p3_5
      }
    }
  }
  Mux: \ADC:cy_psoc4_sarmux_1\_CYAMUXSIDE_B {
     Mouth: \ADC:muxoutMinus\
     Guts:  AMuxNet::\ADC:cy_psoc4_sarmux_1\_CYAMUXSIDE_B
     IsSingleSwitching: False
     IsStaticSwitching: False
     IsAtMostOneSwitch: True
    Arm: 0 {
      Net:   Net_2400
      Outer: PASS0_SARMUX0_sw13
      Inner: __open__
      Path {
        PASS0_SARMUX0_sw13
        p3_5
      }
    }
    Arm: 1 {
      Net:   Net_2401
      Outer: PASS0_SARMUX0_sw14
      Inner: __open__
      Path {
        PASS0_SARMUX0_sw14
        p3_6
      }
    }
  }
}
Analog Code Generation phase: Elapsed time ==> 0s.041ms
</CYPRESSTAG>
<CYPRESSTAG name="Digital Placement">
<CYPRESSTAG name="Detailed placement messages">
I2076: Total run-time: 0.1 sec.

</CYPRESSTAG>
<CYPRESSTAG name="PLD Packing">
<CYPRESSTAG name="PLD Packing Summary">
No PLDs were packed.
</CYPRESSTAG>
PLD Packing: Elapsed time ==> 0s.000ms
</CYPRESSTAG>
<CYPRESSTAG name="Partitioning">
<CYPRESSTAG name="Initial Partitioning Summary">
Initial Partitioning Summary not displayed at this verbose level.</CYPRESSTAG>
<CYPRESSTAG name="Final Partitioning Summary">
Final Partitioning Summary not displayed at this verbose level.</CYPRESSTAG>
Partitioning: Elapsed time ==> 0s.016ms
</CYPRESSTAG>
<CYPRESSTAG name="Final Placement Summary">

------------------------------------------------------------
Final Placement Summary
------------------------------------------------------------

       Resource Type :      Count : Avg Inputs : Avg Outputs
    ========================================================
                 UDB :          0 :       0.00 :       0.00
<CYPRESSTAG name="Final Placement Details">
<CYPRESSTAG name="Component Details">

------------------------------------------------------------
Component Placement Details
------------------------------------------------------------
Intr container @ [IntrContainer=(0)]: 
  Intr@ [IntrContainer=(0)][IntrId=(10)] 
    interrupt: Name =\EZI2C:SCB_IRQ\
        PORT MAP (
            interrupt => Net_2455 );
        Properties:
        {
            int_type = "10"
            is_nmi = 0
        }
  Intr@ [IntrContainer=(0)][IntrId=(14)] 
    interrupt: Name =\CSD:ISR\
        PORT MAP (
            interrupt => \CSD:Net_120\ );
        Properties:
        {
            int_type = "10"
            is_nmi = 0
        }
  Intr@ [IntrContainer=(0)][IntrId=(15)] 
    interrupt: Name =\ADC:IRQ\
        PORT MAP (
            interrupt => \ADC:Net_423\ );
        Properties:
        {
            int_type = "10"
            is_nmi = 0
        }
Drq container @ [DrqContainer=(0)]: empty
Port 0 contains the following IO cells:
[IoId=3]: 
Pin : Name = A1(0)
    Attributes:
        In Group/Port: True
        In Sync Option: NOSYNC
        Out Sync Option: AUTO
        Interrupt generated: False
        Interrupt mode: NONE
        Drive mode: RES_PULL_DOWN
        VTrip: CMOS
        Slew: FAST
        Input Sync needed: False
        Output Sync needed: False
        SC shield enabled: False
        POR State: ANY
        LCD Mode: COMMON
        Register Mode: RegComb
        CaSense Mode: NEITHER
        Treat as pin: True
        Is OE Registered: False
        Uses Analog: False
        Can contain Digital: True
        Is SIO: False
        SIO Output Buf: NONREGULATED
        SIO Input Buf: SINGLE_ENDED
        SIO HiFreq: LOW
        SIO Hyst: DISABLED
        SIO Vtrip: MULTIPLIER_0_5
        SIO Multiplier Index: 0
        SIO RefSel: VCC_IO
        Required Capabilitites: DIGITAL
        Initial Value: 0
        IO Voltage: 0
    PORT MAP (
        pa_out => A1(0)__PA ,
        pad => A1(0)_PAD );
    Properties:
    {
    }

Port 1 contains the following IO cells:
[IoId=3]: 
Pin : Name = Pin_Vref(0)
    Attributes:
        In Group/Port: True
        In Sync Option: AUTO
        Out Sync Option: AUTO
        Interrupt generated: False
        Interrupt mode: NONE
        Drive mode: HI_Z_ANALOG
        VTrip: EITHER
        Slew: FAST
        Input Sync needed: False
        Output Sync needed: False
        SC shield enabled: False
        POR State: ANY
        LCD Mode: COMMON
        Register Mode: RegComb
        CaSense Mode: NEITHER
        Treat as pin: True
        Is OE Registered: False
        Uses Analog: True
        Can contain Digital: False
        Is SIO: False
        SIO Output Buf: NONREGULATED
        SIO Input Buf: SINGLE_ENDED
        SIO HiFreq: LOW
        SIO Hyst: DISABLED
        SIO Vtrip: MULTIPLIER_0_5
        SIO Multiplier Index: 0
        SIO RefSel: VCC_IO
        Required Capabilitites: ANALOG
        Initial Value: 1
        IO Voltage: 0
    PORT MAP (
        pa_out => Pin_Vref(0)__PA ,
        analog_term => Net_1890 ,
        annotation => Net_2391 ,
        pad => Pin_Vref(0)_PAD );
    Properties:
    {
    }

[IoId=4]: 
Pin : Name = RedLED(0)
    Attributes:
        In Group/Port: True
        In Sync Option: AUTO
        Out Sync Option: NOSYNC
        Interrupt generated: False
        Interrupt mode: NONE
        Drive mode: OPEN_DRAIN_LO
        VTrip: EITHER
        Slew: FAST
        Input Sync needed: False
        Output Sync needed: False
        SC shield enabled: False
        POR State: ANY
        LCD Mode: COMMON
        Register Mode: RegComb
        CaSense Mode: NEITHER
        Treat as pin: True
        Is OE Registered: False
        Uses Analog: False
        Can contain Digital: True
        Is SIO: False
        SIO Output Buf: NONREGULATED
        SIO Input Buf: SINGLE_ENDED
        SIO HiFreq: LOW
        SIO Hyst: DISABLED
        SIO Vtrip: MULTIPLIER_0_5
        SIO Multiplier Index: 0
        SIO RefSel: VCC_IO
        Required Capabilitites: DIGITAL
        Initial Value: 1
        IO Voltage: 0
    PORT MAP (
        pa_out => RedLED(0)__PA ,
        annotation => Net_2475 ,
        pad => RedLED(0)_PAD );
    Properties:
    {
    }

[IoId=5]: 
Pin : Name = \CSD:Sns(0)\
    Attributes:
        Alias: Button0_Sns0
        In Group/Port: True
        In Sync Option: AUTO
        Out Sync Option: AUTO
        Interrupt generated: False
        Interrupt mode: NONE
        Drive mode: HI_Z_ANALOG
        VTrip: EITHER
        Slew: FAST
        Input Sync needed: False
        Output Sync needed: False
        SC shield enabled: False
        POR State: ANY
        LCD Mode: COMMON
        Register Mode: RegComb
        CaSense Mode: NEITHER
        Treat as pin: True
        Is OE Registered: False
        Uses Analog: True
        Can contain Digital: False
        Is SIO: False
        SIO Output Buf: NONREGULATED
        SIO Input Buf: SINGLE_ENDED
        SIO HiFreq: LOW
        SIO Hyst: DISABLED
        SIO Vtrip: MULTIPLIER_0_5
        SIO Multiplier Index: 0
        SIO RefSel: VCC_IO
        Required Capabilitites: ANALOG
        Initial Value: 0
        IO Voltage: 0
    PORT MAP (
        pa_out => \CSD:Sns(0)\__PA ,
        analog_term => \CSD:Net_2_0\ ,
        pad => \CSD:Sns(0)_PAD\ );
    Properties:
    {
    }

[IoId=6]: 
Pin : Name = BlueLED(0)
    Attributes:
        In Group/Port: True
        In Sync Option: AUTO
        Out Sync Option: NOSYNC
        Interrupt generated: False
        Interrupt mode: NONE
        Drive mode: OPEN_DRAIN_LO
        VTrip: EITHER
        Slew: FAST
        Input Sync needed: False
        Output Sync needed: False
        SC shield enabled: False
        POR State: ANY
        LCD Mode: COMMON
        Register Mode: RegComb
        CaSense Mode: NEITHER
        Treat as pin: True
        Is OE Registered: False
        Uses Analog: False
        Can contain Digital: True
        Is SIO: False
        SIO Output Buf: NONREGULATED
        SIO Input Buf: SINGLE_ENDED
        SIO HiFreq: LOW
        SIO Hyst: DISABLED
        SIO Vtrip: MULTIPLIER_0_5
        SIO Multiplier Index: 0
        SIO RefSel: VCC_IO
        Required Capabilitites: DIGITAL
        Initial Value: 1
        IO Voltage: 0
    PORT MAP (
        pa_out => BlueLED(0)__PA ,
        annotation => Net_2481 ,
        pad => BlueLED(0)_PAD );
    Properties:
    {
    }

[IoId=7]: 
Pin : Name = \CSD:Sns(1)\
    Attributes:
        Alias: Button0_Sns1
        In Group/Port: True
        In Sync Option: AUTO
        Out Sync Option: AUTO
        Interrupt generated: False
        Interrupt mode: NONE
        Drive mode: HI_Z_ANALOG
        VTrip: EITHER
        Slew: FAST
        Input Sync needed: False
        Output Sync needed: False
        SC shield enabled: False
        POR State: ANY
        LCD Mode: COMMON
        Register Mode: RegComb
        CaSense Mode: NEITHER
        Treat as pin: True
        Is OE Registered: False
        Uses Analog: True
        Can contain Digital: False
        Is SIO: False
        SIO Output Buf: NONREGULATED
        SIO Input Buf: SINGLE_ENDED
        SIO HiFreq: LOW
        SIO Hyst: DISABLED
        SIO Vtrip: MULTIPLIER_0_5
        SIO Multiplier Index: 0
        SIO RefSel: VCC_IO
        Required Capabilitites: ANALOG
        Initial Value: 1
        IO Voltage: 0
    PORT MAP (
        pa_out => \CSD:Sns(1)\__PA ,
        analog_term => \CSD:Net_2_0\ ,
        pad => \CSD:Sns(1)_PAD\ );
    Properties:
    {
    }

Port 2 contains the following IO cells:
[IoId=6]: 
Pin : Name = GreenLED(0)
    Attributes:
        In Group/Port: True
        In Sync Option: AUTO
        Out Sync Option: NOSYNC
        Interrupt generated: False
        Interrupt mode: NONE
        Drive mode: OPEN_DRAIN_LO
        VTrip: EITHER
        Slew: FAST
        Input Sync needed: False
        Output Sync needed: False
        SC shield enabled: False
        POR State: ANY
        LCD Mode: COMMON
        Register Mode: RegComb
        CaSense Mode: NEITHER
        Treat as pin: True
        Is OE Registered: False
        Uses Analog: False
        Can contain Digital: True
        Is SIO: False
        SIO Output Buf: NONREGULATED
        SIO Input Buf: SINGLE_ENDED
        SIO HiFreq: LOW
        SIO Hyst: DISABLED
        SIO Vtrip: MULTIPLIER_0_5
        SIO Multiplier Index: 0
        SIO RefSel: VCC_IO
        Required Capabilitites: DIGITAL
        Initial Value: 1
        IO Voltage: 0
    PORT MAP (
        pa_out => GreenLED(0)__PA ,
        annotation => Net_2472 ,
        pad => GreenLED(0)_PAD );
    Properties:
    {
    }

Port 3 contains the following IO cells:
[IoId=5]: 
Pin : Name = Pin_Vtherm(0)
    Attributes:
        In Group/Port: True
        In Sync Option: AUTO
        Out Sync Option: AUTO
        Interrupt generated: False
        Interrupt mode: NONE
        Drive mode: HI_Z_ANALOG
        VTrip: EITHER
        Slew: FAST
        Input Sync needed: False
        Output Sync needed: False
        SC shield enabled: False
        POR State: ANY
        LCD Mode: COMMON
        Register Mode: RegComb
        CaSense Mode: NEITHER
        Treat as pin: True
        Is OE Registered: False
        Uses Analog: True
        Can contain Digital: False
        Is SIO: False
        SIO Output Buf: NONREGULATED
        SIO Input Buf: SINGLE_ENDED
        SIO HiFreq: LOW
        SIO Hyst: DISABLED
        SIO Vtrip: MULTIPLIER_0_5
        SIO Multiplier Index: 0
        SIO RefSel: VCC_IO
        Required Capabilitites: ANALOG
        Initial Value: 1
        IO Voltage: 0
    PORT MAP (
        pa_out => Pin_Vtherm(0)__PA ,
        analog_term => Net_2400 ,
        annotation => Net_2390 ,
        pad => Pin_Vtherm(0)_PAD );
    Properties:
    {
    }

[IoId=6]: 
Pin : Name = Pin_Vlow(0)
    Attributes:
        In Group/Port: True
        In Sync Option: AUTO
        Out Sync Option: AUTO
        Interrupt generated: False
        Interrupt mode: NONE
        Drive mode: HI_Z_ANALOG
        VTrip: EITHER
        Slew: FAST
        Input Sync needed: False
        Output Sync needed: False
        SC shield enabled: False
        POR State: ANY
        LCD Mode: COMMON
        Register Mode: RegComb
        CaSense Mode: NEITHER
        Treat as pin: True
        Is OE Registered: False
        Uses Analog: True
        Can contain Digital: False
        Is SIO: False
        SIO Output Buf: NONREGULATED
        SIO Input Buf: SINGLE_ENDED
        SIO HiFreq: LOW
        SIO Hyst: DISABLED
        SIO Vtrip: MULTIPLIER_0_5
        SIO Multiplier Index: 0
        SIO RefSel: VCC_IO
        Required Capabilitites: ANALOG
        Initial Value: 1
        IO Voltage: 0
    PORT MAP (
        pa_out => Pin_Vlow(0)__PA ,
        analog_term => Net_2401 ,
        annotation => Net_2388 ,
        pad => Pin_Vlow(0)_PAD );
    Properties:
    {
    }

[IoId=7]: 
Pin : Name = Pin_Vhi(0)
    Attributes:
        In Group/Port: True
        In Sync Option: AUTO
        Out Sync Option: AUTO
        Interrupt generated: False
        Interrupt mode: NONE
        Drive mode: HI_Z_ANALOG
        VTrip: EITHER
        Slew: FAST
        Input Sync needed: False
        Output Sync needed: False
        SC shield enabled: False
        POR State: ANY
        LCD Mode: COMMON
        Register Mode: RegComb
        CaSense Mode: NEITHER
        Treat as pin: True
        Is OE Registered: False
        Uses Analog: True
        Can contain Digital: False
        Is SIO: False
        SIO Output Buf: NONREGULATED
        SIO Input Buf: SINGLE_ENDED
        SIO HiFreq: LOW
        SIO Hyst: DISABLED
        SIO Vtrip: MULTIPLIER_0_5
        SIO Multiplier Index: 0
        SIO RefSel: VCC_IO
        Required Capabilitites: ANALOG
        Initial Value: 1
        IO Voltage: 0
    PORT MAP (
        pa_out => Pin_Vhi(0)__PA ,
        analog_term => Net_1856 ,
        annotation => Net_2391 ,
        pad => Pin_Vhi(0)_PAD );
    Properties:
    {
    }

Port 4 contains the following IO cells:
[IoId=0]: 
Pin : Name = \EZI2C:scl(0)\
    Attributes:
        In Group/Port: True
        In Sync Option: NOSYNC
        Out Sync Option: NOSYNC
        Interrupt generated: False
        Interrupt mode: NONE
        Drive mode: OPEN_DRAIN_LO
        VTrip: CMOS
        Slew: FAST
        Input Sync needed: False
        Output Sync needed: False
        SC shield enabled: False
        POR State: ANY
        LCD Mode: COMMON
        Register Mode: RegComb
        CaSense Mode: NEITHER
        Treat as pin: True
        Is OE Registered: False
        Uses Analog: False
        Can contain Digital: True
        Is SIO: False
        SIO Output Buf: NONREGULATED
        SIO Input Buf: SINGLE_ENDED
        SIO HiFreq: LOW
        SIO Hyst: DISABLED
        SIO Vtrip: MULTIPLIER_0_5
        SIO Multiplier Index: 0
        SIO RefSel: VCC_IO
        Required Capabilitites: DIGITAL
        Initial Value: 1
        IO Voltage: 0
    PORT MAP (
        pa_out => \EZI2C:scl(0)\__PA ,
        fb => \EZI2C:scl_wire\ ,
        pad => \EZI2C:scl(0)_PAD\ );
    Properties:
    {
    }

[IoId=1]: 
Pin : Name = \EZI2C:sda(0)\
    Attributes:
        In Group/Port: True
        In Sync Option: NOSYNC
        Out Sync Option: NOSYNC
        Interrupt generated: False
        Interrupt mode: NONE
        Drive mode: OPEN_DRAIN_LO
        VTrip: CMOS
        Slew: FAST
        Input Sync needed: False
        Output Sync needed: False
        SC shield enabled: False
        POR State: ANY
        LCD Mode: COMMON
        Register Mode: RegComb
        CaSense Mode: NEITHER
        Treat as pin: True
        Is OE Registered: False
        Uses Analog: False
        Can contain Digital: True
        Is SIO: False
        SIO Output Buf: NONREGULATED
        SIO Input Buf: SINGLE_ENDED
        SIO HiFreq: LOW
        SIO Hyst: DISABLED
        SIO Vtrip: MULTIPLIER_0_5
        SIO Multiplier Index: 0
        SIO RefSel: VCC_IO
        Required Capabilitites: DIGITAL
        Initial Value: 1
        IO Voltage: 0
    PORT MAP (
        pa_out => \EZI2C:sda(0)\__PA ,
        fb => \EZI2C:sda_wire\ ,
        pad => \EZI2C:sda(0)_PAD\ );
    Properties:
    {
    }

Port 5 contains the following IO cells:
[IoId=0]: 
Pin : Name = \CSD:Cmod(0)\
    Attributes:
        Alias: Cmod
        In Group/Port: True
        In Sync Option: AUTO
        Out Sync Option: AUTO
        Interrupt generated: False
        Interrupt mode: NONE
        Drive mode: HI_Z_ANALOG
        VTrip: EITHER
        Slew: FAST
        Input Sync needed: False
        Output Sync needed: False
        SC shield enabled: False
        POR State: ANY
        LCD Mode: COMMON
        Register Mode: RegComb
        CaSense Mode: NEITHER
        Treat as pin: True
        Is OE Registered: False
        Uses Analog: True
        Can contain Digital: False
        Is SIO: False
        SIO Output Buf: NONREGULATED
        SIO Input Buf: SINGLE_ENDED
        SIO HiFreq: LOW
        SIO Hyst: DISABLED
        SIO Vtrip: MULTIPLIER_0_5
        SIO Multiplier Index: 0
        SIO RefSel: VCC_IO
        Required Capabilitites: ANALOG
        Initial Value: 0
        IO Voltage: 0
    PORT MAP (
        pa_out => \CSD:Cmod(0)\__PA ,
        analog_term => \CSD:Net_2_0\ ,
        pad => \CSD:Cmod(0)_PAD\ );
    Properties:
    {
    }

Clock group 0: 
    Clock Block @ F(Clock,0): 
    m0s8clockblockcell: Name =ClockBlock
        PORT MAP (
            hfclk => ClockBlock_HFCLK ,
            imo => ClockBlock_IMO ,
            ext => ClockBlock_EXTCLK ,
            sysclk => ClockBlock_SYSCLK ,
            ilo => ClockBlock_ILO ,
            lfclk => ClockBlock_LFCLK ,
            wco => ClockBlock_WCO ,
            ff_div_3 => \CSD:Net_1423_ff3\ ,
            ff_div_12 => \ADC:sarClock_ff12\ ,
            ff_div_0 => \EZI2C:Net_847_ff0\ );
        Properties:
        {
        }
Decimator group 0: empty
SPC group 0: empty
Vref group 0: 
    Vref Block @ F(Vref,1): 
    vrefcell: Name =\ADC:vssa_kelvin_0\
        PORT MAP (
            vout => \ADC:Net_1405\ );
        Properties:
        {
            autoenable = 1
            guid = "27E55207-D708-4E0A-9CA9-208BEFB90B23"
            ignoresleep = 0
            name = "CY_INTERNAL_VSSA_KELVIN"
        }
WDT group 0: empty
LP Comparator group 0: empty
Serial Communication (SCB) group 0: 
    SCB Block @ F(SCB,2): 
    m0s8scbcell: Name =\EZI2C:SCB\
        PORT MAP (
            clock => \EZI2C:Net_847_ff0\ ,
            interrupt => Net_2455 ,
            tx => \EZI2C:tx_wire\ ,
            rts => \EZI2C:rts_wire\ ,
            mosi_m => \EZI2C:mosi_m_wire\ ,
            select_m_3 => \EZI2C:select_m_wire_3\ ,
            select_m_2 => \EZI2C:select_m_wire_2\ ,
            select_m_1 => \EZI2C:select_m_wire_1\ ,
            select_m_0 => \EZI2C:select_m_wire_0\ ,
            sclk_m => \EZI2C:sclk_m_wire\ ,
            miso_s => \EZI2C:miso_s_wire\ ,
            scl => \EZI2C:scl_wire\ ,
            sda => \EZI2C:sda_wire\ ,
            tx_req => Net_2458 ,
            rx_req => Net_2457 );
        Properties:
        {
            cy_registers = ""
            scb_mode = 0
        }
CapSense group 0: 
    PSoC4 CapSense @ F(CSD,0): 
    p4csdcell: Name =\CSD:CSD\
        PORT MAP (
            source => \CSD:Net_2_0\ ,
            shield => \CSD:Net_122\ ,
            csh => \CSD:Net_84\ ,
            cmod => \CSD:Net_86\ ,
            shield_pad => \CSD:Net_15\ ,
            vref_ext => \CSD:Net_150\ ,
            sense_out => \CSD:Net_317\ ,
            sample_out => \CSD:Net_316\ ,
            csh_tank_en => \CSD:Net_323\ ,
            cmod_en => \CSD:Net_322\ ,
            hscmp => \CSD:Net_321\ ,
            sampling => \CSD:Net_318\ ,
            adc_on => \CSD:Net_319\ ,
            count_15 => \CSD:Net_320_15\ ,
            count_14 => \CSD:Net_320_14\ ,
            count_13 => \CSD:Net_320_13\ ,
            count_12 => \CSD:Net_320_12\ ,
            count_11 => \CSD:Net_320_11\ ,
            count_10 => \CSD:Net_320_10\ ,
            count_9 => \CSD:Net_320_9\ ,
            count_8 => \CSD:Net_320_8\ ,
            count_7 => \CSD:Net_320_7\ ,
            count_6 => \CSD:Net_320_6\ ,
            count_5 => \CSD:Net_320_5\ ,
            count_4 => \CSD:Net_320_4\ ,
            count_3 => \CSD:Net_320_3\ ,
            count_2 => \CSD:Net_320_2\ ,
            count_1 => \CSD:Net_320_1\ ,
            count_0 => \CSD:Net_320_0\ ,
            clk => \CSD:Net_1423_ff3\ ,
            irq => \CSD:Net_120\ );
        Properties:
        {
            adc_channel_count = 1
            cy_registers = ""
            is_capsense = 1
            is_cmod_charge = 0
            is_csh_charge = 0
            is_mutual = 0
            rx_count = 1
            sensors_count = 2
            shield_count = 1
            tx_count = 1
        }
7-bit IDAC group 0: 
    PSoC4 7-bit IDAC @ F(CSIDAC7,0): 
    p4csidacV2cell: Name =\CSD:IDACMod\
        PORT MAP (
            iout => \CSD:Net_2_0\ );
        Properties:
        {
            cy_registers = ""
            leg3_needed = 0
        }
    PSoC4 7-bit IDAC @ F(CSIDAC7,1): 
    p4csidacV2cell: Name =\CSD:IDACComp\
        PORT MAP (
            iout => \CSD:Net_2_0\ );
        Properties:
        {
            cy_registers = ""
            leg3_needed = 1
        }
Timer/Counter/PWM group 0: empty
Comparator/Opamp group 0: 
    PSoC4 Comparator/Opamp @ F(OA,3): 
    p4abufcell: Name =\VrefBuffer:cy_psoc4_abuf\
        PORT MAP (
            vplus => Net_1841 ,
            vminus => Net_1890 ,
            vout1 => \VrefBuffer:Net_18\ ,
            vout10 => Net_1890 ,
            ctb_dsi_comp => \VrefBuffer:Net_12\ );
        Properties:
        {
            cy_registers = ""
            deepsleep_available = 0
            has_resistor = 0
            needs_dsab = 0
        }
RSB group 0: empty
UAB Channels group 0: empty
Die Temp group 0: empty
Voltage References group 0: 
    PSoC4 Voltage References @ F(REF,0): 
    p4prefcell: Name =CyDesignWideVoltageReference
        PORT MAP (
            vout => \ADC:Net_1379\ );
        Properties:
        {
        }
    PSoC4 Voltage References @ F(REF,1): 
    p4prefcell: Name =\PVref:cy_psoc4_pref\
        PORT MAP (
            vout => Net_1841 );
        Properties:
        {
            cy_registers = ""
            referenceid = 0
            tapid = 0
        }
SAR ADC group 0: 
    PSoC4 SAR ADC @ F(SARADC,0): 
    p4sarcell: Name =\ADC:cy_psoc4_sar_1\
        PORT MAP (
            vplus => \ADC:muxoutPlus\ ,
            vminus => \ADC:muxoutMinus\ ,
            vref => \ADC:Net_1448\ ,
            ext_vref => \ADC:Net_408\ ,
            clock => \ADC:sarClock_ff12\ ,
            sample_done => Net_2215 ,
            chan_id_valid => Net_2217 ,
            chan_id_0 => Net_2218 ,
            data_valid => Net_2219 ,
            data_0 => Net_2220 ,
            tr_sar_out => Net_2216 ,
            irq => \ADC:Net_423\ );
        Properties:
        {
            cy_registers = ""
        }
Segment LCD group 0: empty
CLK_GEN group 0: 
    M0S8 Clock Gen Block @ F(CLK_GEN,0): 
    m0s8clockgenblockcell: Name =ClockGenBlock
        PORT MAP (
             );
        Properties:
        {
        }
LPCOMPBLOCK group 0: empty
PASSBLOCK group 0: empty
GANGED_PICU group 0: empty
WCO group 0: empty
M0S8DMAC group 0: empty
Smart IO Ports group 0: empty
LNFE group 0: empty

Blocks not positioned by the digital component placer:
    PSoC4 SAR Muxes @ <No Location>: 
    p4sarmuxcell: Name =\ADC:cy_psoc4_sarmux_1\
        PORT MAP (
            muxin_plus_1 => Net_2400 ,
            muxin_plus_0 => Net_1856 ,
            muxin_minus_1 => Net_2401 ,
            muxin_minus_0 => Net_2400 ,
            cmn_neg_0 => \ADC:Net_331\ ,
            vout_plus => \ADC:muxoutPlus\ ,
            vout_minus => \ADC:muxoutMinus\ );
        Properties:
        {
            cmn_neg_width = 1
            cy_registers = ""
            input_mode = "11"
            muxin_width = 2
        }
</CYPRESSTAG>
<CYPRESSTAG name="Port Configuration Details">

------------------------------------------------------------
Port Configuration report
------------------------------------------------------------
     |     |       | Interrupt |                  |                | 
Port | Pin | Fixed |      Type |       Drive Mode |           Name | Connections
-----+-----+-------+-----------+------------------+----------------+----------------------
   0 |   3 |     * |      NONE |    RES_PULL_DOWN |          A1(0) | 
-----+-----+-------+-----------+------------------+----------------+----------------------
   1 |   3 |     * |      NONE |      HI_Z_ANALOG |    Pin_Vref(0) | Analog(Net_1890)
     |   4 |     * |      NONE |    OPEN_DRAIN_LO |      RedLED(0) | 
     |   5 |     * |      NONE |      HI_Z_ANALOG |   \CSD:Sns(0)\ | Analog(\CSD:Net_2_0\)
     |   6 |     * |      NONE |    OPEN_DRAIN_LO |     BlueLED(0) | 
     |   7 |     * |      NONE |      HI_Z_ANALOG |   \CSD:Sns(1)\ | Analog(\CSD:Net_2_0\)
-----+-----+-------+-----------+------------------+----------------+----------------------
   2 |   6 |     * |      NONE |    OPEN_DRAIN_LO |    GreenLED(0) | 
-----+-----+-------+-----------+------------------+----------------+----------------------
   3 |   5 |     * |      NONE |      HI_Z_ANALOG |  Pin_Vtherm(0) | Analog(Net_2400)
     |   6 |     * |      NONE |      HI_Z_ANALOG |    Pin_Vlow(0) | Analog(Net_2401)
     |   7 |     * |      NONE |      HI_Z_ANALOG |     Pin_Vhi(0) | Analog(Net_1856)
-----+-----+-------+-----------+------------------+----------------+----------------------
   4 |   0 |     * |      NONE |    OPEN_DRAIN_LO | \EZI2C:scl(0)\ | FB(\EZI2C:scl_wire\)
     |   1 |     * |      NONE |    OPEN_DRAIN_LO | \EZI2C:sda(0)\ | FB(\EZI2C:sda_wire\)
-----+-----+-------+-----------+------------------+----------------+----------------------
   5 |   0 |     * |      NONE |      HI_Z_ANALOG |  \CSD:Cmod(0)\ | Analog(\CSD:Net_2_0\)
------------------------------------------------------------------------------------------
</CYPRESSTAG>
</CYPRESSTAG>
</CYPRESSTAG>
Digital component placer commit/Report: Elapsed time ==> 0s.001ms
Digital Placement phase: Elapsed time ==> 0s.368ms
</CYPRESSTAG>
<CYPRESSTAG name="Digital Routing">
Info: pft.M0077: There is no timing information available for the selected device. Static timing checks will not be applied and digital routing will not be timing-driven. (App=cydsfit)
Routing successful.
Digital Routing phase: Elapsed time ==> 0s.326ms
</CYPRESSTAG>
<CYPRESSTAG name="Bitstream Generation">
Bitstream Generation phase: Elapsed time ==> 0s.236ms
</CYPRESSTAG>
<CYPRESSTAG name="Bitstream Verification">
Bitstream Verification phase: Elapsed time ==> 0s.008ms
</CYPRESSTAG>
<CYPRESSTAG name="Static timing analysis">
No timing parameter file available for CY8C4A45LQI-483
Static timing analysis phase: Elapsed time ==> 0s.005ms
</CYPRESSTAG>
<CYPRESSTAG name="Data reporting">
Data reporting phase: Elapsed time ==> 0s.000ms
</CYPRESSTAG>
<CYPRESSTAG name="Database update...">
Design database save phase: Elapsed time ==> 0s.217ms
</CYPRESSTAG>
cydsfit: Elapsed time ==> 1s.728ms
</CYPRESSTAG>
Fitter phase: Elapsed time ==> 1s.729ms
API generation phase: Elapsed time ==> 4s.920ms
Dependency generation phase: Elapsed time ==> 0s.066ms
Cleanup phase: Elapsed time ==> 0s.003ms
