--------------- Build Started: 06/01/2017 20:27:06 Project: WW101-Bootloader, Configuration: ARM GCC 5.4-2016-q2-update Release ---------------
cydsfit.exe -.appdatapath "C:\Users\Greg\AppData\Local\Cypress Semiconductor\PSoC Creator\4.1" -.fdsnotice -.fdswarpdepfile=warp_dependencies.txt -.fdselabdepfile=elab_dependencies.txt -.fdsbldfile=generated_files.txt -.fdsreffile=referenced_files.txt -p Z:\Git\WA101\ww101-shield\firmware\WW101-Bootloader.cydsn\WW101-Bootloader.cyprj -d CY8C4A45AZI-483 -s Z:\Git\WA101\ww101-shield\firmware\WW101-Bootloader.cydsn\Generated_Source\PSoC4 -- -yv2 -q10 -ygs -o2 -v3 -.fftcfgtype=LE
Elaborating Design...
HDL Generation...
Synthesis...
Tech Mapping...
Info: mpr.M0053: Information from the design wide resources Pin Editor has overridden the control file entry for "\I2C_Slave:sda(0)\". (App=cydsfit)
Info: mpr.M0053: Information from the design wide resources Pin Editor has overridden the control file entry for "\I2C_Slave:scl(0)\". (App=cydsfit)
Analog Placement...
Analog Routing...
Analog Code Generation...
Digital Placement...
Digital Routing...
Bitstream Generation...
Bitstream Verification...
Static timing analysis...
API Generation...
Dependency Generation...
Cleanup...
arm-none-eabi-gcc.exe -c main.c -o .\CortexM0p\ARM_GCC_541\Release\main.o -mcpu=cortex-m0plus -mthumb -I. -IGenerated_Source\PSoC4 -Wa,-alh=.\CortexM0p\ARM_GCC_541\Release/main.lst -g -D NDEBUG -Wall -ffunction-sections -ffat-lto-objects -Os
arm-none-eabi-gcc.exe -c Generated_Source\PSoC4\cyfitter_cfg.c -o .\CortexM0p\ARM_GCC_541\Release\cyfitter_cfg.o -mcpu=cortex-m0plus -mthumb -I. -IGenerated_Source\PSoC4 -Wa,-alh=.\CortexM0p\ARM_GCC_541\Release/cyfitter_cfg.lst -g -D NDEBUG -Wall -ffunction-sections -ffat-lto-objects -Os
arm-none-eabi-gcc.exe -c Generated_Source\PSoC4\I2C_Slave.c -o .\CortexM0p\ARM_GCC_541\Release\I2C_Slave.o -mcpu=cortex-m0plus -mthumb -I. -IGenerated_Source\PSoC4 -Wa,-alh=.\CortexM0p\ARM_GCC_541\Release/I2C_Slave.lst -g -D NDEBUG -Wall -ffunction-sections -ffat-lto-objects -Os
arm-none-eabi-gcc.exe -c Generated_Source\PSoC4\I2C_Slave_I2C_INT.c -o .\CortexM0p\ARM_GCC_541\Release\I2C_Slave_I2C_INT.o -mcpu=cortex-m0plus -mthumb -I. -IGenerated_Source\PSoC4 -Wa,-alh=.\CortexM0p\ARM_GCC_541\Release/I2C_Slave_I2C_INT.lst -g -D NDEBUG -Wall -ffunction-sections -ffat-lto-objects -Os
arm-none-eabi-gcc.exe -c Generated_Source\PSoC4\I2C_Slave_I2C.c -o .\CortexM0p\ARM_GCC_541\Release\I2C_Slave_I2C.o -mcpu=cortex-m0plus -mthumb -I. -IGenerated_Source\PSoC4 -Wa,-alh=.\CortexM0p\ARM_GCC_541\Release/I2C_Slave_I2C.lst -g -D NDEBUG -Wall -ffunction-sections -ffat-lto-objects -Os
arm-none-eabi-gcc.exe -c Generated_Source\PSoC4\I2C_Slave_I2C_BOOT.c -o .\CortexM0p\ARM_GCC_541\Release\I2C_Slave_I2C_BOOT.o -mcpu=cortex-m0plus -mthumb -I. -IGenerated_Source\PSoC4 -Wa,-alh=.\CortexM0p\ARM_GCC_541\Release/I2C_Slave_I2C_BOOT.lst -g -D NDEBUG -Wall -ffunction-sections -ffat-lto-objects -Os
arm-none-eabi-gcc.exe -c Generated_Source\PSoC4\I2C_Slave_I2C_SLAVE.c -o .\CortexM0p\ARM_GCC_541\Release\I2C_Slave_I2C_SLAVE.o -mcpu=cortex-m0plus -mthumb -I. -IGenerated_Source\PSoC4 -Wa,-alh=.\CortexM0p\ARM_GCC_541\Release/I2C_Slave_I2C_SLAVE.lst -g -D NDEBUG -Wall -ffunction-sections -ffat-lto-objects -Os
arm-none-eabi-gcc.exe -c Generated_Source\PSoC4\I2C_Slave_PM.c -o .\CortexM0p\ARM_GCC_541\Release\I2C_Slave_PM.o -mcpu=cortex-m0plus -mthumb -I. -IGenerated_Source\PSoC4 -Wa,-alh=.\CortexM0p\ARM_GCC_541\Release/I2C_Slave_PM.lst -g -D NDEBUG -Wall -ffunction-sections -ffat-lto-objects -Os
arm-none-eabi-gcc.exe -c Generated_Source\PSoC4\I2C_Slave_BOOT.c -o .\CortexM0p\ARM_GCC_541\Release\I2C_Slave_BOOT.o -mcpu=cortex-m0plus -mthumb -I. -IGenerated_Source\PSoC4 -Wa,-alh=.\CortexM0p\ARM_GCC_541\Release/I2C_Slave_BOOT.lst -g -D NDEBUG -Wall -ffunction-sections -ffat-lto-objects -Os
arm-none-eabi-gcc.exe -c Generated_Source\PSoC4\Bootloader.c -o .\CortexM0p\ARM_GCC_541\Release\Bootloader.o -mcpu=cortex-m0plus -mthumb -I. -IGenerated_Source\PSoC4 -Wa,-alh=.\CortexM0p\ARM_GCC_541\Release/Bootloader.lst -g -D NDEBUG -Wall -ffunction-sections -ffat-lto-objects -Os
arm-none-eabi-gcc.exe -c Generated_Source\PSoC4\PWM_1.c -o .\CortexM0p\ARM_GCC_541\Release\PWM_1.o -mcpu=cortex-m0plus -mthumb -I. -IGenerated_Source\PSoC4 -Wa,-alh=.\CortexM0p\ARM_GCC_541\Release/PWM_1.lst -g -D NDEBUG -Wall -ffunction-sections -ffat-lto-objects -Os
arm-none-eabi-gcc.exe -c Generated_Source\PSoC4\PWM_1_PM.c -o .\CortexM0p\ARM_GCC_541\Release\PWM_1_PM.o -mcpu=cortex-m0plus -mthumb -I. -IGenerated_Source\PSoC4 -Wa,-alh=.\CortexM0p\ARM_GCC_541\Release/PWM_1_PM.lst -g -D NDEBUG -Wall -ffunction-sections -ffat-lto-objects -Os
arm-none-eabi-gcc.exe -c Generated_Source\PSoC4\PWM_2.c -o .\CortexM0p\ARM_GCC_541\Release\PWM_2.o -mcpu=cortex-m0plus -mthumb -I. -IGenerated_Source\PSoC4 -Wa,-alh=.\CortexM0p\ARM_GCC_541\Release/PWM_2.lst -g -D NDEBUG -Wall -ffunction-sections -ffat-lto-objects -Os
arm-none-eabi-gcc.exe -c Generated_Source\PSoC4\PWM_2_PM.c -o .\CortexM0p\ARM_GCC_541\Release\PWM_2_PM.o -mcpu=cortex-m0plus -mthumb -I. -IGenerated_Source\PSoC4 -Wa,-alh=.\CortexM0p\ARM_GCC_541\Release/PWM_2_PM.lst -g -D NDEBUG -Wall -ffunction-sections -ffat-lto-objects -Os
arm-none-eabi-gcc.exe -c Generated_Source\PSoC4\I2C_Slave_SCB_IRQ.c -o .\CortexM0p\ARM_GCC_541\Release\I2C_Slave_SCB_IRQ.o -mcpu=cortex-m0plus -mthumb -I. -IGenerated_Source\PSoC4 -Wa,-alh=.\CortexM0p\ARM_GCC_541\Release/I2C_Slave_SCB_IRQ.lst -g -D NDEBUG -Wall -ffunction-sections -ffat-lto-objects -Os
arm-none-eabi-gcc.exe -c Generated_Source\PSoC4\Cm0plusStart.c -o .\CortexM0p\ARM_GCC_541\Release\Cm0plusStart.o -mcpu=cortex-m0plus -mthumb -I. -IGenerated_Source\PSoC4 -Wa,-alh=.\CortexM0p\ARM_GCC_541\Release/Cm0plusStart.lst -g -D NDEBUG -Wall -ffunction-sections -ffat-lto-objects -Os
arm-none-eabi-gcc.exe -c Generated_Source\PSoC4\CyFlash.c -o .\CortexM0p\ARM_GCC_541\Release\CyFlash.o -mcpu=cortex-m0plus -mthumb -I. -IGenerated_Source\PSoC4 -Wa,-alh=.\CortexM0p\ARM_GCC_541\Release/CyFlash.lst -g -D NDEBUG -Wall -ffunction-sections -ffat-lto-objects -Os
arm-none-eabi-gcc.exe -c Generated_Source\PSoC4\CyLib.c -o .\CortexM0p\ARM_GCC_541\Release\CyLib.o -mcpu=cortex-m0plus -mthumb -I. -IGenerated_Source\PSoC4 -Wa,-alh=.\CortexM0p\ARM_GCC_541\Release/CyLib.lst -g -D NDEBUG -Wall -ffunction-sections -ffat-lto-objects -Os
arm-none-eabi-gcc.exe -c Generated_Source\PSoC4\cyPm.c -o .\CortexM0p\ARM_GCC_541\Release\cyPm.o -mcpu=cortex-m0plus -mthumb -I. -IGenerated_Source\PSoC4 -Wa,-alh=.\CortexM0p\ARM_GCC_541\Release/cyPm.lst -g -D NDEBUG -Wall -ffunction-sections -ffat-lto-objects -Os
arm-none-eabi-gcc.exe -c Generated_Source\PSoC4\CyDMA.c -o .\CortexM0p\ARM_GCC_541\Release\CyDMA.o -mcpu=cortex-m0plus -mthumb -I. -IGenerated_Source\PSoC4 -Wa,-alh=.\CortexM0p\ARM_GCC_541\Release/CyDMA.lst -g -D NDEBUG -Wall -ffunction-sections -ffat-lto-objects -Os
arm-none-eabi-gcc.exe -c Generated_Source\PSoC4\CyLFClk.c -o .\CortexM0p\ARM_GCC_541\Release\CyLFClk.o -mcpu=cortex-m0plus -mthumb -I. -IGenerated_Source\PSoC4 -Wa,-alh=.\CortexM0p\ARM_GCC_541\Release/CyLFClk.lst -g -D NDEBUG -Wall -ffunction-sections -ffat-lto-objects -Os
arm-none-eabi-ar.exe -rs .\CortexM0p\ARM_GCC_541\Release\WW101-Bootloader.a .\CortexM0p\ARM_GCC_541\Release\I2C_Slave.o .\CortexM0p\ARM_GCC_541\Release\I2C_Slave_I2C_INT.o .\CortexM0p\ARM_GCC_541\Release\I2C_Slave_I2C.o .\CortexM0p\ARM_GCC_541\Release\I2C_Slave_I2C_BOOT.o .\CortexM0p\ARM_GCC_541\Release\I2C_Slave_I2C_SLAVE.o .\CortexM0p\ARM_GCC_541\Release\I2C_Slave_PM.o .\CortexM0p\ARM_GCC_541\Release\I2C_Slave_BOOT.o .\CortexM0p\ARM_GCC_541\Release\Bootloader.o .\CortexM0p\ARM_GCC_541\Release\Bootloader_Status1.o .\CortexM0p\ARM_GCC_541\Release\Bootloader_Status1_PM.o .\CortexM0p\ARM_GCC_541\Release\PWM_1.o .\CortexM0p\ARM_GCC_541\Release\PWM_1_PM.o .\CortexM0p\ARM_GCC_541\Release\Bootloader_Status2.o .\CortexM0p\ARM_GCC_541\Release\Bootloader_Status2_PM.o .\CortexM0p\ARM_GCC_541\Release\PWM_2.o .\CortexM0p\ARM_GCC_541\Release\PWM_2_PM.o .\CortexM0p\ARM_GCC_541\Release\Clock_1.o .\CortexM0p\ARM_GCC_541\Release\Clock_2.o .\CortexM0p\ARM_GCC_541\Release\I2C_Slave_SCBCLK.o .\CortexM0p\ARM_GCC_541\Release\I2C_Slave_sda.o .\CortexM0p\ARM_GCC_541\Release\I2C_Slave_sda_PM.o .\CortexM0p\ARM_GCC_541\Release\I2C_Slave_scl.o .\CortexM0p\ARM_GCC_541\Release\I2C_Slave_scl_PM.o .\CortexM0p\ARM_GCC_541\Release\I2C_Slave_SCB_IRQ.o .\CortexM0p\ARM_GCC_541\Release\CyFlash.o .\CortexM0p\ARM_GCC_541\Release\CyLib.o .\CortexM0p\ARM_GCC_541\Release\cyPm.o .\CortexM0p\ARM_GCC_541\Release\cyutils.o .\CortexM0p\ARM_GCC_541\Release\CyDMA.o .\CortexM0p\ARM_GCC_541\Release\CyLFClk.o .\CortexM0p\ARM_GCC_541\Release\CyBootAsmGnu.o
arm-none-eabi-ar.exe: creating .\CortexM0p\ARM_GCC_541\Release\WW101-Bootloader.a
arm-none-eabi-gcc.exe -Wl,--start-group -o Z:\Git\WA101\ww101-shield\firmware\WW101-Bootloader.cydsn\CortexM0p\ARM_GCC_541\Release\WW101-Bootloader.elf .\CortexM0p\ARM_GCC_541\Release\main.o .\CortexM0p\ARM_GCC_541\Release\cyfitter_cfg.o .\CortexM0p\ARM_GCC_541\Release\cymetadata.o .\CortexM0p\ARM_GCC_541\Release\Cm0plusStart.o .\CortexM0p\ARM_GCC_541\Release\WW101-Bootloader.a -mcpu=cortex-m0plus -mthumb -L Generated_Source\PSoC4 -Wl,-Map,.\CortexM0p\ARM_GCC_541\Release/WW101-Bootloader.map -T Generated_Source\PSoC4\cm0plusgcc.ld -specs=nano.specs -Wl,--gc-sections -g -ffunction-sections -Os -ffat-lto-objects -Wl,--end-group
cyelftool.exe -P Z:\Git\WA101\ww101-shield\firmware\WW101-Bootloader.cydsn\CortexM0p\ARM_GCC_541\Release\WW101-Bootloader.elf --flash_row_size 128 --flash_size 32768 --flash_offset 0x00000000 --size_var_name Bootloader_SizeBytes --checksum_var_name Bootloader_Checksum --ignore 0xC0
cyelftool.exe -S Z:\Git\WA101\ww101-shield\firmware\WW101-Bootloader.cydsn\CortexM0p\ARM_GCC_541\Release\WW101-Bootloader.elf
Flash used: 5837 of 32768 bytes (17.8 %). Application: 5709 bytes. Metadata: 128 bytes.
SRAM used: 1816 of 4096 bytes (44.3 %). Stack: 1024 bytes. Heap: 256 bytes.
--------------- Build Succeeded: 06/01/2017 20:28:10 ---------------
