--------------- Build Started: 02/26/2017 17:26:35 Project: WW101-Shield, Configuration: ARM GCC 5.4-2016-q2-update Debug ---------------
cydsfit.exe -.appdatapath "C:\Users\Greg\AppData\Local\Cypress Semiconductor\PSoC Creator\4.1" -.fdsnotice -.fdswarpdepfile=warp_dependencies.txt -.fdselabdepfile=elab_dependencies.txt -.fdsbldfile=generated_files.txt -.fdsreffile=referenced_files.txt -p Z:\Git\WA101\ww101-shield\firmware\WW101-Shield.cydsn\WW101-Shield.cyprj -d CY8C4A45AZI-483 -s Z:\Git\WA101\ww101-shield\firmware\WW101-Shield.cydsn\Generated_Source\PSoC4 -- -yv2 -q10 -ygs -o2 -v3 -.fftcfgtype=LE
Elaborating Design...
ADD: sdb.M0061: information: Info from component: VDAC. The UAB_VDAC_v1_10 component (VDAC) is a prototype component. It has not been tested to production quality and care should be taken if used in a shipping product.
 * Z:\Git\WA101\ww101-shield\firmware\WW101-Shield.cydsn\TopDesign\TopDesign.cysch (Instance:VDAC)
HDL Generation...
Synthesis...
Tech Mapping...
Analog Placement...
Info: plm.M0038: The pin named \CapSense:Sns(6)\ at location [IOP=(2)][IoId=(3)] prevents usage of special purposes: F(OA,1). (App=cydsfit)
Analog Routing...
Analog Code Generation...
Digital Placement...
Digital Routing...
Bitstream Generation...
Bitstream Verification...
Static timing analysis...
API Generation...
Dependency Generation...
Cleanup...
arm-none-eabi-gcc.exe -c main.c -o .\CortexM0p\ARM_GCC_541\Debug\main.o -mcpu=cortex-m0plus -mthumb -I. -IGenerated_Source\PSoC4 -Wa,-alh=.\CortexM0p\ARM_GCC_541\Debug/main.lst -g -D DEBUG -D CY_CORE_ID=0 -Wall -ffunction-sections -ffat-lto-objects -Og
arm-none-eabi-gcc.exe -c Generated_Source\PSoC4\CapSense_Control.c -o .\CortexM0p\ARM_GCC_541\Debug\CapSense_Control.o -mcpu=cortex-m0plus -mthumb -I. -IGenerated_Source\PSoC4 -Wa,-alh=.\CortexM0p\ARM_GCC_541\Debug/CapSense_Control.lst -g -D DEBUG -D CY_CORE_ID=0 -Wall -ffunction-sections -ffat-lto-objects -Og
arm-none-eabi-gcc.exe -c Generated_Source\PSoC4\CapSense_Processing.c -o .\CortexM0p\ARM_GCC_541\Debug\CapSense_Processing.o -mcpu=cortex-m0plus -mthumb -I. -IGenerated_Source\PSoC4 -Wa,-alh=.\CortexM0p\ARM_GCC_541\Debug/CapSense_Processing.lst -g -D DEBUG -D CY_CORE_ID=0 -Wall -ffunction-sections -ffat-lto-objects -Og
arm-none-eabi-gcc.exe -c Generated_Source\PSoC4\CapSense_Structure.c -o .\CortexM0p\ARM_GCC_541\Debug\CapSense_Structure.o -mcpu=cortex-m0plus -mthumb -I. -IGenerated_Source\PSoC4 -Wa,-alh=.\CortexM0p\ARM_GCC_541\Debug/CapSense_Structure.lst -g -D DEBUG -D CY_CORE_ID=0 -Wall -ffunction-sections -ffat-lto-objects -Og
arm-none-eabi-gcc.exe -c Generated_Source\PSoC4\CapSense_Tuner.c -o .\CortexM0p\ARM_GCC_541\Debug\CapSense_Tuner.o -mcpu=cortex-m0plus -mthumb -I. -IGenerated_Source\PSoC4 -Wa,-alh=.\CortexM0p\ARM_GCC_541\Debug/CapSense_Tuner.lst -g -D DEBUG -D CY_CORE_ID=0 -Wall -ffunction-sections -ffat-lto-objects -Og
arm-none-eabi-gcc.exe -c Generated_Source\PSoC4\CapSense_Filter.c -o .\CortexM0p\ARM_GCC_541\Debug\CapSense_Filter.o -mcpu=cortex-m0plus -mthumb -I. -IGenerated_Source\PSoC4 -Wa,-alh=.\CortexM0p\ARM_GCC_541\Debug/CapSense_Filter.lst -g -D DEBUG -D CY_CORE_ID=0 -Wall -ffunction-sections -ffat-lto-objects -Og
arm-none-eabi-gcc.exe -c Generated_Source\PSoC4\CapSense_Sensing.c -o .\CortexM0p\ARM_GCC_541\Debug\CapSense_Sensing.o -mcpu=cortex-m0plus -mthumb -I. -IGenerated_Source\PSoC4 -Wa,-alh=.\CortexM0p\ARM_GCC_541\Debug/CapSense_Sensing.lst -g -D DEBUG -D CY_CORE_ID=0 -Wall -ffunction-sections -ffat-lto-objects -Og
arm-none-eabi-gcc.exe -c Generated_Source\PSoC4\CapSense_INT.c -o .\CortexM0p\ARM_GCC_541\Debug\CapSense_INT.o -mcpu=cortex-m0plus -mthumb -I. -IGenerated_Source\PSoC4 -Wa,-alh=.\CortexM0p\ARM_GCC_541\Debug/CapSense_INT.lst -g -D DEBUG -D CY_CORE_ID=0 -Wall -ffunction-sections -ffat-lto-objects -Og
arm-none-eabi-gcc.exe -c Generated_Source\PSoC4\CapSense_SensingCSD_LL.c -o .\CortexM0p\ARM_GCC_541\Debug\CapSense_SensingCSD_LL.o -mcpu=cortex-m0plus -mthumb -I. -IGenerated_Source\PSoC4 -Wa,-alh=.\CortexM0p\ARM_GCC_541\Debug/CapSense_SensingCSD_LL.lst -g -D DEBUG -D CY_CORE_ID=0 -Wall -ffunction-sections -ffat-lto-objects -Og
arm-none-eabi-ar.exe -rs .\CortexM0p\ARM_GCC_541\Debug\WW101-Shield.a .\CortexM0p\ARM_GCC_541\Debug\CapSense_Control.o .\CortexM0p\ARM_GCC_541\Debug\CapSense_Processing.o .\CortexM0p\ARM_GCC_541\Debug\CapSense_Structure.o .\CortexM0p\ARM_GCC_541\Debug\CapSense_Tuner.o .\CortexM0p\ARM_GCC_541\Debug\CapSense_Filter.o .\CortexM0p\ARM_GCC_541\Debug\CapSense_Sensing.o .\CortexM0p\ARM_GCC_541\Debug\CapSense_INT.o .\CortexM0p\ARM_GCC_541\Debug\CapSense_SensingCSD_LL.o .\CortexM0p\ARM_GCC_541\Debug\EZI2C.o .\CortexM0p\ARM_GCC_541\Debug\EZI2C_PM.o .\CortexM0p\ARM_GCC_541\Debug\EZI2C_BOOT.o .\CortexM0p\ARM_GCC_541\Debug\EZI2C_EZI2C.o .\CortexM0p\ARM_GCC_541\Debug\EZI2C_EZI2C_INT.o .\CortexM0p\ARM_GCC_541\Debug\EZI2C_EZI2C_BOOT.o .\CortexM0p\ARM_GCC_541\Debug\VDAC_A1.o .\CortexM0p\ARM_GCC_541\Debug\VDAC_A1_PM.o .\CortexM0p\ARM_GCC_541\Debug\BL_INT.o .\CortexM0p\ARM_GCC_541\Debug\Clock_1.o .\CortexM0p\ARM_GCC_541\Debug\BootloadTimer.o .\CortexM0p\ARM_GCC_541\Debug\BootloadTimer_PM.o .\CortexM0p\ARM_GCC_541\Debug\MB1.o .\CortexM0p\ARM_GCC_541\Debug\MB1_PM.o .\CortexM0p\ARM_GCC_541\Debug\MB0.o .\CortexM0p\ARM_GCC_541\Debug\MB0_PM.o .\CortexM0p\ARM_GCC_541\Debug\UART.o .\CortexM0p\ARM_GCC_541\Debug\UART_SPI_UART.o .\CortexM0p\ARM_GCC_541\Debug\UART_SPI_UART_INT.o .\CortexM0p\ARM_GCC_541\Debug\UART_PM.o .\CortexM0p\ARM_GCC_541\Debug\UART_UART.o .\CortexM0p\ARM_GCC_541\Debug\UART_BOOT.o .\CortexM0p\ARM_GCC_541\Debug\UART_UART_BOOT.o .\CortexM0p\ARM_GCC_541\Debug\LED1.o .\CortexM0p\ARM_GCC_541\Debug\LED1_PM.o .\CortexM0p\ARM_GCC_541\Debug\D5.o .\CortexM0p\ARM_GCC_541\Debug\D5_PM.o .\CortexM0p\ARM_GCC_541\Debug\D3.o .\CortexM0p\ARM_GCC_541\Debug\D3_PM.o .\CortexM0p\ARM_GCC_541\Debug\D10.o .\CortexM0p\ARM_GCC_541\Debug\D10_PM.o .\CortexM0p\ARM_GCC_541\Debug\D9.o .\CortexM0p\ARM_GCC_541\Debug\D9_PM.o .\CortexM0p\ARM_GCC_541\Debug\CBLED3.o .\CortexM0p\ARM_GCC_541\Debug\CBLED3_PM.o .\CortexM0p\ARM_GCC_541\Debug\CBLED2.o .\CortexM0p\ARM_GCC_541\Debug\CBLED2_PM.o .\CortexM0p\ARM_GCC_541\Debug\CBLED1.o .\CortexM0p\ARM_GCC_541\Debug\CBLED1_PM.o .\CortexM0p\ARM_GCC_541\Debug\CBLED0.o .\CortexM0p\ARM_GCC_541\Debug\CBLED0_PM.o .\CortexM0p\ARM_GCC_541\Debug\POT_A2.o .\CortexM0p\ARM_GCC_541\Debug\POT_A2_PM.o .\CortexM0p\ARM_GCC_541\Debug\TIA_OUT_A0.o .\CortexM0p\ARM_GCC_541\Debug\TIA_OUT_A0_PM.o .\CortexM0p\ARM_GCC_541\Debug\TIA_IN.o .\CortexM0p\ARM_GCC_541\Debug\TIA_IN_PM.o .\CortexM0p\ARM_GCC_541\Debug\Bootloadable.o .\CortexM0p\ARM_GCC_541\Debug\THERM_REF_LO.o .\CortexM0p\ARM_GCC_541\Debug\THERM_REF_LO_PM.o .\CortexM0p\ARM_GCC_541\Debug\THERM_REF_MID.o .\CortexM0p\ARM_GCC_541\Debug\THERM_REF_MID_PM.o .\CortexM0p\ARM_GCC_541\Debug\THERM_REF_HI.o .\CortexM0p\ARM_GCC_541\Debug\THERM_REF_HI_PM.o .\CortexM0p\ARM_GCC_541\Debug\THERM_BUF.o .\CortexM0p\ARM_GCC_541\Debug\THERM_BUF_PM.o .\CortexM0p\ARM_GCC_541\Debug\CapSense_ISR.o .\CortexM0p\ARM_GCC_541\Debug\EZI2C_SCBCLK.o .\CortexM0p\ARM_GCC_541\Debug\EZI2C_sda.o .\CortexM0p\ARM_GCC_541\Debug\EZI2C_sda_PM.o .\CortexM0p\ARM_GCC_541\Debug\EZI2C_scl.o .\CortexM0p\ARM_GCC_541\Debug\EZI2C_scl_PM.o .\CortexM0p\ARM_GCC_541\Debug\EZI2C_SCB_IRQ.o .\CortexM0p\ARM_GCC_541\Debug\UART_SCBCLK.o .\CortexM0p\ARM_GCC_541\Debug\UART_tx.o .\CortexM0p\ARM_GCC_541\Debug\UART_tx_PM.o .\CortexM0p\ARM_GCC_541\Debug\UART_rx.o .\CortexM0p\ARM_GCC_541\Debug\UART_rx_PM.o .\CortexM0p\ARM_GCC_541\Debug\CyFlash.o .\CortexM0p\ARM_GCC_541\Debug\CyLib.o .\CortexM0p\ARM_GCC_541\Debug\cyPm.o .\CortexM0p\ARM_GCC_541\Debug\cyutils.o .\CortexM0p\ARM_GCC_541\Debug\CyDMA.o .\CortexM0p\ARM_GCC_541\Debug\CyLFClk.o .\CortexM0p\ARM_GCC_541\Debug\VDAC.o .\CortexM0p\ARM_GCC_541\Debug\VDAC_PM.o .\CortexM0p\ARM_GCC_541\Debug\VDAC_internalClock.o .\CortexM0p\ARM_GCC_541\Debug\VDAC_UAB.o .\CortexM0p\ARM_GCC_541\Debug\VDAC_UAB_CyUAB.o .\CortexM0p\ARM_GCC_541\Debug\VDAC_OUTBUFFER.o .\CortexM0p\ARM_GCC_541\Debug\VDAC_OUTBUFFER_PM.o .\CortexM0p\ARM_GCC_541\Debug\LED0.o .\CortexM0p\ARM_GCC_541\Debug\LED0_PM.o .\CortexM0p\ARM_GCC_541\Debug\Thermistor.o .\CortexM0p\ARM_GCC_541\Debug\PVref_ALS.o .\CortexM0p\ARM_GCC_541\Debug\PVref_ALS_PM.o .\CortexM0p\ARM_GCC_541\Debug\Opamp_ALS2.o .\CortexM0p\ARM_GCC_541\Debug\Opamp_ALS2_PM.o .\CortexM0p\ARM_GCC_541\Debug\Opamp_ALS1.o .\CortexM0p\ARM_GCC_541\Debug\Opamp_ALS1_PM.o .\CortexM0p\ARM_GCC_541\Debug\Opamp_Therm.o .\CortexM0p\ARM_GCC_541\Debug\Opamp_Therm_PM.o .\CortexM0p\ARM_GCC_541\Debug\PVref_Therm.o .\CortexM0p\ARM_GCC_541\Debug\PVref_Therm_PM.o .\CortexM0p\ARM_GCC_541\Debug\ADC.o .\CortexM0p\ARM_GCC_541\Debug\ADC_PM.o .\CortexM0p\ARM_GCC_541\Debug\ADC_INIT.o .\CortexM0p\ARM_GCC_541\Debug\ADC_INT.o .\CortexM0p\ARM_GCC_541\Debug\ADC_intSarClock.o .\CortexM0p\ARM_GCC_541\Debug\ADC_IRQ.o .\CortexM0p\ARM_GCC_541\Debug\ADC_intUabClock.o .\CortexM0p\ARM_GCC_541\Debug\CyBootAsmGnu.o
arm-none-eabi-ar.exe: creating .\CortexM0p\ARM_GCC_541\Debug\WW101-Shield.a
arm-none-eabi-gcc.exe -Wl,--start-group -o Z:\Git\WA101\ww101-shield\firmware\WW101-Shield.cydsn\CortexM0p\ARM_GCC_541\Debug\WW101-Shield.elf .\CortexM0p\ARM_GCC_541\Debug\main.o .\CortexM0p\ARM_GCC_541\Debug\cyfitter_cfg.o .\CortexM0p\ARM_GCC_541\Debug\cybootloader.o .\CortexM0p\ARM_GCC_541\Debug\cymetadata.o .\CortexM0p\ARM_GCC_541\Debug\Cm0plusStart.o .\CortexM0p\ARM_GCC_541\Debug\WW101-Shield.a "C:\Program Files\Cypress\PSoC Creator\4.1\PSoC Creator\psoc\content\cycomponentlibrary\CyComponentLibrary.cylib\CapSense_P4_v4_0\PSoC4\Library\Capsense_P4Library_GCCp.a" -mcpu=cortex-m0plus -mthumb -L Generated_Source\PSoC4 -Wl,-Map,.\CortexM0p\ARM_GCC_541\Debug/WW101-Shield.map -T Generated_Source\PSoC4\cm0plusgcc.ld -specs=nano.specs -Wl,--gc-sections -g -ffunction-sections -Og -ffat-lto-objects -Wl,--end-group
cyelftool.exe -B Z:\Git\WA101\ww101-shield\firmware\WW101-Shield.cydsn\CortexM0p\ARM_GCC_541\Debug\WW101-Shield.elf --flash_row_size 128 --flash_size 32768 --flash_offset 0x00000000 --flash_array_size 32768
cyelftool.exe -S Z:\Git\WA101\ww101-shield\firmware\WW101-Shield.cydsn\CortexM0p\ARM_GCC_541\Debug\WW101-Shield.elf
Flash used: 31934 of 32768 bytes (97.5 %). Bootloader: 7040 bytes. Application: 24766 bytes. Metadata: 128 bytes.
SRAM used: 2184 of 4096 bytes (53.3 %). Stack: 1024 bytes. Heap: 128 bytes.
--------------- Build Succeeded: 02/26/2017 17:28:25 ---------------
