--------------- Rebuild Started: 03/02/2017 09:11:22 Project: WW101-Shield, Configuration: ARM GCC 5.4-2016-q2-update Debug ---------------
Deleting file ".\CortexM0p\ARM_GCC_541\Debug\main.o"
Deleting file ".\CortexM0p\ARM_GCC_541\Debug\cyfitter_cfg.o"
Deleting file ".\CortexM0p\ARM_GCC_541\Debug\cymetadata.o"
Deleting file ".\CortexM0p\ARM_GCC_541\Debug\MB0.o"
Deleting file ".\CortexM0p\ARM_GCC_541\Debug\MB0_PM.o"
Deleting file ".\CortexM0p\ARM_GCC_541\Debug\MB1.o"
Deleting file ".\CortexM0p\ARM_GCC_541\Debug\MB1_PM.o"
Deleting file ".\CortexM0p\ARM_GCC_541\Debug\LED1.o"
Deleting file ".\CortexM0p\ARM_GCC_541\Debug\LED1_PM.o"
Deleting file ".\CortexM0p\ARM_GCC_541\Debug\VDAC.o"
Deleting file ".\CortexM0p\ARM_GCC_541\Debug\VDAC_PM.o"
Deleting file ".\CortexM0p\ARM_GCC_541\Debug\CapSense_Control.o"
Deleting file ".\CortexM0p\ARM_GCC_541\Debug\CapSense_Processing.o"
Deleting file ".\CortexM0p\ARM_GCC_541\Debug\CapSense_Structure.o"
Deleting file ".\CortexM0p\ARM_GCC_541\Debug\CapSense_Tuner.o"
Deleting file ".\CortexM0p\ARM_GCC_541\Debug\CapSense_Filter.o"
Deleting file ".\CortexM0p\ARM_GCC_541\Debug\CapSense_Sensing.o"
Deleting file ".\CortexM0p\ARM_GCC_541\Debug\CapSense_INT.o"
Deleting file ".\CortexM0p\ARM_GCC_541\Debug\CapSense_SensingCSD_LL.o"
Deleting file ".\CortexM0p\ARM_GCC_541\Debug\CBLED3.o"
Deleting file ".\CortexM0p\ARM_GCC_541\Debug\CBLED3_PM.o"
Deleting file ".\CortexM0p\ARM_GCC_541\Debug\D3.o"
Deleting file ".\CortexM0p\ARM_GCC_541\Debug\D3_PM.o"
Deleting file ".\CortexM0p\ARM_GCC_541\Debug\UART.o"
Deleting file ".\CortexM0p\ARM_GCC_541\Debug\UART_SPI_UART.o"
Deleting file ".\CortexM0p\ARM_GCC_541\Debug\UART_SPI_UART_INT.o"
Deleting file ".\CortexM0p\ARM_GCC_541\Debug\UART_PM.o"
Deleting file ".\CortexM0p\ARM_GCC_541\Debug\UART_UART.o"
Deleting file ".\CortexM0p\ARM_GCC_541\Debug\UART_BOOT.o"
Deleting file ".\CortexM0p\ARM_GCC_541\Debug\UART_UART_BOOT.o"
Deleting file ".\CortexM0p\ARM_GCC_541\Debug\EZI2C.o"
Deleting file ".\CortexM0p\ARM_GCC_541\Debug\EZI2C_PM.o"
Deleting file ".\CortexM0p\ARM_GCC_541\Debug\EZI2C_BOOT.o"
Deleting file ".\CortexM0p\ARM_GCC_541\Debug\EZI2C_EZI2C.o"
Deleting file ".\CortexM0p\ARM_GCC_541\Debug\EZI2C_EZI2C_INT.o"
Deleting file ".\CortexM0p\ARM_GCC_541\Debug\EZI2C_EZI2C_BOOT.o"
Deleting file ".\CortexM0p\ARM_GCC_541\Debug\Clock_1.o"
Deleting file ".\CortexM0p\ARM_GCC_541\Debug\CBLED0.o"
Deleting file ".\CortexM0p\ARM_GCC_541\Debug\CBLED0_PM.o"
Deleting file ".\CortexM0p\ARM_GCC_541\Debug\CBLED1.o"
Deleting file ".\CortexM0p\ARM_GCC_541\Debug\CBLED1_PM.o"
Deleting file ".\CortexM0p\ARM_GCC_541\Debug\CBLED2.o"
Deleting file ".\CortexM0p\ARM_GCC_541\Debug\CBLED2_PM.o"
Deleting file ".\CortexM0p\ARM_GCC_541\Debug\TIA_IN.o"
Deleting file ".\CortexM0p\ARM_GCC_541\Debug\TIA_IN_PM.o"
Deleting file ".\CortexM0p\ARM_GCC_541\Debug\CapSense_ISR.o"
Deleting file ".\CortexM0p\ARM_GCC_541\Debug\UART_SCBCLK.o"
Deleting file ".\CortexM0p\ARM_GCC_541\Debug\UART_tx.o"
Deleting file ".\CortexM0p\ARM_GCC_541\Debug\UART_tx_PM.o"
Deleting file ".\CortexM0p\ARM_GCC_541\Debug\UART_rx.o"
Deleting file ".\CortexM0p\ARM_GCC_541\Debug\UART_rx_PM.o"
Deleting file ".\CortexM0p\ARM_GCC_541\Debug\EZI2C_SCBCLK.o"
Deleting file ".\CortexM0p\ARM_GCC_541\Debug\EZI2C_sda.o"
Deleting file ".\CortexM0p\ARM_GCC_541\Debug\EZI2C_sda_PM.o"
Deleting file ".\CortexM0p\ARM_GCC_541\Debug\EZI2C_scl.o"
Deleting file ".\CortexM0p\ARM_GCC_541\Debug\EZI2C_scl_PM.o"
Deleting file ".\CortexM0p\ARM_GCC_541\Debug\EZI2C_SCB_IRQ.o"
Deleting file ".\CortexM0p\ARM_GCC_541\Debug\Cm0plusStart.o"
Deleting file ".\CortexM0p\ARM_GCC_541\Debug\CyFlash.o"
Deleting file ".\CortexM0p\ARM_GCC_541\Debug\CyLib.o"
Deleting file ".\CortexM0p\ARM_GCC_541\Debug\cyPm.o"
Deleting file ".\CortexM0p\ARM_GCC_541\Debug\cyutils.o"
Deleting file ".\CortexM0p\ARM_GCC_541\Debug\CyBootAsmGnu.o"
Deleting file ".\CortexM0p\ARM_GCC_541\Debug\CyDMA.o"
Deleting file ".\CortexM0p\ARM_GCC_541\Debug\CyLFClk.o"
Deleting file ".\CortexM0p\ARM_GCC_541\Debug\WW101-Shield.hex"
Deleting file ".\CortexM0p\ARM_GCC_541\Debug\WW101-Shield.elf"
Deleting file ".\CortexM0p\ARM_GCC_541\Debug\WW101-Shield.map"
Deleting file ".\CortexM0p\ARM_GCC_541\Debug\.deps\SOURCE_C__ARM_GCC_GENERIC.P"
cydsfit.exe -.appdatapath "C:\Users\arh\AppData\Local\Cypress Semiconductor\PSoC Creator\4.1" -.fdsnotice -.fdswarpdepfile=warp_dependencies.txt -.fdselabdepfile=elab_dependencies.txt -.fdsbldfile=generated_files.txt -.fdsreffile=referenced_files.txt -p "\\vmware-host\Shared Folders\Documents\WA101\ww101-shield\firmware\WW101-Shield.cydsn\WW101-Shield.cyprj" -d CY8C4A45AZI-483 -s "\\vmware-host\Shared Folders\Documents\WA101\ww101-shield\firmware\WW101-Shield.cydsn\Generated_Source\PSoC4" -- -yv2 -q10 -ygs -o2 -v3 -.fftcfgtype=LE
Elaborating Design...
ADD: sdb.M0061: information: Info from component: VDAC. The UAB_VDAC_v1_10 component (VDAC) is a prototype component. It has not been tested to production quality and care should be taken if used in a shipping product.
 * \\vmware-host\Shared Folders\Documents\WA101\ww101-shield\firmware\WW101-Shield.cydsn\TopDesign\TopDesign.cysch (Instance:VDAC)
ADD: pft.M0086: error: Error in component: Bootloadable. The referenced Bootloader is invalid. Verify the Bootloader dependency is correct in the Bootloadable Component, then build project. Invalid bootloader hex file. Unable to read the hex file (\\vmware-host\Shared Folders\Documents\WA101\ww101-shield\firmware\WW101-Bootloader.cydsn\CortexM0p\ARM_GCC_541\Release\WW101-Bootloader.hex). The path does not exist.
 * \\vmware-host\Shared Folders\Documents\WA101\ww101-shield\firmware\WW101-Shield.cydsn\TopDesign\TopDesign.cysch (Instance:Bootloadable)
ADD: pft.M0086: error: Error in component: Bootloadable. The referenced Bootloader is invalid. Verify the Bootloader dependency is correct in the Bootloadable Component, then build project. Invalid bootloader elf file. Unable to read the elf file (\\vmware-host\Shared Folders\Documents\WA101\ww101-shield\firmware\WW101-Bootloader.cydsn\CortexM0p\ARM_GCC_541\Release\WW101-Bootloader.elf). The path does not exist.
 * \\vmware-host\Shared Folders\Documents\WA101\ww101-shield\firmware\WW101-Shield.cydsn\TopDesign\TopDesign.cysch (Instance:Bootloadable)
Error: fit.M0050: The fitter aborted due to errors, please address all errors and rebuild. (App=cydsfit)
--------------- Rebuild Failed: 03/02/2017 09:11:33 ---------------
